RUN	com.tmsssepfisheries.tests.Aboutus	aboutus	1685945292313	About Us Page Test	3.6.1
USER	About Us Load Test	START	1685945294217
USER	About Us Load Test	START	1685945294390
USER	About Us Load Test	START	1685945294594
USER	About Us Load Test	START	1685945294797
USER	About Us Load Test	START	1685945294996
USER	About Us Load Test	START	1685945295200
USER	About Us Load Test	START	1685945295398
USER	About Us Load Test	START	1685945295601
USER	About Us Load Test	START	1685945295789
USER	About Us Load Test	START	1685945295993
USER	About Us Load Test	START	1685945296195
USER	About Us Load Test	START	1685945296385
USER	About Us Load Test	START	1685945296588
USER	About Us Load Test	START	1685945296775
USER	About Us Load Test	START	1685945296980
USER	About Us Load Test	START	1685945297179
USER	About Us Load Test	START	1685945297382
USER	About Us Load Test	START	1685945297585
USER	About Us Load Test	START	1685945297789
USER	About Us Load Test	START	1685945297978
USER	About Us Load Test	START	1685945298177
USER	About Us Load Test	START	1685945298381
USER	About Us Load Test	START	1685945298583
USER	About Us Load Test	START	1685945298789
USER	About Us Load Test	START	1685945298977
USER	About Us Load Test	START	1685945299180
USER	About Us Load Test	START	1685945299386
USER	About Us Load Test	START	1685945299575
USER	About Us Load Test	START	1685945299783
USER	About Us Load Test	START	1685945299975
USER	About Us Load Test	START	1685945300184
USER	About Us Load Test	START	1685945300387
USER	About Us Load Test	START	1685945300590
USER	About Us Load Test	START	1685945300780
USER	About Us Load Test	START	1685945300984
USER	About Us Load Test	START	1685945301187
USER	About Us Load Test	START	1685945301377
USER	About Us Load Test	START	1685945301581
USER	About Us Load Test	START	1685945301787
USER	About Us Load Test	START	1685945301978
USER	About Us Load Test	START	1685945302182
USER	About Us Load Test	START	1685945302386
USER	About Us Load Test	START	1685945302574
USER	About Us Load Test	START	1685945302779
USER	About Us Load Test	START	1685945302982
USER	About Us Load Test	START	1685945303188
USER	About Us Load Test	START	1685945303378
USER	About Us Load Test	START	1685945303582
USER	About Us Load Test	START	1685945303787
USER	About Us Load Test	START	1685945303977
USER	About Us Load Test	START	1685945304180
USER	About Us Load Test	START	1685945304385
USER	About Us Load Test	START	1685945304589
USER	About Us Load Test	START	1685945304777
USER	About Us Load Test	START	1685945304981
USER	About Us Load Test	START	1685945305183
USER	About Us Load Test	START	1685945305386
USER	About Us Load Test	START	1685945305575
USER	About Us Load Test	START	1685945305779
USER	About Us Load Test	START	1685945305983
USER	About Us Load Test	START	1685945306187
USER	About Us Load Test	START	1685945306374
USER	About Us Load Test	START	1685945306580
USER	About Us Load Test	START	1685945306783
USER	About Us Load Test	START	1685945306988
USER	About Us Load Test	START	1685945307177
USER	About Us Load Test	START	1685945307375
USER	About Us Load Test	START	1685945307580
USER	About Us Load Test	START	1685945307784
USER	About Us Load Test	START	1685945307987
USER	About Us Load Test	START	1685945308176
USER	About Us Load Test	START	1685945308383
USER	About Us Load Test	START	1685945308587
USER	About Us Load Test	START	1685945308776
USER	About Us Load Test	START	1685945308980
USER	About Us Load Test	START	1685945309185
USER	About Us Load Test	START	1685945309387
USER	About Us Load Test	START	1685945309576
USER	About Us Load Test	START	1685945309781
USER	About Us Load Test	START	1685945309976
USER	About Us Load Test	START	1685945310191
USER	About Us Load Test	START	1685945310379
USER	About Us Load Test	START	1685945310586
USER	About Us Load Test	START	1685945310787
USER	About Us Load Test	START	1685945310979
USER	About Us Load Test	START	1685945311183
USER	About Us Load Test	START	1685945311386
USER	About Us Load Test	START	1685945311588
USER	About Us Load Test	START	1685945311780
USER	About Us Load Test	START	1685945311986
USER	About Us Load Test	START	1685945312191
USER	About Us Load Test	START	1685945312377
USER	About Us Load Test	START	1685945312580
USER	About Us Load Test	START	1685945312781
USER	About Us Load Test	START	1685945312987
USER	About Us Load Test	START	1685945313175
USER	About Us Load Test	START	1685945313376
USER	About Us Load Test	START	1685945313579
USER	About Us Load Test	START	1685945313786
USER	About Us Load Test	START	1685945313989
REQUEST		About Us Request	1685945296386	1685945321798	OK	 
REQUEST		About Us Request	1685945296588	1685945321868	OK	 
REQUEST		style.min.css?ver=6.2.2	1685945322243	1685945322548	OK	 
REQUEST		style.min.css?ver=6.2.2	1685945322238	1685945322531	OK	 
REQUEST		css?family=Lato%3A100%2C200%2C300%2C400%2C500%2C600%2C700%2C800%2C900%2C100i%2C200i%2C300i%2C400i%2C500i%2C600i%2C700i%2C800i%2C900i&subset=latin&display=swap&ver=6.2.2	1685945322228	1685945322604	OK	 
REQUEST		css?family=Lato%3A100%2C200%2C300%2C400%2C500%2C600%2C700%2C800%2C900%2C100i%2C200i%2C300i%2C400i%2C500i%2C600i%2C700i%2C800i%2C900i&subset=latin&display=swap&ver=6.2.2	1685945322228	1685945322605	OK	 
REQUEST		css?family=Lato%3A100%2C100italic%2C200%2C200italic%2C300%2C300italic%2C400%2C400italic%2C500%2C500italic%2C600%2C600italic%2C700%2C700italic%2C800%2C800italic%2C900%2C900italic%7CRoboto+Slab%3A100%2C100italic%2C200%2C200italic%2C300%2C300italic%2C400%2C400italic%2C500%2C500italic%2C600%2C600italic%2C700%2C700italic%2C800%2C800italic%2C900%2C900italic%7CRoboto%3A100%2C100italic%2C200%2C200italic%2C300%2C300italic%2C400%2C400italic%2C500%2C500italic%2C600%2C600italic%2C700%2C700italic%2C800%2C800italic%2C900%2C900italic%7CPlayfair+Display%3A100%2C100italic%2C200%2C200italic%2C300%2C300italic%2C400%2C400italic%2C500%2C500italic%2C600%2C600italic%2C700%2C700italic%2C800%2C800italic%2C900%2C900italic%7CArchivo%3A100%2C100italic%2C200%2C200italic%2C300%2C300italic%2C400%2C400italic%2C500%2C500italic%2C600%2C600italic%2C700%2C700italic%2C800%2C800italic%2C900%2C900italic&display=swap&ver=6.2.2	1685945322237	1685945322609	OK	 
REQUEST		css?family=Lato%3A100%2C100italic%2C200%2C200italic%2C300%2C300italic%2C400%2C400italic%2C500%2C500italic%2C600%2C600italic%2C700%2C700italic%2C800%2C800italic%2C900%2C900italic%7CRoboto+Slab%3A100%2C100italic%2C200%2C200italic%2C300%2C300italic%2C400%2C400italic%2C500%2C500italic%2C600%2C600italic%2C700%2C700italic%2C800%2C800italic%2C900%2C900italic%7CRoboto%3A100%2C100italic%2C200%2C200italic%2C300%2C300italic%2C400%2C400italic%2C500%2C500italic%2C600%2C600italic%2C700%2C700italic%2C800%2C800italic%2C900%2C900italic%7CPlayfair+Display%3A100%2C100italic%2C200%2C200italic%2C300%2C300italic%2C400%2C400italic%2C500%2C500italic%2C600%2C600italic%2C700%2C700italic%2C800%2C800italic%2C900%2C900italic%7CArchivo%3A100%2C100italic%2C200%2C200italic%2C300%2C300italic%2C400%2C400italic%2C500%2C500italic%2C600%2C600italic%2C700%2C700italic%2C800%2C800italic%2C900%2C900italic&display=swap&ver=6.2.2	1685945322237	1685945322620	OK	 
REQUEST		woo-mini-cart.min.css?ver=6.2.2	1685945322601	1685945322880	OK	 
REQUEST		woo-mini-cart.min.css?ver=6.2.2	1685945322602	1685945322887	OK	 
REQUEST		classic-themes.min.css?ver=6.2.2	1685945322247	1685945323095	OK	 
REQUEST		style.css?ver=6.2.2	1685945322248	1685945323100	OK	 
REQUEST		wc-blocks-vendors-style.css?ver=10.0.6	1685945322244	1685945323105	OK	 
REQUEST		styles.css?ver=5.7.6	1685945322249	1685945323110	OK	 
REQUEST		all.min.css?ver=5.15.1	1685945322883	1685945323169	OK	 
REQUEST		all.min.css?ver=5.15.1	1685945322890	1685945323179	OK	 
REQUEST		classic-themes.min.css?ver=6.2.2	1685945322242	1685945323182	OK	 
REQUEST		wc-blocks-vendors-style.css?ver=10.0.6	1685945322239	1685945323207	OK	 
REQUEST		style.css?ver=6.2.2	1685945322243	1685945323210	OK	 
REQUEST		styles.css?ver=5.7.6	1685945322244	1685945323225	OK	 
REQUEST		simple-line-icons.min.css?ver=2.4.0	1685945323097	1685945323384	OK	 
REQUEST		elementor-icons.min.css?ver=5.20.0	1685945323108	1685945323397	OK	 
REQUEST		simple-line-icons.min.css?ver=2.4.0	1685945323174	1685945323453	OK	 
REQUEST		swiper.min.css?ver=5.3.6	1685945323180	1685945323465	OK	 
REQUEST		elementor-icons.min.css?ver=5.20.0	1685945323208	1685945323494	OK	 
REQUEST		swiper.min.css?ver=5.3.6	1685945323227	1685945323513	OK	 
REQUEST		post-5.css?ver=1682506416	1685945323387	1685945323668	OK	 
REQUEST		frontend-lite.min.css?ver=3.11.3	1685945323399	1685945323682	OK	 
REQUEST		post-5.css?ver=1682506416	1685945323454	1685945323734	OK	 
REQUEST		global.css?ver=1682506424	1685945323467	1685945323755	OK	 
REQUEST		frontend-lite.min.css?ver=3.11.3	1685945323495	1685945323778	OK	 
REQUEST		post-42.css?ver=1682616929	1685945323670	1685945323970	OK	 
REQUEST		frontend-lite.min.css?ver=3.13.4	1685945323113	1685945323988	OK	 
REQUEST		post-135.css?ver=1682506425	1685945323684	1685945323993	OK	 
REQUEST		post-42.css?ver=1682616929	1685945323735	1685945324015	OK	 
REQUEST		post-176.css?ver=1682506425	1685945323757	1685945324041	OK	 
REQUEST		frontend-lite.min.css?ver=3.13.4	1685945323211	1685945324071	OK	 
REQUEST		post-135.css?ver=1682506425	1685945323780	1685945324075	OK	 
REQUEST		global.css?ver=1682506424	1685945323514	1685945324096	OK	 
REQUEST		style.min.css?ver=3.4.3	1685945323102	1685945324224	OK	 
REQUEST		jquery-ui.min.css?ver=7.7.2	1685945323991	1685945324272	OK	 
REQUEST		post-176.css?ver=1682506425	1685945324016	1685945324300	OK	 
REQUEST		wcfmicon.min.css?ver=6.7.0	1685945323995	1685945324321	OK	 
REQUEST		wc-blocks-style.css?ver=10.0.6	1685945322241	1685945324333	OK	 
REQUEST		style.min.css?ver=3.4.3	1685945323184	1685945324343	OK	 
REQUEST		wcfm-style-core.css?ver=6.7.0	1685945324043	1685945324359	OK	 
REQUEST		wc-blocks-style.css?ver=10.0.6	1685945322246	1685945324364	OK	 
REQUEST		jquery-ui.min.css?ver=7.7.2	1685945324077	1685945324364	OK	 
REQUEST		woocommerce.min.css?ver=6.2.2	1685945324232	1685945324521	OK	 
REQUEST		woo-star-font.min.css?ver=6.2.2	1685945324274	1685945324552	OK	 
REQUEST		wcfm-style-core.css?ver=6.7.0	1685945324303	1685945324585	OK	 
REQUEST		woo-quick-view.min.css?ver=6.2.2	1685945324324	1685945324603	OK	 
REQUEST		woocommerce.min.css?ver=6.2.2	1685945324340	1685945324627	OK	 
REQUEST		woo-star-font.min.css?ver=6.2.2	1685945324345	1685945324631	OK	 
REQUEST		ekiticons.css?ver=2.8.7	1685945324073	1685945324639	OK	 
REQUEST		woo-quick-view.min.css?ver=6.2.2	1685945324370	1685945324657	OK	 
REQUEST		responsive.css?ver=2.8.7	1685945324370	1685945324661	OK	 
REQUEST		wcfmicon.min.css?ver=6.7.0	1685945324097	1685945324695	OK	 
REQUEST		um-fonticons-ii.css?ver=2.6.0	1685945324524	1685945324805	OK	 
REQUEST		ekiticons.css?ver=2.8.7	1685945323972	1685945324812	OK	 
REQUEST		um-fonticons-fa.css?ver=2.6.0	1685945324553	1685945324834	OK	 
REQUEST		select2.min.css?ver=4.0.13	1685945324605	1685945324901	OK	 
REQUEST		responsive.css?ver=2.8.7	1685945324629	1685945324911	OK	 
REQUEST		um-fonticons-ii.css?ver=2.6.0	1685945324633	1685945324926	OK	 
REQUEST		um-fonticons-fa.css?ver=2.6.0	1685945324642	1685945324929	OK	 
REQUEST		select2.min.css?ver=4.0.13	1685945324659	1685945324943	OK	 
REQUEST		um-crop.css?ver=2.6.0	1685945324663	1685945324949	OK	 
REQUEST		um-crop.css?ver=2.6.0	1685945324697	1685945324982	OK	 
REQUEST		um-modal.css?ver=2.6.0	1685945324808	1685945325086	OK	 
REQUEST		um-styles.css?ver=2.6.0	1685945324813	1685945325093	OK	 
REQUEST		um-profile.css?ver=2.6.0	1685945324837	1685945325116	OK	 
REQUEST		um-account.css?ver=2.6.0	1685945324903	1685945325183	OK	 
REQUEST		um-modal.css?ver=2.6.0	1685945324913	1685945325192	OK	 
REQUEST		um-styles.css?ver=2.6.0	1685945324927	1685945325207	OK	 
REQUEST		um-profile.css?ver=2.6.0	1685945324931	1685945325220	OK	 
REQUEST		widget-styles.css?ver=2.8.7	1685945324361	1685945325228	OK	 
REQUEST		um-account.css?ver=2.6.0	1685945324944	1685945325232	OK	 
REQUEST		um-misc.css?ver=2.6.0	1685945324950	1685945325256	OK	 
REQUEST		um-misc.css?ver=2.6.0	1685945324983	1685945325273	OK	 
REQUEST		um-fileupload.css?ver=2.6.0	1685945325089	1685945325380	OK	 
REQUEST		default.css?ver=2.6.0	1685945325095	1685945325383	OK	 
REQUEST		default.date.css?ver=2.6.0	1685945325118	1685945325400	OK	 
REQUEST		widget-styles.css?ver=2.8.7	1685945324586	1685945325446	OK	 
REQUEST		default.time.css?ver=2.6.0	1685945325184	1685945325464	OK	 
REQUEST		um-fileupload.css?ver=2.6.0	1685945325194	1685945325475	OK	 
REQUEST		default.css?ver=2.6.0	1685945325209	1685945325488	OK	 
REQUEST		default.date.css?ver=2.6.0	1685945325221	1685945325500	OK	 
REQUEST		default.time.css?ver=2.6.0	1685945325233	1685945325515	OK	 
REQUEST		um-raty.css?ver=2.6.0	1685945325240	1685945325523	OK	 
REQUEST		simplebar.css?ver=2.6.0	1685945325258	1685945325544	OK	 
REQUEST		um-raty.css?ver=2.6.0	1685945325274	1685945325559	OK	 
REQUEST		um-tipsy.css?ver=2.6.0	1685945325382	1685945325672	OK	 
REQUEST		um-responsive.css?ver=2.6.0	1685945325386	1685945325676	OK	 
REQUEST		um-old-default.css?ver=2.6.0	1685945325401	1685945325690	OK	 
REQUEST		simplebar.css?ver=2.6.0	1685945325450	1685945325730	OK	 
REQUEST		fontawesome.min.css?ver=5.15.3	1685945325465	1685945325754	OK	 
REQUEST		um-tipsy.css?ver=2.6.0	1685945325476	1685945325758	OK	 
REQUEST		um-responsive.css?ver=2.6.0	1685945325489	1685945325768	OK	 
REQUEST		um-old-default.css?ver=2.6.0	1685945325501	1685945325780	OK	 
REQUEST		fontawesome.min.css?ver=5.15.3	1685945325517	1685945325803	OK	 
REQUEST		solid.min.css?ver=5.15.3	1685945325524	1685945325807	OK	 
REQUEST		regular.min.css?ver=5.15.3	1685945325545	1685945325832	OK	 
REQUEST		solid.min.css?ver=5.15.3	1685945325560	1685945325844	OK	 
REQUEST		jquery.min.js?ver=3.6.4	1685945325674	1685945325959	OK	 
REQUEST		jquery-migrate.min.js?ver=3.4.0	1685945325678	1685945325961	OK	 
REQUEST		um-gdpr.min.js?ver=2.6.0	1685945325692	1685945325969	OK	 
REQUEST		regular.min.css?ver=5.15.3	1685945325732	1685945326011	OK	 
REQUEST		animations.min.css?ver=3.13.4	1685945325755	1685945326036	OK	 
REQUEST		jquery.min.js?ver=3.6.4	1685945325758	1685945326045	OK	 
REQUEST		jquery-migrate.min.js?ver=3.4.0	1685945325769	1685945326051	OK	 
REQUEST		um-gdpr.min.js?ver=2.6.0	1685945325781	1685945326060	OK	 
REQUEST		animations.min.css?ver=3.13.4	1685945325804	1685945326088	OK	 
REQUEST		scripts.js?ver=1.0	1685945325808	1685945326092	OK	 
REQUEST		index.js?ver=5.7.6	1685945325833	1685945326121	OK	 
REQUEST		scripts.js?ver=1.0	1685945325845	1685945326131	OK	 
REQUEST		index.js?ver=5.7.6	1685945325960	1685945326240	OK	 
REQUEST		jquery.blockUI.min.js?ver=2.7.0-wc.7.7.2	1685945325962	1685945326242	OK	 
REQUEST		add-to-cart.min.js?ver=7.7.2	1685945325970	1685945326247	OK	 
REQUEST		index.js?ver=5.7.6	1685945326012	1685945326290	OK	 
REQUEST		js.cookie.min.js?ver=2.1.4-wc.7.7.2	1685945326039	1685945326318	OK	 
REQUEST		index.js?ver=5.7.6	1685945326046	1685945326327	OK	 
REQUEST		jquery.blockUI.min.js?ver=2.7.0-wc.7.7.2	1685945326052	1685945326331	OK	 
REQUEST		add-to-cart.min.js?ver=7.7.2	1685945326061	1685945326341	OK	 
REQUEST		js.cookie.min.js?ver=2.1.4-wc.7.7.2	1685945326090	1685945326372	OK	 
REQUEST		woocommerce.min.js?ver=7.7.2	1685945326093	1685945326376	OK	 
REQUEST		cart-fragments.min.js?ver=7.7.2	1685945326122	1685945326409	OK	 
REQUEST		woocommerce.min.js?ver=7.7.2	1685945326132	1685945326418	OK	 
REQUEST		imagesloaded.min.js?ver=4.1.4	1685945326241	1685945326520	OK	 
REQUEST		theme.min.js?ver=3.4.3	1685945326243	1685945326524	OK	 
REQUEST		drop-down-mobile-menu.min.js?ver=3.4.3	1685945326248	1685945326529	OK	 
REQUEST		cart-fragments.min.js?ver=7.7.2	1685945326291	1685945326571	OK	 
REQUEST		magnific-popup.min.js?ver=3.4.3	1685945326319	1685945326600	OK	 
REQUEST		imagesloaded.min.js?ver=4.1.4	1685945326328	1685945326607	OK	 
REQUEST		theme.min.js?ver=3.4.3	1685945326332	1685945326611	OK	 
REQUEST		drop-down-mobile-menu.min.js?ver=3.4.3	1685945326342	1685945326624	OK	 
REQUEST		magnific-popup.min.js?ver=3.4.3	1685945326373	1685945326658	OK	 
REQUEST		ow-lightbox.min.js?ver=3.4.3	1685945326377	1685945326662	OK	 
REQUEST		flickity.pkgd.min.js?ver=3.4.3	1685945326410	1685945326702	OK	 
REQUEST		ow-lightbox.min.js?ver=3.4.3	1685945326419	1685945326707	OK	 
REQUEST		ow-slider.min.js?ver=3.4.3	1685945326522	1685945326802	OK	 
REQUEST		scroll-effect.min.js?ver=3.4.3	1685945326525	1685945326806	OK	 
REQUEST		scroll-top.min.js?ver=3.4.3	1685945326531	1685945326821	OK	 
REQUEST		flickity.pkgd.min.js?ver=3.4.3	1685945326571	1685945326906	OK	 
REQUEST		ow-slider.min.js?ver=3.4.3	1685945326607	1685945326936	OK	 
REQUEST		select.min.js?ver=3.4.3	1685945326601	1685945326936	OK	 
REQUEST		scroll-effect.min.js?ver=3.4.3	1685945326611	1685945326938	OK	 
REQUEST		scroll-top.min.js?ver=3.4.3	1685945326625	1685945326941	OK	 
REQUEST		woo-custom-features.min.js?ver=3.4.3	1685945326664	1685945326995	OK	 
REQUEST		About Us Request	1685945296776	1685945327011	OK	 
REQUEST		About Us Request	1685945295993	1685945327026	OK	 
REQUEST		select.min.js?ver=3.4.3	1685945326658	1685945327041	OK	 
REQUEST		frontend-script.js?ver=2.8.7	1685945326703	1685945327044	OK	 
REQUEST		woo-custom-features.min.js?ver=3.4.3	1685945326708	1685945327065	OK	 
REQUEST		jquery.blockUI.min.js?ver=6.7.0	1685945326807	1685945327162	OK	 
REQUEST		core.min.js?ver=1.13.2	1685945326822	1685945327165	OK	 
REQUEST		frontend-script.js?ver=2.8.7	1685945326907	1685945327184	OK	 
REQUEST		datepicker.min.js?ver=1.13.2	1685945326937	1685945327230	OK	 
REQUEST		widget-scripts.js?ver=2.8.7	1685945326937	1685945327231	OK	 
REQUEST		jquery.blockUI.min.js?ver=6.7.0	1685945326939	1685945327232	OK	 
REQUEST		core.min.js?ver=1.13.2	1685945326941	1685945327235	OK	 
REQUEST		wcfm-script-core.js?ver=6.7.0	1685945326996	1685945327286	OK	 
REQUEST		datepicker.min.js?ver=1.13.2	1685945327041	1685945327328	OK	 
REQUEST		woo-quick-view.min.js?ver=3.4.3	1685945327050	1685945327342	OK	 
REQUEST		wcfm-script-core.js?ver=6.7.0	1685945327065	1685945327375	OK	 
REQUEST		widget-scripts.js?ver=2.8.7	1685945326804	1685945327376	OK	 
REQUEST		style.min.css?ver=6.2.2	1685945327097	1685945327385	OK	 
REQUEST		style.min.css?ver=6.2.2	1685945327097	1685945327393	OK	 
REQUEST		css?family=Lato%3A100%2C200%2C300%2C400%2C500%2C600%2C700%2C800%2C900%2C100i%2C200i%2C300i%2C400i%2C500i%2C600i%2C700i%2C800i%2C900i&subset=latin&display=swap&ver=6.2.2	1685945327094	1685945327399	OK	 
REQUEST		css?family=Lato%3A100%2C200%2C300%2C400%2C500%2C600%2C700%2C800%2C900%2C100i%2C200i%2C300i%2C400i%2C500i%2C600i%2C700i%2C800i%2C900i&subset=latin&display=swap&ver=6.2.2	1685945327086	1685945327423	OK	 
REQUEST		css?family=Lato%3A100%2C100italic%2C200%2C200italic%2C300%2C300italic%2C400%2C400italic%2C500%2C500italic%2C600%2C600italic%2C700%2C700italic%2C800%2C800italic%2C900%2C900italic%7CRoboto+Slab%3A100%2C100italic%2C200%2C200italic%2C300%2C300italic%2C400%2C400italic%2C500%2C500italic%2C600%2C600italic%2C700%2C700italic%2C800%2C800italic%2C900%2C900italic%7CRoboto%3A100%2C100italic%2C200%2C200italic%2C300%2C300italic%2C400%2C400italic%2C500%2C500italic%2C600%2C600italic%2C700%2C700italic%2C800%2C800italic%2C900%2C900italic%7CPlayfair+Display%3A100%2C100italic%2C200%2C200italic%2C300%2C300italic%2C400%2C400italic%2C500%2C500italic%2C600%2C600italic%2C700%2C700italic%2C800%2C800italic%2C900%2C900italic%7CArchivo%3A100%2C100italic%2C200%2C200italic%2C300%2C300italic%2C400%2C400italic%2C500%2C500italic%2C600%2C600italic%2C700%2C700italic%2C800%2C800italic%2C900%2C900italic&display=swap&ver=6.2.2	1685945327097	1685945327432	OK	 
REQUEST		css?family=Lato%3A100%2C100italic%2C200%2C200italic%2C300%2C300italic%2C400%2C400italic%2C500%2C500italic%2C600%2C600italic%2C700%2C700italic%2C800%2C800italic%2C900%2C900italic%7CRoboto+Slab%3A100%2C100italic%2C200%2C200italic%2C300%2C300italic%2C400%2C400italic%2C500%2C500italic%2C600%2C600italic%2C700%2C700italic%2C800%2C800italic%2C900%2C900italic%7CRoboto%3A100%2C100italic%2C200%2C200italic%2C300%2C300italic%2C400%2C400italic%2C500%2C500italic%2C600%2C600italic%2C700%2C700italic%2C800%2C800italic%2C900%2C900italic%7CPlayfair+Display%3A100%2C100italic%2C200%2C200italic%2C300%2C300italic%2C400%2C400italic%2C500%2C500italic%2C600%2C600italic%2C700%2C700italic%2C800%2C800italic%2C900%2C900italic%7CArchivo%3A100%2C100italic%2C200%2C200italic%2C300%2C300italic%2C400%2C400italic%2C500%2C500italic%2C600%2C600italic%2C700%2C700italic%2C800%2C800italic%2C900%2C900italic&display=swap&ver=6.2.2	1685945327087	1685945327439	OK	 
REQUEST		underscore.min.js?ver=1.13.4	1685945327163	1685945327471	OK	 
REQUEST		woo-quick-view.min.js?ver=3.4.3	1685945327185	1685945327471	OK	 
REQUEST		wp-util.min.js?ver=6.2.2	1685945327166	1685945327473	OK	 
REQUEST		underscore.min.js?ver=1.13.4	1685945327231	1685945327522	OK	 
REQUEST		add-to-cart-variation.min.js?ver=7.7.2	1685945327231	1685945327525	OK	 
REQUEST		wp-util.min.js?ver=6.2.2	1685945327233	1685945327525	OK	 
REQUEST		add-to-cart-variation.min.js?ver=7.7.2	1685945327236	1685945327528	OK	 
REQUEST		jquery.flexslider.min.js?ver=2.7.2-wc.7.7.2	1685945327287	1685945327572	OK	 
REQUEST		jquery.flexslider.min.js?ver=2.7.2-wc.7.7.2	1685945327329	1685945327613	OK	 
REQUEST		woo-mini-cart.min.js?ver=3.4.3	1685945327342	1685945327631	OK	 
REQUEST		woo-mini-cart.min.js?ver=3.4.3	1685945327376	1685945327665	OK	 
REQUEST		select2.full.min.js?ver=4.0.13	1685945327377	1685945327666	OK	 
REQUEST		woo-mini-cart.min.css?ver=6.2.2	1685945327386	1685945327671	OK	 
REQUEST		woo-mini-cart.min.css?ver=6.2.2	1685945327395	1685945327679	OK	 
REQUEST		um-crop.min.js?ver=2.6.0	1685945327472	1685945327755	OK	 
REQUEST		select2.full.min.js?ver=4.0.13	1685945327472	1685945327758	OK	 
REQUEST		um-modal.min.js?ver=2.6.0	1685945327474	1685945327759	OK	 
REQUEST		um-crop.min.js?ver=2.6.0	1685945327524	1685945327804	OK	 
REQUEST		um-modal.min.js?ver=2.6.0	1685945327526	1685945327807	OK	 
REQUEST		um-jquery-form.min.js?ver=2.6.0	1685945327529	1685945327810	OK	 
REQUEST		um-jquery-form.min.js?ver=2.6.0	1685945327526	1685945327810	OK	 
REQUEST		um-fileupload.js?ver=2.6.0	1685945327573	1685945327870	OK	 
REQUEST		um-fileupload.js?ver=2.6.0	1685945327614	1685945327904	OK	 
REQUEST		picker.js?ver=2.6.0	1685945327632	1685945327941	OK	 
REQUEST		picker.date.js?ver=2.6.0	1685945327667	1685945327962	OK	 
REQUEST		all.min.css?ver=5.15.1	1685945327672	1685945327973	OK	 
REQUEST		picker.js?ver=2.6.0	1685945327666	1685945327976	OK	 
REQUEST		wc-blocks-vendors-style.css?ver=10.0.6	1685945327098	1685945327977	OK	 
REQUEST		styles.css?ver=5.7.6	1685945327106	1685945327979	OK	 
REQUEST		all.min.css?ver=5.15.1	1685945327680	1685945327980	OK	 
REQUEST		classic-themes.min.css?ver=6.2.2	1685945327103	1685945327981	OK	 
REQUEST		style.css?ver=6.2.2	1685945327105	1685945327982	OK	 
REQUEST		wc-blocks-vendors-style.css?ver=10.0.6	1685945327097	1685945327985	OK	 
REQUEST		styles.css?ver=5.7.6	1685945327117	1685945328006	OK	 
REQUEST		classic-themes.min.css?ver=6.2.2	1685945327110	1685945328008	OK	 
REQUEST		style.css?ver=6.2.2	1685945327111	1685945328010	OK	 
REQUEST		picker.date.js?ver=2.6.0	1685945327759	1685945328042	OK	 
REQUEST		picker.time.js?ver=2.6.0	1685945327756	1685945328056	OK	 
REQUEST		wp-polyfill-inert.min.js?ver=3.1.2	1685945327759	1685945328058	OK	 
REQUEST		picker.time.js?ver=2.6.0	1685945327805	1685945328126	OK	 
REQUEST		wp-polyfill-inert.min.js?ver=3.1.2	1685945327808	1685945328130	OK	 
REQUEST		regenerator-runtime.min.js?ver=0.13.11	1685945327811	1685945328130	OK	 
REQUEST		regenerator-runtime.min.js?ver=0.13.11	1685945327811	1685945328138	OK	 
REQUEST		wp-polyfill.min.js?ver=3.15.0	1685945327871	1685945328176	OK	 
REQUEST		wp-polyfill.min.js?ver=3.15.0	1685945327906	1685945328195	OK	 
REQUEST		hooks.min.js?ver=4169d3cf8e8d95a3d6d5	1685945327941	1685945328237	OK	 
REQUEST		i18n.min.js?ver=9e794f35a71bb98672ae	1685945327963	1685945328254	OK	 
REQUEST		simple-line-icons.min.css?ver=2.4.0	1685945327974	1685945328256	OK	 
REQUEST		simple-line-icons.min.css?ver=2.4.0	1685945327981	1685945328266	OK	 
REQUEST		hooks.min.js?ver=4169d3cf8e8d95a3d6d5	1685945327977	1685945328268	OK	 
REQUEST		swiper.min.css?ver=5.3.6	1685945327983	1685945328270	OK	 
REQUEST		swiper.min.css?ver=5.3.6	1685945328011	1685945328302	OK	 
REQUEST		i18n.min.js?ver=9e794f35a71bb98672ae	1685945328043	1685945328330	OK	 
REQUEST		um-raty.min.js?ver=2.6.0	1685945328057	1685945328345	OK	 
REQUEST		um-tipsy.min.js?ver=2.6.0	1685945328059	1685945328360	OK	 
REQUEST		um-raty.min.js?ver=2.6.0	1685945328127	1685945328421	OK	 
REQUEST		um-tipsy.min.js?ver=2.6.0	1685945328131	1685945328433	OK	 
REQUEST		masonry.min.js?ver=4.2.2	1685945328131	1685945328435	OK	 
REQUEST		masonry.min.js?ver=4.2.2	1685945328139	1685945328439	OK	 
REQUEST		jquery.masonry.min.js?ver=3.1.2b	1685945328177	1685945328460	OK	 
REQUEST		jquery.masonry.min.js?ver=3.1.2b	1685945328196	1685945328482	OK	 
REQUEST		simplebar.min.js?ver=2.6.0	1685945328237	1685945328527	OK	 
REQUEST		um-functions.min.js?ver=2.6.0	1685945328255	1685945328534	OK	 
REQUEST		post-5.css?ver=1682506416	1685945328257	1685945328540	OK	 
REQUEST		elementor-icons.min.css?ver=5.20.0	1685945327980	1685945328559	OK	 
REQUEST		post-5.css?ver=1682506416	1685945328267	1685945328560	OK	 
REQUEST		frontend-lite.min.css?ver=3.11.3	1685945328271	1685945328575	OK	 
REQUEST		simplebar.min.js?ver=2.6.0	1685945328269	1685945328576	OK	 
REQUEST		elementor-icons.min.css?ver=5.20.0	1685945328007	1685945328585	OK	 
REQUEST		frontend-lite.min.css?ver=3.11.3	1685945328303	1685945328589	OK	 
REQUEST		um-functions.min.js?ver=2.6.0	1685945328331	1685945328613	OK	 
REQUEST		um-responsive.min.js?ver=2.6.0	1685945328346	1685945328624	OK	 
REQUEST		um-conditional.min.js?ver=2.6.0	1685945328360	1685945328639	OK	 
REQUEST		um-responsive.min.js?ver=2.6.0	1685945328422	1685945328708	OK	 
REQUEST		um-scripts.min.js?ver=2.6.0	1685945328436	1685945328720	OK	 
REQUEST		um-conditional.min.js?ver=2.6.0	1685945328434	1685945328720	OK	 
REQUEST		um-scripts.min.js?ver=2.6.0	1685945328440	1685945328722	OK	 
REQUEST		um-profile.min.js?ver=2.6.0	1685945328461	1685945328745	OK	 
REQUEST		um-profile.min.js?ver=2.6.0	1685945328482	1685945328780	OK	 
REQUEST		jquery.smartmenus.min.js?ver=1.0.1	1685945328534	1685945328816	OK	 
REQUEST		um-account.min.js?ver=2.6.0	1685945328528	1685945328818	OK	 
REQUEST		style.min.css?ver=3.4.3	1685945327977	1685945328825	OK	 
REQUEST		global.css?ver=1682506424	1685945328541	1685945328832	OK	 
REQUEST		post-42.css?ver=1682616929	1685945328561	1685945328841	OK	 
REQUEST		style.min.css?ver=3.4.3	1685945327986	1685945328853	OK	 
REQUEST		frontend-lite.min.css?ver=3.13.4	1685945327981	1685945328861	OK	 
REQUEST		global.css?ver=1682506424	1685945328561	1685945328866	OK	 
REQUEST		frontend-lite.min.css?ver=3.13.4	1685945328009	1685945328870	OK	 
REQUEST		post-135.css?ver=1682506425	1685945328576	1685945328872	OK	 
REQUEST		um-account.min.js?ver=2.6.0	1685945328576	1685945328879	OK	 
REQUEST		post-42.css?ver=1682616929	1685945328587	1685945328884	OK	 
REQUEST		post-135.css?ver=1682506425	1685945328590	1685945328887	OK	 
REQUEST		jquery.smartmenus.min.js?ver=1.0.1	1685945328614	1685945328894	OK	 
REQUEST		webpack-pro.runtime.min.js?ver=3.11.3	1685945328625	1685945328903	OK	 
REQUEST		webpack.runtime.min.js?ver=3.13.4	1685945328640	1685945328918	OK	 
REQUEST		webpack-pro.runtime.min.js?ver=3.11.3	1685945328708	1685945328988	OK	 
REQUEST		webpack.runtime.min.js?ver=3.13.4	1685945328720	1685945329000	OK	 
REQUEST		frontend-modules.min.js?ver=3.13.4	1685945328720	1685945329007	OK	 
REQUEST		frontend-modules.min.js?ver=3.13.4	1685945328722	1685945329015	OK	 
REQUEST		frontend.min.js?ver=3.11.3	1685945328746	1685945329032	OK	 
REQUEST		frontend.min.js?ver=3.11.3	1685945328780	1685945329066	OK	 
REQUEST		waypoints.min.js?ver=4.0.2	1685945328817	1685945329096	OK	 
REQUEST		post-176.css?ver=1682506425	1685945328826	1685945329104	OK	 
REQUEST		frontend.min.js?ver=3.13.4	1685945328819	1685945329108	OK	 
REQUEST		ekiticons.css?ver=2.8.7	1685945328833	1685945329125	OK	 
REQUEST		post-176.css?ver=1682506425	1685945328856	1685945329136	OK	 
REQUEST		wc-blocks-style.css?ver=10.0.6	1685945327109	1685945329147	OK	 
REQUEST		wcfmicon.min.css?ver=6.7.0	1685945328863	1685945329151	OK	 
REQUEST		jquery-ui.min.css?ver=7.7.2	1685945328871	1685945329161	OK	 
REQUEST		ekiticons.css?ver=2.8.7	1685945328868	1685945329172	OK	 
REQUEST		wc-blocks-style.css?ver=10.0.6	1685945327100	1685945329174	OK	 
REQUEST		waypoints.min.js?ver=4.0.2	1685945328880	1685945329175	OK	 
REQUEST		wcfm-style-core.css?ver=6.7.0	1685945328873	1685945329177	OK	 
REQUEST		wcfm-style-core.css?ver=6.7.0	1685945328888	1685945329182	OK	 
REQUEST		elements-handlers.min.js?ver=3.11.3	1685945328904	1685945329187	OK	 
REQUEST		frontend.min.js?ver=3.13.4	1685945328895	1685945329187	OK	 
REQUEST		animate-circle.js?ver=2.8.7	1685945328919	1685945329200	OK	 
REQUEST		elements-handlers.min.js?ver=3.11.3	1685945328988	1685945329272	OK	 
REQUEST		animate-circle.js?ver=2.8.7	1685945329001	1685945329279	OK	 
REQUEST		elementor.js?ver=2.8.7	1685945329008	1685945329290	OK	 
REQUEST		elementor.js?ver=2.8.7	1685945329015	1685945329296	OK	 
REQUEST		jquery.sticky.min.js?ver=3.11.3	1685945329033	1685945329316	OK	 
USER	About Us Load Test	END	1685945329325
REQUEST		jquery.sticky.min.js?ver=3.11.3	1685945329066	1685945329348	OK	 
USER	About Us Load Test	END	1685945329352
REQUEST		woocommerce.min.css?ver=6.2.2	1685945329105	1685945329392	OK	 
REQUEST		jquery-ui.min.css?ver=7.7.2	1685945328842	1685945329411	OK	 
REQUEST		woo-star-font.min.css?ver=6.2.2	1685945329127	1685945329416	OK	 
REQUEST		woocommerce.min.css?ver=6.2.2	1685945329136	1685945329429	OK	 
REQUEST		woo-star-font.min.css?ver=6.2.2	1685945329152	1685945329447	OK	 
REQUEST		woo-quick-view.min.css?ver=6.2.2	1685945329152	1685945329447	OK	 
REQUEST		woo-quick-view.min.css?ver=6.2.2	1685945329162	1685945329457	OK	 
REQUEST		wcfmicon.min.css?ver=6.7.0	1685945328885	1685945329475	OK	 
REQUEST		responsive.css?ver=2.8.7	1685945329178	1685945329477	OK	 
REQUEST		responsive.css?ver=2.8.7	1685945329183	1685945329488	OK	 
REQUEST		um-fonticons-ii.css?ver=2.6.0	1685945329394	1685945329679	OK	 
REQUEST		select2.min.css?ver=4.0.13	1685945329416	1685945329699	OK	 
REQUEST		um-fonticons-fa.css?ver=2.6.0	1685945329412	1685945329703	OK	 
REQUEST		um-fonticons-ii.css?ver=2.6.0	1685945329430	1685945329714	OK	 
REQUEST		um-fonticons-fa.css?ver=2.6.0	1685945329447	1685945329731	OK	 
REQUEST		um-crop.css?ver=2.6.0	1685945329448	1685945329741	OK	 
REQUEST		select2.min.css?ver=4.0.13	1685945329458	1685945329742	OK	 
REQUEST		um-crop.css?ver=2.6.0	1685945329476	1685945329774	OK	 
REQUEST		um-modal.css?ver=2.6.0	1685945329478	1685945329782	OK	 
REQUEST		um-styles.css?ver=2.6.0	1685945329680	1685945329961	OK	 
REQUEST		um-profile.css?ver=2.6.0	1685945329700	1685945329981	OK	 
REQUEST		um-account.css?ver=2.6.0	1685945329705	1685945329985	OK	 
REQUEST		um-styles.css?ver=2.6.0	1685945329715	1685945330009	OK	 
REQUEST		widget-styles.css?ver=2.8.7	1685945329173	1685945330030	OK	 
REQUEST		um-misc.css?ver=2.6.0	1685945329742	1685945330034	OK	 
REQUEST		um-profile.css?ver=2.6.0	1685945329732	1685945330038	OK	 
REQUEST		um-account.css?ver=2.6.0	1685945329743	1685945330041	OK	 
REQUEST		um-misc.css?ver=2.6.0	1685945329774	1685945330063	OK	 
REQUEST		um-fileupload.css?ver=2.6.0	1685945329783	1685945330073	OK	 
REQUEST		default.css?ver=2.6.0	1685945329962	1685945330244	OK	 
REQUEST		default.date.css?ver=2.6.0	1685945329982	1685945330262	OK	 
REQUEST		default.time.css?ver=2.6.0	1685945329986	1685945330267	OK	 
REQUEST		um-fileupload.css?ver=2.6.0	1685945330010	1685945330290	OK	 
REQUEST		um-raty.css?ver=2.6.0	1685945330035	1685945330318	OK	 
REQUEST		default.css?ver=2.6.0	1685945330037	1685945330320	OK	 
REQUEST		default.date.css?ver=2.6.0	1685945330039	1685945330330	OK	 
REQUEST		default.time.css?ver=2.6.0	1685945330041	1685945330339	OK	 
REQUEST		um-raty.css?ver=2.6.0	1685945330064	1685945330349	OK	 
REQUEST		simplebar.css?ver=2.6.0	1685945330073	1685945330364	OK	 
REQUEST		um-tipsy.css?ver=2.6.0	1685945330245	1685945330538	OK	 
REQUEST		um-responsive.css?ver=2.6.0	1685945330263	1685945330545	OK	 
REQUEST		um-old-default.css?ver=2.6.0	1685945330268	1685945330549	OK	 
REQUEST		simplebar.css?ver=2.6.0	1685945330291	1685945330570	OK	 
REQUEST		fontawesome.min.css?ver=5.15.3	1685945330319	1685945330606	OK	 
REQUEST		um-tipsy.css?ver=2.6.0	1685945330327	1685945330611	OK	 
REQUEST		um-responsive.css?ver=2.6.0	1685945330331	1685945330614	OK	 
REQUEST		um-old-default.css?ver=2.6.0	1685945330340	1685945330621	OK	 
REQUEST		fontawesome.min.css?ver=5.15.3	1685945330350	1685945330641	OK	 
REQUEST		solid.min.css?ver=5.15.3	1685945330365	1685945330648	OK	 
REQUEST		regular.min.css?ver=5.15.3	1685945330540	1685945330818	OK	 
REQUEST		jquery.min.js?ver=3.6.4	1685945330546	1685945330835	OK	 
REQUEST		jquery-migrate.min.js?ver=3.4.0	1685945330550	1685945330837	OK	 
REQUEST		solid.min.css?ver=5.15.3	1685945330570	1685945330849	OK	 
REQUEST		um-gdpr.min.js?ver=2.6.0	1685945330607	1685945330891	OK	 
REQUEST		regular.min.css?ver=5.15.3	1685945330612	1685945330898	OK	 
REQUEST		jquery.min.js?ver=3.6.4	1685945330615	1685945330907	OK	 
REQUEST		jquery-migrate.min.js?ver=3.4.0	1685945330623	1685945330909	OK	 
REQUEST		um-modal.css?ver=2.6.0	1685945329489	1685945330918	OK	 
REQUEST		um-gdpr.min.js?ver=2.6.0	1685945330642	1685945330925	OK	 
REQUEST		animations.min.css?ver=3.13.4	1685945330649	1685945330933	OK	 
REQUEST		scripts.js?ver=1.0	1685945330819	1685945331101	OK	 
REQUEST		index.js?ver=5.7.6	1685945330835	1685945331115	OK	 
REQUEST		index.js?ver=5.7.6	1685945330838	1685945331122	OK	 
REQUEST		animations.min.css?ver=3.13.4	1685945330850	1685945331132	OK	 
REQUEST		jquery.blockUI.min.js?ver=2.7.0-wc.7.7.2	1685945330892	1685945331175	OK	 
REQUEST		scripts.js?ver=1.0	1685945330899	1685945331182	OK	 
REQUEST		index.js?ver=5.7.6	1685945330907	1685945331192	OK	 
REQUEST		index.js?ver=5.7.6	1685945330909	1685945331194	OK	 
REQUEST		jquery.blockUI.min.js?ver=2.7.0-wc.7.7.2	1685945330919	1685945331208	OK	 
REQUEST		add-to-cart.min.js?ver=7.7.2	1685945330925	1685945331209	OK	 
REQUEST		add-to-cart.min.js?ver=7.7.2	1685945330935	1685945331220	OK	 
REQUEST		js.cookie.min.js?ver=2.1.4-wc.7.7.2	1685945331102	1685945331381	OK	 
REQUEST		woocommerce.min.js?ver=7.7.2	1685945331116	1685945331399	OK	 
REQUEST		cart-fragments.min.js?ver=7.7.2	1685945331123	1685945331403	OK	 
REQUEST		js.cookie.min.js?ver=2.1.4-wc.7.7.2	1685945331133	1685945331413	OK	 
REQUEST		imagesloaded.min.js?ver=4.1.4	1685945331176	1685945331458	OK	 
REQUEST		woocommerce.min.js?ver=7.7.2	1685945331182	1685945331466	OK	 
REQUEST		cart-fragments.min.js?ver=7.7.2	1685945331193	1685945331475	OK	 
REQUEST		imagesloaded.min.js?ver=4.1.4	1685945331195	1685945331478	OK	 
REQUEST		drop-down-mobile-menu.min.js?ver=3.4.3	1685945331210	1685945331505	OK	 
REQUEST		theme.min.js?ver=3.4.3	1685945331208	1685945331535	OK	 
REQUEST		theme.min.js?ver=3.4.3	1685945331221	1685945331566	OK	 
REQUEST		drop-down-mobile-menu.min.js?ver=3.4.3	1685945331381	1685945331665	OK	 
REQUEST		magnific-popup.min.js?ver=3.4.3	1685945331400	1685945331692	OK	 
REQUEST		ow-lightbox.min.js?ver=3.4.3	1685945331404	1685945331699	OK	 
REQUEST		magnific-popup.min.js?ver=3.4.3	1685945331414	1685945331700	OK	 
REQUEST		ow-lightbox.min.js?ver=3.4.3	1685945331466	1685945331756	OK	 
REQUEST		flickity.pkgd.min.js?ver=3.4.3	1685945331459	1685945331761	OK	 
REQUEST		flickity.pkgd.min.js?ver=3.4.3	1685945331475	1685945331766	OK	 
REQUEST		ow-slider.min.js?ver=3.4.3	1685945331479	1685945331768	OK	 
REQUEST		scroll-effect.min.js?ver=3.4.3	1685945331506	1685945331800	OK	 
REQUEST		scroll-top.min.js?ver=3.4.3	1685945331536	1685945331836	OK	 
REQUEST		ow-slider.min.js?ver=3.4.3	1685945331566	1685945331865	OK	 
REQUEST		scroll-effect.min.js?ver=3.4.3	1685945331666	1685945331947	OK	 
REQUEST		scroll-top.min.js?ver=3.4.3	1685945331692	1685945331975	OK	 
REQUEST		select.min.js?ver=3.4.3	1685945331701	1685945331986	OK	 
REQUEST		select.min.js?ver=3.4.3	1685945331700	1685945331986	OK	 
REQUEST		woo-custom-features.min.js?ver=3.4.3	1685945331757	1685945332047	OK	 
REQUEST		woo-custom-features.min.js?ver=3.4.3	1685945331762	1685945332050	OK	 
REQUEST		frontend-script.js?ver=2.8.7	1685945331767	1685945332052	OK	 
REQUEST		jquery.blockUI.min.js?ver=6.7.0	1685945331802	1685945332085	OK	 
REQUEST		widget-styles.css?ver=2.8.7	1685945329176	1685945332122	OK	 
REQUEST		core.min.js?ver=1.13.2	1685945331842	1685945332143	OK	 
REQUEST		frontend-script.js?ver=2.8.7	1685945331866	1685945332156	OK	 
REQUEST		widget-scripts.js?ver=2.8.7	1685945331948	1685945332258	OK	 
REQUEST		jquery.blockUI.min.js?ver=6.7.0	1685945331976	1685945332259	OK	 
REQUEST		datepicker.min.js?ver=1.13.2	1685945331986	1685945332270	OK	 
REQUEST		core.min.js?ver=1.13.2	1685945331987	1685945332276	OK	 
REQUEST		wcfm-script-core.js?ver=6.7.0	1685945332048	1685945332344	OK	 
REQUEST		datepicker.min.js?ver=1.13.2	1685945332050	1685945332357	OK	 
REQUEST		widget-scripts.js?ver=2.8.7	1685945331769	1685945332359	OK	 
REQUEST		woo-quick-view.min.js?ver=3.4.3	1685945332052	1685945332377	OK	 
REQUEST		underscore.min.js?ver=1.13.4	1685945332085	1685945332383	OK	 
REQUEST		wcfm-script-core.js?ver=6.7.0	1685945332136	1685945332513	OK	 
REQUEST		wp-util.min.js?ver=6.2.2	1685945332143	1685945332513	OK	 
REQUEST		woo-quick-view.min.js?ver=3.4.3	1685945332157	1685945332515	OK	 
REQUEST		underscore.min.js?ver=1.13.4	1685945332258	1685945332541	OK	 
REQUEST		wp-util.min.js?ver=6.2.2	1685945332260	1685945332543	OK	 
REQUEST		add-to-cart-variation.min.js?ver=7.7.2	1685945332271	1685945332554	OK	 
REQUEST		add-to-cart-variation.min.js?ver=7.7.2	1685945332276	1685945332576	OK	 
REQUEST		jquery.flexslider.min.js?ver=2.7.2-wc.7.7.2	1685945332345	1685945332632	OK	 
REQUEST		woo-mini-cart.min.js?ver=3.4.3	1685945332361	1685945332651	OK	 
REQUEST		jquery.flexslider.min.js?ver=2.7.2-wc.7.7.2	1685945332358	1685945332651	OK	 
REQUEST		select2.full.min.js?ver=4.0.13	1685945332378	1685945332687	OK	 
REQUEST		um-crop.min.js?ver=2.6.0	1685945332383	1685945332689	OK	 
REQUEST		um-modal.min.js?ver=2.6.0	1685945332513	1685945332813	OK	 
REQUEST		um-modal.min.js?ver=2.6.0	1685945332543	1685945332840	OK	 
REQUEST		woo-mini-cart.min.js?ver=3.4.3	1685945332513	1685945332846	OK	 
REQUEST		um-crop.min.js?ver=2.6.0	1685945332542	1685945332849	OK	 
REQUEST		um-jquery-form.min.js?ver=2.6.0	1685945332554	1685945332847	OK	 
REQUEST		um-jquery-form.min.js?ver=2.6.0	1685945332577	1685945332896	OK	 
REQUEST		um-fileupload.js?ver=2.6.0	1685945332633	1685945332926	OK	 
REQUEST		um-fileupload.js?ver=2.6.0	1685945332651	1685945332968	OK	 
REQUEST		picker.js?ver=2.6.0	1685945332651	1685945332968	OK	 
REQUEST		picker.date.js?ver=2.6.0	1685945332688	1685945333038	OK	 
REQUEST		picker.time.js?ver=2.6.0	1685945332690	1685945333042	OK	 
REQUEST		select2.full.min.js?ver=4.0.13	1685945332515	1685945333088	OK	 
REQUEST		wp-polyfill-inert.min.js?ver=3.1.2	1685945332814	1685945333102	OK	 
REQUEST		picker.js?ver=2.6.0	1685945332840	1685945333125	OK	 
REQUEST		picker.time.js?ver=2.6.0	1685945332849	1685945333133	OK	 
REQUEST		regenerator-runtime.min.js?ver=0.13.11	1685945332850	1685945333137	OK	 
REQUEST		picker.date.js?ver=2.6.0	1685945332847	1685945333142	OK	 
REQUEST		wp-polyfill-inert.min.js?ver=3.1.2	1685945332897	1685945333200	OK	 
REQUEST		wp-polyfill.min.js?ver=3.15.0	1685945332927	1685945333213	OK	 
REQUEST		hooks.min.js?ver=4169d3cf8e8d95a3d6d5	1685945332969	1685945333250	OK	 
REQUEST		regenerator-runtime.min.js?ver=0.13.11	1685945332969	1685945333252	OK	 
REQUEST		i18n.min.js?ver=9e794f35a71bb98672ae	1685945333039	1685945333326	OK	 
REQUEST		um-raty.min.js?ver=2.6.0	1685945333043	1685945333340	OK	 
REQUEST		wp-polyfill.min.js?ver=3.15.0	1685945333089	1685945333382	OK	 
REQUEST		um-tipsy.min.js?ver=2.6.0	1685945333102	1685945333391	OK	 
REQUEST		hooks.min.js?ver=4169d3cf8e8d95a3d6d5	1685945333125	1685945333411	OK	 
REQUEST		i18n.min.js?ver=9e794f35a71bb98672ae	1685945333134	1685945333418	OK	 
REQUEST		masonry.min.js?ver=4.2.2	1685945333137	1685945333420	OK	 
REQUEST		um-raty.min.js?ver=2.6.0	1685945333143	1685945333432	OK	 
REQUEST		um-tipsy.min.js?ver=2.6.0	1685945333201	1685945333483	OK	 
REQUEST		jquery.masonry.min.js?ver=3.1.2b	1685945333214	1685945333499	OK	 
REQUEST		simplebar.min.js?ver=2.6.0	1685945333251	1685945333539	OK	 
REQUEST		masonry.min.js?ver=4.2.2	1685945333253	1685945333545	OK	 
REQUEST		um-functions.min.js?ver=2.6.0	1685945333326	1685945333608	OK	 
REQUEST		um-responsive.min.js?ver=2.6.0	1685945333341	1685945333622	OK	 
REQUEST		jquery.masonry.min.js?ver=3.1.2b	1685945333382	1685945333664	OK	 
REQUEST		um-conditional.min.js?ver=2.6.0	1685945333392	1685945333676	OK	 
REQUEST		simplebar.min.js?ver=2.6.0	1685945333412	1685945333697	OK	 
REQUEST		um-functions.min.js?ver=2.6.0	1685945333418	1685945333699	OK	 
REQUEST		um-scripts.min.js?ver=2.6.0	1685945333421	1685945333700	OK	 
REQUEST		um-responsive.min.js?ver=2.6.0	1685945333433	1685945333717	OK	 
REQUEST		um-conditional.min.js?ver=2.6.0	1685945333484	1685945333767	OK	 
REQUEST		um-profile.min.js?ver=2.6.0	1685945333499	1685945333783	OK	 
REQUEST		um-account.min.js?ver=2.6.0	1685945333540	1685945333821	OK	 
REQUEST		um-scripts.min.js?ver=2.6.0	1685945333545	1685945333828	OK	 
REQUEST		jquery.smartmenus.min.js?ver=1.0.1	1685945333609	1685945333892	OK	 
REQUEST		webpack-pro.runtime.min.js?ver=3.11.3	1685945333622	1685945333905	OK	 
REQUEST		um-profile.min.js?ver=2.6.0	1685945333664	1685945333946	OK	 
REQUEST		webpack.runtime.min.js?ver=3.13.4	1685945333676	1685945333966	OK	 
REQUEST		jquery.smartmenus.min.js?ver=1.0.1	1685945333699	1685945334035	OK	 
REQUEST		um-account.min.js?ver=2.6.0	1685945333697	1685945334037	OK	 
REQUEST		frontend-modules.min.js?ver=3.13.4	1685945333701	1685945334040	OK	 
REQUEST		webpack-pro.runtime.min.js?ver=3.11.3	1685945333718	1685945334040	OK	 
REQUEST		waypoints.min.js?ver=4.0.2	1685945333821	1685945334158	OK	 
REQUEST		frontend.min.js?ver=3.11.3	1685945333784	1685945334161	OK	 
REQUEST		webpack.runtime.min.js?ver=3.13.4	1685945333767	1685945334165	OK	 
REQUEST		frontend-modules.min.js?ver=3.13.4	1685945333829	1685945334168	OK	 
REQUEST		frontend.min.js?ver=3.13.4	1685945333893	1685945334178	OK	 
REQUEST		elements-handlers.min.js?ver=3.11.3	1685945333906	1685945334190	OK	 
REQUEST		frontend.min.js?ver=3.11.3	1685945333947	1685945334230	OK	 
REQUEST		animate-circle.js?ver=2.8.7	1685945333966	1685945334250	OK	 
REQUEST		waypoints.min.js?ver=4.0.2	1685945334036	1685945334314	OK	 
REQUEST		frontend.min.js?ver=3.13.4	1685945334037	1685945334319	OK	 
REQUEST		elementor.js?ver=2.8.7	1685945334040	1685945334322	OK	 
REQUEST		elements-handlers.min.js?ver=3.11.3	1685945334041	1685945334327	OK	 
REQUEST		jquery.sticky.min.js?ver=3.11.3	1685945334159	1685945334440	OK	 
REQUEST		animate-circle.js?ver=2.8.7	1685945334165	1685945334445	OK	 
USER	About Us Load Test	END	1685945334445
REQUEST		elementor.js?ver=2.8.7	1685945334168	1685945334452	OK	 
REQUEST		jquery.sticky.min.js?ver=3.11.3	1685945334230	1685945334512	OK	 
USER	About Us Load Test	END	1685945334516
REQUEST		About Us Request	1685945294997	1685945346612	OK	 
REQUEST		About Us Request	1685945295603	1685945346692	OK	 
REQUEST		style.min.css?ver=6.2.2	1685945346671	1685945346965	OK	 
REQUEST		css?family=Lato%3A100%2C200%2C300%2C400%2C500%2C600%2C700%2C800%2C900%2C100i%2C200i%2C300i%2C400i%2C500i%2C600i%2C700i%2C800i%2C900i&subset=latin&display=swap&ver=6.2.2	1685945346668	1685945346981	OK	 
REQUEST		css?family=Lato%3A100%2C100italic%2C200%2C200italic%2C300%2C300italic%2C400%2C400italic%2C500%2C500italic%2C600%2C600italic%2C700%2C700italic%2C800%2C800italic%2C900%2C900italic%7CRoboto+Slab%3A100%2C100italic%2C200%2C200italic%2C300%2C300italic%2C400%2C400italic%2C500%2C500italic%2C600%2C600italic%2C700%2C700italic%2C800%2C800italic%2C900%2C900italic%7CRoboto%3A100%2C100italic%2C200%2C200italic%2C300%2C300italic%2C400%2C400italic%2C500%2C500italic%2C600%2C600italic%2C700%2C700italic%2C800%2C800italic%2C900%2C900italic%7CPlayfair+Display%3A100%2C100italic%2C200%2C200italic%2C300%2C300italic%2C400%2C400italic%2C500%2C500italic%2C600%2C600italic%2C700%2C700italic%2C800%2C800italic%2C900%2C900italic%7CArchivo%3A100%2C100italic%2C200%2C200italic%2C300%2C300italic%2C400%2C400italic%2C500%2C500italic%2C600%2C600italic%2C700%2C700italic%2C800%2C800italic%2C900%2C900italic&display=swap&ver=6.2.2	1685945346670	1685945346989	OK	 
REQUEST		style.min.css?ver=6.2.2	1685945346724	1685945347018	OK	 
REQUEST		css?family=Lato%3A100%2C200%2C300%2C400%2C500%2C600%2C700%2C800%2C900%2C100i%2C200i%2C300i%2C400i%2C500i%2C600i%2C700i%2C800i%2C900i&subset=latin&display=swap&ver=6.2.2	1685945346722	1685945347030	OK	 
REQUEST		css?family=Lato%3A100%2C100italic%2C200%2C200italic%2C300%2C300italic%2C400%2C400italic%2C500%2C500italic%2C600%2C600italic%2C700%2C700italic%2C800%2C800italic%2C900%2C900italic%7CRoboto+Slab%3A100%2C100italic%2C200%2C200italic%2C300%2C300italic%2C400%2C400italic%2C500%2C500italic%2C600%2C600italic%2C700%2C700italic%2C800%2C800italic%2C900%2C900italic%7CRoboto%3A100%2C100italic%2C200%2C200italic%2C300%2C300italic%2C400%2C400italic%2C500%2C500italic%2C600%2C600italic%2C700%2C700italic%2C800%2C800italic%2C900%2C900italic%7CPlayfair+Display%3A100%2C100italic%2C200%2C200italic%2C300%2C300italic%2C400%2C400italic%2C500%2C500italic%2C600%2C600italic%2C700%2C700italic%2C800%2C800italic%2C900%2C900italic%7CArchivo%3A100%2C100italic%2C200%2C200italic%2C300%2C300italic%2C400%2C400italic%2C500%2C500italic%2C600%2C600italic%2C700%2C700italic%2C800%2C800italic%2C900%2C900italic&display=swap&ver=6.2.2	1685945346723	1685945347037	OK	 
REQUEST		woo-mini-cart.min.css?ver=6.2.2	1685945346966	1685945347252	OK	 
REQUEST		woo-mini-cart.min.css?ver=6.2.2	1685945347019	1685945347307	OK	 
REQUEST		styles.css?ver=5.7.6	1685945346674	1685945347510	OK	 
REQUEST		style.css?ver=6.2.2	1685945346674	1685945347517	OK	 
REQUEST		wc-blocks-vendors-style.css?ver=10.0.6	1685945346671	1685945347519	OK	 
REQUEST		classic-themes.min.css?ver=6.2.2	1685945346673	1685945347530	OK	 
REQUEST		all.min.css?ver=5.15.1	1685945347253	1685945347545	OK	 
REQUEST		wc-blocks-vendors-style.css?ver=10.0.6	1685945346725	1685945347576	OK	 
REQUEST		style.css?ver=6.2.2	1685945346729	1685945347606	OK	 
REQUEST		all.min.css?ver=5.15.1	1685945347308	1685945347643	OK	 
REQUEST		classic-themes.min.css?ver=6.2.2	1685945346727	1685945347645	OK	 
REQUEST		styles.css?ver=5.7.6	1685945346730	1685945347647	OK	 
REQUEST		simple-line-icons.min.css?ver=2.4.0	1685945347511	1685945347789	OK	 
REQUEST		elementor-icons.min.css?ver=5.20.0	1685945347520	1685945347805	OK	 
REQUEST		swiper.min.css?ver=5.3.6	1685945347546	1685945347833	OK	 
REQUEST		simple-line-icons.min.css?ver=2.4.0	1685945347577	1685945347854	OK	 
REQUEST		swiper.min.css?ver=5.3.6	1685945347647	1685945347931	OK	 
REQUEST		elementor-icons.min.css?ver=5.20.0	1685945347644	1685945347933	OK	 
REQUEST		post-5.css?ver=1682506416	1685945347790	1685945348067	OK	 
REQUEST		frontend-lite.min.css?ver=3.11.3	1685945347806	1685945348085	OK	 
REQUEST		global.css?ver=1682506424	1685945347833	1685945348122	OK	 
REQUEST		post-5.css?ver=1682506416	1685945347855	1685945348131	OK	 
REQUEST		frontend-lite.min.css?ver=3.11.3	1685945347932	1685945348214	OK	 
REQUEST		global.css?ver=1682506424	1685945347934	1685945348223	OK	 
REQUEST		post-42.css?ver=1682616929	1685945348068	1685945348345	OK	 
REQUEST		post-135.css?ver=1682506425	1685945348086	1685945348367	OK	 
REQUEST		frontend-lite.min.css?ver=3.13.4	1685945347531	1685945348393	OK	 
REQUEST		post-42.css?ver=1682616929	1685945348132	1685945348408	OK	 
REQUEST		post-176.css?ver=1682506425	1685945348123	1685945348408	OK	 
REQUEST		post-135.css?ver=1682506425	1685945348215	1685945348500	OK	 
REQUEST		frontend-lite.min.css?ver=3.13.4	1685945347646	1685945348506	OK	 
REQUEST		post-176.css?ver=1682506425	1685945348224	1685945348512	OK	 
REQUEST		style.min.css?ver=3.4.3	1685945347518	1685945348640	OK	 
REQUEST		jquery-ui.min.css?ver=7.7.2	1685945348372	1685945348656	OK	 
REQUEST		wc-blocks-style.css?ver=10.0.6	1685945346672	1685945348670	OK	 
REQUEST		wcfmicon.min.css?ver=6.7.0	1685945348394	1685945348679	OK	 
REQUEST		wcfm-style-core.css?ver=6.7.0	1685945348409	1685945348710	OK	 
REQUEST		wc-blocks-style.css?ver=10.0.6	1685945346726	1685945348724	OK	 
REQUEST		style.min.css?ver=3.4.3	1685945347607	1685945348735	OK	 
REQUEST		jquery-ui.min.css?ver=7.7.2	1685945348501	1685945348785	OK	 
REQUEST		wcfmicon.min.css?ver=6.7.0	1685945348507	1685945348796	OK	 
REQUEST		wcfm-style-core.css?ver=6.7.0	1685945348513	1685945348801	OK	 
REQUEST		woocommerce.min.css?ver=6.2.2	1685945348641	1685945348927	OK	 
REQUEST		woo-star-font.min.css?ver=6.2.2	1685945348657	1685945348935	OK	 
REQUEST		woo-quick-view.min.css?ver=6.2.2	1685945348675	1685945348958	OK	 
REQUEST		responsive.css?ver=2.8.7	1685945348710	1685945348998	OK	 
REQUEST		woocommerce.min.css?ver=6.2.2	1685945348728	1685945349017	OK	 
REQUEST		woo-star-font.min.css?ver=6.2.2	1685945348736	1685945349018	OK	 
REQUEST		woo-quick-view.min.css?ver=6.2.2	1685945348785	1685945349072	OK	 
REQUEST		responsive.css?ver=2.8.7	1685945348801	1685945349094	OK	 
REQUEST		ekiticons.css?ver=2.8.7	1685945348345	1685945349187	OK	 
REQUEST		um-fonticons-ii.css?ver=2.6.0	1685945348928	1685945349209	OK	 
REQUEST		um-fonticons-fa.css?ver=2.6.0	1685945348936	1685945349217	OK	 
REQUEST		select2.min.css?ver=4.0.13	1685945348958	1685945349240	OK	 
REQUEST		ekiticons.css?ver=2.8.7	1685945348409	1685945349242	OK	 
REQUEST		um-crop.css?ver=2.6.0	1685945348999	1685945349286	OK	 
REQUEST		um-fonticons-ii.css?ver=2.6.0	1685945349018	1685945349301	OK	 
REQUEST		um-fonticons-fa.css?ver=2.6.0	1685945349019	1685945349304	OK	 
REQUEST		select2.min.css?ver=4.0.13	1685945349073	1685945349356	OK	 
REQUEST		um-crop.css?ver=2.6.0	1685945349095	1685945349381	OK	 
REQUEST		um-modal.css?ver=2.6.0	1685945349189	1685945349467	OK	 
REQUEST		um-styles.css?ver=2.6.0	1685945349210	1685945349496	OK	 
REQUEST		um-profile.css?ver=2.6.0	1685945349218	1685945349502	OK	 
REQUEST		um-modal.css?ver=2.6.0	1685945349243	1685945349519	OK	 
REQUEST		um-account.css?ver=2.6.0	1685945349241	1685945349522	OK	 
REQUEST		widget-styles.css?ver=2.8.7	1685945348680	1685945349541	OK	 
REQUEST		um-misc.css?ver=2.6.0	1685945349287	1685945349574	OK	 
REQUEST		um-styles.css?ver=2.6.0	1685945349302	1685945349584	OK	 
REQUEST		um-profile.css?ver=2.6.0	1685945349304	1685945349585	OK	 
REQUEST		um-account.css?ver=2.6.0	1685945349357	1685945349638	OK	 
REQUEST		um-misc.css?ver=2.6.0	1685945349383	1685945349669	OK	 
REQUEST		widget-styles.css?ver=2.8.7	1685945348797	1685945349670	OK	 
REQUEST		um-fileupload.css?ver=2.6.0	1685945349468	1685945349746	OK	 
REQUEST		default.css?ver=2.6.0	1685945349497	1685945349775	OK	 
REQUEST		default.date.css?ver=2.6.0	1685945349503	1685945349782	OK	 
REQUEST		um-fileupload.css?ver=2.6.0	1685945349520	1685945349798	OK	 
REQUEST		default.time.css?ver=2.6.0	1685945349523	1685945349804	OK	 
REQUEST		um-raty.css?ver=2.6.0	1685945349546	1685945350056	OK	 
REQUEST		default.css?ver=2.6.0	1685945349584	1685945350062	OK	 
REQUEST		default.date.css?ver=2.6.0	1685945349586	1685945350064	OK	 
REQUEST		simplebar.css?ver=2.6.0	1685945349578	1685945350066	OK	 
REQUEST		default.time.css?ver=2.6.0	1685945349638	1685945350066	OK	 
REQUEST		um-raty.css?ver=2.6.0	1685945349670	1685945350082	OK	 
REQUEST		um-tipsy.css?ver=2.6.0	1685945349746	1685945350082	OK	 
REQUEST		um-tipsy.css?ver=2.6.0	1685945349798	1685945350084	OK	 
REQUEST		um-old-default.css?ver=2.6.0	1685945349783	1685945350084	OK	 
REQUEST		simplebar.css?ver=2.6.0	1685945349675	1685945350086	OK	 
REQUEST		um-responsive.css?ver=2.6.0	1685945349776	1685945350086	OK	 
REQUEST		fontawesome.min.css?ver=5.15.3	1685945349805	1685945350090	OK	 
REQUEST		solid.min.css?ver=5.15.3	1685945350056	1685945350338	OK	 
REQUEST		um-responsive.css?ver=2.6.0	1685945350063	1685945350344	OK	 
REQUEST		um-old-default.css?ver=2.6.0	1685945350065	1685945350346	OK	 
REQUEST		regular.min.css?ver=5.15.3	1685945350067	1685945350354	OK	 
REQUEST		fontawesome.min.css?ver=5.15.3	1685945350068	1685945350354	OK	 
REQUEST		jquery.min.js?ver=3.6.4	1685945350083	1685945350367	OK	 
REQUEST		regular.min.css?ver=5.15.3	1685945350085	1685945350369	OK	 
REQUEST		jquery-migrate.min.js?ver=3.4.0	1685945350085	1685945350370	OK	 
REQUEST		um-gdpr.min.js?ver=2.6.0	1685945350087	1685945350373	OK	 
REQUEST		solid.min.css?ver=5.15.3	1685945350083	1685945350373	OK	 
REQUEST		jquery.min.js?ver=3.6.4	1685945350087	1685945350381	OK	 
REQUEST		animations.min.css?ver=3.13.4	1685945350091	1685945350381	OK	 
REQUEST		scripts.js?ver=1.0	1685945350339	1685945350620	OK	 
REQUEST		jquery-migrate.min.js?ver=3.4.0	1685945350345	1685945350628	OK	 
REQUEST		um-gdpr.min.js?ver=2.6.0	1685945350346	1685945350629	OK	 
REQUEST		animations.min.css?ver=3.13.4	1685945350356	1685945350640	OK	 
REQUEST		index.js?ver=5.7.6	1685945350356	1685945350643	OK	 
REQUEST		scripts.js?ver=1.0	1685945350370	1685945350646	OK	 
REQUEST		index.js?ver=5.7.6	1685945350368	1685945350646	OK	 
REQUEST		jquery.blockUI.min.js?ver=2.7.0-wc.7.7.2	1685945350371	1685945350650	OK	 
REQUEST		add-to-cart.min.js?ver=7.7.2	1685945350374	1685945350651	OK	 
REQUEST		index.js?ver=5.7.6	1685945350374	1685945350659	OK	 
REQUEST		js.cookie.min.js?ver=2.1.4-wc.7.7.2	1685945350382	1685945350664	OK	 
REQUEST		index.js?ver=5.7.6	1685945350381	1685945350667	OK	 
REQUEST		woocommerce.min.js?ver=7.7.2	1685945350621	1685945350903	OK	 
REQUEST		jquery.blockUI.min.js?ver=2.7.0-wc.7.7.2	1685945350628	1685945350910	OK	 
REQUEST		add-to-cart.min.js?ver=7.7.2	1685945350630	1685945350911	OK	 
REQUEST		js.cookie.min.js?ver=2.1.4-wc.7.7.2	1685945350641	1685945350922	OK	 
REQUEST		woocommerce.min.js?ver=7.7.2	1685945350646	1685945350924	OK	 
REQUEST		imagesloaded.min.js?ver=4.1.4	1685945350646	1685945350924	OK	 
REQUEST		theme.min.js?ver=3.4.3	1685945350650	1685945350932	OK	 
REQUEST		drop-down-mobile-menu.min.js?ver=3.4.3	1685945350652	1685945350933	OK	 
REQUEST		cart-fragments.min.js?ver=7.7.2	1685945350643	1685945350935	OK	 
REQUEST		cart-fragments.min.js?ver=7.7.2	1685945350660	1685945350946	OK	 
REQUEST		magnific-popup.min.js?ver=3.4.3	1685945350664	1685945350947	OK	 
REQUEST		imagesloaded.min.js?ver=4.1.4	1685945350667	1685945350952	OK	 
REQUEST		ow-lightbox.min.js?ver=3.4.3	1685945350904	1685945351186	OK	 
REQUEST		theme.min.js?ver=3.4.3	1685945350910	1685945351192	OK	 
REQUEST		drop-down-mobile-menu.min.js?ver=3.4.3	1685945350912	1685945351198	OK	 
REQUEST		ow-lightbox.min.js?ver=3.4.3	1685945350924	1685945351201	OK	 
REQUEST		magnific-popup.min.js?ver=3.4.3	1685945350923	1685945351208	OK	 
REQUEST		flickity.pkgd.min.js?ver=3.4.3	1685945350924	1685945351209	OK	 
REQUEST		ow-slider.min.js?ver=3.4.3	1685945350932	1685945351212	OK	 
REQUEST		scroll-effect.min.js?ver=3.4.3	1685945350933	1685945351214	OK	 
REQUEST		scroll-top.min.js?ver=3.4.3	1685945350936	1685945351223	OK	 
REQUEST		select.min.js?ver=3.4.3	1685945350947	1685945351228	OK	 
REQUEST		flickity.pkgd.min.js?ver=3.4.3	1685945350946	1685945351237	OK	 
REQUEST		ow-slider.min.js?ver=3.4.3	1685945350952	1685945351238	OK	 
REQUEST		woo-custom-features.min.js?ver=3.4.3	1685945351187	1685945351470	OK	 
REQUEST		scroll-effect.min.js?ver=3.4.3	1685945351192	1685945351476	OK	 
REQUEST		select.min.js?ver=3.4.3	1685945351202	1685945351478	OK	 
REQUEST		scroll-top.min.js?ver=3.4.3	1685945351198	1685945351479	OK	 
REQUEST		frontend-script.js?ver=2.8.7	1685945351209	1685945351485	OK	 
REQUEST		woo-custom-features.min.js?ver=3.4.3	1685945351209	1685945351494	OK	 
REQUEST		jquery.blockUI.min.js?ver=6.7.0	1685945351215	1685945351501	OK	 
REQUEST		core.min.js?ver=1.13.2	1685945351223	1685945351511	OK	 
REQUEST		datepicker.min.js?ver=1.13.2	1685945351229	1685945351513	OK	 
REQUEST		frontend-script.js?ver=2.8.7	1685945351238	1685945351522	OK	 
REQUEST		widget-scripts.js?ver=2.8.7	1685945351239	1685945351541	OK	 
REQUEST		wcfm-script-core.js?ver=6.7.0	1685945351470	1685945351758	OK	 
REQUEST		core.min.js?ver=1.13.2	1685945351479	1685945351760	OK	 
REQUEST		jquery.blockUI.min.js?ver=6.7.0	1685945351476	1685945351766	OK	 
REQUEST		woo-quick-view.min.js?ver=3.4.3	1685945351486	1685945351767	OK	 
REQUEST		datepicker.min.js?ver=1.13.2	1685945351480	1685945351768	OK	 
REQUEST		widget-scripts.js?ver=2.8.7	1685945351213	1685945351777	OK	 
REQUEST		wcfm-script-core.js?ver=6.7.0	1685945351494	1685945351784	OK	 
REQUEST		underscore.min.js?ver=1.13.4	1685945351501	1685945351786	OK	 
REQUEST		add-to-cart-variation.min.js?ver=7.7.2	1685945351514	1685945351796	OK	 
REQUEST		wp-util.min.js?ver=6.2.2	1685945351511	1685945351796	OK	 
REQUEST		woo-quick-view.min.js?ver=3.4.3	1685945351523	1685945351811	OK	 
REQUEST		underscore.min.js?ver=1.13.4	1685945351541	1685945351828	OK	 
REQUEST		wp-util.min.js?ver=6.2.2	1685945351761	1685945352037	OK	 
REQUEST		jquery.flexslider.min.js?ver=2.7.2-wc.7.7.2	1685945351758	1685945352041	OK	 
REQUEST		woo-mini-cart.min.js?ver=3.4.3	1685945351768	1685945352045	OK	 
REQUEST		add-to-cart-variation.min.js?ver=7.7.2	1685945351766	1685945352048	OK	 
REQUEST		jquery.flexslider.min.js?ver=2.7.2-wc.7.7.2	1685945351768	1685945352050	OK	 
REQUEST		select2.full.min.js?ver=4.0.13	1685945351778	1685945352067	OK	 
REQUEST		woo-mini-cart.min.js?ver=3.4.3	1685945351784	1685945352067	OK	 
REQUEST		um-crop.min.js?ver=2.6.0	1685945351786	1685945352068	OK	 
REQUEST		um-modal.min.js?ver=2.6.0	1685945351796	1685945352077	OK	 
REQUEST		um-jquery-form.min.js?ver=2.6.0	1685945351797	1685945352084	OK	 
REQUEST		select2.full.min.js?ver=4.0.13	1685945351811	1685945352150	OK	 
REQUEST		um-crop.min.js?ver=2.6.0	1685945351828	1685945352165	OK	 
REQUEST		um-modal.min.js?ver=2.6.0	1685945352037	1685945352314	OK	 
REQUEST		picker.js?ver=2.6.0	1685945352046	1685945352326	OK	 
REQUEST		um-fileupload.js?ver=2.6.0	1685945352042	1685945352327	OK	 
REQUEST		um-jquery-form.min.js?ver=2.6.0	1685945352049	1685945352331	OK	 
REQUEST		um-fileupload.js?ver=2.6.0	1685945352050	1685945352333	OK	 
REQUEST		picker.date.js?ver=2.6.0	1685945352067	1685945352350	OK	 
REQUEST		picker.time.js?ver=2.6.0	1685945352069	1685945352353	OK	 
REQUEST		picker.js?ver=2.6.0	1685945352067	1685945352356	OK	 
REQUEST		wp-polyfill-inert.min.js?ver=3.1.2	1685945352077	1685945352361	OK	 
REQUEST		regenerator-runtime.min.js?ver=0.13.11	1685945352084	1685945352374	OK	 
REQUEST		picker.date.js?ver=2.6.0	1685945352150	1685945352440	OK	 
REQUEST		picker.time.js?ver=2.6.0	1685945352165	1685945352453	OK	 
REQUEST		wp-polyfill-inert.min.js?ver=3.1.2	1685945352315	1685945352591	OK	 
REQUEST		wp-polyfill.min.js?ver=3.15.0	1685945352326	1685945352605	OK	 
REQUEST		hooks.min.js?ver=4169d3cf8e8d95a3d6d5	1685945352327	1685945352613	OK	 
REQUEST		regenerator-runtime.min.js?ver=0.13.11	1685945352332	1685945352614	OK	 
REQUEST		wp-polyfill.min.js?ver=3.15.0	1685945352333	1685945352616	OK	 
REQUEST		i18n.min.js?ver=9e794f35a71bb98672ae	1685945352351	1685945352631	OK	 
REQUEST		um-raty.min.js?ver=2.6.0	1685945352354	1685945352633	OK	 
REQUEST		hooks.min.js?ver=4169d3cf8e8d95a3d6d5	1685945352357	1685945352639	OK	 
REQUEST		um-tipsy.min.js?ver=2.6.0	1685945352361	1685945352642	OK	 
REQUEST		masonry.min.js?ver=4.2.2	1685945352374	1685945352662	OK	 
REQUEST		i18n.min.js?ver=9e794f35a71bb98672ae	1685945352440	1685945352726	OK	 
REQUEST		um-raty.min.js?ver=2.6.0	1685945352453	1685945352739	OK	 
REQUEST		um-tipsy.min.js?ver=2.6.0	1685945352592	1685945352869	OK	 
REQUEST		jquery.masonry.min.js?ver=3.1.2b	1685945352605	1685945352882	OK	 
REQUEST		masonry.min.js?ver=4.2.2	1685945352615	1685945352898	OK	 
REQUEST		jquery.masonry.min.js?ver=3.1.2b	1685945352616	1685945352901	OK	 
REQUEST		simplebar.min.js?ver=2.6.0	1685945352614	1685945352900	OK	 
REQUEST		um-functions.min.js?ver=2.6.0	1685945352632	1685945352911	OK	 
REQUEST		um-responsive.min.js?ver=2.6.0	1685945352634	1685945352912	OK	 
REQUEST		um-conditional.min.js?ver=2.6.0	1685945352642	1685945352930	OK	 
REQUEST		simplebar.min.js?ver=2.6.0	1685945352639	1685945352930	OK	 
REQUEST		um-scripts.min.js?ver=2.6.0	1685945352662	1685945352950	OK	 
REQUEST		um-functions.min.js?ver=2.6.0	1685945352727	1685945353013	OK	 
REQUEST		um-responsive.min.js?ver=2.6.0	1685945352739	1685945353024	OK	 
REQUEST		um-conditional.min.js?ver=2.6.0	1685945352869	1685945353146	OK	 
REQUEST		um-profile.min.js?ver=2.6.0	1685945352882	1685945353159	OK	 
REQUEST		um-scripts.min.js?ver=2.6.0	1685945352899	1685945353180	OK	 
REQUEST		um-profile.min.js?ver=2.6.0	1685945352901	1685945353182	OK	 
REQUEST		um-account.min.js?ver=2.6.0	1685945352901	1685945353183	OK	 
REQUEST		jquery.smartmenus.min.js?ver=1.0.1	1685945352912	1685945353192	OK	 
REQUEST		webpack-pro.runtime.min.js?ver=3.11.3	1685945352913	1685945353194	OK	 
REQUEST		um-account.min.js?ver=2.6.0	1685945352930	1685945353211	OK	 
REQUEST		webpack.runtime.min.js?ver=3.13.4	1685945352930	1685945353212	OK	 
REQUEST		frontend-modules.min.js?ver=3.13.4	1685945352950	1685945353241	OK	 
REQUEST		jquery.smartmenus.min.js?ver=1.0.1	1685945353014	1685945353312	OK	 
REQUEST		webpack-pro.runtime.min.js?ver=3.11.3	1685945353025	1685945353313	OK	 
REQUEST		webpack.runtime.min.js?ver=3.13.4	1685945353147	1685945353428	OK	 
REQUEST		frontend.min.js?ver=3.11.3	1685945353159	1685945353439	OK	 
REQUEST		frontend-modules.min.js?ver=3.13.4	1685945353181	1685945353466	OK	 
REQUEST		frontend.min.js?ver=3.11.3	1685945353182	1685945353468	OK	 
REQUEST		waypoints.min.js?ver=4.0.2	1685945353183	1685945353469	OK	 
REQUEST		frontend.min.js?ver=3.13.4	1685945353193	1685945353474	OK	 
REQUEST		elements-handlers.min.js?ver=3.11.3	1685945353194	1685945353477	OK	 
REQUEST		waypoints.min.js?ver=4.0.2	1685945353212	1685945353494	OK	 
REQUEST		animate-circle.js?ver=2.8.7	1685945353212	1685945353494	OK	 
REQUEST		elementor.js?ver=2.8.7	1685945353241	1685945353528	OK	 
REQUEST		frontend.min.js?ver=3.13.4	1685945353312	1685945353607	OK	 
REQUEST		elements-handlers.min.js?ver=3.11.3	1685945353313	1685945353609	OK	 
REQUEST		animate-circle.js?ver=2.8.7	1685945353428	1685945353706	OK	 
REQUEST		jquery.sticky.min.js?ver=3.11.3	1685945353440	1685945353717	OK	 
USER	About Us Load Test	END	1685945353720
REQUEST		elementor.js?ver=2.8.7	1685945353467	1685945353755	OK	 
REQUEST		jquery.sticky.min.js?ver=3.11.3	1685945353469	1685945353756	OK	 
USER	About Us Load Test	END	1685945353759
REQUEST		About Us Request	1685945294285	1685945354289	KO	i.g.h.c.i.RequestTimeoutException: Request timeout to tmsssepfisheries.org/107.161.23.26:443 after 60000 ms
USER	About Us Load Test	END	1685945354336
REQUEST		About Us Request	1685945294391	1685945354398	KO	i.g.h.c.i.RequestTimeoutException: Request timeout to tmsssepfisheries.org/107.161.23.26:443 after 60000 ms
USER	About Us Load Test	END	1685945354399
REQUEST		About Us Request	1685945295201	1685945354457	KO	status.find.is(200), but actually found 503
USER	About Us Load Test	END	1685945354468
REQUEST		About Us Request	1685945294595	1685945354603	KO	i.g.h.c.i.RequestTimeoutException: Request timeout to tmsssepfisheries.org/107.161.23.26:443 after 60000 ms
USER	About Us Load Test	END	1685945354604
REQUEST		About Us Request	1685945294798	1685945354806	KO	i.g.h.c.i.RequestTimeoutException: Request timeout to tmsssepfisheries.org/107.161.23.26:443 after 60000 ms
USER	About Us Load Test	END	1685945354807
REQUEST		About Us Request	1685945295399	1685945355402	KO	i.g.h.c.i.RequestTimeoutException: Request timeout to tmsssepfisheries.org/107.161.23.26:443 after 60000 ms
USER	About Us Load Test	END	1685945355403
REQUEST		About Us Request	1685945295790	1685945355804	KO	i.g.h.c.i.RequestTimeoutException: Request timeout to tmsssepfisheries.org/107.161.23.26:443 after 60000 ms
USER	About Us Load Test	END	1685945355806
REQUEST		About Us Request	1685945296196	1685945356202	KO	i.g.h.c.i.RequestTimeoutException: Request timeout to tmsssepfisheries.org/107.161.23.26:443 after 60000 ms
USER	About Us Load Test	END	1685945356203
REQUEST		About Us Request	1685945296981	1685945356984	KO	i.g.h.c.i.RequestTimeoutException: Request timeout to tmsssepfisheries.org/107.161.23.26:443 after 60000 ms
USER	About Us Load Test	END	1685945356985
REQUEST		About Us Request	1685945297180	1685945357186	KO	i.g.h.c.i.RequestTimeoutException: Request timeout to tmsssepfisheries.org/107.161.23.26:443 after 60000 ms
USER	About Us Load Test	END	1685945357187
REQUEST		About Us Request	1685945297382	1685945357387	KO	i.g.h.c.i.RequestTimeoutException: Request timeout to tmsssepfisheries.org/107.161.23.26:443 after 60000 ms
USER	About Us Load Test	END	1685945357388
REQUEST		About Us Request	1685945297586	1685945357589	KO	i.g.h.c.i.RequestTimeoutException: Request timeout to tmsssepfisheries.org/107.161.23.26:443 after 60000 ms
USER	About Us Load Test	END	1685945357590
REQUEST		About Us Request	1685945297790	1685945357805	KO	i.g.h.c.i.RequestTimeoutException: Request timeout to tmsssepfisheries.org/107.161.23.26:443 after 60000 ms
USER	About Us Load Test	END	1685945357806
REQUEST		About Us Request	1685945297979	1685945357993	KO	i.g.h.c.i.RequestTimeoutException: Request timeout to tmsssepfisheries.org/107.161.23.26:443 after 60000 ms
USER	About Us Load Test	END	1685945357994
REQUEST		About Us Request	1685945298177	1685945358180	KO	i.g.h.c.i.RequestTimeoutException: Request timeout to tmsssepfisheries.org/107.161.23.26:443 after 60000 ms
USER	About Us Load Test	END	1685945358180
REQUEST		About Us Request	1685945298381	1685945358397	KO	i.g.h.c.i.RequestTimeoutException: Request timeout to tmsssepfisheries.org/107.161.23.26:443 after 60000 ms
USER	About Us Load Test	END	1685945358398
REQUEST		About Us Request	1685945298584	1685945358585	KO	i.g.h.c.i.RequestTimeoutException: Request timeout to tmsssepfisheries.org/107.161.23.26:443 after 60000 ms
USER	About Us Load Test	END	1685945358587
REQUEST		About Us Request	1685945298789	1685945358791	KO	i.g.h.c.i.RequestTimeoutException: Request timeout to tmsssepfisheries.org/107.161.23.26:443 after 60000 ms
USER	About Us Load Test	END	1685945358792
REQUEST		About Us Request	1685945298978	1685945358993	KO	i.g.h.c.i.RequestTimeoutException: Request timeout to tmsssepfisheries.org/107.161.23.26:443 after 60000 ms
USER	About Us Load Test	END	1685945358994
REQUEST		About Us Request	1685945299181	1685945359195	KO	i.g.h.c.i.RequestTimeoutException: Request timeout to tmsssepfisheries.org/107.161.23.26:443 after 60000 ms
USER	About Us Load Test	END	1685945359196
REQUEST		About Us Request	1685945299387	1685945359406	KO	i.g.h.c.i.RequestTimeoutException: Request timeout to tmsssepfisheries.org/107.161.23.26:443 after 60000 ms
USER	About Us Load Test	END	1685945359409
REQUEST		About Us Request	1685945299576	1685945359585	KO	i.g.h.c.i.RequestTimeoutException: Request timeout to tmsssepfisheries.org/107.161.23.26:443 after 60000 ms
USER	About Us Load Test	END	1685945359586
REQUEST		About Us Request	1685945299784	1685945359787	KO	i.g.h.c.i.RequestTimeoutException: Request timeout to tmsssepfisheries.org/107.161.23.26:443 after 60000 ms
USER	About Us Load Test	END	1685945359788
REQUEST		About Us Request	1685945299975	1685945359976	KO	i.g.h.c.i.RequestTimeoutException: Request timeout to tmsssepfisheries.org/107.161.23.26:443 after 60000 ms
USER	About Us Load Test	END	1685945359976
REQUEST		About Us Request	1685945300185	1685945360195	KO	i.g.h.c.i.RequestTimeoutException: Request timeout to tmsssepfisheries.org/107.161.23.26:443 after 60000 ms
USER	About Us Load Test	END	1685945360196
REQUEST		About Us Request	1685945300389	1685945360398	KO	i.g.h.c.i.RequestTimeoutException: Request timeout to tmsssepfisheries.org/107.161.23.26:443 after 60000 ms
USER	About Us Load Test	END	1685945360399
REQUEST		About Us Request	1685945300591	1685945360599	KO	i.g.h.c.i.RequestTimeoutException: Request timeout to tmsssepfisheries.org/107.161.23.26:443 after 60000 ms
USER	About Us Load Test	END	1685945360600
REQUEST		About Us Request	1685945300781	1685945360785	KO	i.g.h.c.i.RequestTimeoutException: Request timeout to tmsssepfisheries.org/107.161.23.26:443 after 60000 ms
USER	About Us Load Test	END	1685945360786
REQUEST		About Us Request	1685945300984	1685945360989	KO	i.g.h.c.i.RequestTimeoutException: Request timeout to tmsssepfisheries.org/107.161.23.26:443 after 60000 ms
USER	About Us Load Test	END	1685945360990
REQUEST		About Us Request	1685945301187	1685945361193	KO	i.g.h.c.i.RequestTimeoutException: Request timeout to tmsssepfisheries.org/107.161.23.26:443 after 60000 ms
USER	About Us Load Test	END	1685945361194
REQUEST		About Us Request	1685945301378	1685945361382	KO	i.g.h.c.i.RequestTimeoutException: Request timeout to tmsssepfisheries.org/107.161.23.26:443 after 60000 ms
USER	About Us Load Test	END	1685945361383
REQUEST		About Us Request	1685945301582	1685945361586	KO	i.g.h.c.i.RequestTimeoutException: Request timeout to tmsssepfisheries.org/107.161.23.26:443 after 60000 ms
USER	About Us Load Test	END	1685945361587
REQUEST		About Us Request	1685945301788	1685945361804	KO	i.g.h.c.i.RequestTimeoutException: Request timeout to tmsssepfisheries.org/107.161.23.26:443 after 60000 ms
USER	About Us Load Test	END	1685945361805
REQUEST		About Us Request	1685945301979	1685945361991	KO	i.g.h.c.i.RequestTimeoutException: Request timeout to tmsssepfisheries.org/107.161.23.26:443 after 60000 ms
USER	About Us Load Test	END	1685945361992
REQUEST		About Us Request	1685945302182	1685945362194	KO	i.g.h.c.i.RequestTimeoutException: Request timeout to tmsssepfisheries.org/107.161.23.26:443 after 60000 ms
USER	About Us Load Test	END	1685945362195
REQUEST		About Us Request	1685945302387	1685945362397	KO	i.g.h.c.i.RequestTimeoutException: Request timeout to tmsssepfisheries.org/107.161.23.26:443 after 60000 ms
USER	About Us Load Test	END	1685945362398
REQUEST		About Us Request	1685945302574	1685945362585	KO	i.g.h.c.i.RequestTimeoutException: Request timeout to tmsssepfisheries.org/107.161.23.26:443 after 60000 ms
USER	About Us Load Test	END	1685945362586
REQUEST		About Us Request	1685945302780	1685945362790	KO	i.g.h.c.i.RequestTimeoutException: Request timeout to tmsssepfisheries.org/107.161.23.26:443 after 60000 ms
USER	About Us Load Test	END	1685945362791
REQUEST		About Us Request	1685945302982	1685945362991	KO	i.g.h.c.i.RequestTimeoutException: Request timeout to tmsssepfisheries.org/107.161.23.26:443 after 60000 ms
USER	About Us Load Test	END	1685945362992
REQUEST		About Us Request	1685945303189	1685945363193	KO	i.g.h.c.i.RequestTimeoutException: Request timeout to tmsssepfisheries.org/107.161.23.26:443 after 60000 ms
USER	About Us Load Test	END	1685945363194
REQUEST		About Us Request	1685945303378	1685945363383	KO	i.g.h.c.i.RequestTimeoutException: Request timeout to tmsssepfisheries.org/107.161.23.26:443 after 60000 ms
USER	About Us Load Test	END	1685945363384
REQUEST		About Us Request	1685945303582	1685945363590	KO	i.g.h.c.i.RequestTimeoutException: Request timeout to tmsssepfisheries.org/107.161.23.26:443 after 60000 ms
USER	About Us Load Test	END	1685945363591
REQUEST		About Us Request	1685945303788	1685945363796	KO	i.g.h.c.i.RequestTimeoutException: Request timeout to tmsssepfisheries.org/107.161.23.26:443 after 60000 ms
USER	About Us Load Test	END	1685945363797
REQUEST		About Us Request	1685945303978	1685945363982	KO	i.g.h.c.i.RequestTimeoutException: Request timeout to tmsssepfisheries.org/107.161.23.26:443 after 60000 ms
USER	About Us Load Test	END	1685945363983
REQUEST		About Us Request	1685945304181	1685945364189	KO	i.g.h.c.i.RequestTimeoutException: Request timeout to tmsssepfisheries.org/107.161.23.26:443 after 60000 ms
USER	About Us Load Test	END	1685945364190
REQUEST		About Us Request	1685945304386	1685945364393	KO	i.g.h.c.i.RequestTimeoutException: Request timeout to tmsssepfisheries.org/107.161.23.26:443 after 60000 ms
USER	About Us Load Test	END	1685945364395
REQUEST		About Us Request	1685945304589	1685945364601	KO	i.g.h.c.i.RequestTimeoutException: Request timeout to tmsssepfisheries.org/107.161.23.26:443 after 60000 ms
USER	About Us Load Test	END	1685945364601
REQUEST		About Us Request	1685945304778	1685945364793	KO	i.g.h.c.i.RequestTimeoutException: Request timeout to tmsssepfisheries.org/107.161.23.26:443 after 60000 ms
USER	About Us Load Test	END	1685945364793
REQUEST		About Us Request	1685945304981	1685945364983	KO	i.g.h.c.i.RequestTimeoutException: Request timeout to tmsssepfisheries.org/107.161.23.26:443 after 60000 ms
USER	About Us Load Test	END	1685945364984
REQUEST		About Us Request	1685945305184	1685945365187	KO	i.g.h.c.i.RequestTimeoutException: Request timeout to tmsssepfisheries.org/107.161.23.26:443 after 60000 ms
USER	About Us Load Test	END	1685945365189
REQUEST		About Us Request	1685945305386	1685945365391	KO	i.g.h.c.i.RequestTimeoutException: Request timeout to tmsssepfisheries.org/107.161.23.26:443 after 60000 ms
USER	About Us Load Test	END	1685945365392
REQUEST		About Us Request	1685945305576	1685945365581	KO	i.g.h.c.i.RequestTimeoutException: Request timeout to tmsssepfisheries.org/107.161.23.26:443 after 60000 ms
USER	About Us Load Test	END	1685945365582
REQUEST		About Us Request	1685945305779	1685945365784	KO	i.g.h.c.i.RequestTimeoutException: Request timeout to tmsssepfisheries.org/107.161.23.26:443 after 60000 ms
USER	About Us Load Test	END	1685945365785
REQUEST		About Us Request	1685945305983	1685945365988	KO	i.g.h.c.i.RequestTimeoutException: Request timeout to tmsssepfisheries.org/107.161.23.26:443 after 60000 ms
USER	About Us Load Test	END	1685945365988
REQUEST		About Us Request	1685945306201	1685945366209	KO	i.g.h.c.i.RequestTimeoutException: Request timeout to tmsssepfisheries.org/107.161.23.26:443 after 60000 ms
USER	About Us Load Test	END	1685945366210
REQUEST		About Us Request	1685945306374	1685945366382	KO	i.g.h.c.i.RequestTimeoutException: Request timeout to tmsssepfisheries.org/107.161.23.26:443 after 60000 ms
USER	About Us Load Test	END	1685945366383
REQUEST		About Us Request	1685945306581	1685945366588	KO	i.g.h.c.i.RequestTimeoutException: Request timeout to tmsssepfisheries.org/107.161.23.26:443 after 60000 ms
USER	About Us Load Test	END	1685945366588
REQUEST		About Us Request	1685945306784	1685945366791	KO	i.g.h.c.i.RequestTimeoutException: Request timeout to tmsssepfisheries.org/107.161.23.26:443 after 60000 ms
USER	About Us Load Test	END	1685945366792
REQUEST		About Us Request	1685945306989	1685945366996	KO	i.g.h.c.i.RequestTimeoutException: Request timeout to tmsssepfisheries.org/107.161.23.26:443 after 60000 ms
USER	About Us Load Test	END	1685945366997
REQUEST		About Us Request	1685945307178	1685945367185	KO	i.g.h.c.i.RequestTimeoutException: Request timeout to tmsssepfisheries.org/107.161.23.26:443 after 60000 ms
USER	About Us Load Test	END	1685945367186
REQUEST		About Us Request	1685945307376	1685945367377	KO	i.g.h.c.i.RequestTimeoutException: Request timeout to tmsssepfisheries.org/107.161.23.26:443 after 60000 ms
USER	About Us Load Test	END	1685945367378
REQUEST		About Us Request	1685945307581	1685945367596	KO	i.g.h.c.i.RequestTimeoutException: Request timeout to tmsssepfisheries.org/107.161.23.26:443 after 60000 ms
USER	About Us Load Test	END	1685945367596
REQUEST		About Us Request	1685945307785	1685945367798	KO	i.g.h.c.i.RequestTimeoutException: Request timeout to tmsssepfisheries.org/107.161.23.26:443 after 60000 ms
USER	About Us Load Test	END	1685945367799
REQUEST		About Us Request	1685945307988	1685945368004	KO	i.g.h.c.i.RequestTimeoutException: Request timeout to tmsssepfisheries.org/107.161.23.26:443 after 60000 ms
USER	About Us Load Test	END	1685945368005
REQUEST		About Us Request	1685945308176	1685945368178	KO	i.g.h.c.i.RequestTimeoutException: Request timeout to tmsssepfisheries.org/107.161.23.26:443 after 60000 ms
USER	About Us Load Test	END	1685945368179
REQUEST		About Us Request	1685945308384	1685945368386	KO	i.g.h.c.i.RequestTimeoutException: Request timeout to tmsssepfisheries.org/107.161.23.26:443 after 60000 ms
USER	About Us Load Test	END	1685945368386
REQUEST		About Us Request	1685945308588	1685945368603	KO	i.g.h.c.i.RequestTimeoutException: Request timeout to tmsssepfisheries.org/107.161.23.26:443 after 60000 ms
USER	About Us Load Test	END	1685945368604
REQUEST		About Us Request	1685945308776	1685945368779	KO	i.g.h.c.i.RequestTimeoutException: Request timeout to tmsssepfisheries.org/107.161.23.26:443 after 60000 ms
USER	About Us Load Test	END	1685945368780
REQUEST		About Us Request	1685945308980	1685945368984	KO	i.g.h.c.i.RequestTimeoutException: Request timeout to tmsssepfisheries.org/107.161.23.26:443 after 60000 ms
USER	About Us Load Test	END	1685945368984
REQUEST		About Us Request	1685945309186	1685945369200	KO	i.g.h.c.i.RequestTimeoutException: Request timeout to tmsssepfisheries.org/107.161.23.26:443 after 60000 ms
USER	About Us Load Test	END	1685945369201
REQUEST		About Us Request	1685945309388	1685945369390	KO	i.g.h.c.i.RequestTimeoutException: Request timeout to tmsssepfisheries.org/107.161.23.26:443 after 60000 ms
USER	About Us Load Test	END	1685945369391
REQUEST		About Us Request	1685945309577	1685945369580	KO	i.g.h.c.i.RequestTimeoutException: Request timeout to tmsssepfisheries.org/107.161.23.26:443 after 60000 ms
USER	About Us Load Test	END	1685945369581
REQUEST		About Us Request	1685945309782	1685945369797	KO	i.g.h.c.i.RequestTimeoutException: Request timeout to tmsssepfisheries.org/107.161.23.26:443 after 60000 ms
USER	About Us Load Test	END	1685945369799
REQUEST		About Us Request	1685945309976	1685945369985	KO	i.g.h.c.i.RequestTimeoutException: Request timeout to tmsssepfisheries.org/107.161.23.26:443 after 60000 ms
USER	About Us Load Test	END	1685945369985
REQUEST		About Us Request	1685945310192	1685945370203	KO	i.g.h.c.i.RequestTimeoutException: Request timeout to tmsssepfisheries.org/107.161.23.26:443 after 60000 ms
USER	About Us Load Test	END	1685945370204
REQUEST		About Us Request	1685945310380	1685945370390	KO	i.g.h.c.i.RequestTimeoutException: Request timeout to tmsssepfisheries.org/107.161.23.26:443 after 60000 ms
USER	About Us Load Test	END	1685945370390
REQUEST		About Us Request	1685945310586	1685945370596	KO	i.g.h.c.i.RequestTimeoutException: Request timeout to tmsssepfisheries.org/107.161.23.26:443 after 60000 ms
USER	About Us Load Test	END	1685945370597
REQUEST		About Us Request	1685945310787	1685945370800	KO	i.g.h.c.i.RequestTimeoutException: Request timeout to tmsssepfisheries.org/107.161.23.26:443 after 60000 ms
USER	About Us Load Test	END	1685945370801
REQUEST		About Us Request	1685945310979	1685945370989	KO	i.g.h.c.i.RequestTimeoutException: Request timeout to tmsssepfisheries.org/107.161.23.26:443 after 60000 ms
USER	About Us Load Test	END	1685945370989
REQUEST		About Us Request	1685945311184	1685945371192	KO	i.g.h.c.i.RequestTimeoutException: Request timeout to tmsssepfisheries.org/107.161.23.26:443 after 60000 ms
USER	About Us Load Test	END	1685945371193
REQUEST		About Us Request	1685945311386	1685945371395	KO	i.g.h.c.i.RequestTimeoutException: Request timeout to tmsssepfisheries.org/107.161.23.26:443 after 60000 ms
USER	About Us Load Test	END	1685945371396
REQUEST		About Us Request	1685945311589	1685945371601	KO	i.g.h.c.i.RequestTimeoutException: Request timeout to tmsssepfisheries.org/107.161.23.26:443 after 60000 ms
USER	About Us Load Test	END	1685945371602
REQUEST		About Us Request	1685945311781	1685945371790	KO	i.g.h.c.i.RequestTimeoutException: Request timeout to tmsssepfisheries.org/107.161.23.26:443 after 60000 ms
USER	About Us Load Test	END	1685945371792
REQUEST		About Us Request	1685945311986	1685945371995	KO	i.g.h.c.i.RequestTimeoutException: Request timeout to tmsssepfisheries.org/107.161.23.26:443 after 60000 ms
USER	About Us Load Test	END	1685945371996
REQUEST		About Us Request	1685945312191	1685945372198	KO	i.g.h.c.i.RequestTimeoutException: Request timeout to tmsssepfisheries.org/107.161.23.26:443 after 60000 ms
USER	About Us Load Test	END	1685945372200
REQUEST		About Us Request	1685945312377	1685945372386	KO	i.g.h.c.i.RequestTimeoutException: Request timeout to tmsssepfisheries.org/107.161.23.26:443 after 60000 ms
USER	About Us Load Test	END	1685945372386
REQUEST		About Us Request	1685945312580	1685945372590	KO	i.g.h.c.i.RequestTimeoutException: Request timeout to tmsssepfisheries.org/107.161.23.26:443 after 60000 ms
USER	About Us Load Test	END	1685945372591
REQUEST		About Us Request	1685945312782	1685945372794	KO	i.g.h.c.i.RequestTimeoutException: Request timeout to tmsssepfisheries.org/107.161.23.26:443 after 60000 ms
USER	About Us Load Test	END	1685945372795
REQUEST		About Us Request	1685945312987	1685945372999	KO	i.g.h.c.i.RequestTimeoutException: Request timeout to tmsssepfisheries.org/107.161.23.26:443 after 60000 ms
USER	About Us Load Test	END	1685945373001
REQUEST		About Us Request	1685945313175	1685945373187	KO	i.g.h.c.i.RequestTimeoutException: Request timeout to tmsssepfisheries.org/107.161.23.26:443 after 60000 ms
USER	About Us Load Test	END	1685945373188
REQUEST		About Us Request	1685945313376	1685945373389	KO	i.g.h.c.i.RequestTimeoutException: Request timeout to tmsssepfisheries.org/107.161.23.26:443 after 60000 ms
USER	About Us Load Test	END	1685945373390
REQUEST		About Us Request	1685945313580	1685945373592	KO	i.g.h.c.i.RequestTimeoutException: Request timeout to tmsssepfisheries.org/107.161.23.26:443 after 60000 ms
USER	About Us Load Test	END	1685945373593
REQUEST		About Us Request	1685945313787	1685945373795	KO	i.g.h.c.i.RequestTimeoutException: Request timeout to tmsssepfisheries.org/107.161.23.26:443 after 60000 ms
USER	About Us Load Test	END	1685945373795
REQUEST		About Us Request	1685945313990	1685945373998	KO	i.g.h.c.i.RequestTimeoutException: Request timeout to tmsssepfisheries.org/107.161.23.26:443 after 60000 ms
USER	About Us Load Test	END	1685945373999
