RUN	com.tmsssepfisheries.tests.VendorRegister	vendorregister	1685948893832	Vendor Registration Page Test	3.6.1
USER	Vendor Registration Load Test	START	1685948895597
USER	Vendor Registration Load Test	START	1685948895769
USER	Vendor Registration Load Test	START	1685948895975
USER	Vendor Registration Load Test	START	1685948896178
USER	Vendor Registration Load Test	START	1685948896378
USER	Vendor Registration Load Test	START	1685948896569
USER	Vendor Registration Load Test	START	1685948896774
USER	Vendor Registration Load Test	START	1685948896976
USER	Vendor Registration Load Test	START	1685948897179
USER	Vendor Registration Load Test	START	1685948897384
USER	Vendor Registration Load Test	START	1685948897570
USER	Vendor Registration Load Test	START	1685948897757
USER	Vendor Registration Load Test	START	1685948897961
USER	Vendor Registration Load Test	START	1685948898165
USER	Vendor Registration Load Test	START	1685948898357
USER	Vendor Registration Load Test	START	1685948898559
USER	Vendor Registration Load Test	START	1685948898765
USER	Vendor Registration Load Test	START	1685948898967
USER	Vendor Registration Load Test	START	1685948899168
USER	Vendor Registration Load Test	START	1685948899358
USER	Vendor Registration Load Test	START	1685948899564
USER	Vendor Registration Load Test	START	1685948899767
USER	Vendor Registration Load Test	START	1685948899956
USER	Vendor Registration Load Test	START	1685948900164
USER	Vendor Registration Load Test	START	1685948900370
USER	Vendor Registration Load Test	START	1685948900562
USER	Vendor Registration Load Test	START	1685948900769
USER	Vendor Registration Load Test	START	1685948900970
USER	Vendor Registration Load Test	START	1685948901161
USER	Vendor Registration Load Test	START	1685948901366
USER	Vendor Registration Load Test	START	1685948901570
USER	Vendor Registration Load Test	START	1685948901760
USER	Vendor Registration Load Test	START	1685948901961
USER	Vendor Registration Load Test	START	1685948902163
USER	Vendor Registration Load Test	START	1685948902367
USER	Vendor Registration Load Test	START	1685948902570
USER	Vendor Registration Load Test	START	1685948902755
USER	Vendor Registration Load Test	START	1685948902961
USER	Vendor Registration Load Test	START	1685948903167
USER	Vendor Registration Load Test	START	1685948903368
USER	Vendor Registration Load Test	START	1685948903558
USER	Vendor Registration Load Test	START	1685948903764
USER	Vendor Registration Load Test	START	1685948903967
USER	Vendor Registration Load Test	START	1685948904169
USER	Vendor Registration Load Test	START	1685948904360
USER	Vendor Registration Load Test	START	1685948904564
USER	Vendor Registration Load Test	START	1685948904767
USER	Vendor Registration Load Test	START	1685948904955
USER	Vendor Registration Load Test	START	1685948905158
USER	Vendor Registration Load Test	START	1685948905363
USER	Vendor Registration Load Test	START	1685948905568
USER	Vendor Registration Load Test	START	1685948905754
USER	Vendor Registration Load Test	START	1685948905958
USER	Vendor Registration Load Test	START	1685948906165
USER	Vendor Registration Load Test	START	1685948906371
USER	Vendor Registration Load Test	START	1685948906559
USER	Vendor Registration Load Test	START	1685948906763
USER	Vendor Registration Load Test	START	1685948906969
USER	Vendor Registration Load Test	START	1685948907168
USER	Vendor Registration Load Test	START	1685948907369
USER	Vendor Registration Load Test	START	1685948907558
USER	Vendor Registration Load Test	START	1685948907761
USER	Vendor Registration Load Test	START	1685948907965
USER	Vendor Registration Load Test	START	1685948908168
USER	Vendor Registration Load Test	START	1685948908355
USER	Vendor Registration Load Test	START	1685948908558
USER	Vendor Registration Load Test	START	1685948908764
USER	Vendor Registration Load Test	START	1685948908966
USER	Vendor Registration Load Test	START	1685948909169
USER	Vendor Registration Load Test	START	1685948909355
USER	Vendor Registration Load Test	START	1685948909559
USER	Vendor Registration Load Test	START	1685948909764
USER	Vendor Registration Load Test	START	1685948909969
USER	Vendor Registration Load Test	START	1685948910160
USER	Vendor Registration Load Test	START	1685948910364
USER	Vendor Registration Load Test	START	1685948910570
USER	Vendor Registration Load Test	START	1685948910762
USER	Vendor Registration Load Test	START	1685948910966
USER	Vendor Registration Load Test	START	1685948911155
USER	Vendor Registration Load Test	START	1685948911362
USER	Vendor Registration Load Test	START	1685948911569
REQUEST		Vendor Registration Request	1685948896570	1685948911692	KO	status.find.is(200), but actually found 500
USER	Vendor Registration Load Test	END	1685948911745
USER	Vendor Registration Load Test	START	1685948911761
USER	Vendor Registration Load Test	START	1685948911968
USER	Vendor Registration Load Test	START	1685948912157
USER	Vendor Registration Load Test	START	1685948912364
USER	Vendor Registration Load Test	START	1685948912569
USER	Vendor Registration Load Test	START	1685948912760
USER	Vendor Registration Load Test	START	1685948912966
USER	Vendor Registration Load Test	START	1685948913157
USER	Vendor Registration Load Test	START	1685948913361
USER	Vendor Registration Load Test	START	1685948913566
USER	Vendor Registration Load Test	START	1685948913768
USER	Vendor Registration Load Test	START	1685948913956
USER	Vendor Registration Load Test	START	1685948914161
USER	Vendor Registration Load Test	START	1685948914362
USER	Vendor Registration Load Test	START	1685948914567
USER	Vendor Registration Load Test	START	1685948914755
USER	Vendor Registration Load Test	START	1685948914963
USER	Vendor Registration Load Test	START	1685948915168
REQUEST		Vendor Registration Request	1685948905159	1685948915175	KO	i.n.c.ConnectTimeoutException: connection timed out: tmsssepfisheries.org/107.161.23.26:443
USER	Vendor Registration Load Test	END	1685948915180
USER	Vendor Registration Load Test	START	1685948915357
REQUEST		Vendor Registration Request	1685948896977	1685948924126	OK	 
REQUEST		style.min.css?ver=6.2.2	1685948924440	1685948924735	OK	 
REQUEST		css?family=Lato%3A100%2C200%2C300%2C400%2C500%2C600%2C700%2C800%2C900%2C100i%2C200i%2C300i%2C400i%2C500i%2C600i%2C700i%2C800i%2C900i&subset=latin&display=swap&ver=6.2.2	1685948924434	1685948924798	OK	 
REQUEST		css?family=Lato%3A100%2C100italic%2C200%2C200italic%2C300%2C300italic%2C400%2C400italic%2C500%2C500italic%2C600%2C600italic%2C700%2C700italic%2C800%2C800italic%2C900%2C900italic%7CRoboto+Slab%3A100%2C100italic%2C200%2C200italic%2C300%2C300italic%2C400%2C400italic%2C500%2C500italic%2C600%2C600italic%2C700%2C700italic%2C800%2C800italic%2C900%2C900italic%7CRoboto%3A100%2C100italic%2C200%2C200italic%2C300%2C300italic%2C400%2C400italic%2C500%2C500italic%2C600%2C600italic%2C700%2C700italic%2C800%2C800italic%2C900%2C900italic%7CPlayfair+Display%3A100%2C100italic%2C200%2C200italic%2C300%2C300italic%2C400%2C400italic%2C500%2C500italic%2C600%2C600italic%2C700%2C700italic%2C800%2C800italic%2C900%2C900italic%7CArchivo%3A100%2C100italic%2C200%2C200italic%2C300%2C300italic%2C400%2C400italic%2C500%2C500italic%2C600%2C600italic%2C700%2C700italic%2C800%2C800italic%2C900%2C900italic&display=swap&ver=6.2.2	1685948924438	1685948924802	OK	 
REQUEST		woo-mini-cart.min.css?ver=6.2.2	1685948924793	1685948925079	OK	 
REQUEST		classic-themes.min.css?ver=6.2.2	1685948924444	1685948925291	OK	 
REQUEST		wc-blocks-vendors-style.css?ver=10.0.6	1685948924441	1685948925303	OK	 
REQUEST		style.css?ver=6.2.2	1685948924444	1685948925382	OK	 
REQUEST		all.min.css?ver=5.15.1	1685948925084	1685948925406	OK	 
REQUEST		styles.css?ver=5.7.6	1685948924445	1685948925417	OK	 
REQUEST		simple-line-icons.min.css?ver=2.4.0	1685948925294	1685948925585	OK	 
REQUEST		frontend-lite.min.css?ver=3.13.4	1685948925409	1685948925710	OK	 
REQUEST		swiper.min.css?ver=5.3.6	1685948925421	1685948925720	OK	 
REQUEST		post-5.css?ver=1682506416	1685948925588	1685948925871	OK	 
REQUEST		elementor-icons.min.css?ver=5.20.0	1685948925385	1685948925957	OK	 
REQUEST		frontend-lite.min.css?ver=3.11.3	1685948925714	1685948925999	OK	 
REQUEST		post-135.css?ver=1682506425	1685948925873	1685948926157	OK	 
REQUEST		style.min.css?ver=3.4.3	1685948925311	1685948926163	OK	 
REQUEST		post-176.css?ver=1682506425	1685948925961	1685948926247	OK	 
REQUEST		ekiticons.css?ver=2.8.7	1685948926002	1685948926308	OK	 
REQUEST		global.css?ver=1682506424	1685948925723	1685948926314	OK	 
REQUEST		select2.css?ver=6.7.0	1685948926160	1685948926440	OK	 
REQUEST		jquery-ui.min.css?ver=7.7.2	1685948926171	1685948926457	OK	 
REQUEST		wcfmvm-style-membership-registration.css?ver=2.10.7	1685948926251	1685948926540	OK	 
REQUEST		wc-blocks-style.css?ver=10.0.6	1685948924442	1685948926575	OK	 
REQUEST		wcfmvm-style-custom-1681106792.css?ver=2.10.7	1685948926312	1685948926605	OK	 
REQUEST		wcfmicon.min.css?ver=6.7.0	1685948926317	1685948926636	OK	 
REQUEST		wcfm-style-core.css?ver=6.7.0	1685948926442	1685948926762	OK	 
REQUEST		woocommerce.min.css?ver=6.2.2	1685948926460	1685948926803	OK	 
REQUEST		woo-star-font.min.css?ver=6.2.2	1685948926542	1685948926837	OK	 
REQUEST		woo-quick-view.min.css?ver=6.2.2	1685948926586	1685948926881	OK	 
REQUEST		responsive.css?ver=2.8.7	1685948926640	1685948926934	OK	 
REQUEST		um-fonticons-ii.css?ver=2.6.0	1685948926771	1685948927058	OK	 
REQUEST		um-fonticons-fa.css?ver=2.6.0	1685948926807	1685948927105	OK	 
REQUEST		select2.min.css?ver=4.0.13	1685948926839	1685948927122	OK	 
REQUEST		um-crop.css?ver=2.6.0	1685948926884	1685948927171	OK	 
REQUEST		widget-styles.css?ver=2.8.7	1685948926608	1685948927221	OK	 
REQUEST		um-modal.css?ver=2.6.0	1685948926938	1685948927235	OK	 
REQUEST		um-styles.css?ver=2.6.0	1685948927060	1685948927351	OK	 
REQUEST		um-profile.css?ver=2.6.0	1685948927107	1685948927397	OK	 
REQUEST		um-account.css?ver=2.6.0	1685948927124	1685948927411	OK	 
REQUEST		um-misc.css?ver=2.6.0	1685948927174	1685948927463	OK	 
REQUEST		um-fileupload.css?ver=2.6.0	1685948927233	1685948927518	OK	 
REQUEST		default.css?ver=2.6.0	1685948927238	1685948927523	OK	 
REQUEST		default.date.css?ver=2.6.0	1685948927354	1685948927638	OK	 
REQUEST		default.time.css?ver=2.6.0	1685948927399	1685948927681	OK	 
REQUEST		um-raty.css?ver=2.6.0	1685948927414	1685948927694	OK	 
REQUEST		simplebar.css?ver=2.6.0	1685948927466	1685948927768	OK	 
REQUEST		um-tipsy.css?ver=2.6.0	1685948927520	1685948927808	OK	 
REQUEST		um-responsive.css?ver=2.6.0	1685948927525	1685948927812	OK	 
REQUEST		um-old-default.css?ver=2.6.0	1685948927643	1685948927925	OK	 
REQUEST		fontawesome.min.css?ver=5.15.3	1685948927684	1685948927972	OK	 
REQUEST		solid.min.css?ver=5.15.3	1685948927696	1685948927977	OK	 
REQUEST		regular.min.css?ver=5.15.3	1685948927775	1685948928061	OK	 
REQUEST		jquery.min.js?ver=3.6.4	1685948927810	1685948928102	OK	 
REQUEST		jquery-migrate.min.js?ver=3.4.0	1685948927815	1685948928105	OK	 
REQUEST		um-gdpr.min.js?ver=2.6.0	1685948927928	1685948928206	OK	 
REQUEST		widget-theme-elements.min.css	1685948927975	1685948928255	OK	 
REQUEST		widget-icon-list.min.css	1685948927978	1685948928259	OK	 
REQUEST		Vendor Registration Request	1685948898358	1685948928316	OK	 
REQUEST		Vendor Registration Request	1685948897962	1685948928337	OK	 
REQUEST		widget-nav-menu.min.css	1685948928063	1685948928385	OK	 
REQUEST		widget-woocommerce.min.css	1685948928103	1685948928450	OK	 
REQUEST		scripts.js?ver=1.0	1685948928106	1685948928458	OK	 
REQUEST		index.js?ver=5.7.6	1685948928207	1685948928495	OK	 
REQUEST		index.js?ver=5.7.6	1685948928257	1685948928559	OK	 
REQUEST		jquery.blockUI.min.js?ver=2.7.0-wc.7.7.2	1685948928261	1685948928561	OK	 
REQUEST		add-to-cart.min.js?ver=7.7.2	1685948928387	1685948928674	OK	 
REQUEST		js.cookie.min.js?ver=2.1.4-wc.7.7.2	1685948928456	1685948928742	OK	 
REQUEST		style.min.css?ver=6.2.2	1685948928450	1685948928743	OK	 
REQUEST		woocommerce.min.js?ver=7.7.2	1685948928461	1685948928761	OK	 
REQUEST		css?family=Lato%3A100%2C200%2C300%2C400%2C500%2C600%2C700%2C800%2C900%2C100i%2C200i%2C300i%2C400i%2C500i%2C600i%2C700i%2C800i%2C900i&subset=latin&display=swap&ver=6.2.2	1685948928444	1685948928770	OK	 
REQUEST		cart-fragments.min.js?ver=7.7.2	1685948928500	1685948928778	OK	 
REQUEST		css?family=Lato%3A100%2C100italic%2C200%2C200italic%2C300%2C300italic%2C400%2C400italic%2C500%2C500italic%2C600%2C600italic%2C700%2C700italic%2C800%2C800italic%2C900%2C900italic%7CRoboto+Slab%3A100%2C100italic%2C200%2C200italic%2C300%2C300italic%2C400%2C400italic%2C500%2C500italic%2C600%2C600italic%2C700%2C700italic%2C800%2C800italic%2C900%2C900italic%7CRoboto%3A100%2C100italic%2C200%2C200italic%2C300%2C300italic%2C400%2C400italic%2C500%2C500italic%2C600%2C600italic%2C700%2C700italic%2C800%2C800italic%2C900%2C900italic%7CPlayfair+Display%3A100%2C100italic%2C200%2C200italic%2C300%2C300italic%2C400%2C400italic%2C500%2C500italic%2C600%2C600italic%2C700%2C700italic%2C800%2C800italic%2C900%2C900italic%7CArchivo%3A100%2C100italic%2C200%2C200italic%2C300%2C300italic%2C400%2C400italic%2C500%2C500italic%2C600%2C600italic%2C700%2C700italic%2C800%2C800italic%2C900%2C900italic&display=swap&ver=6.2.2	1685948928448	1685948928798	OK	 
REQUEST		imagesloaded.min.js?ver=4.1.4	1685948928560	1685948928839	OK	 
REQUEST		theme.min.js?ver=3.4.3	1685948928573	1685948928854	OK	 
REQUEST		style.min.css?ver=6.2.2	1685948928563	1685948928867	OK	 
REQUEST		css?family=Lato%3A100%2C200%2C300%2C400%2C500%2C600%2C700%2C800%2C900%2C100i%2C200i%2C300i%2C400i%2C500i%2C600i%2C700i%2C800i%2C900i&subset=latin&display=swap&ver=6.2.2	1685948928559	1685948928872	OK	 
REQUEST		css?family=Lato%3A100%2C100italic%2C200%2C200italic%2C300%2C300italic%2C400%2C400italic%2C500%2C500italic%2C600%2C600italic%2C700%2C700italic%2C800%2C800italic%2C900%2C900italic%7CRoboto+Slab%3A100%2C100italic%2C200%2C200italic%2C300%2C300italic%2C400%2C400italic%2C500%2C500italic%2C600%2C600italic%2C700%2C700italic%2C800%2C800italic%2C900%2C900italic%7CRoboto%3A100%2C100italic%2C200%2C200italic%2C300%2C300italic%2C400%2C400italic%2C500%2C500italic%2C600%2C600italic%2C700%2C700italic%2C800%2C800italic%2C900%2C900italic%7CPlayfair+Display%3A100%2C100italic%2C200%2C200italic%2C300%2C300italic%2C400%2C400italic%2C500%2C500italic%2C600%2C600italic%2C700%2C700italic%2C800%2C800italic%2C900%2C900italic%7CArchivo%3A100%2C100italic%2C200%2C200italic%2C300%2C300italic%2C400%2C400italic%2C500%2C500italic%2C600%2C600italic%2C700%2C700italic%2C800%2C800italic%2C900%2C900italic&display=swap&ver=6.2.2	1685948928561	1685948928926	OK	 
REQUEST		drop-down-mobile-menu.min.js?ver=3.4.3	1685948928675	1685948928962	OK	 
REQUEST		woo-mini-cart.min.css?ver=6.2.2	1685948928745	1685948929029	OK	 
REQUEST		magnific-popup.min.js?ver=3.4.3	1685948928743	1685948929029	OK	 
REQUEST		ow-lightbox.min.js?ver=3.4.3	1685948928762	1685948929055	OK	 
REQUEST		flickity.pkgd.min.js?ver=3.4.3	1685948928782	1685948929064	OK	 
REQUEST		ow-slider.min.js?ver=3.4.3	1685948928840	1685948929123	OK	 
REQUEST		scroll-effect.min.js?ver=3.4.3	1685948928855	1685948929136	OK	 
REQUEST		woo-mini-cart.min.css?ver=6.2.2	1685948928869	1685948929153	OK	 
REQUEST		scroll-top.min.js?ver=3.4.3	1685948928963	1685948929250	OK	 
REQUEST		all.min.css?ver=5.15.1	1685948929030	1685948929322	OK	 
REQUEST		wc-blocks-vendors-style.css?ver=10.0.6	1685948928451	1685948929327	OK	 
REQUEST		select.min.js?ver=3.4.3	1685948929030	1685948929327	OK	 
REQUEST		classic-themes.min.css?ver=6.2.2	1685948928454	1685948929332	OK	 
REQUEST		style.css?ver=6.2.2	1685948928455	1685948929336	OK	 
REQUEST		styles.css?ver=5.7.6	1685948928456	1685948929340	OK	 
REQUEST		frontend-script.js?ver=2.8.7	1685948929065	1685948929346	OK	 
REQUEST		woo-custom-features.min.js?ver=3.4.3	1685948929055	1685948929350	OK	 
REQUEST		widget-scripts.js?ver=2.8.7	1685948929124	1685948929414	OK	 
REQUEST		all.min.css?ver=5.15.1	1685948929155	1685948929443	OK	 
REQUEST		style.css?ver=6.2.2	1685948928578	1685948929449	OK	 
REQUEST		wc-blocks-vendors-style.css?ver=10.0.6	1685948928574	1685948929460	OK	 
REQUEST		classic-themes.min.css?ver=6.2.2	1685948928577	1685948929463	OK	 
REQUEST		styles.css?ver=5.7.6	1685948928579	1685948929466	OK	 
REQUEST		core.min.js?ver=1.13.2	1685948929251	1685948929539	OK	 
REQUEST		simple-line-icons.min.css?ver=2.4.0	1685948929324	1685948929608	OK	 
REQUEST		datepicker.min.js?ver=1.13.2	1685948929328	1685948929621	OK	 
REQUEST		country-select.min.js?ver=7.7.2	1685948929348	1685948929634	OK	 
REQUEST		swiper.min.css?ver=5.3.6	1685948929342	1685948929635	OK	 
REQUEST		wcfmvm-script-membership-registration.js?ver=2.10.7	1685948929352	1685948929639	OK	 
REQUEST		select2.js?ver=6.7.0	1685948929137	1685948929697	OK	 
REQUEST		jquery.blockUI.min.js?ver=6.7.0	1685948929416	1685948929701	OK	 
REQUEST		simple-line-icons.min.css?ver=2.4.0	1685948929444	1685948929729	OK	 
REQUEST		elementor-icons.min.css?ver=5.20.0	1685948929461	1685948929752	OK	 
REQUEST		swiper.min.css?ver=5.3.6	1685948929467	1685948929757	OK	 
REQUEST		wcfm-script-core.js?ver=6.7.0	1685948929540	1685948929833	OK	 
REQUEST		post-5.css?ver=1682506416	1685948929610	1685948929893	OK	 
REQUEST		elementor-icons.min.css?ver=5.20.0	1685948929334	1685948929905	OK	 
REQUEST		woo-quick-view.min.js?ver=3.4.3	1685948929622	1685948929910	OK	 
REQUEST		underscore.min.js?ver=1.13.4	1685948929635	1685948929917	OK	 
REQUEST		frontend-lite.min.css?ver=3.11.3	1685948929636	1685948929922	OK	 
REQUEST		wp-util.min.js?ver=6.2.2	1685948929640	1685948929927	OK	 
REQUEST		add-to-cart-variation.min.js?ver=7.7.2	1685948929698	1685948929980	OK	 
REQUEST		jquery.flexslider.min.js?ver=2.7.2-wc.7.7.2	1685948929702	1685948929985	OK	 
REQUEST		post-5.css?ver=1682506416	1685948929731	1685948930015	OK	 
REQUEST		frontend-lite.min.css?ver=3.11.3	1685948929754	1685948930040	OK	 
REQUEST		woo-mini-cart.min.js?ver=3.4.3	1685948929834	1685948930120	OK	 
REQUEST		global.css?ver=1682506424	1685948929894	1685948930180	OK	 
REQUEST		post-135.css?ver=1682506425	1685948929906	1685948930201	OK	 
REQUEST		select2.full.min.js?ver=4.0.13	1685948929911	1685948930207	OK	 
REQUEST		um-crop.min.js?ver=2.6.0	1685948929918	1685948930209	OK	 
REQUEST		style.min.css?ver=3.4.3	1685948929329	1685948930214	OK	 
REQUEST		post-176.css?ver=1682506425	1685948929923	1685948930218	OK	 
REQUEST		um-modal.min.js?ver=2.6.0	1685948929928	1685948930219	OK	 
REQUEST		frontend-lite.min.css?ver=3.13.4	1685948929337	1685948930221	OK	 
REQUEST		um-jquery-form.min.js?ver=2.6.0	1685948929981	1685948930262	OK	 
REQUEST		um-fileupload.js?ver=2.6.0	1685948929986	1685948930269	OK	 
REQUEST		post-135.css?ver=1682506425	1685948930017	1685948930301	OK	 
REQUEST		frontend-lite.min.css?ver=3.13.4	1685948929465	1685948930316	OK	 
REQUEST		global.css?ver=1682506424	1685948929759	1685948930328	OK	 
REQUEST		post-176.css?ver=1682506425	1685948930041	1685948930330	OK	 
REQUEST		picker.js?ver=2.6.0	1685948930121	1685948930416	OK	 
REQUEST		ekiticons.css?ver=2.8.7	1685948930181	1685948930483	OK	 
REQUEST		wc-blocks-style.css?ver=10.0.6	1685948928452	1685948930487	OK	 
REQUEST		wcfmvm-style-membership-registration.css?ver=2.10.7	1685948930219	1685948930500	OK	 
REQUEST		select2.css?ver=6.7.0	1685948930203	1685948930503	OK	 
REQUEST		picker.time.js?ver=2.6.0	1685948930210	1685948930503	OK	 
REQUEST		picker.date.js?ver=2.6.0	1685948930208	1685948930508	OK	 
REQUEST		wcfmvm-style-custom-1681106792.css?ver=2.10.7	1685948930223	1685948930511	OK	 
REQUEST		wp-polyfill-inert.min.js?ver=3.1.2	1685948930220	1685948930512	OK	 
REQUEST		jquery-ui.min.css?ver=7.7.2	1685948930216	1685948930514	OK	 
REQUEST		regenerator-runtime.min.js?ver=0.13.11	1685948930263	1685948930544	OK	 
REQUEST		wp-polyfill.min.js?ver=3.15.0	1685948930270	1685948930555	OK	 
REQUEST		style.min.css?ver=3.4.3	1685948929450	1685948930567	OK	 
REQUEST		ekiticons.css?ver=2.8.7	1685948930303	1685948930598	OK	 
REQUEST		select2.css?ver=6.7.0	1685948930317	1685948930608	OK	 
REQUEST		wc-blocks-style.css?ver=10.0.6	1685948928576	1685948930613	OK	 
REQUEST		jquery-ui.min.css?ver=7.7.2	1685948930329	1685948930621	OK	 
REQUEST		wcfmvm-style-membership-registration.css?ver=2.10.7	1685948930332	1685948930627	OK	 
REQUEST		hooks.min.js?ver=4169d3cf8e8d95a3d6d5	1685948930417	1685948930708	OK	 
REQUEST		wcfmicon.min.css?ver=6.7.0	1685948930484	1685948930771	OK	 
REQUEST		wcfm-style-core.css?ver=6.7.0	1685948930489	1685948930778	OK	 
REQUEST		i18n.min.js?ver=9e794f35a71bb98672ae	1685948930504	1685948930783	OK	 
REQUEST		woo-star-font.min.css?ver=6.2.2	1685948930504	1685948930784	OK	 
REQUEST		um-raty.min.js?ver=2.6.0	1685948930509	1685948930793	OK	 
REQUEST		woo-quick-view.min.css?ver=6.2.2	1685948930512	1685948930795	OK	 
REQUEST		um-tipsy.min.js?ver=2.6.0	1685948930512	1685948930798	OK	 
REQUEST		masonry.min.js?ver=4.2.2	1685948930545	1685948930826	OK	 
REQUEST		jquery.masonry.min.js?ver=3.1.2b	1685948930555	1685948930835	OK	 
REQUEST		wcfmvm-style-custom-1681106792.css?ver=2.10.7	1685948930569	1685948930848	OK	 
REQUEST		wcfmicon.min.css?ver=6.7.0	1685948930600	1685948930894	OK	 
REQUEST		wcfm-style-core.css?ver=6.7.0	1685948930609	1685948930900	OK	 
REQUEST		woocommerce.min.css?ver=6.2.2	1685948930616	1685948930921	OK	 
REQUEST		woo-star-font.min.css?ver=6.2.2	1685948930622	1685948930924	OK	 
REQUEST		woo-quick-view.min.css?ver=6.2.2	1685948930629	1685948930929	OK	 
REQUEST		simplebar.min.js?ver=2.6.0	1685948930709	1685948931001	OK	 
REQUEST		responsive.css?ver=2.8.7	1685948930773	1685948931066	OK	 
REQUEST		um-functions.min.js?ver=2.6.0	1685948930784	1685948931067	OK	 
REQUEST		um-fonticons-ii.css?ver=2.6.0	1685948930779	1685948931073	OK	 
REQUEST		um-fonticons-fa.css?ver=2.6.0	1685948930785	1685948931077	OK	 
REQUEST		um-responsive.min.js?ver=2.6.0	1685948930794	1685948931079	OK	 
REQUEST		select2.min.css?ver=4.0.13	1685948930796	1685948931084	OK	 
REQUEST		um-conditional.min.js?ver=2.6.0	1685948930799	1685948931088	OK	 
REQUEST		um-scripts.min.js?ver=2.6.0	1685948930827	1685948931109	OK	 
REQUEST		um-profile.min.js?ver=2.6.0	1685948930836	1685948931125	OK	 
REQUEST		responsive.css?ver=2.8.7	1685948930896	1685948931216	OK	 
REQUEST		um-crop.css?ver=2.6.0	1685948930931	1685948931220	OK	 
REQUEST		um-fonticons-fa.css?ver=2.6.0	1685948930923	1685948931222	OK	 
REQUEST		um-fonticons-ii.css?ver=2.6.0	1685948930903	1685948931224	OK	 
REQUEST		select2.min.css?ver=4.0.13	1685948930925	1685948931227	OK	 
REQUEST		um-account.min.js?ver=2.6.0	1685948931002	1685948931292	OK	 
REQUEST		woocommerce.min.css?ver=6.2.2	1685948930501	1685948931363	OK	 
REQUEST		jquery.smartmenus.min.js?ver=1.0.1	1685948931068	1685948931370	OK	 
REQUEST		um-crop.css?ver=2.6.0	1685948931067	1685948931381	OK	 
REQUEST		webpack-pro.runtime.min.js?ver=3.11.3	1685948931081	1685948931382	OK	 
REQUEST		um-modal.css?ver=2.6.0	1685948931074	1685948931383	OK	 
REQUEST		webpack.runtime.min.js?ver=3.13.4	1685948931089	1685948931385	OK	 
REQUEST		um-styles.css?ver=2.6.0	1685948931078	1685948931386	OK	 
REQUEST		um-profile.css?ver=2.6.0	1685948931085	1685948931388	OK	 
REQUEST		frontend-modules.min.js?ver=3.13.4	1685948931110	1685948931392	OK	 
REQUEST		widget-styles.css?ver=2.8.7	1685948930515	1685948931395	OK	 
REQUEST		frontend.min.js?ver=3.11.3	1685948931126	1685948931407	OK	 
REQUEST		um-modal.css?ver=2.6.0	1685948931217	1685948931504	OK	 
REQUEST		um-styles.css?ver=2.6.0	1685948931221	1685948931509	OK	 
REQUEST		um-account.css?ver=2.6.0	1685948931226	1685948931512	OK	 
REQUEST		um-profile.css?ver=2.6.0	1685948931223	1685948931526	OK	 
REQUEST		um-misc.css?ver=2.6.0	1685948931229	1685948931531	OK	 
REQUEST		waypoints.min.js?ver=4.0.2	1685948931292	1685948931588	OK	 
REQUEST		um-account.css?ver=2.6.0	1685948931365	1685948931644	OK	 
REQUEST		frontend.min.js?ver=3.13.4	1685948931371	1685948931653	OK	 
REQUEST		um-misc.css?ver=2.6.0	1685948931382	1685948931676	OK	 
REQUEST		default.css?ver=2.6.0	1685948931387	1685948931685	OK	 
REQUEST		elements-handlers.min.js?ver=3.11.3	1685948931382	1685948931685	OK	 
REQUEST		um-fileupload.css?ver=2.6.0	1685948931384	1685948931687	OK	 
REQUEST		elementor.js?ver=2.8.7	1685948931393	1685948931688	OK	 
REQUEST		default.date.css?ver=2.6.0	1685948931390	1685948931689	OK	 
REQUEST		animate-circle.js?ver=2.8.7	1685948931386	1685948931689	OK	 
REQUEST		default.time.css?ver=2.6.0	1685948931398	1685948931694	OK	 
REQUEST		jquery.sticky.min.js?ver=3.11.3	1685948931407	1685948931694	OK	 
USER	Vendor Registration Load Test	END	1685948931703
REQUEST		widget-styles.css?ver=2.8.7	1685948930849	1685948931754	OK	 
REQUEST		default.date.css?ver=2.6.0	1685948931512	1685948931799	OK	 
REQUEST		um-fileupload.css?ver=2.6.0	1685948931505	1685948931801	OK	 
REQUEST		default.css?ver=2.6.0	1685948931510	1685948931804	OK	 
REQUEST		um-raty.css?ver=2.6.0	1685948931533	1685948931829	OK	 
REQUEST		default.time.css?ver=2.6.0	1685948931529	1685948931831	OK	 
REQUEST		um-raty.css?ver=2.6.0	1685948931645	1685948931931	OK	 
REQUEST		simplebar.css?ver=2.6.0	1685948931677	1685948931963	OK	 
REQUEST		um-tipsy.css?ver=2.6.0	1685948931686	1685948931970	OK	 
REQUEST		um-old-default.css?ver=2.6.0	1685948931690	1685948931985	OK	 
REQUEST		um-responsive.css?ver=2.6.0	1685948931688	1685948931987	OK	 
REQUEST		fontawesome.min.css?ver=5.15.3	1685948931695	1685948932024	OK	 
REQUEST		simplebar.css?ver=2.6.0	1685948931758	1685948932045	OK	 
REQUEST		um-tipsy.css?ver=2.6.0	1685948931800	1685948932082	OK	 
REQUEST		um-responsive.css?ver=2.6.0	1685948931803	1685948932091	OK	 
REQUEST		um-old-default.css?ver=2.6.0	1685948931805	1685948932104	OK	 
REQUEST		fontawesome.min.css?ver=5.15.3	1685948931830	1685948932117	OK	 
REQUEST		solid.min.css?ver=5.15.3	1685948931832	1685948932123	OK	 
REQUEST		solid.min.css?ver=5.15.3	1685948931932	1685948932211	OK	 
REQUEST		regular.min.css?ver=5.15.3	1685948931965	1685948932248	OK	 
REQUEST		jquery-migrate.min.js?ver=3.4.0	1685948931986	1685948932270	OK	 
REQUEST		um-gdpr.min.js?ver=2.6.0	1685948931988	1685948932273	OK	 
REQUEST		widget-theme-elements.min.css	1685948932025	1685948932322	OK	 
REQUEST		regular.min.css?ver=5.15.3	1685948932047	1685948932328	OK	 
REQUEST		jquery.min.js?ver=3.6.4	1685948932083	1685948932372	OK	 
REQUEST		jquery-migrate.min.js?ver=3.4.0	1685948932092	1685948932377	OK	 
REQUEST		um-gdpr.min.js?ver=2.6.0	1685948932105	1685948932390	OK	 
REQUEST		widget-theme-elements.min.css	1685948932122	1685948932404	OK	 
REQUEST		widget-icon-list.min.css	1685948932124	1685948932409	OK	 
REQUEST		widget-icon-list.min.css	1685948932213	1685948932510	OK	 
REQUEST		jquery.min.js?ver=3.6.4	1685948931971	1685948932540	OK	 
REQUEST		widget-nav-menu.min.css	1685948932249	1685948932543	OK	 
REQUEST		scripts.js?ver=1.0	1685948932274	1685948932561	OK	 
REQUEST		widget-nav-menu.min.css	1685948932328	1685948932608	OK	 
REQUEST		index.js?ver=5.7.6	1685948932323	1685948932611	OK	 
REQUEST		scripts.js?ver=1.0	1685948932378	1685948932666	OK	 
REQUEST		index.js?ver=5.7.6	1685948932391	1685948932677	OK	 
REQUEST		index.js?ver=5.7.6	1685948932405	1685948932689	OK	 
REQUEST		jquery.blockUI.min.js?ver=2.7.0-wc.7.7.2	1685948932410	1685948932695	OK	 
REQUEST		index.js?ver=5.7.6	1685948932516	1685948932796	OK	 
REQUEST		jquery.blockUI.min.js?ver=2.7.0-wc.7.7.2	1685948932541	1685948932823	OK	 
REQUEST		add-to-cart.min.js?ver=7.7.2	1685948932544	1685948932827	OK	 
REQUEST		widget-woocommerce.min.css	1685948932270	1685948932842	OK	 
REQUEST		js.cookie.min.js?ver=2.1.4-wc.7.7.2	1685948932561	1685948932849	OK	 
REQUEST		add-to-cart.min.js?ver=7.7.2	1685948932609	1685948932888	OK	 
REQUEST		woocommerce.min.js?ver=7.7.2	1685948932611	1685948932896	OK	 
REQUEST		widget-woocommerce.min.css	1685948932373	1685948932941	OK	 
REQUEST		js.cookie.min.js?ver=2.1.4-wc.7.7.2	1685948932667	1685948932950	OK	 
REQUEST		woocommerce.min.js?ver=7.7.2	1685948932677	1685948932962	OK	 
REQUEST		cart-fragments.min.js?ver=7.7.2	1685948932690	1685948932971	OK	 
REQUEST		imagesloaded.min.js?ver=4.1.4	1685948932696	1685948932990	OK	 
REQUEST		cart-fragments.min.js?ver=7.7.2	1685948932797	1685948933083	OK	 
REQUEST		imagesloaded.min.js?ver=4.1.4	1685948932824	1685948933115	OK	 
REQUEST		theme.min.js?ver=3.4.3	1685948932828	1685948933130	OK	 
REQUEST		drop-down-mobile-menu.min.js?ver=3.4.3	1685948932844	1685948933137	OK	 
REQUEST		magnific-popup.min.js?ver=3.4.3	1685948932849	1685948933139	OK	 
REQUEST		theme.min.js?ver=3.4.3	1685948932888	1685948933168	OK	 
REQUEST		ow-lightbox.min.js?ver=3.4.3	1685948932897	1685948933184	OK	 
REQUEST		drop-down-mobile-menu.min.js?ver=3.4.3	1685948932943	1685948933225	OK	 
REQUEST		magnific-popup.min.js?ver=3.4.3	1685948932951	1685948933236	OK	 
REQUEST		ow-lightbox.min.js?ver=3.4.3	1685948932963	1685948933251	OK	 
REQUEST		flickity.pkgd.min.js?ver=3.4.3	1685948932972	1685948933263	OK	 
REQUEST		ow-slider.min.js?ver=3.4.3	1685948932990	1685948933280	OK	 
REQUEST		flickity.pkgd.min.js?ver=3.4.3	1685948933084	1685948933368	OK	 
REQUEST		ow-slider.min.js?ver=3.4.3	1685948933116	1685948933397	OK	 
REQUEST		scroll-effect.min.js?ver=3.4.3	1685948933130	1685948933414	OK	 
REQUEST		scroll-top.min.js?ver=3.4.3	1685948933137	1685948933424	OK	 
REQUEST		select.min.js?ver=3.4.3	1685948933140	1685948933426	OK	 
REQUEST		scroll-effect.min.js?ver=3.4.3	1685948933169	1685948933454	OK	 
REQUEST		woo-custom-features.min.js?ver=3.4.3	1685948933185	1685948933492	OK	 
REQUEST		scroll-top.min.js?ver=3.4.3	1685948933226	1685948933518	OK	 
REQUEST		select.min.js?ver=3.4.3	1685948933237	1685948933521	OK	 
REQUEST		woo-custom-features.min.js?ver=3.4.3	1685948933252	1685948933543	OK	 
REQUEST		frontend-script.js?ver=2.8.7	1685948933263	1685948933545	OK	 
REQUEST		widget-scripts.js?ver=2.8.7	1685948933280	1685948933579	OK	 
REQUEST		frontend-script.js?ver=2.8.7	1685948933368	1685948933655	OK	 
REQUEST		select2.js?ver=6.7.0	1685948933415	1685948933704	OK	 
REQUEST		core.min.js?ver=1.13.2	1685948933424	1685948933709	OK	 
REQUEST		datepicker.min.js?ver=1.13.2	1685948933426	1685948933720	OK	 
REQUEST		select2.js?ver=6.7.0	1685948933454	1685948933749	OK	 
REQUEST		country-select.min.js?ver=7.7.2	1685948933492	1685948933779	OK	 
REQUEST		datepicker.min.js?ver=1.13.2	1685948933521	1685948933808	OK	 
REQUEST		core.min.js?ver=1.13.2	1685948933519	1685948933811	OK	 
REQUEST		wcfmvm-script-membership-registration.js?ver=2.10.7	1685948933545	1685948933828	OK	 
REQUEST		country-select.min.js?ver=7.7.2	1685948933543	1685948933839	OK	 
REQUEST		jquery.blockUI.min.js?ver=6.7.0	1685948933580	1685948933868	OK	 
REQUEST		wcfmvm-script-membership-registration.js?ver=2.10.7	1685948933656	1685948933937	OK	 
REQUEST		widget-scripts.js?ver=2.8.7	1685948933398	1685948933965	OK	 
REQUEST		jquery.blockUI.min.js?ver=6.7.0	1685948933705	1685948933988	OK	 
REQUEST		wcfm-script-core.js?ver=6.7.0	1685948933709	1685948934004	OK	 
REQUEST		woo-quick-view.min.js?ver=3.4.3	1685948933720	1685948934011	OK	 
REQUEST		wcfm-script-core.js?ver=6.7.0	1685948933750	1685948934035	OK	 
REQUEST		underscore.min.js?ver=1.13.4	1685948933780	1685948934069	OK	 
REQUEST		woo-quick-view.min.js?ver=3.4.3	1685948933808	1685948934095	OK	 
REQUEST		underscore.min.js?ver=1.13.4	1685948933811	1685948934099	OK	 
REQUEST		wp-util.min.js?ver=6.2.2	1685948933829	1685948934111	OK	 
REQUEST		add-to-cart-variation.min.js?ver=7.7.2	1685948933840	1685948934136	OK	 
REQUEST		jquery.flexslider.min.js?ver=2.7.2-wc.7.7.2	1685948933868	1685948934160	OK	 
REQUEST		wp-util.min.js?ver=6.2.2	1685948933937	1685948934219	OK	 
REQUEST		add-to-cart-variation.min.js?ver=7.7.2	1685948933966	1685948934251	OK	 
REQUEST		jquery.flexslider.min.js?ver=2.7.2-wc.7.7.2	1685948933988	1685948934277	OK	 
REQUEST		woo-mini-cart.min.js?ver=3.4.3	1685948934005	1685948934288	OK	 
REQUEST		select2.full.min.js?ver=4.0.13	1685948934012	1685948934307	OK	 
REQUEST		woo-mini-cart.min.js?ver=3.4.3	1685948934036	1685948934316	OK	 
REQUEST		um-crop.min.js?ver=2.6.0	1685948934070	1685948934359	OK	 
REQUEST		select2.full.min.js?ver=4.0.13	1685948934097	1685948934386	OK	 
REQUEST		um-crop.min.js?ver=2.6.0	1685948934099	1685948934388	OK	 
REQUEST		um-modal.min.js?ver=2.6.0	1685948934112	1685948934399	OK	 
REQUEST		um-jquery-form.min.js?ver=2.6.0	1685948934137	1685948934424	OK	 
REQUEST		um-fileupload.js?ver=2.6.0	1685948934161	1685948934446	OK	 
REQUEST		um-modal.min.js?ver=2.6.0	1685948934220	1685948934499	OK	 
REQUEST		um-jquery-form.min.js?ver=2.6.0	1685948934252	1685948934538	OK	 
REQUEST		um-fileupload.js?ver=2.6.0	1685948934277	1685948934560	OK	 
REQUEST		picker.js?ver=2.6.0	1685948934289	1685948934574	OK	 
REQUEST		picker.date.js?ver=2.6.0	1685948934307	1685948934597	OK	 
REQUEST		picker.js?ver=2.6.0	1685948934316	1685948934600	OK	 
REQUEST		picker.time.js?ver=2.6.0	1685948934360	1685948934660	OK	 
REQUEST		picker.date.js?ver=2.6.0	1685948934387	1685948934674	OK	 
REQUEST		picker.time.js?ver=2.6.0	1685948934389	1685948934679	OK	 
REQUEST		wp-polyfill-inert.min.js?ver=3.1.2	1685948934399	1685948934682	OK	 
REQUEST		regenerator-runtime.min.js?ver=0.13.11	1685948934425	1685948934711	OK	 
REQUEST		wp-polyfill.min.js?ver=3.15.0	1685948934446	1685948934734	OK	 
REQUEST		wp-polyfill-inert.min.js?ver=3.1.2	1685948934500	1685948934781	OK	 
REQUEST		regenerator-runtime.min.js?ver=0.13.11	1685948934539	1685948934820	OK	 
REQUEST		wp-polyfill.min.js?ver=3.15.0	1685948934561	1685948934845	OK	 
REQUEST		hooks.min.js?ver=4169d3cf8e8d95a3d6d5	1685948934575	1685948934857	OK	 
REQUEST		hooks.min.js?ver=4169d3cf8e8d95a3d6d5	1685948934601	1685948934888	OK	 
REQUEST		i18n.min.js?ver=9e794f35a71bb98672ae	1685948934598	1685948934892	OK	 
REQUEST		um-raty.min.js?ver=2.6.0	1685948934661	1685948934947	OK	 
REQUEST		i18n.min.js?ver=9e794f35a71bb98672ae	1685948934675	1685948934959	OK	 
REQUEST		um-raty.min.js?ver=2.6.0	1685948934680	1685948934963	OK	 
REQUEST		um-tipsy.min.js?ver=2.6.0	1685948934683	1685948934966	OK	 
REQUEST		masonry.min.js?ver=4.2.2	1685948934712	1685948934999	OK	 
REQUEST		jquery.masonry.min.js?ver=3.1.2b	1685948934735	1685948935031	OK	 
REQUEST		um-tipsy.min.js?ver=2.6.0	1685948934782	1685948935084	OK	 
REQUEST		masonry.min.js?ver=4.2.2	1685948934821	1685948935103	OK	 
REQUEST		jquery.masonry.min.js?ver=3.1.2b	1685948934845	1685948935128	OK	 
REQUEST		simplebar.min.js?ver=2.6.0	1685948934858	1685948935158	OK	 
REQUEST		simplebar.min.js?ver=2.6.0	1685948934889	1685948935175	OK	 
REQUEST		um-functions.min.js?ver=2.6.0	1685948934893	1685948935184	OK	 
REQUEST		um-responsive.min.js?ver=2.6.0	1685948934948	1685948935233	OK	 
REQUEST		um-functions.min.js?ver=2.6.0	1685948934960	1685948935246	OK	 
REQUEST		um-conditional.min.js?ver=2.6.0	1685948934966	1685948935270	OK	 
REQUEST		um-responsive.min.js?ver=2.6.0	1685948934964	1685948935272	OK	 
REQUEST		um-scripts.min.js?ver=2.6.0	1685948934999	1685948935292	OK	 
REQUEST		um-profile.min.js?ver=2.6.0	1685948935031	1685948935317	OK	 
REQUEST		um-conditional.min.js?ver=2.6.0	1685948935085	1685948935366	OK	 
REQUEST		um-scripts.min.js?ver=2.6.0	1685948935103	1685948935385	OK	 
REQUEST		um-profile.min.js?ver=2.6.0	1685948935128	1685948935410	OK	 
REQUEST		um-account.min.js?ver=2.6.0	1685948935160	1685948935442	OK	 
REQUEST		um-account.min.js?ver=2.6.0	1685948935176	1685948935454	OK	 
REQUEST		jquery.smartmenus.min.js?ver=1.0.1	1685948935184	1685948935479	OK	 
REQUEST		webpack-pro.runtime.min.js?ver=3.11.3	1685948935233	1685948935519	OK	 
REQUEST		jquery.smartmenus.min.js?ver=1.0.1	1685948935247	1685948935532	OK	 
REQUEST		webpack-pro.runtime.min.js?ver=3.11.3	1685948935271	1685948935569	OK	 
REQUEST		webpack.runtime.min.js?ver=3.13.4	1685948935272	1685948935578	OK	 
REQUEST		frontend-modules.min.js?ver=3.13.4	1685948935293	1685948935586	OK	 
REQUEST		frontend.min.js?ver=3.11.3	1685948935318	1685948935604	OK	 
REQUEST		webpack.runtime.min.js?ver=3.13.4	1685948935367	1685948935646	OK	 
REQUEST		frontend-modules.min.js?ver=3.13.4	1685948935386	1685948935670	OK	 
REQUEST		frontend.min.js?ver=3.11.3	1685948935411	1685948935697	OK	 
REQUEST		waypoints.min.js?ver=4.0.2	1685948935442	1685948935726	OK	 
REQUEST		waypoints.min.js?ver=4.0.2	1685948935454	1685948935734	OK	 
REQUEST		frontend.min.js?ver=3.13.4	1685948935479	1685948935778	OK	 
REQUEST		elements-handlers.min.js?ver=3.11.3	1685948935519	1685948935806	OK	 
REQUEST		frontend.min.js?ver=3.13.4	1685948935532	1685948935820	OK	 
REQUEST		elements-handlers.min.js?ver=3.11.3	1685948935570	1685948935867	OK	 
REQUEST		animate-circle.js?ver=2.8.7	1685948935579	1685948935868	OK	 
REQUEST		elementor.js?ver=2.8.7	1685948935587	1685948935882	OK	 
REQUEST		jquery.sticky.min.js?ver=3.11.3	1685948935605	1685948935894	OK	 
USER	Vendor Registration Load Test	END	1685948935900
REQUEST		animate-circle.js?ver=2.8.7	1685948935647	1685948935926	OK	 
REQUEST		elementor.js?ver=2.8.7	1685948935670	1685948935959	OK	 
REQUEST		jquery.sticky.min.js?ver=3.11.3	1685948935697	1685948935987	OK	 
USER	Vendor Registration Load Test	END	1685948936000
REQUEST		Vendor Registration Request	1685948896775	1685948937503	KO	status.find.is(200), but actually found 500
USER	Vendor Registration Load Test	END	1685948937505
REQUEST		Vendor Registration Request	1685948896180	1685948944387	KO	status.find.is(200), but actually found 503
USER	Vendor Registration Load Test	END	1685948944389
REQUEST		Vendor Registration Request	1685948897758	1685948949407	OK	 
REQUEST		Vendor Registration Request	1685948897385	1685948949440	OK	 
REQUEST		style.min.css?ver=6.2.2	1685948949463	1685948949754	OK	 
REQUEST		css?family=Lato%3A100%2C200%2C300%2C400%2C500%2C600%2C700%2C800%2C900%2C100i%2C200i%2C300i%2C400i%2C500i%2C600i%2C700i%2C800i%2C900i&subset=latin&display=swap&ver=6.2.2	1685948949458	1685948949757	OK	 
REQUEST		style.min.css?ver=6.2.2	1685948949489	1685948949785	OK	 
REQUEST		css?family=Lato%3A100%2C100italic%2C200%2C200italic%2C300%2C300italic%2C400%2C400italic%2C500%2C500italic%2C600%2C600italic%2C700%2C700italic%2C800%2C800italic%2C900%2C900italic%7CRoboto+Slab%3A100%2C100italic%2C200%2C200italic%2C300%2C300italic%2C400%2C400italic%2C500%2C500italic%2C600%2C600italic%2C700%2C700italic%2C800%2C800italic%2C900%2C900italic%7CRoboto%3A100%2C100italic%2C200%2C200italic%2C300%2C300italic%2C400%2C400italic%2C500%2C500italic%2C600%2C600italic%2C700%2C700italic%2C800%2C800italic%2C900%2C900italic%7CPlayfair+Display%3A100%2C100italic%2C200%2C200italic%2C300%2C300italic%2C400%2C400italic%2C500%2C500italic%2C600%2C600italic%2C700%2C700italic%2C800%2C800italic%2C900%2C900italic%7CArchivo%3A100%2C100italic%2C200%2C200italic%2C300%2C300italic%2C400%2C400italic%2C500%2C500italic%2C600%2C600italic%2C700%2C700italic%2C800%2C800italic%2C900%2C900italic&display=swap&ver=6.2.2	1685948949462	1685948949786	OK	 
REQUEST		css?family=Lato%3A100%2C200%2C300%2C400%2C500%2C600%2C700%2C800%2C900%2C100i%2C200i%2C300i%2C400i%2C500i%2C600i%2C700i%2C800i%2C900i&subset=latin&display=swap&ver=6.2.2	1685948949487	1685948949789	OK	 
REQUEST		css?family=Lato%3A100%2C100italic%2C200%2C200italic%2C300%2C300italic%2C400%2C400italic%2C500%2C500italic%2C600%2C600italic%2C700%2C700italic%2C800%2C800italic%2C900%2C900italic%7CRoboto+Slab%3A100%2C100italic%2C200%2C200italic%2C300%2C300italic%2C400%2C400italic%2C500%2C500italic%2C600%2C600italic%2C700%2C700italic%2C800%2C800italic%2C900%2C900italic%7CRoboto%3A100%2C100italic%2C200%2C200italic%2C300%2C300italic%2C400%2C400italic%2C500%2C500italic%2C600%2C600italic%2C700%2C700italic%2C800%2C800italic%2C900%2C900italic%7CPlayfair+Display%3A100%2C100italic%2C200%2C200italic%2C300%2C300italic%2C400%2C400italic%2C500%2C500italic%2C600%2C600italic%2C700%2C700italic%2C800%2C800italic%2C900%2C900italic%7CArchivo%3A100%2C100italic%2C200%2C200italic%2C300%2C300italic%2C400%2C400italic%2C500%2C500italic%2C600%2C600italic%2C700%2C700italic%2C800%2C800italic%2C900%2C900italic&display=swap&ver=6.2.2	1685948949488	1685948949807	OK	 
REQUEST		woo-mini-cart.min.css?ver=6.2.2	1685948949756	1685948950038	OK	 
REQUEST		woo-mini-cart.min.css?ver=6.2.2	1685948949786	1685948950074	OK	 
REQUEST		all.min.css?ver=5.15.1	1685948950039	1685948950329	OK	 
REQUEST		styles.css?ver=5.7.6	1685948949468	1685948950332	OK	 
REQUEST		wc-blocks-vendors-style.css?ver=10.0.6	1685948949489	1685948950339	OK	 
REQUEST		classic-themes.min.css?ver=6.2.2	1685948949466	1685948950339	OK	 
REQUEST		classic-themes.min.css?ver=6.2.2	1685948949491	1685948950342	OK	 
REQUEST		wc-blocks-vendors-style.css?ver=10.0.6	1685948949464	1685948950360	OK	 
REQUEST		style.css?ver=6.2.2	1685948949467	1685948950362	OK	 
REQUEST		all.min.css?ver=5.15.1	1685948950075	1685948950369	OK	 
REQUEST		style.css?ver=6.2.2	1685948949492	1685948950371	OK	 
REQUEST		styles.css?ver=5.7.6	1685948949492	1685948950373	OK	 
REQUEST		simple-line-icons.min.css?ver=2.4.0	1685948950330	1685948950617	OK	 
REQUEST		simple-line-icons.min.css?ver=2.4.0	1685948950340	1685948950623	OK	 
REQUEST		swiper.min.css?ver=5.3.6	1685948950362	1685948950650	OK	 
REQUEST		swiper.min.css?ver=5.3.6	1685948950373	1685948950660	OK	 
REQUEST		elementor-icons.min.css?ver=5.20.0	1685948950370	1685948950662	OK	 
REQUEST		post-5.css?ver=1682506416	1685948950618	1685948950900	OK	 
REQUEST		post-5.css?ver=1682506416	1685948950624	1685948950902	OK	 
REQUEST		elementor-icons.min.css?ver=5.20.0	1685948950340	1685948950907	OK	 
REQUEST		frontend-lite.min.css?ver=3.11.3	1685948950651	1685948950939	OK	 
REQUEST		frontend-lite.min.css?ver=3.11.3	1685948950661	1685948950947	OK	 
REQUEST		global.css?ver=1682506424	1685948950664	1685948950955	OK	 
REQUEST		post-135.css?ver=1682506425	1685948950903	1685948951188	OK	 
REQUEST		global.css?ver=1682506424	1685948950901	1685948951192	OK	 
REQUEST		post-135.css?ver=1682506425	1685948950908	1685948951210	OK	 
REQUEST		frontend-lite.min.css?ver=3.13.4	1685948950361	1685948951228	OK	 
REQUEST		post-176.css?ver=1682506425	1685948950939	1685948951230	OK	 
REQUEST		frontend-lite.min.css?ver=3.13.4	1685948950371	1685948951232	OK	 
REQUEST		post-176.css?ver=1682506425	1685948950948	1685948951234	OK	 
REQUEST		ekiticons.css?ver=2.8.7	1685948950955	1685948951253	OK	 
REQUEST		style.min.css?ver=3.4.3	1685948950333	1685948951454	OK	 
REQUEST		wc-blocks-style.css?ver=10.0.6	1685948949465	1685948951474	OK	 
REQUEST		select2.css?ver=6.7.0	1685948951189	1685948951486	OK	 
REQUEST		ekiticons.css?ver=2.8.7	1685948951193	1685948951489	OK	 
REQUEST		style.min.css?ver=3.4.3	1685948950343	1685948951491	OK	 
REQUEST		select2.css?ver=6.7.0	1685948951211	1685948951495	OK	 
REQUEST		wc-blocks-style.css?ver=10.0.6	1685948949490	1685948951510	OK	 
REQUEST		wcfmvm-style-membership-registration.css?ver=2.10.7	1685948951231	1685948951517	OK	 
REQUEST		jquery-ui.min.css?ver=7.7.2	1685948951229	1685948951519	OK	 
REQUEST		jquery-ui.min.css?ver=7.7.2	1685948951233	1685948951522	OK	 
REQUEST		wcfmvm-style-membership-registration.css?ver=2.10.7	1685948951235	1685948951524	OK	 
REQUEST		wcfmvm-style-custom-1681106792.css?ver=2.10.7	1685948951254	1685948951542	OK	 
REQUEST		wcfmvm-style-custom-1681106792.css?ver=2.10.7	1685948951456	1685948951735	OK	 
REQUEST		wcfmicon.min.css?ver=6.7.0	1685948951478	1685948951764	OK	 
REQUEST		wcfm-style-core.css?ver=6.7.0	1685948951490	1685948951775	OK	 
REQUEST		wcfm-style-core.css?ver=6.7.0	1685948951492	1685948951777	OK	 
REQUEST		woo-star-font.min.css?ver=6.2.2	1685948951518	1685948951802	OK	 
REQUEST		woocommerce.min.css?ver=6.2.2	1685948951516	1685948951802	OK	 
REQUEST		woo-quick-view.min.css?ver=6.2.2	1685948951520	1685948951807	OK	 
REQUEST		woo-star-font.min.css?ver=6.2.2	1685948951523	1685948951809	OK	 
REQUEST		woo-quick-view.min.css?ver=6.2.2	1685948951525	1685948951811	OK	 
REQUEST		wcfmicon.min.css?ver=6.7.0	1685948951487	1685948952043	OK	 
REQUEST		responsive.css?ver=2.8.7	1685948951765	1685948952052	OK	 
REQUEST		um-fonticons-ii.css?ver=2.6.0	1685948951775	1685948952113	OK	 
REQUEST		responsive.css?ver=2.8.7	1685948951778	1685948952146	OK	 
REQUEST		woocommerce.min.css?ver=6.2.2	1685948951496	1685948952159	OK	 
REQUEST		widget-styles.css?ver=2.8.7	1685948951543	1685948952160	OK	 
REQUEST		select2.min.css?ver=4.0.13	1685948951807	1685948952162	OK	 
REQUEST		um-fonticons-fa.css?ver=2.6.0	1685948951809	1685948952163	OK	 
REQUEST		select2.min.css?ver=4.0.13	1685948951811	1685948952165	OK	 
REQUEST		um-fonticons-ii.css?ver=2.6.0	1685948951804	1685948952168	OK	 
REQUEST		um-crop.css?ver=2.6.0	1685948952045	1685948952322	OK	 
REQUEST		um-crop.css?ver=2.6.0	1685948952053	1685948952337	OK	 
REQUEST		um-modal.css?ver=2.6.0	1685948952114	1685948952396	OK	 
REQUEST		um-modal.css?ver=2.6.0	1685948952147	1685948952428	OK	 
REQUEST		um-fonticons-fa.css?ver=2.6.0	1685948951803	1685948952443	OK	 
REQUEST		um-misc.css?ver=2.6.0	1685948952169	1685948952450	OK	 
REQUEST		um-styles.css?ver=2.6.0	1685948952161	1685948952450	OK	 
REQUEST		um-profile.css?ver=2.6.0	1685948952163	1685948952452	OK	 
REQUEST		um-profile.css?ver=2.6.0	1685948952164	1685948952452	OK	 
REQUEST		um-account.css?ver=2.6.0	1685948952166	1685948952454	OK	 
REQUEST		um-styles.css?ver=2.6.0	1685948952162	1685948952457	OK	 
REQUEST		um-fileupload.css?ver=2.6.0	1685948952322	1685948952631	OK	 
REQUEST		widget-styles.css?ver=2.8.7	1685948951736	1685948952631	OK	 
REQUEST		um-account.css?ver=2.6.0	1685948952338	1685948952635	OK	 
REQUEST		um-misc.css?ver=2.6.0	1685948952397	1685948952679	OK	 
REQUEST		default.css?ver=2.6.0	1685948952428	1685948952711	OK	 
REQUEST		um-fileupload.css?ver=2.6.0	1685948952444	1685948952732	OK	 
REQUEST		default.date.css?ver=2.6.0	1685948952451	1685948952732	OK	 
REQUEST		default.css?ver=2.6.0	1685948952451	1685948952737	OK	 
REQUEST		default.time.css?ver=2.6.0	1685948952453	1685948952739	OK	 
REQUEST		default.date.css?ver=2.6.0	1685948952453	1685948952739	OK	 
REQUEST		um-raty.css?ver=2.6.0	1685948952455	1685948952740	OK	 
REQUEST		simplebar.css?ver=2.6.0	1685948952458	1685948952745	OK	 
REQUEST		um-tipsy.css?ver=2.6.0	1685948952631	1685948952928	OK	 
REQUEST		default.time.css?ver=2.6.0	1685948952634	1685948952928	OK	 
REQUEST		um-raty.css?ver=2.6.0	1685948952635	1685948952930	OK	 
REQUEST		simplebar.css?ver=2.6.0	1685948952680	1685948952962	OK	 
REQUEST		um-responsive.css?ver=2.6.0	1685948952712	1685948952994	OK	 
REQUEST		um-old-default.css?ver=2.6.0	1685948952733	1685948953011	OK	 
REQUEST		um-tipsy.css?ver=2.6.0	1685948952733	1685948953017	OK	 
REQUEST		um-responsive.css?ver=2.6.0	1685948952738	1685948953022	OK	 
REQUEST		solid.min.css?ver=5.15.3	1685948952741	1685948953030	OK	 
REQUEST		fontawesome.min.css?ver=5.15.3	1685948952740	1685948953033	OK	 
REQUEST		regular.min.css?ver=5.15.3	1685948952746	1685948953034	OK	 
REQUEST		um-old-default.css?ver=2.6.0	1685948952740	1685948953035	OK	 
REQUEST		jquery.min.js?ver=3.6.4	1685948952929	1685948953215	OK	 
REQUEST		fontawesome.min.css?ver=5.15.3	1685948952929	1685948953221	OK	 
REQUEST		solid.min.css?ver=5.15.3	1685948952930	1685948953223	OK	 
REQUEST		regular.min.css?ver=5.15.3	1685948952963	1685948953245	OK	 
REQUEST		jquery-migrate.min.js?ver=3.4.0	1685948952996	1685948953278	OK	 
REQUEST		um-gdpr.min.js?ver=2.6.0	1685948953012	1685948953289	OK	 
REQUEST		jquery-migrate.min.js?ver=3.4.0	1685948953023	1685948953307	OK	 
REQUEST		widget-theme-elements.min.css	1685948953031	1685948953316	OK	 
REQUEST		widget-icon-list.min.css	1685948953034	1685948953326	OK	 
REQUEST		widget-nav-menu.min.css	1685948953035	1685948953329	OK	 
REQUEST		um-gdpr.min.js?ver=2.6.0	1685948953036	1685948953329	OK	 
REQUEST		widget-theme-elements.min.css	1685948953222	1685948953512	OK	 
REQUEST		widget-icon-list.min.css	1685948953224	1685948953515	OK	 
REQUEST		widget-nav-menu.min.css	1685948953246	1685948953532	OK	 
REQUEST		scripts.js?ver=1.0	1685948953278	1685948953558	OK	 
REQUEST		index.js?ver=5.7.6	1685948953290	1685948953568	OK	 
REQUEST		jquery.min.js?ver=3.6.4	1685948953018	1685948953590	OK	 
REQUEST		index.js?ver=5.7.6	1685948953317	1685948953603	OK	 
REQUEST		jquery.blockUI.min.js?ver=2.7.0-wc.7.7.2	1685948953327	1685948953613	OK	 
REQUEST		scripts.js?ver=1.0	1685948953330	1685948953615	OK	 
REQUEST		add-to-cart.min.js?ver=7.7.2	1685948953330	1685948953618	OK	 
REQUEST		widget-woocommerce.min.css	1685948953215	1685948953776	OK	 
REQUEST		index.js?ver=5.7.6	1685948953513	1685948953796	OK	 
REQUEST		index.js?ver=5.7.6	1685948953515	1685948953801	OK	 
REQUEST		jquery.blockUI.min.js?ver=2.7.0-wc.7.7.2	1685948953533	1685948953816	OK	 
REQUEST		js.cookie.min.js?ver=2.1.4-wc.7.7.2	1685948953559	1685948953840	OK	 
REQUEST		woocommerce.min.js?ver=7.7.2	1685948953569	1685948953847	OK	 
REQUEST		add-to-cart.min.js?ver=7.7.2	1685948953590	1685948953875	OK	 
REQUEST		widget-woocommerce.min.css	1685948953308	1685948953879	OK	 
REQUEST		cart-fragments.min.js?ver=7.7.2	1685948953604	1685948953888	OK	 
REQUEST		imagesloaded.min.js?ver=4.1.4	1685948953614	1685948953901	OK	 
REQUEST		js.cookie.min.js?ver=2.1.4-wc.7.7.2	1685948953616	1685948953903	OK	 
REQUEST		theme.min.js?ver=3.4.3	1685948953619	1685948953908	OK	 
REQUEST		drop-down-mobile-menu.min.js?ver=3.4.3	1685948953778	1685948954056	OK	 
REQUEST		woocommerce.min.js?ver=7.7.2	1685948953797	1685948954076	OK	 
REQUEST		cart-fragments.min.js?ver=7.7.2	1685948953801	1685948954086	OK	 
REQUEST		imagesloaded.min.js?ver=4.1.4	1685948953818	1685948954100	OK	 
REQUEST		magnific-popup.min.js?ver=3.4.3	1685948953841	1685948954123	OK	 
REQUEST		ow-lightbox.min.js?ver=3.4.3	1685948953847	1685948954128	OK	 
REQUEST		theme.min.js?ver=3.4.3	1685948953876	1685948954166	OK	 
REQUEST		drop-down-mobile-menu.min.js?ver=3.4.3	1685948953881	1685948954168	OK	 
REQUEST		ow-slider.min.js?ver=3.4.3	1685948953901	1685948954192	OK	 
REQUEST		magnific-popup.min.js?ver=3.4.3	1685948953903	1685948954194	OK	 
REQUEST		scroll-effect.min.js?ver=3.4.3	1685948953909	1685948954198	OK	 
REQUEST		scroll-top.min.js?ver=3.4.3	1685948954056	1685948954334	OK	 
REQUEST		ow-lightbox.min.js?ver=3.4.3	1685948954076	1685948954357	OK	 
REQUEST		flickity.pkgd.min.js?ver=3.4.3	1685948954087	1685948954373	OK	 
REQUEST		ow-slider.min.js?ver=3.4.3	1685948954101	1685948954383	OK	 
REQUEST		select.min.js?ver=3.4.3	1685948954123	1685948954405	OK	 
REQUEST		woo-custom-features.min.js?ver=3.4.3	1685948954129	1685948954409	OK	 
REQUEST		scroll-effect.min.js?ver=3.4.3	1685948954166	1685948954452	OK	 
REQUEST		scroll-top.min.js?ver=3.4.3	1685948954168	1685948954454	OK	 
REQUEST		flickity.pkgd.min.js?ver=3.4.3	1685948953888	1685948954459	OK	 
REQUEST		frontend-script.js?ver=2.8.7	1685948954192	1685948954478	OK	 
REQUEST		select.min.js?ver=3.4.3	1685948954194	1685948954482	OK	 
REQUEST		widget-scripts.js?ver=2.8.7	1685948954198	1685948954504	OK	 
REQUEST		select2.js?ver=6.7.0	1685948954335	1685948954619	OK	 
REQUEST		woo-custom-features.min.js?ver=3.4.3	1685948954358	1685948954638	OK	 
REQUEST		frontend-script.js?ver=2.8.7	1685948954374	1685948954655	OK	 
REQUEST		widget-scripts.js?ver=2.8.7	1685948954383	1685948954681	OK	 
REQUEST		core.min.js?ver=1.13.2	1685948954405	1685948954689	OK	 
REQUEST		datepicker.min.js?ver=1.13.2	1685948954410	1685948954691	OK	 
REQUEST		select2.js?ver=6.7.0	1685948954453	1685948954744	OK	 
REQUEST		core.min.js?ver=1.13.2	1685948954454	1685948954745	OK	 
REQUEST		country-select.min.js?ver=7.7.2	1685948954459	1685948954747	OK	 
REQUEST		wcfmvm-script-membership-registration.js?ver=2.10.7	1685948954478	1685948954765	OK	 
REQUEST		datepicker.min.js?ver=1.13.2	1685948954483	1685948954773	OK	 
REQUEST		jquery.blockUI.min.js?ver=6.7.0	1685948954504	1685948954793	OK	 
REQUEST		country-select.min.js?ver=7.7.2	1685948954638	1685948954980	OK	 
REQUEST		wcfm-script-core.js?ver=6.7.0	1685948954620	1685948954985	OK	 
REQUEST		underscore.min.js?ver=1.13.4	1685948954692	1685948954987	OK	 
REQUEST		wcfmvm-script-membership-registration.js?ver=2.10.7	1685948954655	1685948954987	OK	 
REQUEST		jquery.blockUI.min.js?ver=6.7.0	1685948954681	1685948954989	OK	 
REQUEST		woo-quick-view.min.js?ver=3.4.3	1685948954689	1685948954992	OK	 
REQUEST		wcfm-script-core.js?ver=6.7.0	1685948954744	1685948955036	OK	 
REQUEST		woo-quick-view.min.js?ver=3.4.3	1685948954746	1685948955039	OK	 
REQUEST		wp-util.min.js?ver=6.2.2	1685948954747	1685948955049	OK	 
REQUEST		add-to-cart-variation.min.js?ver=7.7.2	1685948954765	1685948955058	OK	 
REQUEST		underscore.min.js?ver=1.13.4	1685948954774	1685948955062	OK	 
REQUEST		jquery.flexslider.min.js?ver=2.7.2-wc.7.7.2	1685948954794	1685948955083	OK	 
REQUEST		wp-util.min.js?ver=6.2.2	1685948954980	1685948955259	OK	 
REQUEST		woo-mini-cart.min.js?ver=3.4.3	1685948954985	1685948955266	OK	 
REQUEST		select2.full.min.js?ver=4.0.13	1685948954987	1685948955275	OK	 
REQUEST		add-to-cart-variation.min.js?ver=7.7.2	1685948954988	1685948955276	OK	 
REQUEST		jquery.flexslider.min.js?ver=2.7.2-wc.7.7.2	1685948954989	1685948955278	OK	 
REQUEST		um-crop.min.js?ver=2.6.0	1685948954992	1685948955280	OK	 
REQUEST		woo-mini-cart.min.js?ver=3.4.3	1685948955036	1685948955321	OK	 
REQUEST		select2.full.min.js?ver=4.0.13	1685948955040	1685948955329	OK	 
REQUEST		um-modal.min.js?ver=2.6.0	1685948955050	1685948955338	OK	 
REQUEST		um-jquery-form.min.js?ver=2.6.0	1685948955059	1685948955346	OK	 
REQUEST		um-crop.min.js?ver=2.6.0	1685948955062	1685948955350	OK	 
REQUEST		um-fileupload.js?ver=2.6.0	1685948955084	1685948955379	OK	 
REQUEST		um-modal.min.js?ver=2.6.0	1685948955259	1685948955538	OK	 
REQUEST		picker.js?ver=2.6.0	1685948955267	1685948955556	OK	 
REQUEST		picker.date.js?ver=2.6.0	1685948955276	1685948955559	OK	 
REQUEST		um-jquery-form.min.js?ver=2.6.0	1685948955276	1685948955562	OK	 
REQUEST		um-fileupload.js?ver=2.6.0	1685948955279	1685948955565	OK	 
REQUEST		picker.time.js?ver=2.6.0	1685948955280	1685948955575	OK	 
REQUEST		picker.js?ver=2.6.0	1685948955322	1685948955619	OK	 
REQUEST		picker.date.js?ver=2.6.0	1685948955330	1685948955621	OK	 
REQUEST		wp-polyfill-inert.min.js?ver=3.1.2	1685948955339	1685948955623	OK	 
REQUEST		Vendor Registration Request	1685948898166	1685948955624	OK	 
REQUEST		regenerator-runtime.min.js?ver=0.13.11	1685948955347	1685948955643	OK	 
REQUEST		Vendor Registration Request	1685948895652	1685948955655	KO	i.g.h.c.i.RequestTimeoutException: Request timeout to tmsssepfisheries.org/107.161.23.26:443 after 60000 ms
USER	Vendor Registration Load Test	END	1685948955656
REQUEST		picker.time.js?ver=2.6.0	1685948955350	1685948955662	OK	 
REQUEST		wp-polyfill.min.js?ver=3.15.0	1685948955380	1685948955687	OK	 
REQUEST		Vendor Registration Request	1685948895770	1685948955778	KO	i.g.h.c.i.RequestTimeoutException: Request timeout to tmsssepfisheries.org/107.161.23.26:443 after 60000 ms
USER	Vendor Registration Load Test	END	1685948955778
REQUEST		wp-polyfill-inert.min.js?ver=3.1.2	1685948955538	1685948955817	OK	 
REQUEST		hooks.min.js?ver=4169d3cf8e8d95a3d6d5	1685948955557	1685948955835	OK	 
REQUEST		i18n.min.js?ver=9e794f35a71bb98672ae	1685948955560	1685948955838	OK	 
REQUEST		regenerator-runtime.min.js?ver=0.13.11	1685948955562	1685948955846	OK	 
REQUEST		wp-polyfill.min.js?ver=3.15.0	1685948955565	1685948955849	OK	 
REQUEST		um-raty.min.js?ver=2.6.0	1685948955575	1685948955857	OK	 
REQUEST		hooks.min.js?ver=4169d3cf8e8d95a3d6d5	1685948955619	1685948955924	OK	 
REQUEST		i18n.min.js?ver=9e794f35a71bb98672ae	1685948955622	1685948955925	OK	 
REQUEST		um-tipsy.min.js?ver=2.6.0	1685948955624	1685948955925	OK	 
REQUEST		masonry.min.js?ver=4.2.2	1685948955643	1685948955930	OK	 
REQUEST		um-raty.min.js?ver=2.6.0	1685948955663	1685948955950	OK	 
REQUEST		style.min.css?ver=6.2.2	1685948955669	1685948955967	OK	 
REQUEST		css?family=Lato%3A100%2C200%2C300%2C400%2C500%2C600%2C700%2C800%2C900%2C100i%2C200i%2C300i%2C400i%2C500i%2C600i%2C700i%2C800i%2C900i&subset=latin&display=swap&ver=6.2.2	1685948955666	1685948955976	OK	 
REQUEST		jquery.masonry.min.js?ver=3.1.2b	1685948955687	1685948955977	OK	 
REQUEST		Vendor Registration Request	1685948895976	1685948955981	KO	i.g.h.c.i.RequestTimeoutException: Request timeout to tmsssepfisheries.org/107.161.23.26:443 after 60000 ms
USER	Vendor Registration Load Test	END	1685948955982
REQUEST		css?family=Lato%3A100%2C100italic%2C200%2C200italic%2C300%2C300italic%2C400%2C400italic%2C500%2C500italic%2C600%2C600italic%2C700%2C700italic%2C800%2C800italic%2C900%2C900italic%7CRoboto+Slab%3A100%2C100italic%2C200%2C200italic%2C300%2C300italic%2C400%2C400italic%2C500%2C500italic%2C600%2C600italic%2C700%2C700italic%2C800%2C800italic%2C900%2C900italic%7CRoboto%3A100%2C100italic%2C200%2C200italic%2C300%2C300italic%2C400%2C400italic%2C500%2C500italic%2C600%2C600italic%2C700%2C700italic%2C800%2C800italic%2C900%2C900italic%7CPlayfair+Display%3A100%2C100italic%2C200%2C200italic%2C300%2C300italic%2C400%2C400italic%2C500%2C500italic%2C600%2C600italic%2C700%2C700italic%2C800%2C800italic%2C900%2C900italic%7CArchivo%3A100%2C100italic%2C200%2C200italic%2C300%2C300italic%2C400%2C400italic%2C500%2C500italic%2C600%2C600italic%2C700%2C700italic%2C800%2C800italic%2C900%2C900italic&display=swap&ver=6.2.2	1685948955668	1685948955996	OK	 
REQUEST		um-tipsy.min.js?ver=2.6.0	1685948955817	1685948956106	OK	 
REQUEST		simplebar.min.js?ver=2.6.0	1685948955835	1685948956118	OK	 
REQUEST		um-functions.min.js?ver=2.6.0	1685948955838	1685948956119	OK	 
REQUEST		masonry.min.js?ver=4.2.2	1685948955846	1685948956130	OK	 
REQUEST		jquery.masonry.min.js?ver=3.1.2b	1685948955850	1685948956132	OK	 
REQUEST		um-responsive.min.js?ver=2.6.0	1685948955858	1685948956138	OK	 
REQUEST		simplebar.min.js?ver=2.6.0	1685948955924	1685948956213	OK	 
REQUEST		um-conditional.min.js?ver=2.6.0	1685948955926	1685948956214	OK	 
REQUEST		um-functions.min.js?ver=2.6.0	1685948955926	1685948956214	OK	 
REQUEST		um-scripts.min.js?ver=2.6.0	1685948955931	1685948956223	OK	 
REQUEST		um-responsive.min.js?ver=2.6.0	1685948955950	1685948956242	OK	 
REQUEST		woo-mini-cart.min.css?ver=6.2.2	1685948955968	1685948956248	OK	 
REQUEST		um-profile.min.js?ver=2.6.0	1685948955977	1685948956266	OK	 
REQUEST		Vendor Registration Request	1685948896378	1685948956389	KO	i.g.h.c.i.RequestTimeoutException: Request timeout to tmsssepfisheries.org/107.161.23.26:443 after 60000 ms
REQUEST		um-conditional.min.js?ver=2.6.0	1685948956107	1685948956389	OK	 
USER	Vendor Registration Load Test	END	1685948956390
REQUEST		um-account.min.js?ver=2.6.0	1685948956118	1685948956419	OK	 
REQUEST		um-profile.min.js?ver=2.6.0	1685948956132	1685948956420	OK	 
REQUEST		jquery.smartmenus.min.js?ver=1.0.1	1685948956120	1685948956429	OK	 
REQUEST		um-scripts.min.js?ver=2.6.0	1685948956131	1685948956430	OK	 
REQUEST		webpack-pro.runtime.min.js?ver=3.11.3	1685948956139	1685948956433	OK	 
REQUEST		um-account.min.js?ver=2.6.0	1685948956213	1685948956501	OK	 
REQUEST		webpack.runtime.min.js?ver=3.13.4	1685948956214	1685948956502	OK	 
REQUEST		jquery.smartmenus.min.js?ver=1.0.1	1685948956214	1685948956503	OK	 
REQUEST		frontend-modules.min.js?ver=3.13.4	1685948956223	1685948956515	OK	 
REQUEST		all.min.css?ver=5.15.1	1685948956249	1685948956535	OK	 
REQUEST		webpack-pro.runtime.min.js?ver=3.11.3	1685948956243	1685948956543	OK	 
REQUEST		classic-themes.min.css?ver=6.2.2	1685948955672	1685948956545	OK	 
REQUEST		wc-blocks-vendors-style.css?ver=10.0.6	1685948955670	1685948956547	OK	 
REQUEST		style.css?ver=6.2.2	1685948955673	1685948956549	OK	 
REQUEST		styles.css?ver=5.7.6	1685948955674	1685948956552	OK	 
REQUEST		frontend.min.js?ver=3.11.3	1685948956266	1685948956563	OK	 
REQUEST		webpack.runtime.min.js?ver=3.13.4	1685948956390	1685948956672	OK	 
REQUEST		waypoints.min.js?ver=4.0.2	1685948956420	1685948956704	OK	 
REQUEST		frontend-modules.min.js?ver=3.13.4	1685948956420	1685948956714	OK	 
REQUEST		frontend.min.js?ver=3.13.4	1685948956429	1685948956719	OK	 
REQUEST		frontend.min.js?ver=3.11.3	1685948956431	1685948956719	OK	 
REQUEST		elements-handlers.min.js?ver=3.11.3	1685948956434	1685948956740	OK	 
REQUEST		animate-circle.js?ver=2.8.7	1685948956502	1685948956796	OK	 
REQUEST		waypoints.min.js?ver=4.0.2	1685948956502	1685948956796	OK	 
REQUEST		frontend.min.js?ver=3.13.4	1685948956503	1685948956797	OK	 
REQUEST		elementor.js?ver=2.8.7	1685948956516	1685948956816	OK	 
REQUEST		simple-line-icons.min.css?ver=2.4.0	1685948956536	1685948956817	OK	 
REQUEST		elements-handlers.min.js?ver=3.11.3	1685948956543	1685948956831	OK	 
REQUEST		elementor-icons.min.css?ver=5.20.0	1685948956548	1685948956834	OK	 
REQUEST		swiper.min.css?ver=5.3.6	1685948956552	1685948956836	OK	 
REQUEST		jquery.sticky.min.js?ver=3.11.3	1685948956563	1685948956853	OK	 
USER	Vendor Registration Load Test	END	1685948956856
REQUEST		animate-circle.js?ver=2.8.7	1685948956672	1685948956957	OK	 
REQUEST		elementor.js?ver=2.8.7	1685948956715	1685948957001	OK	 
REQUEST		jquery.sticky.min.js?ver=3.11.3	1685948956719	1685948957009	OK	 
USER	Vendor Registration Load Test	END	1685948957013
REQUEST		post-5.css?ver=1682506416	1685948956818	1685948957112	OK	 
REQUEST		frontend-lite.min.css?ver=3.11.3	1685948956835	1685948957120	OK	 
REQUEST		Vendor Registration Request	1685948897179	1685948957195	KO	i.g.h.c.i.RequestTimeoutException: Request timeout to tmsssepfisheries.org/107.161.23.26:443 after 60000 ms
USER	Vendor Registration Load Test	END	1685948957196
REQUEST		post-135.css?ver=1682506425	1685948957113	1685948957401	OK	 
REQUEST		frontend-lite.min.css?ver=3.13.4	1685948956549	1685948957407	OK	 
REQUEST		global.css?ver=1682506424	1685948956836	1685948957410	OK	 
REQUEST		post-176.css?ver=1682506425	1685948957120	1685948957415	OK	 
REQUEST		Vendor Registration Request	1685948897570	1685948957573	KO	i.g.h.c.i.RequestTimeoutException: Request timeout to tmsssepfisheries.org/107.161.23.26:443 after 60000 ms
USER	Vendor Registration Load Test	END	1685948957574
REQUEST		wc-blocks-style.css?ver=10.0.6	1685948955671	1685948957674	OK	 
REQUEST		ekiticons.css?ver=2.8.7	1685948957402	1685948957695	OK	 
REQUEST		style.min.css?ver=3.4.3	1685948956546	1685948957698	OK	 
REQUEST		select2.css?ver=6.7.0	1685948957408	1685948957709	OK	 
REQUEST		wcfmvm-style-membership-registration.css?ver=2.10.7	1685948957415	1685948957712	OK	 
REQUEST		jquery-ui.min.css?ver=7.7.2	1685948957411	1685948957714	OK	 
REQUEST		wcfmvm-style-custom-1681106792.css?ver=2.10.7	1685948957679	1685948957966	OK	 
REQUEST		wcfmicon.min.css?ver=6.7.0	1685948957697	1685948957986	OK	 
REQUEST		woo-star-font.min.css?ver=6.2.2	1685948957712	1685948957999	OK	 
REQUEST		wcfm-style-core.css?ver=6.7.0	1685948957700	1685948958001	OK	 
REQUEST		woo-quick-view.min.css?ver=6.2.2	1685948957715	1685948958005	OK	 
REQUEST		responsive.css?ver=2.8.7	1685948957987	1685948958270	OK	 
REQUEST		woocommerce.min.css?ver=6.2.2	1685948957710	1685948958285	OK	 
REQUEST		um-fonticons-fa.css?ver=2.6.0	1685948958002	1685948958288	OK	 
REQUEST		um-fonticons-ii.css?ver=2.6.0	1685948958000	1685948958290	OK	 
REQUEST		select2.min.css?ver=4.0.13	1685948958005	1685948958292	OK	 
REQUEST		widget-styles.css?ver=2.8.7	1685948957967	1685948958552	OK	 
REQUEST		um-crop.css?ver=2.6.0	1685948958271	1685948958556	OK	 
REQUEST		um-modal.css?ver=2.6.0	1685948958286	1685948958567	OK	 
REQUEST		Vendor Registration Request	1685948898560	1685948958570	KO	i.g.h.c.i.RequestTimeoutException: Request timeout to tmsssepfisheries.org/107.161.23.26:443 after 60000 ms
USER	Vendor Registration Load Test	END	1685948958570
REQUEST		um-styles.css?ver=2.6.0	1685948958289	1685948958571	OK	 
REQUEST		um-profile.css?ver=2.6.0	1685948958291	1685948958575	OK	 
REQUEST		um-account.css?ver=2.6.0	1685948958293	1685948958577	OK	 
REQUEST		Vendor Registration Request	1685948898766	1685948958772	KO	i.g.h.c.i.RequestTimeoutException: Request timeout to tmsssepfisheries.org/107.161.23.26:443 after 60000 ms
USER	Vendor Registration Load Test	END	1685948958772
REQUEST		um-misc.css?ver=2.6.0	1685948958555	1685948958836	OK	 
REQUEST		um-fileupload.css?ver=2.6.0	1685948958556	1685948958838	OK	 
REQUEST		default.css?ver=2.6.0	1685948958568	1685948958854	OK	 
REQUEST		default.date.css?ver=2.6.0	1685948958572	1685948958855	OK	 
REQUEST		um-raty.css?ver=2.6.0	1685948958577	1685948958858	OK	 
REQUEST		default.time.css?ver=2.6.0	1685948958576	1685948958859	OK	 
REQUEST		Vendor Registration Request	1685948898968	1685948958974	KO	i.g.h.c.i.RequestTimeoutException: Request timeout to tmsssepfisheries.org/107.161.23.26:443 after 60000 ms
USER	Vendor Registration Load Test	END	1685948958974
REQUEST		simplebar.css?ver=2.6.0	1685948958837	1685948959129	OK	 
REQUEST		um-tipsy.css?ver=2.6.0	1685948958839	1685948959130	OK	 
REQUEST		um-responsive.css?ver=2.6.0	1685948958854	1685948959137	OK	 
REQUEST		um-old-default.css?ver=2.6.0	1685948958856	1685948959138	OK	 
REQUEST		fontawesome.min.css?ver=5.15.3	1685948958858	1685948959151	OK	 
REQUEST		solid.min.css?ver=5.15.3	1685948958860	1685948959153	OK	 
REQUEST		Vendor Registration Request	1685948899169	1685948959177	KO	i.g.h.c.i.RequestTimeoutException: Request timeout to tmsssepfisheries.org/107.161.23.26:443 after 60000 ms
USER	Vendor Registration Load Test	END	1685948959177
REQUEST		Vendor Registration Request	1685948899359	1685948959367	KO	i.g.h.c.i.RequestTimeoutException: Request timeout to tmsssepfisheries.org/107.161.23.26:443 after 60000 ms
USER	Vendor Registration Load Test	END	1685948959367
REQUEST		regular.min.css?ver=5.15.3	1685948959130	1685948959407	OK	 
REQUEST		jquery.min.js?ver=3.6.4	1685948959131	1685948959432	OK	 
REQUEST		jquery-migrate.min.js?ver=3.4.0	1685948959137	1685948959433	OK	 
REQUEST		um-gdpr.min.js?ver=2.6.0	1685948959139	1685948959435	OK	 
REQUEST		widget-theme-elements.min.css	1685948959152	1685948959436	OK	 
REQUEST		widget-icon-list.min.css	1685948959154	1685948959438	OK	 
REQUEST		Vendor Registration Request	1685948899565	1685948959572	KO	i.g.h.c.i.RequestTimeoutException: Request timeout to tmsssepfisheries.org/107.161.23.26:443 after 60000 ms
USER	Vendor Registration Load Test	END	1685948959572
REQUEST		widget-nav-menu.min.css	1685948959408	1685948959689	OK	 
REQUEST		widget-woocommerce.min.css	1685948959432	1685948959728	OK	 
REQUEST		index.js?ver=5.7.6	1685948959435	1685948959730	OK	 
REQUEST		scripts.js?ver=1.0	1685948959434	1685948959731	OK	 
REQUEST		index.js?ver=5.7.6	1685948959437	1685948959732	OK	 
REQUEST		jquery.blockUI.min.js?ver=2.7.0-wc.7.7.2	1685948959439	1685948959733	OK	 
REQUEST		Vendor Registration Request	1685948899768	1685948959779	KO	i.g.h.c.i.RequestTimeoutException: Request timeout to tmsssepfisheries.org/107.161.23.26:443 after 60000 ms
USER	Vendor Registration Load Test	END	1685948959780
REQUEST		add-to-cart.min.js?ver=7.7.2	1685948959689	1685948959968	OK	 
REQUEST		Vendor Registration Request	1685948899957	1685948959968	KO	i.g.h.c.i.RequestTimeoutException: Request timeout to tmsssepfisheries.org/107.161.23.26:443 after 60000 ms
USER	Vendor Registration Load Test	END	1685948959969
REQUEST		js.cookie.min.js?ver=2.1.4-wc.7.7.2	1685948959729	1685948960009	OK	 
REQUEST		woocommerce.min.js?ver=7.7.2	1685948959730	1685948960011	OK	 
REQUEST		cart-fragments.min.js?ver=7.7.2	1685948959731	1685948960012	OK	 
REQUEST		imagesloaded.min.js?ver=4.1.4	1685948959732	1685948960013	OK	 
REQUEST		theme.min.js?ver=3.4.3	1685948959733	1685948960017	OK	 
REQUEST		Vendor Registration Request	1685948900165	1685948960172	KO	i.g.h.c.i.RequestTimeoutException: Request timeout to tmsssepfisheries.org/107.161.23.26:443 after 60000 ms
USER	Vendor Registration Load Test	END	1685948960172
REQUEST		drop-down-mobile-menu.min.js?ver=3.4.3	1685948959968	1685948960252	OK	 
REQUEST		magnific-popup.min.js?ver=3.4.3	1685948960009	1685948960291	OK	 
REQUEST		ow-lightbox.min.js?ver=3.4.3	1685948960011	1685948960292	OK	 
REQUEST		ow-slider.min.js?ver=3.4.3	1685948960014	1685948960298	OK	 
REQUEST		flickity.pkgd.min.js?ver=3.4.3	1685948960013	1685948960300	OK	 
REQUEST		scroll-effect.min.js?ver=3.4.3	1685948960017	1685948960307	OK	 
REQUEST		Vendor Registration Request	1685948900370	1685948960378	KO	i.g.h.c.i.RequestTimeoutException: Request timeout to tmsssepfisheries.org/107.161.23.26:443 after 60000 ms
USER	Vendor Registration Load Test	END	1685948960378
REQUEST		scroll-top.min.js?ver=3.4.3	1685948960253	1685948960531	OK	 
REQUEST		Vendor Registration Request	1685948900563	1685948960568	KO	i.g.h.c.i.RequestTimeoutException: Request timeout to tmsssepfisheries.org/107.161.23.26:443 after 60000 ms
USER	Vendor Registration Load Test	END	1685948960568
REQUEST		select.min.js?ver=3.4.3	1685948960291	1685948960571	OK	 
REQUEST		woo-custom-features.min.js?ver=3.4.3	1685948960292	1685948960575	OK	 
REQUEST		frontend-script.js?ver=2.8.7	1685948960299	1685948960579	OK	 
REQUEST		select2.js?ver=6.7.0	1685948960308	1685948960605	OK	 
REQUEST		Vendor Registration Request	1685948900770	1685948960774	KO	i.g.h.c.i.RequestTimeoutException: Request timeout to tmsssepfisheries.org/107.161.23.26:443 after 60000 ms
USER	Vendor Registration Load Test	END	1685948960774
REQUEST		core.min.js?ver=1.13.2	1685948960532	1685948960811	OK	 
REQUEST		datepicker.min.js?ver=1.13.2	1685948960571	1685948960884	OK	 
REQUEST		country-select.min.js?ver=7.7.2	1685948960575	1685948960885	OK	 
REQUEST		wcfmvm-script-membership-registration.js?ver=2.10.7	1685948960580	1685948960887	OK	 
REQUEST		widget-scripts.js?ver=2.8.7	1685948960301	1685948960890	OK	 
REQUEST		jquery.blockUI.min.js?ver=6.7.0	1685948960605	1685948960892	OK	 
REQUEST		Vendor Registration Request	1685948900971	1685948960978	KO	i.g.h.c.i.RequestTimeoutException: Request timeout to tmsssepfisheries.org/107.161.23.26:443 after 60000 ms
USER	Vendor Registration Load Test	END	1685948960978
REQUEST		wcfm-script-core.js?ver=6.7.0	1685948960812	1685948961098	OK	 
REQUEST		Vendor Registration Request	1685948901161	1685948961169	KO	i.g.h.c.i.RequestTimeoutException: Request timeout to tmsssepfisheries.org/107.161.23.26:443 after 60000 ms
REQUEST		woo-quick-view.min.js?ver=3.4.3	1685948960884	1685948961169	OK	 
USER	Vendor Registration Load Test	END	1685948961169
REQUEST		underscore.min.js?ver=1.13.4	1685948960885	1685948961199	OK	 
REQUEST		wp-util.min.js?ver=6.2.2	1685948960888	1685948961200	OK	 
REQUEST		add-to-cart-variation.min.js?ver=7.7.2	1685948960890	1685948961214	OK	 
REQUEST		jquery.flexslider.min.js?ver=2.7.2-wc.7.7.2	1685948960893	1685948961219	OK	 
REQUEST		Vendor Registration Request	1685948901367	1685948961371	KO	i.g.h.c.i.RequestTimeoutException: Request timeout to tmsssepfisheries.org/107.161.23.26:443 after 60000 ms
USER	Vendor Registration Load Test	END	1685948961372
REQUEST		woo-mini-cart.min.js?ver=3.4.3	1685948961098	1685948961377	OK	 
REQUEST		select2.full.min.js?ver=4.0.13	1685948961170	1685948961457	OK	 
REQUEST		um-crop.min.js?ver=2.6.0	1685948961200	1685948961481	OK	 
REQUEST		um-modal.min.js?ver=2.6.0	1685948961201	1685948961482	OK	 
REQUEST		um-jquery-form.min.js?ver=2.6.0	1685948961214	1685948961497	OK	 
REQUEST		um-fileupload.js?ver=2.6.0	1685948961219	1685948961503	OK	 
REQUEST		Vendor Registration Request	1685948901571	1685948961577	KO	i.g.h.c.i.RequestTimeoutException: Request timeout to tmsssepfisheries.org/107.161.23.26:443 after 60000 ms
USER	Vendor Registration Load Test	END	1685948961578
REQUEST		picker.js?ver=2.6.0	1685948961378	1685948961659	OK	 
REQUEST		picker.date.js?ver=2.6.0	1685948961457	1685948961741	OK	 
REQUEST		picker.time.js?ver=2.6.0	1685948961482	1685948961765	OK	 
REQUEST		wp-polyfill-inert.min.js?ver=3.1.2	1685948961483	1685948961767	OK	 
REQUEST		Vendor Registration Request	1685948901762	1685948961768	KO	i.g.h.c.i.RequestTimeoutException: Request timeout to tmsssepfisheries.org/107.161.23.26:443 after 60000 ms
USER	Vendor Registration Load Test	END	1685948961769
REQUEST		regenerator-runtime.min.js?ver=0.13.11	1685948961497	1685948961784	OK	 
REQUEST		wp-polyfill.min.js?ver=3.15.0	1685948961503	1685948961790	OK	 
REQUEST		hooks.min.js?ver=4169d3cf8e8d95a3d6d5	1685948961659	1685948961937	OK	 
REQUEST		Vendor Registration Request	1685948901962	1685948961974	KO	i.g.h.c.i.RequestTimeoutException: Request timeout to tmsssepfisheries.org/107.161.23.26:443 after 60000 ms
USER	Vendor Registration Load Test	END	1685948961975
REQUEST		i18n.min.js?ver=9e794f35a71bb98672ae	1685948961741	1685948962021	OK	 
REQUEST		um-raty.min.js?ver=2.6.0	1685948961766	1685948962053	OK	 
REQUEST		um-tipsy.min.js?ver=2.6.0	1685948961767	1685948962056	OK	 
REQUEST		masonry.min.js?ver=4.2.2	1685948961784	1685948962068	OK	 
REQUEST		jquery.masonry.min.js?ver=3.1.2b	1685948961790	1685948962073	OK	 
REQUEST		Vendor Registration Request	1685948902164	1685948962176	KO	i.g.h.c.i.RequestTimeoutException: Request timeout to tmsssepfisheries.org/107.161.23.26:443 after 60000 ms
USER	Vendor Registration Load Test	END	1685948962177
REQUEST		simplebar.min.js?ver=2.6.0	1685948961938	1685948962219	OK	 
REQUEST		um-functions.min.js?ver=2.6.0	1685948962022	1685948962303	OK	 
REQUEST		um-responsive.min.js?ver=2.6.0	1685948962054	1685948962334	OK	 
REQUEST		um-conditional.min.js?ver=2.6.0	1685948962057	1685948962338	OK	 
REQUEST		um-scripts.min.js?ver=2.6.0	1685948962069	1685948962351	OK	 
REQUEST		um-profile.min.js?ver=2.6.0	1685948962073	1685948962356	OK	 
REQUEST		Vendor Registration Request	1685948902368	1685948962379	KO	i.g.h.c.i.RequestTimeoutException: Request timeout to tmsssepfisheries.org/107.161.23.26:443 after 60000 ms
USER	Vendor Registration Load Test	END	1685948962380
REQUEST		um-account.min.js?ver=2.6.0	1685948962219	1685948962497	OK	 
REQUEST		Vendor Registration Request	1685948902570	1685948962583	KO	i.g.h.c.i.RequestTimeoutException: Request timeout to tmsssepfisheries.org/107.161.23.26:443 after 60000 ms
USER	Vendor Registration Load Test	END	1685948962584
REQUEST		jquery.smartmenus.min.js?ver=1.0.1	1685948962303	1685948962587	OK	 
REQUEST		webpack-pro.runtime.min.js?ver=3.11.3	1685948962334	1685948962615	OK	 
REQUEST		webpack.runtime.min.js?ver=3.13.4	1685948962339	1685948962620	OK	 
REQUEST		frontend-modules.min.js?ver=3.13.4	1685948962352	1685948962637	OK	 
REQUEST		frontend.min.js?ver=3.11.3	1685948962356	1685948962640	OK	 
REQUEST		Vendor Registration Request	1685948902756	1685948962756	KO	i.g.h.c.i.RequestTimeoutException: Request timeout to tmsssepfisheries.org/107.161.23.26:443 after 60000 ms
USER	Vendor Registration Load Test	END	1685948962757
REQUEST		waypoints.min.js?ver=4.0.2	1685948962498	1685948962778	OK	 
REQUEST		frontend.min.js?ver=3.13.4	1685948962588	1685948962872	OK	 
REQUEST		elements-handlers.min.js?ver=3.11.3	1685948962615	1685948962900	OK	 
REQUEST		animate-circle.js?ver=2.8.7	1685948962620	1685948962901	OK	 
REQUEST		elementor.js?ver=2.8.7	1685948962637	1685948962920	OK	 
REQUEST		jquery.sticky.min.js?ver=3.11.3	1685948962641	1685948962923	OK	 
USER	Vendor Registration Load Test	END	1685948962925
REQUEST		Vendor Registration Request	1685948902962	1685948962975	KO	i.g.h.c.i.RequestTimeoutException: Request timeout to tmsssepfisheries.org/107.161.23.26:443 after 60000 ms
USER	Vendor Registration Load Test	END	1685948962975
REQUEST		Vendor Registration Request	1685948903167	1685948963178	KO	i.g.h.c.i.RequestTimeoutException: Request timeout to tmsssepfisheries.org/107.161.23.26:443 after 60000 ms
USER	Vendor Registration Load Test	END	1685948963179
REQUEST		Vendor Registration Request	1685948903368	1685948963383	KO	i.g.h.c.i.RequestTimeoutException: Request timeout to tmsssepfisheries.org/107.161.23.26:443 after 60000 ms
USER	Vendor Registration Load Test	END	1685948963384
REQUEST		Vendor Registration Request	1685948903559	1685948963570	KO	i.g.h.c.i.RequestTimeoutException: Request timeout to tmsssepfisheries.org/107.161.23.26:443 after 60000 ms
USER	Vendor Registration Load Test	END	1685948963571
REQUEST		Vendor Registration Request	1685948903765	1685948963773	KO	i.g.h.c.i.RequestTimeoutException: Request timeout to tmsssepfisheries.org/107.161.23.26:443 after 60000 ms
USER	Vendor Registration Load Test	END	1685948963774
REQUEST		Vendor Registration Request	1685948903967	1685948963975	KO	i.g.h.c.i.RequestTimeoutException: Request timeout to tmsssepfisheries.org/107.161.23.26:443 after 60000 ms
USER	Vendor Registration Load Test	END	1685948963976
REQUEST		Vendor Registration Request	1685948904169	1685948964180	KO	i.g.h.c.i.RequestTimeoutException: Request timeout to tmsssepfisheries.org/107.161.23.26:443 after 60000 ms
USER	Vendor Registration Load Test	END	1685948964181
REQUEST		Vendor Registration Request	1685948904361	1685948964372	KO	i.g.h.c.i.RequestTimeoutException: Request timeout to tmsssepfisheries.org/107.161.23.26:443 after 60000 ms
USER	Vendor Registration Load Test	END	1685948964373
REQUEST		Vendor Registration Request	1685948904565	1685948964580	KO	i.g.h.c.i.RequestTimeoutException: Request timeout to tmsssepfisheries.org/107.161.23.26:443 after 60000 ms
USER	Vendor Registration Load Test	END	1685948964581
REQUEST		Vendor Registration Request	1685948904767	1685948964782	KO	i.g.h.c.i.RequestTimeoutException: Request timeout to tmsssepfisheries.org/107.161.23.26:443 after 60000 ms
USER	Vendor Registration Load Test	END	1685948964783
REQUEST		Vendor Registration Request	1685948904956	1685948964958	KO	i.g.h.c.i.RequestTimeoutException: Request timeout to tmsssepfisheries.org/107.161.23.26:443 after 60000 ms
USER	Vendor Registration Load Test	END	1685948964959
REQUEST		Vendor Registration Request	1685948905364	1685948965370	KO	i.g.h.c.i.RequestTimeoutException: Request timeout to tmsssepfisheries.org/107.161.23.26:443 after 60000 ms
USER	Vendor Registration Load Test	END	1685948965371
REQUEST		Vendor Registration Request	1685948905569	1685948965575	KO	i.g.h.c.i.RequestTimeoutException: Request timeout to tmsssepfisheries.org/107.161.23.26:443 after 60000 ms
USER	Vendor Registration Load Test	END	1685948965576
REQUEST		Vendor Registration Request	1685948905755	1685948965766	KO	i.g.h.c.i.RequestTimeoutException: Request timeout to tmsssepfisheries.org/107.161.23.26:443 after 60000 ms
USER	Vendor Registration Load Test	END	1685948965767
REQUEST		Vendor Registration Request	1685948905958	1685948965970	KO	i.g.h.c.i.RequestTimeoutException: Request timeout to tmsssepfisheries.org/107.161.23.26:443 after 60000 ms
USER	Vendor Registration Load Test	END	1685948965972
REQUEST		Vendor Registration Request	1685948906165	1685948966174	KO	i.g.h.c.i.RequestTimeoutException: Request timeout to tmsssepfisheries.org/107.161.23.26:443 after 60000 ms
USER	Vendor Registration Load Test	END	1685948966175
REQUEST		Vendor Registration Request	1685948906372	1685948966379	KO	i.g.h.c.i.RequestTimeoutException: Request timeout to tmsssepfisheries.org/107.161.23.26:443 after 60000 ms
USER	Vendor Registration Load Test	END	1685948966380
REQUEST		Vendor Registration Request	1685948906560	1685948966566	KO	i.g.h.c.i.RequestTimeoutException: Request timeout to tmsssepfisheries.org/107.161.23.26:443 after 60000 ms
USER	Vendor Registration Load Test	END	1685948966567
REQUEST		Vendor Registration Request	1685948906764	1685948966772	KO	i.g.h.c.i.RequestTimeoutException: Request timeout to tmsssepfisheries.org/107.161.23.26:443 after 60000 ms
USER	Vendor Registration Load Test	END	1685948966773
REQUEST		Vendor Registration Request	1685948906969	1685948966977	KO	i.g.h.c.i.RequestTimeoutException: Request timeout to tmsssepfisheries.org/107.161.23.26:443 after 60000 ms
USER	Vendor Registration Load Test	END	1685948966978
REQUEST		Vendor Registration Request	1685948907169	1685948967184	KO	i.g.h.c.i.RequestTimeoutException: Request timeout to tmsssepfisheries.org/107.161.23.26:443 after 60000 ms
USER	Vendor Registration Load Test	END	1685948967185
REQUEST		Vendor Registration Request	1685948907369	1685948967375	KO	i.g.h.c.i.RequestTimeoutException: Request timeout to tmsssepfisheries.org/107.161.23.26:443 after 60000 ms
USER	Vendor Registration Load Test	END	1685948967376
REQUEST		Vendor Registration Request	1685948907559	1685948967561	KO	i.g.h.c.i.RequestTimeoutException: Request timeout to tmsssepfisheries.org/107.161.23.26:443 after 60000 ms
USER	Vendor Registration Load Test	END	1685948967562
REQUEST		Vendor Registration Request	1685948907762	1685948967767	KO	i.g.h.c.i.RequestTimeoutException: Request timeout to tmsssepfisheries.org/107.161.23.26:443 after 60000 ms
USER	Vendor Registration Load Test	END	1685948967768
REQUEST		Vendor Registration Request	1685948907967	1685948967972	KO	i.g.h.c.i.RequestTimeoutException: Request timeout to tmsssepfisheries.org/107.161.23.26:443 after 60000 ms
USER	Vendor Registration Load Test	END	1685948967973
REQUEST		Vendor Registration Request	1685948908169	1685948968176	KO	i.g.h.c.i.RequestTimeoutException: Request timeout to tmsssepfisheries.org/107.161.23.26:443 after 60000 ms
USER	Vendor Registration Load Test	END	1685948968177
REQUEST		Vendor Registration Request	1685948908355	1685948968363	KO	i.g.h.c.i.RequestTimeoutException: Request timeout to tmsssepfisheries.org/107.161.23.26:443 after 60000 ms
USER	Vendor Registration Load Test	END	1685948968363
REQUEST		Vendor Registration Request	1685948908558	1685948968569	KO	i.g.h.c.i.RequestTimeoutException: Request timeout to tmsssepfisheries.org/107.161.23.26:443 after 60000 ms
USER	Vendor Registration Load Test	END	1685948968570
REQUEST		Vendor Registration Request	1685948908765	1685948968773	KO	i.g.h.c.i.RequestTimeoutException: Request timeout to tmsssepfisheries.org/107.161.23.26:443 after 60000 ms
USER	Vendor Registration Load Test	END	1685948968774
REQUEST		Vendor Registration Request	1685948908966	1685948968977	KO	i.g.h.c.i.RequestTimeoutException: Request timeout to tmsssepfisheries.org/107.161.23.26:443 after 60000 ms
USER	Vendor Registration Load Test	END	1685948968978
REQUEST		Vendor Registration Request	1685948909169	1685948969181	KO	i.g.h.c.i.RequestTimeoutException: Request timeout to tmsssepfisheries.org/107.161.23.26:443 after 60000 ms
USER	Vendor Registration Load Test	END	1685948969182
REQUEST		Vendor Registration Request	1685948909356	1685948969370	KO	i.g.h.c.i.RequestTimeoutException: Request timeout to tmsssepfisheries.org/107.161.23.26:443 after 60000 ms
USER	Vendor Registration Load Test	END	1685948969371
REQUEST		Vendor Registration Request	1685948909559	1685948969574	KO	i.g.h.c.i.RequestTimeoutException: Request timeout to tmsssepfisheries.org/107.161.23.26:443 after 60000 ms
USER	Vendor Registration Load Test	END	1685948969575
REQUEST		Vendor Registration Request	1685948909764	1685948969780	KO	i.g.h.c.i.RequestTimeoutException: Request timeout to tmsssepfisheries.org/107.161.23.26:443 after 60000 ms
USER	Vendor Registration Load Test	END	1685948969781
REQUEST		Vendor Registration Request	1685948909970	1685948969970	KO	i.g.h.c.i.RequestTimeoutException: Request timeout to tmsssepfisheries.org/107.161.23.26:443 after 60000 ms
USER	Vendor Registration Load Test	END	1685948969971
REQUEST		Vendor Registration Request	1685948910160	1685948970175	KO	i.g.h.c.i.RequestTimeoutException: Request timeout to tmsssepfisheries.org/107.161.23.26:443 after 60000 ms
USER	Vendor Registration Load Test	END	1685948970176
REQUEST		Vendor Registration Request	1685948910365	1685948970379	KO	i.g.h.c.i.RequestTimeoutException: Request timeout to tmsssepfisheries.org/107.161.23.26:443 after 60000 ms
USER	Vendor Registration Load Test	END	1685948970380
REQUEST		Vendor Registration Request	1685948910571	1685948970583	KO	i.g.h.c.i.RequestTimeoutException: Request timeout to tmsssepfisheries.org/107.161.23.26:443 after 60000 ms
USER	Vendor Registration Load Test	END	1685948970583
REQUEST		Vendor Registration Request	1685948910764	1685948970772	KO	i.g.h.c.i.RequestTimeoutException: Request timeout to tmsssepfisheries.org/107.161.23.26:443 after 60000 ms
USER	Vendor Registration Load Test	END	1685948970773
REQUEST		Vendor Registration Request	1685948910966	1685948970978	KO	i.g.h.c.i.RequestTimeoutException: Request timeout to tmsssepfisheries.org/107.161.23.26:443 after 60000 ms
USER	Vendor Registration Load Test	END	1685948970979
REQUEST		Vendor Registration Request	1685948911155	1685948971165	KO	i.g.h.c.i.RequestTimeoutException: Request timeout to tmsssepfisheries.org/107.161.23.26:443 after 60000 ms
USER	Vendor Registration Load Test	END	1685948971165
REQUEST		Vendor Registration Request	1685948911362	1685948971368	KO	i.g.h.c.i.RequestTimeoutException: Request timeout to tmsssepfisheries.org/107.161.23.26:443 after 60000 ms
USER	Vendor Registration Load Test	END	1685948971369
REQUEST		Vendor Registration Request	1685948911570	1685948971572	KO	i.g.h.c.i.RequestTimeoutException: Request timeout to tmsssepfisheries.org/107.161.23.26:443 after 60000 ms
USER	Vendor Registration Load Test	END	1685948971573
REQUEST		Vendor Registration Request	1685948911761	1685948971762	KO	i.g.h.c.i.RequestTimeoutException: Request timeout to tmsssepfisheries.org/107.161.23.26:443 after 60000 ms
USER	Vendor Registration Load Test	END	1685948971763
REQUEST		Vendor Registration Request	1685948911968	1685948971978	KO	i.g.h.c.i.RequestTimeoutException: Request timeout to tmsssepfisheries.org/107.161.23.26:443 after 60000 ms
USER	Vendor Registration Load Test	END	1685948971979
REQUEST		Vendor Registration Request	1685948912158	1685948972167	KO	i.g.h.c.i.RequestTimeoutException: Request timeout to tmsssepfisheries.org/107.161.23.26:443 after 60000 ms
USER	Vendor Registration Load Test	END	1685948972168
REQUEST		Vendor Registration Request	1685948912364	1685948972371	KO	i.g.h.c.i.RequestTimeoutException: Request timeout to tmsssepfisheries.org/107.161.23.26:443 after 60000 ms
USER	Vendor Registration Load Test	END	1685948972372
REQUEST		Vendor Registration Request	1685948912569	1685948972575	KO	i.g.h.c.i.RequestTimeoutException: Request timeout to tmsssepfisheries.org/107.161.23.26:443 after 60000 ms
USER	Vendor Registration Load Test	END	1685948972576
REQUEST		Vendor Registration Request	1685948912761	1685948972763	KO	i.g.h.c.i.RequestTimeoutException: Request timeout to tmsssepfisheries.org/107.161.23.26:443 after 60000 ms
USER	Vendor Registration Load Test	END	1685948972764
REQUEST		Vendor Registration Request	1685948912967	1685948972982	KO	i.g.h.c.i.RequestTimeoutException: Request timeout to tmsssepfisheries.org/107.161.23.26:443 after 60000 ms
USER	Vendor Registration Load Test	END	1685948972983
REQUEST		Vendor Registration Request	1685948913157	1685948973170	KO	i.g.h.c.i.RequestTimeoutException: Request timeout to tmsssepfisheries.org/107.161.23.26:443 after 60000 ms
USER	Vendor Registration Load Test	END	1685948973171
REQUEST		Vendor Registration Request	1685948913362	1685948973373	KO	i.g.h.c.i.RequestTimeoutException: Request timeout to tmsssepfisheries.org/107.161.23.26:443 after 60000 ms
USER	Vendor Registration Load Test	END	1685948973374
REQUEST		Vendor Registration Request	1685948913567	1685948973574	KO	i.g.h.c.i.RequestTimeoutException: Request timeout to tmsssepfisheries.org/107.161.23.26:443 after 60000 ms
USER	Vendor Registration Load Test	END	1685948973575
REQUEST		Vendor Registration Request	1685948913769	1685948973777	KO	i.g.h.c.i.RequestTimeoutException: Request timeout to tmsssepfisheries.org/107.161.23.26:443 after 60000 ms
USER	Vendor Registration Load Test	END	1685948973778
REQUEST		Vendor Registration Request	1685948913957	1685948973966	KO	i.g.h.c.i.RequestTimeoutException: Request timeout to tmsssepfisheries.org/107.161.23.26:443 after 60000 ms
USER	Vendor Registration Load Test	END	1685948973967
REQUEST		Vendor Registration Request	1685948914161	1685948974169	KO	i.g.h.c.i.RequestTimeoutException: Request timeout to tmsssepfisheries.org/107.161.23.26:443 after 60000 ms
USER	Vendor Registration Load Test	END	1685948974170
REQUEST		Vendor Registration Request	1685948914363	1685948974372	KO	i.g.h.c.i.RequestTimeoutException: Request timeout to tmsssepfisheries.org/107.161.23.26:443 after 60000 ms
USER	Vendor Registration Load Test	END	1685948974373
REQUEST		Vendor Registration Request	1685948914568	1685948974577	KO	i.g.h.c.i.RequestTimeoutException: Request timeout to tmsssepfisheries.org/107.161.23.26:443 after 60000 ms
USER	Vendor Registration Load Test	END	1685948974578
REQUEST		Vendor Registration Request	1685948914756	1685948974768	KO	i.g.h.c.i.RequestTimeoutException: Request timeout to tmsssepfisheries.org/107.161.23.26:443 after 60000 ms
USER	Vendor Registration Load Test	END	1685948974768
REQUEST		Vendor Registration Request	1685948914964	1685948974974	KO	i.g.h.c.i.RequestTimeoutException: Request timeout to tmsssepfisheries.org/107.161.23.26:443 after 60000 ms
USER	Vendor Registration Load Test	END	1685948974974
REQUEST		Vendor Registration Request	1685948915169	1685948975179	KO	i.g.h.c.i.RequestTimeoutException: Request timeout to tmsssepfisheries.org/107.161.23.26:443 after 60000 ms
USER	Vendor Registration Load Test	END	1685948975180
REQUEST		Vendor Registration Request	1685948915367	1685948975383	KO	i.g.h.c.i.RequestTimeoutException: Request timeout to tmsssepfisheries.org/107.161.23.26:443 after 60000 ms
USER	Vendor Registration Load Test	END	1685948975384
