RUN	com.tmsssepfisheries.tests.Homepage	homepage	1685946283820	Homepage Test	3.6.1
USER	Homepage Load Test	START	1685946285412
USER	Homepage Load Test	START	1685946285579
USER	Homepage Load Test	START	1685946285781
USER	Homepage Load Test	START	1685946285982
USER	Homepage Load Test	START	1685946286172
USER	Homepage Load Test	START	1685946286380
USER	Homepage Load Test	START	1685946286571
USER	Homepage Load Test	START	1685946286777
USER	Homepage Load Test	START	1685946286984
USER	Homepage Load Test	START	1685946287174
USER	Homepage Load Test	START	1685946287380
USER	Homepage Load Test	START	1685946287553
USER	Homepage Load Test	START	1685946287744
USER	Homepage Load Test	START	1685946287949
USER	Homepage Load Test	START	1685946288154
USER	Homepage Load Test	START	1685946288358
USER	Homepage Load Test	START	1685946288550
USER	Homepage Load Test	START	1685946288756
USER	Homepage Load Test	START	1685946288947
USER	Homepage Load Test	START	1685946289149
USER	Homepage Load Test	START	1685946289353
USER	Homepage Load Test	START	1685946289553
USER	Homepage Load Test	START	1685946289755
USER	Homepage Load Test	START	1685946289946
USER	Homepage Load Test	START	1685946290149
USER	Homepage Load Test	START	1685946290352
USER	Homepage Load Test	START	1685946290543
USER	Homepage Load Test	START	1685946290750
USER	Homepage Load Test	START	1685946290952
USER	Homepage Load Test	START	1685946291157
USER	Homepage Load Test	START	1685946291344
USER	Homepage Load Test	START	1685946291545
USER	Homepage Load Test	START	1685946291750
USER	Homepage Load Test	START	1685946291956
USER	Homepage Load Test	START	1685946292146
USER	Homepage Load Test	START	1685946292348
USER	Homepage Load Test	START	1685946292552
USER	Homepage Load Test	START	1685946292743
USER	Homepage Load Test	START	1685946292943
USER	Homepage Load Test	START	1685946293148
USER	Homepage Load Test	START	1685946293351
USER	Homepage Load Test	START	1685946293554
USER	Homepage Load Test	START	1685946293742
USER	Homepage Load Test	START	1685946293945
USER	Homepage Load Test	START	1685946294151
USER	Homepage Load Test	START	1685946294356
USER	Homepage Load Test	START	1685946294546
USER	Homepage Load Test	START	1685946294751
USER	Homepage Load Test	START	1685946294954
USER	Homepage Load Test	START	1685946295158
USER	Homepage Load Test	START	1685946295347
USER	Homepage Load Test	START	1685946295548
USER	Homepage Load Test	START	1685946295748
USER	Homepage Load Test	START	1685946295953
USER	Homepage Load Test	START	1685946296154
USER	Homepage Load Test	START	1685946296342
USER	Homepage Load Test	START	1685946296546
USER	Homepage Load Test	START	1685946296749
USER	Homepage Load Test	START	1685946296955
USER	Homepage Load Test	START	1685946297144
USER	Homepage Load Test	START	1685946297350
USER	Homepage Load Test	START	1685946297551
USER	Homepage Load Test	START	1685946297754
USER	Homepage Load Test	START	1685946297943
USER	Homepage Load Test	START	1685946298150
USER	Homepage Load Test	START	1685946298353
USER	Homepage Load Test	START	1685946298555
USER	Homepage Load Test	START	1685946298744
USER	Homepage Load Test	START	1685946298949
USER	Homepage Load Test	START	1685946299155
USER	Homepage Load Test	START	1685946299344
USER	Homepage Load Test	START	1685946299544
USER	Homepage Load Test	START	1685946299747
USER	Homepage Load Test	START	1685946299949
USER	Homepage Load Test	START	1685946300156
USER	Homepage Load Test	START	1685946300342
USER	Homepage Load Test	START	1685946300541
USER	Homepage Load Test	START	1685946300745
USER	Homepage Load Test	START	1685946300950
USER	Homepage Load Test	START	1685946301154
USER	Homepage Load Test	START	1685946301342
USER	Homepage Load Test	START	1685946301555
USER	Homepage Load Test	START	1685946301741
USER	Homepage Load Test	START	1685946301943
USER	Homepage Load Test	START	1685946302144
USER	Homepage Load Test	START	1685946302350
USER	Homepage Load Test	START	1685946302551
USER	Homepage Load Test	START	1685946302753
USER	Homepage Load Test	START	1685946302942
USER	Homepage Load Test	START	1685946303147
USER	Homepage Load Test	START	1685946303355
USER	Homepage Load Test	START	1685946303544
USER	Homepage Load Test	START	1685946303748
USER	Homepage Load Test	START	1685946303954
USER	Homepage Load Test	START	1685946304141
USER	Homepage Load Test	START	1685946304347
USER	Homepage Load Test	START	1685946304547
USER	Homepage Load Test	START	1685946304749
USER	Homepage Load Test	START	1685946304954
USER	Homepage Load Test	START	1685946305144
REQUEST		Homepage Request	1685946287949	1685946306888	KO	status.find.is(200), but actually found 503
REQUEST		Homepage Request	1685946287381	1685946306885	KO	status.find.is(200), but actually found 503
REQUEST		Homepage Request	1685946287554	1685946306886	KO	status.find.is(200), but actually found 503
REQUEST		Homepage Request	1685946286985	1685946306886	KO	status.find.is(200), but actually found 503
REQUEST		Homepage Request	1685946287174	1685946306885	KO	status.find.is(200), but actually found 503
REQUEST		Homepage Request	1685946287745	1685946306885	KO	status.find.is(200), but actually found 503
USER	Homepage Load Test	END	1685946306959
USER	Homepage Load Test	END	1685946306959
USER	Homepage Load Test	END	1685946306960
USER	Homepage Load Test	END	1685946306960
USER	Homepage Load Test	END	1685946306961
USER	Homepage Load Test	END	1685946306961
REQUEST		Homepage Request	1685946288155	1685946307880	KO	status.find.is(200), but actually found 503
USER	Homepage Load Test	END	1685946307883
REQUEST		Homepage Request	1685946286778	1685946309340	KO	status.find.is(200), but actually found 500
USER	Homepage Load Test	END	1685946309342
REQUEST		Homepage Request	1685946288948	1685946317133	KO	status.find.is(200), but actually found 500
USER	Homepage Load Test	END	1685946317138
REQUEST		Homepage Request	1685946286381	1685946327115	KO	status.find.is(200), but actually found 503
USER	Homepage Load Test	END	1685946327117
REQUEST		Homepage Request	1685946286572	1685946329252	KO	status.find.is(200), but actually found 503
USER	Homepage Load Test	END	1685946329254
REQUEST		Homepage Request	1685946285467	1685946345480	KO	i.g.h.c.i.RequestTimeoutException: Request timeout to tmsssepfisheries.org/107.161.23.26:443 after 60000 ms
USER	Homepage Load Test	END	1685946345491
REQUEST		Homepage Request	1685946285579	1685946345588	KO	i.g.h.c.i.RequestTimeoutException: Request timeout to tmsssepfisheries.org/107.161.23.26:443 after 60000 ms
USER	Homepage Load Test	END	1685946345589
REQUEST		Homepage Request	1685946285782	1685946345794	KO	i.g.h.c.i.RequestTimeoutException: Request timeout to tmsssepfisheries.org/107.161.23.26:443 after 60000 ms
USER	Homepage Load Test	END	1685946345795
REQUEST		Homepage Request	1685946285983	1685946345997	KO	i.g.h.c.i.RequestTimeoutException: Request timeout to tmsssepfisheries.org/107.161.23.26:443 after 60000 ms
USER	Homepage Load Test	END	1685946345998
REQUEST		Homepage Request	1685946286173	1685946346185	KO	i.g.h.c.i.RequestTimeoutException: Request timeout to tmsssepfisheries.org/107.161.23.26:443 after 60000 ms
USER	Homepage Load Test	END	1685946346186
REQUEST		Homepage Request	1685946288550	1685946348334	OK	 
REQUEST		Homepage Request	1685946288359	1685946348362	KO	i.g.h.c.i.RequestTimeoutException: Request timeout to tmsssepfisheries.org/107.161.23.26:443 after 60000 ms
USER	Homepage Load Test	END	1685946348363
REQUEST		Homepage Request	1685946289553	1685946348385	OK	 
REQUEST		Homepage Request	1685946288757	1685946348771	KO	i.g.h.c.i.RequestTimeoutException: Request timeout to tmsssepfisheries.org/107.161.23.26:443 after 60000 ms
USER	Homepage Load Test	END	1685946348772
REQUEST		style.min.css?ver=6.2.2	1685946348839	1685946349136	OK	 
REQUEST		style.min.css?ver=6.2.2	1685946348839	1685946349151	OK	 
REQUEST		Homepage Request	1685946289150	1685946349163	KO	i.g.h.c.i.RequestTimeoutException: Request timeout to tmsssepfisheries.org/107.161.23.26:443 after 60000 ms
USER	Homepage Load Test	END	1685946349164
REQUEST		css?family=Lato%3A100%2C200%2C300%2C400%2C500%2C600%2C700%2C800%2C900%2C100i%2C200i%2C300i%2C400i%2C500i%2C600i%2C700i%2C800i%2C900i&subset=latin&display=swap&ver=6.2.2	1685946348833	1685946349197	OK	 
REQUEST		css?family=Lato%3A100%2C200%2C300%2C400%2C500%2C600%2C700%2C800%2C900%2C100i%2C200i%2C300i%2C400i%2C500i%2C600i%2C700i%2C800i%2C900i&subset=latin&display=swap&ver=6.2.2	1685946348833	1685946349202	OK	 
REQUEST		css?family=Lato%3A100%2C100italic%2C200%2C200italic%2C300%2C300italic%2C400%2C400italic%2C500%2C500italic%2C600%2C600italic%2C700%2C700italic%2C800%2C800italic%2C900%2C900italic%7CRoboto+Slab%3A100%2C100italic%2C200%2C200italic%2C300%2C300italic%2C400%2C400italic%2C500%2C500italic%2C600%2C600italic%2C700%2C700italic%2C800%2C800italic%2C900%2C900italic%7CRoboto%3A100%2C100italic%2C200%2C200italic%2C300%2C300italic%2C400%2C400italic%2C500%2C500italic%2C600%2C600italic%2C700%2C700italic%2C800%2C800italic%2C900%2C900italic%7CPlayfair+Display%3A100%2C100italic%2C200%2C200italic%2C300%2C300italic%2C400%2C400italic%2C500%2C500italic%2C600%2C600italic%2C700%2C700italic%2C800%2C800italic%2C900%2C900italic%7CArchivo%3A100%2C100italic%2C200%2C200italic%2C300%2C300italic%2C400%2C400italic%2C500%2C500italic%2C600%2C600italic%2C700%2C700italic%2C800%2C800italic%2C900%2C900italic&display=swap&ver=6.2.2	1685946348838	1685946349204	OK	 
REQUEST		css?family=Lato%3A100%2C100italic%2C200%2C200italic%2C300%2C300italic%2C400%2C400italic%2C500%2C500italic%2C600%2C600italic%2C700%2C700italic%2C800%2C800italic%2C900%2C900italic%7CRoboto+Slab%3A100%2C100italic%2C200%2C200italic%2C300%2C300italic%2C400%2C400italic%2C500%2C500italic%2C600%2C600italic%2C700%2C700italic%2C800%2C800italic%2C900%2C900italic%7CRoboto%3A100%2C100italic%2C200%2C200italic%2C300%2C300italic%2C400%2C400italic%2C500%2C500italic%2C600%2C600italic%2C700%2C700italic%2C800%2C800italic%2C900%2C900italic%7CPlayfair+Display%3A100%2C100italic%2C200%2C200italic%2C300%2C300italic%2C400%2C400italic%2C500%2C500italic%2C600%2C600italic%2C700%2C700italic%2C800%2C800italic%2C900%2C900italic%7CArchivo%3A100%2C100italic%2C200%2C200italic%2C300%2C300italic%2C400%2C400italic%2C500%2C500italic%2C600%2C600italic%2C700%2C700italic%2C800%2C800italic%2C900%2C900italic&display=swap&ver=6.2.2	1685946348837	1685946349212	OK	 
REQUEST		Homepage Request	1685946289354	1685946349366	KO	i.g.h.c.i.RequestTimeoutException: Request timeout to tmsssepfisheries.org/107.161.23.26:443 after 60000 ms
USER	Homepage Load Test	END	1685946349367
REQUEST		woo-mini-cart.min.css?ver=6.2.2	1685946349194	1685946349479	OK	 
REQUEST		woo-mini-cart.min.css?ver=6.2.2	1685946349194	1685946349491	OK	 
REQUEST		classic-themes.min.css?ver=6.2.2	1685946348844	1685946349698	OK	 
REQUEST		style.css?ver=6.2.2	1685946348845	1685946349703	OK	 
REQUEST		wc-blocks-vendors-style.css?ver=10.0.6	1685946348842	1685946349723	OK	 
REQUEST		Homepage Request	1685946289756	1685946349761	KO	i.g.h.c.i.RequestTimeoutException: Request timeout to tmsssepfisheries.org/107.161.23.26:443 after 60000 ms
USER	Homepage Load Test	END	1685946349762
REQUEST		all.min.css?ver=5.15.1	1685946349483	1685946349771	OK	 
REQUEST		styles.css?ver=5.7.6	1685946348846	1685946349776	OK	 
REQUEST		all.min.css?ver=5.15.1	1685946349495	1685946349789	OK	 
REQUEST		wc-blocks-vendors-style.css?ver=10.0.6	1685946348840	1685946349790	OK	 
REQUEST		classic-themes.min.css?ver=6.2.2	1685946348844	1685946349794	OK	 
REQUEST		styles.css?ver=5.7.6	1685946348846	1685946349794	OK	 
REQUEST		style.css?ver=6.2.2	1685946348845	1685946349800	OK	 
REQUEST		Homepage Request	1685946289947	1685946349949	KO	i.g.h.c.i.RequestTimeoutException: Request timeout to tmsssepfisheries.org/107.161.23.26:443 after 60000 ms
USER	Homepage Load Test	END	1685946349950
REQUEST		simple-line-icons.min.css?ver=2.4.0	1685946349700	1685946349982	OK	 
REQUEST		elementor-icons.min.css?ver=5.20.0	1685946349725	1685946350013	OK	 
REQUEST		simple-line-icons.min.css?ver=2.4.0	1685946349774	1685946350056	OK	 
REQUEST		elementor-icons.min.css?ver=5.20.0	1685946349792	1685946350077	OK	 
REQUEST		frontend-lite.min.css?ver=3.13.4	1685946349791	1685946350087	OK	 
REQUEST		swiper.min.css?ver=5.3.6	1685946349801	1685946350090	OK	 
REQUEST		swiper.min.css?ver=5.3.6	1685946349796	1685946350093	OK	 
REQUEST		Homepage Request	1685946290150	1685946350165	KO	i.g.h.c.i.RequestTimeoutException: Request timeout to tmsssepfisheries.org/107.161.23.26:443 after 60000 ms
USER	Homepage Load Test	END	1685946350166
REQUEST		post-5.css?ver=1682506416	1685946349985	1685946350266	OK	 
REQUEST		frontend-lite.min.css?ver=3.11.3	1685946350016	1685946350303	OK	 
REQUEST		post-5.css?ver=1682506416	1685946350058	1685946350342	OK	 
REQUEST		frontend-lite.min.css?ver=3.11.3	1685946350078	1685946350361	OK	 
REQUEST		Homepage Request	1685946290353	1685946350369	KO	i.g.h.c.i.RequestTimeoutException: Request timeout to tmsssepfisheries.org/107.161.23.26:443 after 60000 ms
USER	Homepage Load Test	END	1685946350370
REQUEST		global.css?ver=1682506424	1685946350091	1685946350387	OK	 
REQUEST		post-135.css?ver=1682506425	1685946350268	1685946350547	OK	 
REQUEST		Homepage Request	1685946290544	1685946350557	KO	i.g.h.c.i.RequestTimeoutException: Request timeout to tmsssepfisheries.org/107.161.23.26:443 after 60000 ms
USER	Homepage Load Test	END	1685946350558
REQUEST		post-176.css?ver=1682506425	1685946350305	1685946350592	OK	 
REQUEST		post-6.css?ver=1682506424	1685946350344	1685946350634	OK	 
REQUEST		frontend-lite.min.css?ver=3.13.4	1685946349795	1685946350646	OK	 
REQUEST		post-135.css?ver=1682506425	1685946350362	1685946350654	OK	 
REQUEST		global.css?ver=1682506424	1685946350093	1685946350665	OK	 
REQUEST		post-6.css?ver=1682506424	1685946350094	1685946350669	OK	 
REQUEST		ekiticons.css?ver=2.8.7	1685946350401	1685946350701	OK	 
REQUEST		Homepage Request	1685946290751	1685946350759	KO	i.g.h.c.i.RequestTimeoutException: Request timeout to tmsssepfisheries.org/107.161.23.26:443 after 60000 ms
USER	Homepage Load Test	END	1685946350760
REQUEST		wc-blocks-style.css?ver=10.0.6	1685946348843	1685946350802	OK	 
REQUEST		jquery-ui.min.css?ver=7.7.2	1685946350549	1685946350843	OK	 
REQUEST		wc-blocks-style.css?ver=10.0.6	1685946348843	1685946350844	OK	 
REQUEST		style.min.css?ver=3.4.3	1685946349705	1685946350855	OK	 
REQUEST		style.min.css?ver=3.4.3	1685946349778	1685946350907	OK	 
REQUEST		post-176.css?ver=1682506425	1685946350637	1685946350932	OK	 
REQUEST		jquery-ui.min.css?ver=7.7.2	1685946350655	1685946350943	OK	 
REQUEST		wcfmicon.min.css?ver=6.7.0	1685946350668	1685946350958	OK	 
REQUEST		wcfm-style-core.css?ver=6.7.0	1685946350671	1685946350962	OK	 
REQUEST		Homepage Request	1685946290953	1685946350963	KO	i.g.h.c.i.RequestTimeoutException: Request timeout to tmsssepfisheries.org/107.161.23.26:443 after 60000 ms
USER	Homepage Load Test	END	1685946350964
REQUEST		woocommerce.min.css?ver=6.2.2	1685946350704	1685946351001	OK	 
REQUEST		woo-star-font.min.css?ver=6.2.2	1685946350833	1685946351111	OK	 
REQUEST		woo-quick-view.min.css?ver=6.2.2	1685946350853	1685946351131	OK	 
REQUEST		wcfm-style-core.css?ver=6.7.0	1685946350850	1685946351135	OK	 
REQUEST		Homepage Request	1685946291158	1685946351164	KO	i.g.h.c.i.RequestTimeoutException: Request timeout to tmsssepfisheries.org/107.161.23.26:443 after 60000 ms
USER	Homepage Load Test	END	1685946351165
REQUEST		wcfmicon.min.css?ver=6.7.0	1685946350594	1685946351173	OK	 
REQUEST		woocommerce.min.css?ver=6.2.2	1685946350909	1685946351198	OK	 
REQUEST		woo-star-font.min.css?ver=6.2.2	1685946350933	1685946351216	OK	 
REQUEST		ekiticons.css?ver=2.8.7	1685946350649	1685946351220	OK	 
REQUEST		woo-quick-view.min.css?ver=6.2.2	1685946350944	1685946351227	OK	 
REQUEST		responsive.css?ver=2.8.7	1685946350964	1685946351258	OK	 
REQUEST		um-fonticons-ii.css?ver=2.6.0	1685946351004	1685946351299	OK	 
REQUEST		Homepage Request	1685946291345	1685946351351	KO	i.g.h.c.i.RequestTimeoutException: Request timeout to tmsssepfisheries.org/107.161.23.26:443 after 60000 ms
USER	Homepage Load Test	END	1685946351352
REQUEST		um-fonticons-fa.css?ver=2.6.0	1685946351113	1685946351393	OK	 
REQUEST		select2.min.css?ver=4.0.13	1685946351133	1685946351412	OK	 
REQUEST		responsive.css?ver=2.8.7	1685946351136	1685946351420	OK	 
REQUEST		um-crop.css?ver=2.6.0	1685946351174	1685946351462	OK	 
REQUEST		um-fonticons-ii.css?ver=2.6.0	1685946351200	1685946351486	OK	 
REQUEST		um-fonticons-fa.css?ver=2.6.0	1685946351217	1685946351502	OK	 
REQUEST		select2.min.css?ver=4.0.13	1685946351221	1685946351508	OK	 
REQUEST		um-crop.css?ver=2.6.0	1685946351228	1685946351512	OK	 
REQUEST		um-modal.css?ver=2.6.0	1685946351260	1685946351547	OK	 
REQUEST		Homepage Request	1685946291546	1685946351554	KO	i.g.h.c.i.RequestTimeoutException: Request timeout to tmsssepfisheries.org/107.161.23.26:443 after 60000 ms
USER	Homepage Load Test	END	1685946351555
REQUEST		um-styles.css?ver=2.6.0	1685946351301	1685946351592	OK	 
REQUEST		um-profile.css?ver=2.6.0	1685946351394	1685946351673	OK	 
REQUEST		um-account.css?ver=2.6.0	1685946351413	1685946351692	OK	 
REQUEST		um-modal.css?ver=2.6.0	1685946351421	1685946351703	OK	 
REQUEST		widget-styles.css?ver=2.8.7	1685946350862	1685946351721	OK	 
REQUEST		Homepage Request	1685946291751	1685946351751	KO	i.g.h.c.i.RequestTimeoutException: Request timeout to tmsssepfisheries.org/107.161.23.26:443 after 60000 ms
USER	Homepage Load Test	END	1685946351752
REQUEST		um-misc.css?ver=2.6.0	1685946351465	1685946351753	OK	 
REQUEST		um-styles.css?ver=2.6.0	1685946351487	1685946351770	OK	 
REQUEST		um-profile.css?ver=2.6.0	1685946351504	1685946351787	OK	 
REQUEST		um-account.css?ver=2.6.0	1685946351510	1685946351794	OK	 
REQUEST		um-misc.css?ver=2.6.0	1685946351514	1685946351797	OK	 
REQUEST		um-fileupload.css?ver=2.6.0	1685946351548	1685946351834	OK	 
REQUEST		default.css?ver=2.6.0	1685946351594	1685946351885	OK	 
REQUEST		default.date.css?ver=2.6.0	1685946351675	1685946351952	OK	 
REQUEST		Homepage Request	1685946291957	1685946351961	KO	i.g.h.c.i.RequestTimeoutException: Request timeout to tmsssepfisheries.org/107.161.23.26:443 after 60000 ms
USER	Homepage Load Test	END	1685946351962
REQUEST		default.time.css?ver=2.6.0	1685946351693	1685946351972	OK	 
REQUEST		um-fileupload.css?ver=2.6.0	1685946351705	1685946351987	OK	 
REQUEST		um-raty.css?ver=2.6.0	1685946351734	1685946352014	OK	 
REQUEST		simplebar.css?ver=2.6.0	1685946351755	1685946352041	OK	 
REQUEST		default.css?ver=2.6.0	1685946351771	1685946352052	OK	 
REQUEST		default.date.css?ver=2.6.0	1685946351788	1685946352070	OK	 
REQUEST		default.time.css?ver=2.6.0	1685946351795	1685946352078	OK	 
REQUEST		um-raty.css?ver=2.6.0	1685946351798	1685946352081	OK	 
REQUEST		widget-styles.css?ver=2.8.7	1685946350960	1685946352110	OK	 
REQUEST		um-tipsy.css?ver=2.6.0	1685946351836	1685946352132	OK	 
REQUEST		Homepage Request	1685946292148	1685946352151	KO	i.g.h.c.i.RequestTimeoutException: Request timeout to tmsssepfisheries.org/107.161.23.26:443 after 60000 ms
USER	Homepage Load Test	END	1685946352152
REQUEST		um-responsive.css?ver=2.6.0	1685946351887	1685946352179	OK	 
REQUEST		um-old-default.css?ver=2.6.0	1685946351954	1685946352232	OK	 
REQUEST		fontawesome.min.css?ver=5.15.3	1685946351974	1685946352257	OK	 
REQUEST		simplebar.css?ver=2.6.0	1685946351988	1685946352271	OK	 
REQUEST		solid.min.css?ver=5.15.3	1685946352015	1685946352295	OK	 
REQUEST		brands.min.css?ver=5.15.3	1685946352042	1685946352333	OK	 
REQUEST		um-tipsy.css?ver=2.6.0	1685946352053	1685946352337	OK	 
REQUEST		Homepage Request	1685946292349	1685946352352	KO	i.g.h.c.i.RequestTimeoutException: Request timeout to tmsssepfisheries.org/107.161.23.26:443 after 60000 ms
USER	Homepage Load Test	END	1685946352353
REQUEST		um-responsive.css?ver=2.6.0	1685946352072	1685946352357	OK	 
REQUEST		um-old-default.css?ver=2.6.0	1685946352079	1685946352364	OK	 
REQUEST		fontawesome.min.css?ver=5.15.3	1685946352083	1685946352377	OK	 
REQUEST		solid.min.css?ver=5.15.3	1685946352125	1685946352411	OK	 
REQUEST		regular.min.css?ver=5.15.3	1685946352133	1685946352420	OK	 
REQUEST		jquery.min.js?ver=3.6.4	1685946352181	1685946352483	OK	 
REQUEST		jquery-migrate.min.js?ver=3.4.0	1685946352233	1685946352511	OK	 
REQUEST		um-gdpr.min.js?ver=2.6.0	1685946352259	1685946352537	OK	 
REQUEST		Homepage Request	1685946292553	1685946352555	KO	i.g.h.c.i.RequestTimeoutException: Request timeout to tmsssepfisheries.org/107.161.23.26:443 after 60000 ms
REQUEST		brands.min.css?ver=5.15.3	1685946352272	1685946352557	OK	 
USER	Homepage Load Test	END	1685946352556
REQUEST		post-1225.css?ver=1682506425	1685946352296	1685946352577	OK	 
REQUEST		regular.min.css?ver=5.15.3	1685946352339	1685946352632	OK	 
REQUEST		animations.min.css?ver=3.13.4	1685946352335	1685946352633	OK	 
REQUEST		jquery.min.js?ver=3.6.4	1685946352358	1685946352652	OK	 
REQUEST		jquery-migrate.min.js?ver=3.4.0	1685946352366	1685946352660	OK	 
REQUEST		um-gdpr.min.js?ver=2.6.0	1685946352379	1685946352663	OK	 
REQUEST		post-1225.css?ver=1682506425	1685946352412	1685946352698	OK	 
REQUEST		scripts.js?ver=1.0	1685946352422	1685946352708	OK	 
REQUEST		Homepage Request	1685946292743	1685946352753	KO	i.g.h.c.i.RequestTimeoutException: Request timeout to tmsssepfisheries.org/107.161.23.26:443 after 60000 ms
USER	Homepage Load Test	END	1685946352754
REQUEST		index.js?ver=5.7.6	1685946352484	1685946352774	OK	 
REQUEST		index.js?ver=5.7.6	1685946352512	1685946352790	OK	 
REQUEST		jquery.blockUI.min.js?ver=2.7.0-wc.7.7.2	1685946352538	1685946352816	OK	 
REQUEST		animations.min.css?ver=3.13.4	1685946352558	1685946352842	OK	 
REQUEST		add-to-cart.min.js?ver=7.7.2	1685946352578	1685946352858	OK	 
REQUEST		scripts.js?ver=1.0	1685946352636	1685946352916	OK	 
REQUEST		js.cookie.min.js?ver=2.1.4-wc.7.7.2	1685946352634	1685946352921	OK	 
REQUEST		index.js?ver=5.7.6	1685946352653	1685946352935	OK	 
REQUEST		index.js?ver=5.7.6	1685946352661	1685946352944	OK	 
REQUEST		jquery.blockUI.min.js?ver=2.7.0-wc.7.7.2	1685946352664	1685946352948	OK	 
REQUEST		Homepage Request	1685946292943	1685946352959	KO	i.g.h.c.i.RequestTimeoutException: Request timeout to tmsssepfisheries.org/107.161.23.26:443 after 60000 ms
USER	Homepage Load Test	END	1685946352960
REQUEST		add-to-cart.min.js?ver=7.7.2	1685946352699	1685946352985	OK	 
REQUEST		woocommerce.min.js?ver=7.7.2	1685946352709	1685946352998	OK	 
REQUEST		cart-fragments.min.js?ver=7.7.2	1685946352775	1685946353067	OK	 
REQUEST		imagesloaded.min.js?ver=4.1.4	1685946352791	1685946353072	OK	 
REQUEST		theme.min.js?ver=3.4.3	1685946352817	1685946353097	OK	 
REQUEST		js.cookie.min.js?ver=2.1.4-wc.7.7.2	1685946352843	1685946353127	OK	 
REQUEST		drop-down-mobile-menu.min.js?ver=3.4.3	1685946352859	1685946353140	OK	 
REQUEST		Homepage Request	1685946293148	1685946353162	KO	i.g.h.c.i.RequestTimeoutException: Request timeout to tmsssepfisheries.org/107.161.23.26:443 after 60000 ms
USER	Homepage Load Test	END	1685946353163
REQUEST		woocommerce.min.js?ver=7.7.2	1685946352917	1685946353200	OK	 
REQUEST		magnific-popup.min.js?ver=3.4.3	1685946352922	1685946353210	OK	 
REQUEST		cart-fragments.min.js?ver=7.7.2	1685946352936	1685946353219	OK	 
REQUEST		imagesloaded.min.js?ver=4.1.4	1685946352945	1685946353227	OK	 
REQUEST		theme.min.js?ver=3.4.3	1685946352949	1685946353244	OK	 
REQUEST		drop-down-mobile-menu.min.js?ver=3.4.3	1685946352986	1685946353273	OK	 
REQUEST		ow-lightbox.min.js?ver=3.4.3	1685946352999	1685946353287	OK	 
REQUEST		ow-slider.min.js?ver=3.4.3	1685946353073	1685946353350	OK	 
REQUEST		Homepage Request	1685946293351	1685946353352	KO	i.g.h.c.i.RequestTimeoutException: Request timeout to tmsssepfisheries.org/107.161.23.26:443 after 60000 ms
USER	Homepage Load Test	END	1685946353353
REQUEST		flickity.pkgd.min.js?ver=3.4.3	1685946353068	1685946353362	OK	 
REQUEST		scroll-effect.min.js?ver=3.4.3	1685946353098	1685946353380	OK	 
REQUEST		magnific-popup.min.js?ver=3.4.3	1685946353128	1685946353412	OK	 
REQUEST		scroll-top.min.js?ver=3.4.3	1685946353141	1685946353423	OK	 
REQUEST		ow-lightbox.min.js?ver=3.4.3	1685946353201	1685946353482	OK	 
REQUEST		select.min.js?ver=3.4.3	1685946353211	1685946353498	OK	 
REQUEST		flickity.pkgd.min.js?ver=3.4.3	1685946353220	1685946353507	OK	 
REQUEST		ow-slider.min.js?ver=3.4.3	1685946353229	1685946353512	OK	 
REQUEST		scroll-effect.min.js?ver=3.4.3	1685946353245	1685946353528	OK	 
REQUEST		Homepage Request	1685946293555	1685946353565	KO	i.g.h.c.i.RequestTimeoutException: Request timeout to tmsssepfisheries.org/107.161.23.26:443 after 60000 ms
REQUEST		scroll-top.min.js?ver=3.4.3	1685946353273	1685946353567	OK	 
USER	Homepage Load Test	END	1685946353566
REQUEST		woo-custom-features.min.js?ver=3.4.3	1685946353288	1685946353602	OK	 
REQUEST		frontend-script.js?ver=2.8.7	1685946353351	1685946353635	OK	 
REQUEST		widget-scripts.js?ver=2.8.7	1685946353363	1685946353664	OK	 
REQUEST		jquery.blockUI.min.js?ver=6.7.0	1685946353381	1685946353672	OK	 
REQUEST		select.min.js?ver=3.4.3	1685946353414	1685946353697	OK	 
REQUEST		core.min.js?ver=1.13.2	1685946353424	1685946353706	OK	 
REQUEST		Homepage Request	1685946293742	1685946353752	KO	i.g.h.c.i.RequestTimeoutException: Request timeout to tmsssepfisheries.org/107.161.23.26:443 after 60000 ms
USER	Homepage Load Test	END	1685946353753
REQUEST		woo-custom-features.min.js?ver=3.4.3	1685946353483	1685946353768	OK	 
REQUEST		datepicker.min.js?ver=1.13.2	1685946353498	1685946353789	OK	 
REQUEST		frontend-script.js?ver=2.8.7	1685946353508	1685946353797	OK	 
REQUEST		jquery.blockUI.min.js?ver=6.7.0	1685946353529	1685946353812	OK	 
REQUEST		core.min.js?ver=1.13.2	1685946353577	1685946353867	OK	 
REQUEST		woo-quick-view.min.js?ver=3.4.3	1685946353636	1685946353941	OK	 
REQUEST		wp-util.min.js?ver=6.2.2	1685946353672	1685946353951	OK	 
REQUEST		Homepage Request	1685946293945	1685946353955	KO	i.g.h.c.i.RequestTimeoutException: Request timeout to tmsssepfisheries.org/107.161.23.26:443 after 60000 ms
USER	Homepage Load Test	END	1685946353956
REQUEST		underscore.min.js?ver=1.13.4	1685946353665	1685946353958	OK	 
REQUEST		datepicker.min.js?ver=1.13.2	1685946353698	1685946353984	OK	 
REQUEST		add-to-cart-variation.min.js?ver=7.7.2	1685946353707	1685946353987	OK	 
REQUEST		wcfm-script-core.js?ver=6.7.0	1685946353769	1685946354058	OK	 
REQUEST		jquery.flexslider.min.js?ver=2.7.2-wc.7.7.2	1685946353790	1685946354080	OK	 
REQUEST		widget-scripts.js?ver=2.8.7	1685946353513	1685946354097	OK	 
REQUEST		woo-quick-view.min.js?ver=3.4.3	1685946353798	1685946354100	OK	 
REQUEST		underscore.min.js?ver=1.13.4	1685946353814	1685946354102	OK	 
REQUEST		Homepage Request	1685946294151	1685946354159	KO	i.g.h.c.i.RequestTimeoutException: Request timeout to tmsssepfisheries.org/107.161.23.26:443 after 60000 ms
REQUEST		wp-util.min.js?ver=6.2.2	1685946353868	1685946354160	OK	 
USER	Homepage Load Test	END	1685946354160
REQUEST		wcfm-script-core.js?ver=6.7.0	1685946353603	1685946354180	OK	 
REQUEST		woo-mini-cart.min.js?ver=3.4.3	1685946353941	1685946354220	OK	 
REQUEST		select2.full.min.js?ver=4.0.13	1685946353952	1685946354237	OK	 
REQUEST		um-crop.min.js?ver=2.6.0	1685946353958	1685946354259	OK	 
REQUEST		add-to-cart-variation.min.js?ver=7.7.2	1685946353984	1685946354270	OK	 
REQUEST		um-modal.min.js?ver=2.6.0	1685946353989	1685946354271	OK	 
REQUEST		jquery.flexslider.min.js?ver=2.7.2-wc.7.7.2	1685946354060	1685946354343	OK	 
REQUEST		Homepage Request	1685946294357	1685946354361	KO	i.g.h.c.i.RequestTimeoutException: Request timeout to tmsssepfisheries.org/107.161.23.26:443 after 60000 ms
USER	Homepage Load Test	END	1685946354362
REQUEST		um-jquery-form.min.js?ver=2.6.0	1685946354082	1685946354371	OK	 
REQUEST		woo-mini-cart.min.js?ver=3.4.3	1685946354098	1685946354383	OK	 
REQUEST		um-crop.min.js?ver=2.6.0	1685946354102	1685946354395	OK	 
REQUEST		select2.full.min.js?ver=4.0.13	1685946354100	1685946354400	OK	 
REQUEST		um-modal.min.js?ver=2.6.0	1685946354160	1685946354453	OK	 
REQUEST		um-fileupload.js?ver=2.6.0	1685946354181	1685946354471	OK	 
REQUEST		picker.js?ver=2.6.0	1685946354221	1685946354532	OK	 
REQUEST		Homepage Request	1685946294546	1685946354561	KO	i.g.h.c.i.RequestTimeoutException: Request timeout to tmsssepfisheries.org/107.161.23.26:443 after 60000 ms
USER	Homepage Load Test	END	1685946354562
REQUEST		picker.date.js?ver=2.6.0	1685946354238	1685946354589	OK	 
REQUEST		wp-polyfill-inert.min.js?ver=3.1.2	1685946354272	1685946354591	OK	 
REQUEST		um-jquery-form.min.js?ver=2.6.0	1685946354271	1685946354594	OK	 
REQUEST		picker.time.js?ver=2.6.0	1685946354260	1685946354603	OK	 
REQUEST		um-fileupload.js?ver=2.6.0	1685946354343	1685946354629	OK	 
REQUEST		regenerator-runtime.min.js?ver=0.13.11	1685946354372	1685946354659	OK	 
REQUEST		picker.js?ver=2.6.0	1685946354384	1685946354670	OK	 
REQUEST		picker.date.js?ver=2.6.0	1685946354395	1685946354684	OK	 
REQUEST		picker.time.js?ver=2.6.0	1685946354401	1685946354699	OK	 
REQUEST		wp-polyfill-inert.min.js?ver=3.1.2	1685946354454	1685946354740	OK	 
REQUEST		wp-polyfill.min.js?ver=3.15.0	1685946354472	1685946354758	OK	 
REQUEST		Homepage Request	1685946294752	1685946354763	KO	i.g.h.c.i.RequestTimeoutException: Request timeout to tmsssepfisheries.org/107.161.23.26:443 after 60000 ms
USER	Homepage Load Test	END	1685946354764
REQUEST		hooks.min.js?ver=4169d3cf8e8d95a3d6d5	1685946354533	1685946354810	OK	 
REQUEST		i18n.min.js?ver=9e794f35a71bb98672ae	1685946354589	1685946354871	OK	 
REQUEST		um-raty.min.js?ver=2.6.0	1685946354592	1685946354875	OK	 
REQUEST		regenerator-runtime.min.js?ver=0.13.11	1685946354594	1685946354882	OK	 
REQUEST		um-tipsy.min.js?ver=2.6.0	1685946354604	1685946354894	OK	 
REQUEST		wp-polyfill.min.js?ver=3.15.0	1685946354630	1685946354913	OK	 
REQUEST		masonry.min.js?ver=4.2.2	1685946354660	1685946354949	OK	 
REQUEST		hooks.min.js?ver=4169d3cf8e8d95a3d6d5	1685946354671	1685946354953	OK	 
REQUEST		Homepage Request	1685946294955	1685946354968	KO	i.g.h.c.i.RequestTimeoutException: Request timeout to tmsssepfisheries.org/107.161.23.26:443 after 60000 ms
REQUEST		i18n.min.js?ver=9e794f35a71bb98672ae	1685946354685	1685946354968	OK	 
USER	Homepage Load Test	END	1685946354968
REQUEST		um-raty.min.js?ver=2.6.0	1685946354700	1685946354982	OK	 
REQUEST		um-tipsy.min.js?ver=2.6.0	1685946354741	1685946355028	OK	 
REQUEST		jquery.masonry.min.js?ver=3.1.2b	1685946354759	1685946355045	OK	 
REQUEST		simplebar.min.js?ver=2.6.0	1685946354811	1685946355091	OK	 
REQUEST		um-functions.min.js?ver=2.6.0	1685946354872	1685946355150	OK	 
REQUEST		um-responsive.min.js?ver=2.6.0	1685946354876	1685946355155	OK	 
REQUEST		masonry.min.js?ver=4.2.2	1685946354883	1685946355166	OK	 
REQUEST		Homepage Request	1685946295159	1685946355171	KO	i.g.h.c.i.RequestTimeoutException: Request timeout to tmsssepfisheries.org/107.161.23.26:443 after 60000 ms
USER	Homepage Load Test	END	1685946355171
REQUEST		um-conditional.min.js?ver=2.6.0	1685946354895	1685946355184	OK	 
REQUEST		jquery.masonry.min.js?ver=3.1.2b	1685946354914	1685946355195	OK	 
REQUEST		simplebar.min.js?ver=2.6.0	1685946354954	1685946355240	OK	 
REQUEST		um-scripts.min.js?ver=2.6.0	1685946354950	1685946355242	OK	 
REQUEST		um-functions.min.js?ver=2.6.0	1685946354969	1685946355253	OK	 
REQUEST		um-responsive.min.js?ver=2.6.0	1685946354982	1685946355264	OK	 
REQUEST		um-conditional.min.js?ver=2.6.0	1685946355029	1685946355318	OK	 
REQUEST		um-profile.min.js?ver=2.6.0	1685946355046	1685946355332	OK	 
REQUEST		Homepage Request	1685946295348	1685946355358	KO	i.g.h.c.i.RequestTimeoutException: Request timeout to tmsssepfisheries.org/107.161.23.26:443 after 60000 ms
USER	Homepage Load Test	END	1685946355359
REQUEST		um-account.min.js?ver=2.6.0	1685946355092	1685946355369	OK	 
REQUEST		jquery.smartmenus.min.js?ver=1.0.1	1685946355151	1685946355431	OK	 
REQUEST		webpack-pro.runtime.min.js?ver=3.11.3	1685946355155	1685946355435	OK	 
REQUEST		um-scripts.min.js?ver=2.6.0	1685946355166	1685946355451	OK	 
REQUEST		webpack.runtime.min.js?ver=3.13.4	1685946355184	1685946355474	OK	 
REQUEST		um-profile.min.js?ver=2.6.0	1685946355195	1685946355482	OK	 
REQUEST		um-account.min.js?ver=2.6.0	1685946355241	1685946355523	OK	 
REQUEST		frontend-modules.min.js?ver=3.13.4	1685946355243	1685946355534	OK	 
REQUEST		jquery.smartmenus.min.js?ver=1.0.1	1685946355254	1685946355538	OK	 
REQUEST		Homepage Request	1685946295549	1685946355549	KO	i.g.h.c.i.RequestTimeoutException: Request timeout to tmsssepfisheries.org/107.161.23.26:443 after 60000 ms
USER	Homepage Load Test	END	1685946355550
REQUEST		webpack-pro.runtime.min.js?ver=3.11.3	1685946355265	1685946355551	OK	 
REQUEST		webpack.runtime.min.js?ver=3.13.4	1685946355318	1685946355605	OK	 
REQUEST		frontend.min.js?ver=3.11.3	1685946355332	1685946355619	OK	 
REQUEST		waypoints.min.js?ver=4.0.2	1685946355369	1685946355647	OK	 
REQUEST		frontend.min.js?ver=3.13.4	1685946355431	1685946355712	OK	 
REQUEST		elements-handlers.min.js?ver=3.11.3	1685946355435	1685946355724	OK	 
REQUEST		frontend-modules.min.js?ver=3.13.4	1685946355452	1685946355739	OK	 
REQUEST		Homepage Request	1685946295749	1685946355764	KO	i.g.h.c.i.RequestTimeoutException: Request timeout to tmsssepfisheries.org/107.161.23.26:443 after 60000 ms
REQUEST		animate-circle.js?ver=2.8.7	1685946355475	1685946355764	OK	 
USER	Homepage Load Test	END	1685946355765
REQUEST		frontend.min.js?ver=3.11.3	1685946355483	1685946355768	OK	 
REQUEST		waypoints.min.js?ver=4.0.2	1685946355524	1685946355807	OK	 
REQUEST		elementor.js?ver=2.8.7	1685946355534	1685946355822	OK	 
REQUEST		frontend.min.js?ver=3.13.4	1685946355539	1685946355825	OK	 
REQUEST		elements-handlers.min.js?ver=3.11.3	1685946355552	1685946355836	OK	 
REQUEST		animate-circle.js?ver=2.8.7	1685946355605	1685946355892	OK	 
REQUEST		jquery.sticky.min.js?ver=3.11.3	1685946355620	1685946355905	OK	 
USER	Homepage Load Test	END	1685946355912
REQUEST		Homepage Request	1685946295954	1685946355966	KO	i.g.h.c.i.RequestTimeoutException: Request timeout to tmsssepfisheries.org/107.161.23.26:443 after 60000 ms
USER	Homepage Load Test	END	1685946355967
REQUEST		elementor.js?ver=2.8.7	1685946355740	1685946356026	OK	 
REQUEST		jquery.sticky.min.js?ver=3.11.3	1685946355769	1685946356051	OK	 
USER	Homepage Load Test	END	1685946356054
REQUEST		Homepage Request	1685946296154	1685946356155	KO	i.g.h.c.i.RequestTimeoutException: Request timeout to tmsssepfisheries.org/107.161.23.26:443 after 60000 ms
USER	Homepage Load Test	END	1685946356156
REQUEST		Homepage Request	1685946296343	1685946356356	KO	i.g.h.c.i.RequestTimeoutException: Request timeout to tmsssepfisheries.org/107.161.23.26:443 after 60000 ms
USER	Homepage Load Test	END	1685946356357
REQUEST		Homepage Request	1685946296546	1685946356558	KO	i.g.h.c.i.RequestTimeoutException: Request timeout to tmsssepfisheries.org/107.161.23.26:443 after 60000 ms
USER	Homepage Load Test	END	1685946356559
REQUEST		Homepage Request	1685946296750	1685946356766	KO	i.g.h.c.i.RequestTimeoutException: Request timeout to tmsssepfisheries.org/107.161.23.26:443 after 60000 ms
USER	Homepage Load Test	END	1685946356766
REQUEST		Homepage Request	1685946296956	1685946356969	KO	i.g.h.c.i.RequestTimeoutException: Request timeout to tmsssepfisheries.org/107.161.23.26:443 after 60000 ms
USER	Homepage Load Test	END	1685946356971
REQUEST		Homepage Request	1685946297145	1685946357159	KO	i.g.h.c.i.RequestTimeoutException: Request timeout to tmsssepfisheries.org/107.161.23.26:443 after 60000 ms
USER	Homepage Load Test	END	1685946357160
REQUEST		Homepage Request	1685946297351	1685946357366	KO	i.g.h.c.i.RequestTimeoutException: Request timeout to tmsssepfisheries.org/107.161.23.26:443 after 60000 ms
USER	Homepage Load Test	END	1685946357367
REQUEST		Homepage Request	1685946297552	1685946357556	KO	i.g.h.c.i.RequestTimeoutException: Request timeout to tmsssepfisheries.org/107.161.23.26:443 after 60000 ms
USER	Homepage Load Test	END	1685946357557
REQUEST		Homepage Request	1685946297755	1685946357762	KO	i.g.h.c.i.RequestTimeoutException: Request timeout to tmsssepfisheries.org/107.161.23.26:443 after 60000 ms
USER	Homepage Load Test	END	1685946357763
REQUEST		Homepage Request	1685946297944	1685946357949	KO	i.g.h.c.i.RequestTimeoutException: Request timeout to tmsssepfisheries.org/107.161.23.26:443 after 60000 ms
USER	Homepage Load Test	END	1685946357950
REQUEST		Homepage Request	1685946298151	1685946358152	KO	i.g.h.c.i.RequestTimeoutException: Request timeout to tmsssepfisheries.org/107.161.23.26:443 after 60000 ms
USER	Homepage Load Test	END	1685946358153
REQUEST		Homepage Request	1685946298353	1685946358354	KO	i.g.h.c.i.RequestTimeoutException: Request timeout to tmsssepfisheries.org/107.161.23.26:443 after 60000 ms
USER	Homepage Load Test	END	1685946358355
REQUEST		Homepage Request	1685946298556	1685946358560	KO	i.g.h.c.i.RequestTimeoutException: Request timeout to tmsssepfisheries.org/107.161.23.26:443 after 60000 ms
USER	Homepage Load Test	END	1685946358561
REQUEST		Homepage Request	1685946298745	1685946358747	KO	i.g.h.c.i.RequestTimeoutException: Request timeout to tmsssepfisheries.org/107.161.23.26:443 after 60000 ms
USER	Homepage Load Test	END	1685946358748
REQUEST		Homepage Request	1685946298950	1685946358963	KO	i.g.h.c.i.RequestTimeoutException: Request timeout to tmsssepfisheries.org/107.161.23.26:443 after 60000 ms
USER	Homepage Load Test	END	1685946358964
REQUEST		Homepage Request	1685946299156	1685946359165	KO	i.g.h.c.i.RequestTimeoutException: Request timeout to tmsssepfisheries.org/107.161.23.26:443 after 60000 ms
USER	Homepage Load Test	END	1685946359166
REQUEST		Homepage Request	1685946299344	1685946359351	KO	i.g.h.c.i.RequestTimeoutException: Request timeout to tmsssepfisheries.org/107.161.23.26:443 after 60000 ms
USER	Homepage Load Test	END	1685946359352
REQUEST		Homepage Request	1685946299545	1685946359555	KO	i.g.h.c.i.RequestTimeoutException: Request timeout to tmsssepfisheries.org/107.161.23.26:443 after 60000 ms
USER	Homepage Load Test	END	1685946359556
REQUEST		Homepage Request	1685946299747	1685946359760	KO	i.g.h.c.i.RequestTimeoutException: Request timeout to tmsssepfisheries.org/107.161.23.26:443 after 60000 ms
USER	Homepage Load Test	END	1685946359761
REQUEST		Homepage Request	1685946299950	1685946359964	KO	i.g.h.c.i.RequestTimeoutException: Request timeout to tmsssepfisheries.org/107.161.23.26:443 after 60000 ms
USER	Homepage Load Test	END	1685946359965
REQUEST		Homepage Request	1685946300156	1685946360167	KO	i.g.h.c.i.RequestTimeoutException: Request timeout to tmsssepfisheries.org/107.161.23.26:443 after 60000 ms
USER	Homepage Load Test	END	1685946360168
REQUEST		Homepage Request	1685946300343	1685946360353	KO	i.g.h.c.i.RequestTimeoutException: Request timeout to tmsssepfisheries.org/107.161.23.26:443 after 60000 ms
USER	Homepage Load Test	END	1685946360354
REQUEST		Homepage Request	1685946300542	1685946360556	KO	i.g.h.c.i.RequestTimeoutException: Request timeout to tmsssepfisheries.org/107.161.23.26:443 after 60000 ms
USER	Homepage Load Test	END	1685946360557
REQUEST		Homepage Request	1685946300745	1685946360756	KO	i.g.h.c.i.RequestTimeoutException: Request timeout to tmsssepfisheries.org/107.161.23.26:443 after 60000 ms
USER	Homepage Load Test	END	1685946360757
REQUEST		Homepage Request	1685946300950	1685946360961	KO	i.g.h.c.i.RequestTimeoutException: Request timeout to tmsssepfisheries.org/107.161.23.26:443 after 60000 ms
USER	Homepage Load Test	END	1685946360962
REQUEST		Homepage Request	1685946301155	1685946361166	KO	i.g.h.c.i.RequestTimeoutException: Request timeout to tmsssepfisheries.org/107.161.23.26:443 after 60000 ms
USER	Homepage Load Test	END	1685946361167
REQUEST		Homepage Request	1685946301342	1685946361354	KO	i.g.h.c.i.RequestTimeoutException: Request timeout to tmsssepfisheries.org/107.161.23.26:443 after 60000 ms
USER	Homepage Load Test	END	1685946361355
REQUEST		Homepage Request	1685946301556	1685946361558	KO	i.g.h.c.i.RequestTimeoutException: Request timeout to tmsssepfisheries.org/107.161.23.26:443 after 60000 ms
USER	Homepage Load Test	END	1685946361559
REQUEST		Homepage Request	1685946301742	1685946361745	KO	i.g.h.c.i.RequestTimeoutException: Request timeout to tmsssepfisheries.org/107.161.23.26:443 after 60000 ms
USER	Homepage Load Test	END	1685946361745
REQUEST		Homepage Request	1685946301943	1685946361950	KO	i.g.h.c.i.RequestTimeoutException: Request timeout to tmsssepfisheries.org/107.161.23.26:443 after 60000 ms
USER	Homepage Load Test	END	1685946361952
REQUEST		Homepage Request	1685946302145	1685946362155	KO	i.g.h.c.i.RequestTimeoutException: Request timeout to tmsssepfisheries.org/107.161.23.26:443 after 60000 ms
USER	Homepage Load Test	END	1685946362156
REQUEST		Homepage Request	1685946302351	1685946362358	KO	i.g.h.c.i.RequestTimeoutException: Request timeout to tmsssepfisheries.org/107.161.23.26:443 after 60000 ms
USER	Homepage Load Test	END	1685946362359
REQUEST		Homepage Request	1685946302552	1685946362564	KO	i.g.h.c.i.RequestTimeoutException: Request timeout to tmsssepfisheries.org/107.161.23.26:443 after 60000 ms
USER	Homepage Load Test	END	1685946362565
REQUEST		Homepage Request	1685946302754	1685946362767	KO	i.g.h.c.i.RequestTimeoutException: Request timeout to tmsssepfisheries.org/107.161.23.26:443 after 60000 ms
USER	Homepage Load Test	END	1685946362767
REQUEST		Homepage Request	1685946302943	1685946362954	KO	i.g.h.c.i.RequestTimeoutException: Request timeout to tmsssepfisheries.org/107.161.23.26:443 after 60000 ms
USER	Homepage Load Test	END	1685946362955
REQUEST		Homepage Request	1685946303148	1685946363162	KO	i.g.h.c.i.RequestTimeoutException: Request timeout to tmsssepfisheries.org/107.161.23.26:443 after 60000 ms
USER	Homepage Load Test	END	1685946363162
REQUEST		Homepage Request	1685946303355	1685946363365	KO	i.g.h.c.i.RequestTimeoutException: Request timeout to tmsssepfisheries.org/107.161.23.26:443 after 60000 ms
USER	Homepage Load Test	END	1685946363366
REQUEST		Homepage Request	1685946303545	1685946363550	KO	i.g.h.c.i.RequestTimeoutException: Request timeout to tmsssepfisheries.org/107.161.23.26:443 after 60000 ms
USER	Homepage Load Test	END	1685946363551
REQUEST		Homepage Request	1685946303749	1685946363758	KO	i.g.h.c.i.RequestTimeoutException: Request timeout to tmsssepfisheries.org/107.161.23.26:443 after 60000 ms
USER	Homepage Load Test	END	1685946363759
REQUEST		Homepage Request	1685946303955	1685946363959	KO	i.g.h.c.i.RequestTimeoutException: Request timeout to tmsssepfisheries.org/107.161.23.26:443 after 60000 ms
USER	Homepage Load Test	END	1685946363960
REQUEST		Homepage Request	1685946304142	1685946364147	KO	i.g.h.c.i.RequestTimeoutException: Request timeout to tmsssepfisheries.org/107.161.23.26:443 after 60000 ms
USER	Homepage Load Test	END	1685946364147
REQUEST		Homepage Request	1685946304347	1685946364362	KO	i.g.h.c.i.RequestTimeoutException: Request timeout to tmsssepfisheries.org/107.161.23.26:443 after 60000 ms
USER	Homepage Load Test	END	1685946364363
REQUEST		Homepage Request	1685946304548	1685946364563	KO	i.g.h.c.i.RequestTimeoutException: Request timeout to tmsssepfisheries.org/107.161.23.26:443 after 60000 ms
USER	Homepage Load Test	END	1685946364564
REQUEST		Homepage Request	1685946304750	1685946364752	KO	i.g.h.c.i.RequestTimeoutException: Request timeout to tmsssepfisheries.org/107.161.23.26:443 after 60000 ms
USER	Homepage Load Test	END	1685946364753
REQUEST		Homepage Request	1685946304955	1685946364957	KO	i.g.h.c.i.RequestTimeoutException: Request timeout to tmsssepfisheries.org/107.161.23.26:443 after 60000 ms
USER	Homepage Load Test	END	1685946364958
REQUEST		Homepage Request	1685946305144	1685946365158	KO	i.g.h.c.i.RequestTimeoutException: Request timeout to tmsssepfisheries.org/107.161.23.26:443 after 60000 ms
USER	Homepage Load Test	END	1685946365160
