RUN	com.tmsssepfisheries.tests.SmallFish	smallfish	1685946421396	Small Fish Page Test	3.6.1
USER	Small Fish Page Load Test	START	1685946423309
USER	Small Fish Page Load Test	START	1685946423471
USER	Small Fish Page Load Test	START	1685946423659
USER	Small Fish Page Load Test	START	1685946423864
USER	Small Fish Page Load Test	START	1685946424069
USER	Small Fish Page Load Test	START	1685946424272
USER	Small Fish Page Load Test	START	1685946424462
USER	Small Fish Page Load Test	START	1685946424665
USER	Small Fish Page Load Test	START	1685946424871
USER	Small Fish Page Load Test	START	1685946425076
USER	Small Fish Page Load Test	START	1685946425264
USER	Small Fish Page Load Test	START	1685946425453
USER	Small Fish Page Load Test	START	1685946425653
USER	Small Fish Page Load Test	START	1685946425857
USER	Small Fish Page Load Test	START	1685946426048
USER	Small Fish Page Load Test	START	1685946426254
USER	Small Fish Page Load Test	START	1685946426443
USER	Small Fish Page Load Test	START	1685946426649
USER	Small Fish Page Load Test	START	1685946426851
USER	Small Fish Page Load Test	START	1685946427056
USER	Small Fish Page Load Test	START	1685946427260
USER	Small Fish Page Load Test	START	1685946427446
USER	Small Fish Page Load Test	START	1685946427647
USER	Small Fish Page Load Test	START	1685946427848
USER	Small Fish Page Load Test	START	1685946428050
USER	Small Fish Page Load Test	START	1685946428255
USER	Small Fish Page Load Test	START	1685946428443
USER	Small Fish Page Load Test	START	1685946428647
USER	Small Fish Page Load Test	START	1685946428851
USER	Small Fish Page Load Test	START	1685946429053
USER	Small Fish Page Load Test	START	1685946429255
USER	Small Fish Page Load Test	START	1685946429459
USER	Small Fish Page Load Test	START	1685946429648
USER	Small Fish Page Load Test	START	1685946429853
USER	Small Fish Page Load Test	START	1685946430056
USER	Small Fish Page Load Test	START	1685946430262
USER	Small Fish Page Load Test	START	1685946430448
USER	Small Fish Page Load Test	START	1685946430649
USER	Small Fish Page Load Test	START	1685946430852
USER	Small Fish Page Load Test	START	1685946431055
USER	Small Fish Page Load Test	START	1685946431258
USER	Small Fish Page Load Test	START	1685946431450
USER	Small Fish Page Load Test	START	1685946431654
USER	Small Fish Page Load Test	START	1685946431858
USER	Small Fish Page Load Test	START	1685946432045
USER	Small Fish Page Load Test	START	1685946432251
USER	Small Fish Page Load Test	START	1685946432458
USER	Small Fish Page Load Test	START	1685946432644
USER	Small Fish Page Load Test	START	1685946432849
USER	Small Fish Page Load Test	START	1685946433054
USER	Small Fish Page Load Test	START	1685946433258
USER	Small Fish Page Load Test	START	1685946433446
USER	Small Fish Page Load Test	START	1685946433648
USER	Small Fish Page Load Test	START	1685946433855
USER	Small Fish Page Load Test	START	1685946434057
USER	Small Fish Page Load Test	START	1685946434250
USER	Small Fish Page Load Test	START	1685946434448
USER	Small Fish Page Load Test	START	1685946434653
USER	Small Fish Page Load Test	START	1685946434854
REQUEST		Small Fish Page Request	1685946424871	1685946434878	KO	status.find.is(200), but actually found 503
USER	Small Fish Page Load Test	END	1685946434918
USER	Small Fish Page Load Test	START	1685946435059
USER	Small Fish Page Load Test	START	1685946435262
USER	Small Fish Page Load Test	START	1685946435452
USER	Small Fish Page Load Test	START	1685946435658
USER	Small Fish Page Load Test	START	1685946435846
REQUEST		Small Fish Page Request	1685946425858	1685946435869	KO	status.find.is(200), but actually found 503
USER	Small Fish Page Load Test	END	1685946435870
REQUEST		Small Fish Page Request	1685946425077	1685946435873	KO	status.find.is(200), but actually found 503
REQUEST		Small Fish Page Request	1685946425453	1685946435873	KO	status.find.is(200), but actually found 503
USER	Small Fish Page Load Test	END	1685946435874
USER	Small Fish Page Load Test	END	1685946435874
REQUEST		Small Fish Page Request	1685946425265	1685946435875	KO	status.find.is(200), but actually found 503
USER	Small Fish Page Load Test	END	1685946435876
REQUEST		Small Fish Page Request	1685946425654	1685946435878	KO	status.find.is(200), but actually found 503
USER	Small Fish Page Load Test	END	1685946435880
USER	Small Fish Page Load Test	START	1685946436063
USER	Small Fish Page Load Test	START	1685946436253
USER	Small Fish Page Load Test	START	1685946436454
USER	Small Fish Page Load Test	START	1685946436644
USER	Small Fish Page Load Test	START	1685946436846
REQUEST		Small Fish Page Request	1685946426048	1685946436887	KO	status.find.is(200), but actually found 503
USER	Small Fish Page Load Test	END	1685946436889
USER	Small Fish Page Load Test	START	1685946437048
USER	Small Fish Page Load Test	START	1685946437249
USER	Small Fish Page Load Test	START	1685946437452
USER	Small Fish Page Load Test	START	1685946437655
REQUEST		Small Fish Page Request	1685946427260	1685946437839	KO	status.find.is(200), but actually found 500
USER	Small Fish Page Load Test	END	1685946437843
USER	Small Fish Page Load Test	START	1685946437844
USER	Small Fish Page Load Test	START	1685946438045
USER	Small Fish Page Load Test	START	1685946438248
USER	Small Fish Page Load Test	START	1685946438454
USER	Small Fish Page Load Test	START	1685946438657
USER	Small Fish Page Load Test	START	1685946438859
USER	Small Fish Page Load Test	START	1685946439049
USER	Small Fish Page Load Test	START	1685946439254
USER	Small Fish Page Load Test	START	1685946439456
USER	Small Fish Page Load Test	START	1685946439659
USER	Small Fish Page Load Test	START	1685946439848
USER	Small Fish Page Load Test	START	1685946440053
USER	Small Fish Page Load Test	START	1685946440258
USER	Small Fish Page Load Test	START	1685946440446
REQUEST		Small Fish Page Request	1685946426255	1685946440536	KO	status.find.is(200), but actually found 500
USER	Small Fish Page Load Test	END	1685946440538
USER	Small Fish Page Load Test	START	1685946440653
REQUEST		Small Fish Page Request	1685946423368	1685946440734	KO	status.find.is(200), but actually found 500
USER	Small Fish Page Load Test	END	1685946440736
USER	Small Fish Page Load Test	START	1685946440855
USER	Small Fish Page Load Test	START	1685946441058
USER	Small Fish Page Load Test	START	1685946441245
USER	Small Fish Page Load Test	START	1685946441449
USER	Small Fish Page Load Test	START	1685946441653
USER	Small Fish Page Load Test	START	1685946441856
USER	Small Fish Page Load Test	START	1685946442057
USER	Small Fish Page Load Test	START	1685946442247
USER	Small Fish Page Load Test	START	1685946442451
USER	Small Fish Page Load Test	START	1685946442655
USER	Small Fish Page Load Test	START	1685946442857
USER	Small Fish Page Load Test	START	1685946443060
REQUEST		Small Fish Page Request	1685946427849	1685946447870	KO	status.find.is(200), but actually found 500
USER	Small Fish Page Load Test	END	1685946447874
REQUEST		Small Fish Page Request	1685946428256	1685946453040	KO	status.find.is(200), but actually found 500
USER	Small Fish Page Load Test	END	1685946453043
REQUEST		Small Fish Page Request	1685946428051	1685946453252	KO	status.find.is(200), but actually found 500
USER	Small Fish Page Load Test	END	1685946453255
REQUEST		Small Fish Page Request	1685946424666	1685946456177	KO	status.find.is(200), but actually found 503
USER	Small Fish Page Load Test	END	1685946456178
REQUEST		Small Fish Page Request	1685946426854	1685946457740	KO	status.find.is(200), but actually found 500
USER	Small Fish Page Load Test	END	1685946457743
REQUEST		Small Fish Page Request	1685946424463	1685946459161	KO	status.find.is(200), but actually found 503
USER	Small Fish Page Load Test	END	1685946459163
REQUEST		Small Fish Page Request	1685946424069	1685946461004	KO	status.find.is(200), but actually found 503
USER	Small Fish Page Load Test	END	1685946461006
REQUEST		Small Fish Page Request	1685946423660	1685946462400	KO	status.find.is(200), but actually found 503
USER	Small Fish Page Load Test	END	1685946462401
REQUEST		Small Fish Page Request	1685946423472	1685946465850	KO	status.find.is(200), but actually found 500
USER	Small Fish Page Load Test	END	1685946465853
REQUEST		Small Fish Page Request	1685946428443	1685946465943	KO	status.find.is(200), but actually found 500
USER	Small Fish Page Load Test	END	1685946465946
REQUEST		Small Fish Page Request	1685946426650	1685946469761	KO	status.find.is(200), but actually found 503
USER	Small Fish Page Load Test	END	1685946469764
REQUEST		Small Fish Page Request	1685946426444	1685946471100	OK	 
REQUEST		style.min.css?ver=6.2.2	1685946471368	1685946471662	OK	 
REQUEST		css?family=Lato%3A100%2C200%2C300%2C400%2C500%2C600%2C700%2C800%2C900%2C100i%2C200i%2C300i%2C400i%2C500i%2C600i%2C700i%2C800i%2C900i&subset=latin&display=swap&ver=6.2.2	1685946471366	1685946471721	OK	 
REQUEST		css?family=Lato%3A100%2C100italic%2C200%2C200italic%2C300%2C300italic%2C400%2C400italic%2C500%2C500italic%2C600%2C600italic%2C700%2C700italic%2C800%2C800italic%2C900%2C900italic%7CRoboto+Slab%3A100%2C100italic%2C200%2C200italic%2C300%2C300italic%2C400%2C400italic%2C500%2C500italic%2C600%2C600italic%2C700%2C700italic%2C800%2C800italic%2C900%2C900italic%7CRoboto%3A100%2C100italic%2C200%2C200italic%2C300%2C300italic%2C400%2C400italic%2C500%2C500italic%2C600%2C600italic%2C700%2C700italic%2C800%2C800italic%2C900%2C900italic%7CPlayfair+Display%3A100%2C100italic%2C200%2C200italic%2C300%2C300italic%2C400%2C400italic%2C500%2C500italic%2C600%2C600italic%2C700%2C700italic%2C800%2C800italic%2C900%2C900italic%7CArchivo%3A100%2C100italic%2C200%2C200italic%2C300%2C300italic%2C400%2C400italic%2C500%2C500italic%2C600%2C600italic%2C700%2C700italic%2C800%2C800italic%2C900%2C900italic&display=swap&ver=6.2.2	1685946471367	1685946471725	OK	 
REQUEST		woo-mini-cart.min.css?ver=6.2.2	1685946471713	1685946472002	OK	 
REQUEST		wc-blocks-vendors-style.css?ver=10.0.6	1685946471370	1685946472289	OK	 
REQUEST		all.min.css?ver=5.15.1	1685946472005	1685946472295	OK	 
REQUEST		classic-themes.min.css?ver=6.2.2	1685946471372	1685946472299	OK	 
REQUEST		style.css?ver=6.2.2	1685946471373	1685946472303	OK	 
REQUEST		styles.css?ver=5.7.6	1685946471374	1685946472306	OK	 
REQUEST		simple-line-icons.min.css?ver=2.4.0	1685946472291	1685946472573	OK	 
REQUEST		swiper.min.css?ver=5.3.6	1685946472308	1685946472597	OK	 
REQUEST		post-5.css?ver=1682506416	1685946472575	1685946472855	OK	 
REQUEST		style.min.css?ver=3.4.3	1685946472298	1685946472870	OK	 
REQUEST		elementor-icons.min.css?ver=5.20.0	1685946472301	1685946472878	OK	 
REQUEST		frontend-lite.min.css?ver=3.11.3	1685946472599	1685946472882	OK	 
REQUEST		Small Fish Page Request	1685946427648	1685946472981	KO	status.find.is(200), but actually found 503
USER	Small Fish Page Load Test	END	1685946472982
REQUEST		frontend-lite.min.css?ver=3.13.4	1685946472304	1685946473157	OK	 
REQUEST		post-135.css?ver=1682506425	1685946472876	1685946473171	OK	 
REQUEST		post-176.css?ver=1682506425	1685946472880	1685946473174	OK	 
REQUEST		wc-blocks-style.css?ver=10.0.6	1685946471371	1685946473351	OK	 
REQUEST		global.css?ver=1682506424	1685946472857	1685946473418	OK	 
REQUEST		jquery-ui.min.css?ver=7.7.2	1685946473161	1685946473444	OK	 
REQUEST		wcfmicon.min.css?ver=6.7.0	1685946473173	1685946473462	OK	 
REQUEST		select2.css?ver=6.7.0	1685946473357	1685946473641	OK	 
REQUEST		woo-star-font.min.css?ver=6.2.2	1685946473446	1685946473727	OK	 
REQUEST		ekiticons.css?ver=2.8.7	1685946472884	1685946473733	OK	 
REQUEST		wcfm-style-core.css?ver=6.7.0	1685946473176	1685946473757	OK	 
REQUEST		woo-quick-view.min.css?ver=6.2.2	1685946473464	1685946473763	OK	 
REQUEST		woocommerce.min.css?ver=6.2.2	1685946473420	1685946473982	OK	 
REQUEST		responsive.css?ver=2.8.7	1685946473730	1685946474013	OK	 
REQUEST		um-fonticons-ii.css?ver=2.6.0	1685946473738	1685946474021	OK	 
REQUEST		um-fonticons-fa.css?ver=2.6.0	1685946473760	1685946474046	OK	 
REQUEST		select2.min.css?ver=4.0.13	1685946473766	1685946474052	OK	 
REQUEST		um-crop.css?ver=2.6.0	1685946473984	1685946474265	OK	 
REQUEST		um-modal.css?ver=2.6.0	1685946474015	1685946474295	OK	 
REQUEST		um-styles.css?ver=2.6.0	1685946474023	1685946474306	OK	 
REQUEST		um-profile.css?ver=2.6.0	1685946474048	1685946474344	OK	 
REQUEST		um-account.css?ver=2.6.0	1685946474053	1685946474348	OK	 
REQUEST		widget-styles.css?ver=2.8.7	1685946473643	1685946474505	OK	 
REQUEST		um-misc.css?ver=2.6.0	1685946474266	1685946474548	OK	 
REQUEST		um-fileupload.css?ver=2.6.0	1685946474297	1685946474577	OK	 
REQUEST		default.css?ver=2.6.0	1685946474307	1685946474589	OK	 
REQUEST		default.date.css?ver=2.6.0	1685946474345	1685946474628	OK	 
REQUEST		default.time.css?ver=2.6.0	1685946474350	1685946474634	OK	 
REQUEST		um-raty.css?ver=2.6.0	1685946474512	1685946474795	OK	 
REQUEST		simplebar.css?ver=2.6.0	1685946474549	1685946474829	OK	 
REQUEST		um-tipsy.css?ver=2.6.0	1685946474579	1685946474859	OK	 
REQUEST		um-responsive.css?ver=2.6.0	1685946474590	1685946474871	OK	 
REQUEST		um-old-default.css?ver=2.6.0	1685946474630	1685946474913	OK	 
REQUEST		fontawesome.min.css?ver=5.15.3	1685946474635	1685946474925	OK	 
REQUEST		solid.min.css?ver=5.15.3	1685946474797	1685946475077	OK	 
REQUEST		regular.min.css?ver=5.15.3	1685946474831	1685946475112	OK	 
REQUEST		jquery.min.js?ver=3.6.4	1685946474861	1685946475149	OK	 
REQUEST		jquery-migrate.min.js?ver=3.4.0	1685946474873	1685946475153	OK	 
REQUEST		um-gdpr.min.js?ver=2.6.0	1685946474915	1685946475197	OK	 
REQUEST		scripts.js?ver=1.0	1685946474929	1685946475225	OK	 
REQUEST		index.js?ver=5.7.6	1685946475079	1685946475360	OK	 
REQUEST		index.js?ver=5.7.6	1685946475115	1685946475396	OK	 
REQUEST		jquery.blockUI.min.js?ver=2.7.0-wc.7.7.2	1685946475150	1685946475432	OK	 
REQUEST		add-to-cart.min.js?ver=7.7.2	1685946475154	1685946475434	OK	 
REQUEST		js.cookie.min.js?ver=2.1.4-wc.7.7.2	1685946475198	1685946475480	OK	 
REQUEST		woocommerce.min.js?ver=7.7.2	1685946475226	1685946475511	OK	 
REQUEST		cart-fragments.min.js?ver=7.7.2	1685946475361	1685946475642	OK	 
REQUEST		imagesloaded.min.js?ver=4.1.4	1685946475397	1685946475678	OK	 
REQUEST		theme.min.js?ver=3.4.3	1685946475433	1685946475714	OK	 
REQUEST		drop-down-mobile-menu.min.js?ver=3.4.3	1685946475435	1685946475716	OK	 
REQUEST		magnific-popup.min.js?ver=3.4.3	1685946475482	1685946475766	OK	 
REQUEST		ow-lightbox.min.js?ver=3.4.3	1685946475512	1685946475798	OK	 
REQUEST		flickity.pkgd.min.js?ver=3.4.3	1685946475644	1685946475929	OK	 
REQUEST		ow-slider.min.js?ver=3.4.3	1685946475679	1685946475961	OK	 
REQUEST		scroll-effect.min.js?ver=3.4.3	1685946475715	1685946475996	OK	 
REQUEST		scroll-top.min.js?ver=3.4.3	1685946475717	1685946475999	OK	 
REQUEST		select.min.js?ver=3.4.3	1685946475768	1685946476051	OK	 
REQUEST		woo-custom-features.min.js?ver=3.4.3	1685946475799	1685946476087	OK	 
REQUEST		frontend-script.js?ver=2.8.7	1685946475932	1685946476212	OK	 
REQUEST		jquery.blockUI.min.js?ver=6.7.0	1685946475997	1685946476279	OK	 
REQUEST		core.min.js?ver=1.13.2	1685946476000	1685946476281	OK	 
REQUEST		datepicker.min.js?ver=1.13.2	1685946476052	1685946476337	OK	 
REQUEST		wcfm-script-core.js?ver=6.7.0	1685946476088	1685946476381	OK	 
REQUEST		select2.js?ver=6.7.0	1685946476212	1685946476499	OK	 
REQUEST		widget-scripts.js?ver=2.8.7	1685946475962	1685946476527	OK	 
REQUEST		woo-quick-view.min.js?ver=3.4.3	1685946476279	1685946476585	OK	 
REQUEST		underscore.min.js?ver=1.13.4	1685946476282	1685946476587	OK	 
REQUEST		wp-util.min.js?ver=6.2.2	1685946476337	1685946476619	OK	 
REQUEST		add-to-cart-variation.min.js?ver=7.7.2	1685946476382	1685946476668	OK	 
REQUEST		jquery.flexslider.min.js?ver=2.7.2-wc.7.7.2	1685946476500	1685946476782	OK	 
REQUEST		woo-mini-cart.min.js?ver=3.4.3	1685946476528	1685946476809	OK	 
REQUEST		select2.full.min.js?ver=4.0.13	1685946476586	1685946476883	OK	 
REQUEST		um-crop.min.js?ver=2.6.0	1685946476588	1685946476885	OK	 
REQUEST		um-modal.min.js?ver=2.6.0	1685946476620	1685946476902	OK	 
REQUEST		um-jquery-form.min.js?ver=2.6.0	1685946476669	1685946476956	OK	 
REQUEST		um-fileupload.js?ver=2.6.0	1685946476783	1685946477065	OK	 
REQUEST		picker.js?ver=2.6.0	1685946476810	1685946477097	OK	 
REQUEST		picker.date.js?ver=2.6.0	1685946476884	1685946477170	OK	 
REQUEST		picker.time.js?ver=2.6.0	1685946476885	1685946477174	OK	 
REQUEST		wp-polyfill-inert.min.js?ver=3.1.2	1685946476903	1685946477185	OK	 
REQUEST		regenerator-runtime.min.js?ver=0.13.11	1685946476957	1685946477242	OK	 
REQUEST		wp-polyfill.min.js?ver=3.15.0	1685946477066	1685946477351	OK	 
REQUEST		hooks.min.js?ver=4169d3cf8e8d95a3d6d5	1685946477098	1685946477379	OK	 
REQUEST		i18n.min.js?ver=9e794f35a71bb98672ae	1685946477172	1685946477453	OK	 
REQUEST		um-raty.min.js?ver=2.6.0	1685946477176	1685946477456	OK	 
REQUEST		um-tipsy.min.js?ver=2.6.0	1685946477186	1685946477469	OK	 
REQUEST		masonry.min.js?ver=4.2.2	1685946477243	1685946477530	OK	 
REQUEST		jquery.masonry.min.js?ver=3.1.2b	1685946477352	1685946477636	OK	 
REQUEST		simplebar.min.js?ver=2.6.0	1685946477380	1685946477666	OK	 
REQUEST		um-functions.min.js?ver=2.6.0	1685946477454	1685946477736	OK	 
REQUEST		um-responsive.min.js?ver=2.6.0	1685946477456	1685946477752	OK	 
REQUEST		um-conditional.min.js?ver=2.6.0	1685946477469	1685946477756	OK	 
REQUEST		um-scripts.min.js?ver=2.6.0	1685946477531	1685946477817	OK	 
REQUEST		um-profile.min.js?ver=2.6.0	1685946477637	1685946477917	OK	 
REQUEST		um-account.min.js?ver=2.6.0	1685946477667	1685946477948	OK	 
REQUEST		jquery.smartmenus.min.js?ver=1.0.1	1685946477737	1685946478020	OK	 
REQUEST		webpack-pro.runtime.min.js?ver=3.11.3	1685946477754	1685946478034	OK	 
REQUEST		webpack.runtime.min.js?ver=3.13.4	1685946477757	1685946478039	OK	 
REQUEST		frontend-modules.min.js?ver=3.13.4	1685946477818	1685946478107	OK	 
REQUEST		frontend.min.js?ver=3.11.3	1685946477918	1685946478200	OK	 
REQUEST		waypoints.min.js?ver=4.0.2	1685946477949	1685946478233	OK	 
REQUEST		frontend.min.js?ver=3.13.4	1685946478021	1685946478304	OK	 
REQUEST		elements-handlers.min.js?ver=3.11.3	1685946478036	1685946478318	OK	 
REQUEST		animate-circle.js?ver=2.8.7	1685946478040	1685946478323	OK	 
REQUEST		elementor.js?ver=2.8.7	1685946478108	1685946478394	OK	 
REQUEST		jquery.sticky.min.js?ver=3.11.3	1685946478200	1685946478481	OK	 
USER	Small Fish Page Load Test	END	1685946478486
REQUEST		Small Fish Page Request	1685946424273	1685946479108	OK	 
REQUEST		style.min.css?ver=6.2.2	1685946479162	1685946479454	OK	 
REQUEST		css?family=Lato%3A100%2C200%2C300%2C400%2C500%2C600%2C700%2C800%2C900%2C100i%2C200i%2C300i%2C400i%2C500i%2C600i%2C700i%2C800i%2C900i&subset=latin&display=swap&ver=6.2.2	1685946479160	1685946479462	OK	 
REQUEST		css?family=Lato%3A100%2C100italic%2C200%2C200italic%2C300%2C300italic%2C400%2C400italic%2C500%2C500italic%2C600%2C600italic%2C700%2C700italic%2C800%2C800italic%2C900%2C900italic%7CRoboto+Slab%3A100%2C100italic%2C200%2C200italic%2C300%2C300italic%2C400%2C400italic%2C500%2C500italic%2C600%2C600italic%2C700%2C700italic%2C800%2C800italic%2C900%2C900italic%7CRoboto%3A100%2C100italic%2C200%2C200italic%2C300%2C300italic%2C400%2C400italic%2C500%2C500italic%2C600%2C600italic%2C700%2C700italic%2C800%2C800italic%2C900%2C900italic%7CPlayfair+Display%3A100%2C100italic%2C200%2C200italic%2C300%2C300italic%2C400%2C400italic%2C500%2C500italic%2C600%2C600italic%2C700%2C700italic%2C800%2C800italic%2C900%2C900italic%7CArchivo%3A100%2C100italic%2C200%2C200italic%2C300%2C300italic%2C400%2C400italic%2C500%2C500italic%2C600%2C600italic%2C700%2C700italic%2C800%2C800italic%2C900%2C900italic&display=swap&ver=6.2.2	1685946479161	1685946479489	OK	 
REQUEST		woo-mini-cart.min.css?ver=6.2.2	1685946479456	1685946479741	OK	 
REQUEST		Small Fish Page Request	1685946429256	1685946479846	KO	status.find.is(200), but actually found 500
USER	Small Fish Page Load Test	END	1685946479849
REQUEST		wc-blocks-vendors-style.css?ver=10.0.6	1685946479163	1685946480024	OK	 
REQUEST		all.min.css?ver=5.15.1	1685946479742	1685946480037	OK	 
REQUEST		style.css?ver=6.2.2	1685946479165	1685946480040	OK	 
REQUEST		styles.css?ver=5.7.6	1685946479165	1685946480043	OK	 
REQUEST		classic-themes.min.css?ver=6.2.2	1685946479164	1685946480047	OK	 
REQUEST		simple-line-icons.min.css?ver=2.4.0	1685946480026	1685946480310	OK	 
REQUEST		swiper.min.css?ver=5.3.6	1685946480049	1685946480339	OK	 
REQUEST		post-5.css?ver=1682506416	1685946480312	1685946480593	OK	 
REQUEST		style.min.css?ver=3.4.3	1685946480038	1685946480610	OK	 
REQUEST		elementor-icons.min.css?ver=5.20.0	1685946480041	1685946480617	OK	 
REQUEST		frontend-lite.min.css?ver=3.11.3	1685946480340	1685946480629	OK	 
REQUEST		post-135.css?ver=1682506425	1685946480613	1685946480899	OK	 
REQUEST		post-176.css?ver=1682506425	1685946480618	1685946480903	OK	 
REQUEST		frontend-lite.min.css?ver=3.13.4	1685946480045	1685946480905	OK	 
REQUEST		global.css?ver=1682506424	1685946480594	1685946481162	OK	 
REQUEST		jquery-ui.min.css?ver=7.7.2	1685946480900	1685946481186	OK	 
REQUEST		wcfm-style-core.css?ver=6.7.0	1685946480907	1685946481195	OK	 
REQUEST		wc-blocks-style.css?ver=10.0.6	1685946479164	1685946481204	OK	 
REQUEST		select2.css?ver=6.7.0	1685946481163	1685946481446	OK	 
REQUEST		wcfmicon.min.css?ver=6.7.0	1685946480904	1685946481476	OK	 
REQUEST		woocommerce.min.css?ver=6.2.2	1685946481187	1685946481484	OK	 
REQUEST		woo-star-font.min.css?ver=6.2.2	1685946481196	1685946481486	OK	 
REQUEST		woo-quick-view.min.css?ver=6.2.2	1685946481206	1685946481496	OK	 
REQUEST		ekiticons.css?ver=2.8.7	1685946480631	1685946481500	OK	 
REQUEST		responsive.css?ver=2.8.7	1685946481478	1685946481764	OK	 
REQUEST		um-fonticons-ii.css?ver=2.6.0	1685946481485	1685946481772	OK	 
REQUEST		um-fonticons-fa.css?ver=2.6.0	1685946481487	1685946481775	OK	 
REQUEST		select2.min.css?ver=4.0.13	1685946481496	1685946481787	OK	 
REQUEST		um-crop.css?ver=2.6.0	1685946481501	1685946481789	OK	 
REQUEST		um-modal.css?ver=2.6.0	1685946481766	1685946482050	OK	 
REQUEST		um-styles.css?ver=2.6.0	1685946481773	1685946482059	OK	 
REQUEST		um-profile.css?ver=2.6.0	1685946481776	1685946482061	OK	 
REQUEST		um-account.css?ver=2.6.0	1685946481788	1685946482077	OK	 
REQUEST		um-misc.css?ver=2.6.0	1685946481790	1685946482079	OK	 
REQUEST		um-fileupload.css?ver=2.6.0	1685946482051	1685946482334	OK	 
REQUEST		default.css?ver=2.6.0	1685946482060	1685946482343	OK	 
REQUEST		default.date.css?ver=2.6.0	1685946482062	1685946482345	OK	 
REQUEST		default.time.css?ver=2.6.0	1685946482078	1685946482367	OK	 
REQUEST		um-raty.css?ver=2.6.0	1685946482080	1685946482368	OK	 
REQUEST		widget-styles.css?ver=2.8.7	1685946481447	1685946482583	OK	 
REQUEST		simplebar.css?ver=2.6.0	1685946482335	1685946482618	OK	 
REQUEST		um-tipsy.css?ver=2.6.0	1685946482344	1685946482627	OK	 
REQUEST		um-responsive.css?ver=2.6.0	1685946482346	1685946482632	OK	 
REQUEST		um-old-default.css?ver=2.6.0	1685946482368	1685946482657	OK	 
REQUEST		fontawesome.min.css?ver=5.15.3	1685946482369	1685946482662	OK	 
REQUEST		solid.min.css?ver=5.15.3	1685946482586	1685946482873	OK	 
REQUEST		regular.min.css?ver=5.15.3	1685946482619	1685946482903	OK	 
REQUEST		jquery.min.js?ver=3.6.4	1685946482628	1685946483003	OK	 
REQUEST		jquery-migrate.min.js?ver=3.4.0	1685946482633	1685946483018	OK	 
REQUEST		um-gdpr.min.js?ver=2.6.0	1685946482658	1685946483020	OK	 
REQUEST		scripts.js?ver=1.0	1685946482663	1685946483033	OK	 
REQUEST		index.js?ver=5.7.6	1685946482874	1685946483157	OK	 
REQUEST		index.js?ver=5.7.6	1685946482904	1685946483188	OK	 
REQUEST		jquery.blockUI.min.js?ver=2.7.0-wc.7.7.2	1685946483004	1685946483288	OK	 
REQUEST		add-to-cart.min.js?ver=7.7.2	1685946483019	1685946483302	OK	 
REQUEST		js.cookie.min.js?ver=2.1.4-wc.7.7.2	1685946483021	1685946483310	OK	 
REQUEST		woocommerce.min.js?ver=7.7.2	1685946483034	1685946483322	OK	 
REQUEST		cart-fragments.min.js?ver=7.7.2	1685946483157	1685946483438	OK	 
REQUEST		imagesloaded.min.js?ver=4.1.4	1685946483189	1685946483473	OK	 
REQUEST		theme.min.js?ver=3.4.3	1685946483289	1685946483577	OK	 
REQUEST		drop-down-mobile-menu.min.js?ver=3.4.3	1685946483303	1685946483588	OK	 
REQUEST		magnific-popup.min.js?ver=3.4.3	1685946483311	1685946483601	OK	 
REQUEST		ow-lightbox.min.js?ver=3.4.3	1685946483322	1685946483610	OK	 
REQUEST		flickity.pkgd.min.js?ver=3.4.3	1685946483439	1685946483724	OK	 
REQUEST		ow-slider.min.js?ver=3.4.3	1685946483473	1685946483758	OK	 
REQUEST		scroll-effect.min.js?ver=3.4.3	1685946483578	1685946483862	OK	 
REQUEST		Small Fish Page Request	1685946423865	1685946483873	KO	i.g.h.c.i.RequestTimeoutException: Request timeout to tmsssepfisheries.org/107.161.23.26:443 after 60000 ms
USER	Small Fish Page Load Test	END	1685946483882
REQUEST		scroll-top.min.js?ver=3.4.3	1685946483589	1685946483885	OK	 
REQUEST		select.min.js?ver=3.4.3	1685946483602	1685946483892	OK	 
REQUEST		woo-custom-features.min.js?ver=3.4.3	1685946483611	1685946483901	OK	 
REQUEST		frontend-script.js?ver=2.8.7	1685946483725	1685946484006	OK	 
REQUEST		jquery.blockUI.min.js?ver=6.7.0	1685946483863	1685946484148	OK	 
REQUEST		core.min.js?ver=1.13.2	1685946483886	1685946484175	OK	 
REQUEST		datepicker.min.js?ver=1.13.2	1685946483893	1685946484186	OK	 
REQUEST		wcfm-script-core.js?ver=6.7.0	1685946483902	1685946484201	OK	 
REQUEST		select2.js?ver=6.7.0	1685946484008	1685946484295	OK	 
REQUEST		widget-scripts.js?ver=2.8.7	1685946483758	1685946484329	OK	 
REQUEST		woo-quick-view.min.js?ver=3.4.3	1685946484148	1685946484434	OK	 
REQUEST		underscore.min.js?ver=1.13.4	1685946484176	1685946484461	OK	 
REQUEST		wp-util.min.js?ver=6.2.2	1685946484187	1685946484476	OK	 
REQUEST		add-to-cart-variation.min.js?ver=7.7.2	1685946484202	1685946484492	OK	 
REQUEST		Small Fish Page Request	1685946430650	1685946484550	KO	status.find.is(200), but actually found 500
USER	Small Fish Page Load Test	END	1685946484553
REQUEST		jquery.flexslider.min.js?ver=2.7.2-wc.7.7.2	1685946484296	1685946484580	OK	 
REQUEST		woo-mini-cart.min.js?ver=3.4.3	1685946484330	1685946484614	OK	 
REQUEST		select2.full.min.js?ver=4.0.13	1685946484435	1685946484725	OK	 
REQUEST		um-crop.min.js?ver=2.6.0	1685946484461	1685946484750	OK	 
REQUEST		um-modal.min.js?ver=2.6.0	1685946484477	1685946484767	OK	 
REQUEST		um-jquery-form.min.js?ver=2.6.0	1685946484493	1685946484783	OK	 
REQUEST		um-fileupload.js?ver=2.6.0	1685946484581	1685946484862	OK	 
REQUEST		picker.js?ver=2.6.0	1685946484615	1685946484902	OK	 
REQUEST		picker.date.js?ver=2.6.0	1685946484727	1685946485015	OK	 
REQUEST		picker.time.js?ver=2.6.0	1685946484751	1685946485037	OK	 
REQUEST		wp-polyfill-inert.min.js?ver=3.1.2	1685946484768	1685946485058	OK	 
REQUEST		regenerator-runtime.min.js?ver=0.13.11	1685946484783	1685946485071	OK	 
REQUEST		wp-polyfill.min.js?ver=3.15.0	1685946484863	1685946485152	OK	 
REQUEST		hooks.min.js?ver=4169d3cf8e8d95a3d6d5	1685946484902	1685946485186	OK	 
REQUEST		i18n.min.js?ver=9e794f35a71bb98672ae	1685946485016	1685946485305	OK	 
REQUEST		um-raty.min.js?ver=2.6.0	1685946485037	1685946485321	OK	 
REQUEST		um-tipsy.min.js?ver=2.6.0	1685946485059	1685946485348	OK	 
REQUEST		masonry.min.js?ver=4.2.2	1685946485072	1685946485361	OK	 
REQUEST		jquery.masonry.min.js?ver=3.1.2b	1685946485152	1685946485433	OK	 
REQUEST		simplebar.min.js?ver=2.6.0	1685946485187	1685946485474	OK	 
REQUEST		um-functions.min.js?ver=2.6.0	1685946485306	1685946485592	OK	 
REQUEST		um-responsive.min.js?ver=2.6.0	1685946485322	1685946485606	OK	 
REQUEST		um-conditional.min.js?ver=2.6.0	1685946485349	1685946485640	OK	 
REQUEST		um-scripts.min.js?ver=2.6.0	1685946485362	1685946485651	OK	 
REQUEST		um-profile.min.js?ver=2.6.0	1685946485433	1685946485713	OK	 
REQUEST		um-account.min.js?ver=2.6.0	1685946485476	1685946485759	OK	 
REQUEST		jquery.smartmenus.min.js?ver=1.0.1	1685946485593	1685946485878	OK	 
REQUEST		webpack-pro.runtime.min.js?ver=3.11.3	1685946485607	1685946485890	OK	 
REQUEST		webpack.runtime.min.js?ver=3.13.4	1685946485641	1685946485931	OK	 
REQUEST		frontend-modules.min.js?ver=3.13.4	1685946485651	1685946485944	OK	 
REQUEST		frontend.min.js?ver=3.11.3	1685946485714	1685946485997	OK	 
REQUEST		waypoints.min.js?ver=4.0.2	1685946485760	1685946486045	OK	 
REQUEST		frontend.min.js?ver=3.13.4	1685946485879	1685946486166	OK	 
REQUEST		elements-handlers.min.js?ver=3.11.3	1685946485891	1685946486176	OK	 
REQUEST		animate-circle.js?ver=2.8.7	1685946485931	1685946486220	OK	 
REQUEST		elementor.js?ver=2.8.7	1685946485944	1685946486233	OK	 
REQUEST		jquery.sticky.min.js?ver=3.11.3	1685946485998	1685946486279	OK	 
USER	Small Fish Page Load Test	END	1685946486283
REQUEST		Small Fish Page Request	1685946427057	1685946487069	KO	i.g.h.c.i.RequestTimeoutException: Request timeout to tmsssepfisheries.org/107.161.23.26:443 after 60000 ms
USER	Small Fish Page Load Test	END	1685946487070
REQUEST		Small Fish Page Request	1685946427446	1685946487459	KO	i.g.h.c.i.RequestTimeoutException: Request timeout to tmsssepfisheries.org/107.161.23.26:443 after 60000 ms
USER	Small Fish Page Load Test	END	1685946487460
REQUEST		Small Fish Page Request	1685946428648	1685946488649	KO	i.g.h.c.i.RequestTimeoutException: Request timeout to tmsssepfisheries.org/107.161.23.26:443 after 60000 ms
USER	Small Fish Page Load Test	END	1685946488650
REQUEST		Small Fish Page Request	1685946428852	1685946488853	KO	i.g.h.c.i.RequestTimeoutException: Request timeout to tmsssepfisheries.org/107.161.23.26:443 after 60000 ms
USER	Small Fish Page Load Test	END	1685946488854
REQUEST		Small Fish Page Request	1685946429054	1685946489055	KO	i.g.h.c.i.RequestTimeoutException: Request timeout to tmsssepfisheries.org/107.161.23.26:443 after 60000 ms
USER	Small Fish Page Load Test	END	1685946489056
REQUEST		Small Fish Page Request	1685946429460	1685946489475	KO	i.g.h.c.i.RequestTimeoutException: Request timeout to tmsssepfisheries.org/107.161.23.26:443 after 60000 ms
USER	Small Fish Page Load Test	END	1685946489476
REQUEST		Small Fish Page Request	1685946429649	1685946489663	KO	i.g.h.c.i.RequestTimeoutException: Request timeout to tmsssepfisheries.org/107.161.23.26:443 after 60000 ms
USER	Small Fish Page Load Test	END	1685946489664
REQUEST		Small Fish Page Request	1685946429854	1685946489868	KO	i.g.h.c.i.RequestTimeoutException: Request timeout to tmsssepfisheries.org/107.161.23.26:443 after 60000 ms
USER	Small Fish Page Load Test	END	1685946489869
REQUEST		Small Fish Page Request	1685946430056	1685946490072	KO	i.g.h.c.i.RequestTimeoutException: Request timeout to tmsssepfisheries.org/107.161.23.26:443 after 60000 ms
USER	Small Fish Page Load Test	END	1685946490073
REQUEST		Small Fish Page Request	1685946430263	1685946490277	KO	i.g.h.c.i.RequestTimeoutException: Request timeout to tmsssepfisheries.org/107.161.23.26:443 after 60000 ms
USER	Small Fish Page Load Test	END	1685946490278
REQUEST		Small Fish Page Request	1685946430448	1685946490463	KO	i.g.h.c.i.RequestTimeoutException: Request timeout to tmsssepfisheries.org/107.161.23.26:443 after 60000 ms
USER	Small Fish Page Load Test	END	1685946490463
REQUEST		Small Fish Page Request	1685946430852	1685946490865	KO	i.g.h.c.i.RequestTimeoutException: Request timeout to tmsssepfisheries.org/107.161.23.26:443 after 60000 ms
USER	Small Fish Page Load Test	END	1685946490866
REQUEST		Small Fish Page Request	1685946431056	1685946491066	KO	i.g.h.c.i.RequestTimeoutException: Request timeout to tmsssepfisheries.org/107.161.23.26:443 after 60000 ms
USER	Small Fish Page Load Test	END	1685946491067
REQUEST		Small Fish Page Request	1685946431259	1685946491267	KO	i.g.h.c.i.RequestTimeoutException: Request timeout to tmsssepfisheries.org/107.161.23.26:443 after 60000 ms
USER	Small Fish Page Load Test	END	1685946491269
REQUEST		Small Fish Page Request	1685946431450	1685946491455	KO	i.g.h.c.i.RequestTimeoutException: Request timeout to tmsssepfisheries.org/107.161.23.26:443 after 60000 ms
USER	Small Fish Page Load Test	END	1685946491456
REQUEST		Small Fish Page Request	1685946431654	1685946491658	KO	i.g.h.c.i.RequestTimeoutException: Request timeout to tmsssepfisheries.org/107.161.23.26:443 after 60000 ms
USER	Small Fish Page Load Test	END	1685946491659
REQUEST		Small Fish Page Request	1685946431859	1685946491861	KO	i.g.h.c.i.RequestTimeoutException: Request timeout to tmsssepfisheries.org/107.161.23.26:443 after 60000 ms
USER	Small Fish Page Load Test	END	1685946491862
REQUEST		Small Fish Page Request	1685946432046	1685946492049	KO	i.g.h.c.i.RequestTimeoutException: Request timeout to tmsssepfisheries.org/107.161.23.26:443 after 60000 ms
USER	Small Fish Page Load Test	END	1685946492050
REQUEST		Small Fish Page Request	1685946432251	1685946492253	KO	i.g.h.c.i.RequestTimeoutException: Request timeout to tmsssepfisheries.org/107.161.23.26:443 after 60000 ms
USER	Small Fish Page Load Test	END	1685946492254
REQUEST		Small Fish Page Request	1685946432459	1685946492472	KO	i.g.h.c.i.RequestTimeoutException: Request timeout to tmsssepfisheries.org/107.161.23.26:443 after 60000 ms
USER	Small Fish Page Load Test	END	1685946492473
REQUEST		Small Fish Page Request	1685946432644	1685946492659	KO	i.g.h.c.i.RequestTimeoutException: Request timeout to tmsssepfisheries.org/107.161.23.26:443 after 60000 ms
USER	Small Fish Page Load Test	END	1685946492660
REQUEST		Small Fish Page Request	1685946432850	1685946492861	KO	i.g.h.c.i.RequestTimeoutException: Request timeout to tmsssepfisheries.org/107.161.23.26:443 after 60000 ms
USER	Small Fish Page Load Test	END	1685946492862
REQUEST		Small Fish Page Request	1685946433054	1685946493064	KO	i.g.h.c.i.RequestTimeoutException: Request timeout to tmsssepfisheries.org/107.161.23.26:443 after 60000 ms
USER	Small Fish Page Load Test	END	1685946493065
REQUEST		Small Fish Page Request	1685946433259	1685946493267	KO	i.g.h.c.i.RequestTimeoutException: Request timeout to tmsssepfisheries.org/107.161.23.26:443 after 60000 ms
USER	Small Fish Page Load Test	END	1685946493267
REQUEST		Small Fish Page Request	1685946433446	1685946493454	KO	i.g.h.c.i.RequestTimeoutException: Request timeout to tmsssepfisheries.org/107.161.23.26:443 after 60000 ms
USER	Small Fish Page Load Test	END	1685946493455
REQUEST		Small Fish Page Request	1685946433649	1685946493658	KO	i.g.h.c.i.RequestTimeoutException: Request timeout to tmsssepfisheries.org/107.161.23.26:443 after 60000 ms
USER	Small Fish Page Load Test	END	1685946493659
REQUEST		Small Fish Page Request	1685946433856	1685946493859	KO	i.g.h.c.i.RequestTimeoutException: Request timeout to tmsssepfisheries.org/107.161.23.26:443 after 60000 ms
USER	Small Fish Page Load Test	END	1685946493860
REQUEST		Small Fish Page Request	1685946434058	1685946494065	KO	i.g.h.c.i.RequestTimeoutException: Request timeout to tmsssepfisheries.org/107.161.23.26:443 after 60000 ms
USER	Small Fish Page Load Test	END	1685946494066
REQUEST		Small Fish Page Request	1685946434252	1685946494254	KO	i.g.h.c.i.RequestTimeoutException: Request timeout to tmsssepfisheries.org/107.161.23.26:443 after 60000 ms
USER	Small Fish Page Load Test	END	1685946494255
REQUEST		Small Fish Page Request	1685946434449	1685946494457	KO	i.g.h.c.i.RequestTimeoutException: Request timeout to tmsssepfisheries.org/107.161.23.26:443 after 60000 ms
USER	Small Fish Page Load Test	END	1685946494458
REQUEST		Small Fish Page Request	1685946434653	1685946494659	KO	i.g.h.c.i.RequestTimeoutException: Request timeout to tmsssepfisheries.org/107.161.23.26:443 after 60000 ms
USER	Small Fish Page Load Test	END	1685946494661
REQUEST		Small Fish Page Request	1685946434854	1685946494864	KO	i.g.h.c.i.RequestTimeoutException: Request timeout to tmsssepfisheries.org/107.161.23.26:443 after 60000 ms
USER	Small Fish Page Load Test	END	1685946494865
REQUEST		Small Fish Page Request	1685946435059	1685946495065	KO	i.g.h.c.i.RequestTimeoutException: Request timeout to tmsssepfisheries.org/107.161.23.26:443 after 60000 ms
USER	Small Fish Page Load Test	END	1685946495066
REQUEST		Small Fish Page Request	1685946435263	1685946495269	KO	i.g.h.c.i.RequestTimeoutException: Request timeout to tmsssepfisheries.org/107.161.23.26:443 after 60000 ms
USER	Small Fish Page Load Test	END	1685946495270
REQUEST		Small Fish Page Request	1685946435452	1685946495455	KO	i.g.h.c.i.RequestTimeoutException: Request timeout to tmsssepfisheries.org/107.161.23.26:443 after 60000 ms
USER	Small Fish Page Load Test	END	1685946495456
REQUEST		Small Fish Page Request	1685946435659	1685946495672	KO	i.g.h.c.i.RequestTimeoutException: Request timeout to tmsssepfisheries.org/107.161.23.26:443 after 60000 ms
USER	Small Fish Page Load Test	END	1685946495673
REQUEST		Small Fish Page Request	1685946435846	1685946495859	KO	i.g.h.c.i.RequestTimeoutException: Request timeout to tmsssepfisheries.org/107.161.23.26:443 after 60000 ms
USER	Small Fish Page Load Test	END	1685946495860
REQUEST		Small Fish Page Request	1685946436064	1685946496079	KO	i.g.h.c.i.RequestTimeoutException: Request timeout to tmsssepfisheries.org/107.161.23.26:443 after 60000 ms
USER	Small Fish Page Load Test	END	1685946496080
REQUEST		Small Fish Page Request	1685946436253	1685946496265	KO	i.g.h.c.i.RequestTimeoutException: Request timeout to tmsssepfisheries.org/107.161.23.26:443 after 60000 ms
USER	Small Fish Page Load Test	END	1685946496266
REQUEST		Small Fish Page Request	1685946436455	1685946496470	KO	i.g.h.c.i.RequestTimeoutException: Request timeout to tmsssepfisheries.org/107.161.23.26:443 after 60000 ms
USER	Small Fish Page Load Test	END	1685946496471
REQUEST		Small Fish Page Request	1685946436644	1685946496656	KO	i.g.h.c.i.RequestTimeoutException: Request timeout to tmsssepfisheries.org/107.161.23.26:443 after 60000 ms
USER	Small Fish Page Load Test	END	1685946496657
REQUEST		Small Fish Page Request	1685946436846	1685946496858	KO	i.g.h.c.i.RequestTimeoutException: Request timeout to tmsssepfisheries.org/107.161.23.26:443 after 60000 ms
USER	Small Fish Page Load Test	END	1685946496859
REQUEST		Small Fish Page Request	1685946437048	1685946497060	KO	i.g.h.c.i.RequestTimeoutException: Request timeout to tmsssepfisheries.org/107.161.23.26:443 after 60000 ms
USER	Small Fish Page Load Test	END	1685946497061
REQUEST		Small Fish Page Request	1685946437250	1685946497252	KO	i.g.h.c.i.RequestTimeoutException: Request timeout to tmsssepfisheries.org/107.161.23.26:443 after 60000 ms
USER	Small Fish Page Load Test	END	1685946497253
REQUEST		Small Fish Page Request	1685946437452	1685946497458	KO	i.g.h.c.i.RequestTimeoutException: Request timeout to tmsssepfisheries.org/107.161.23.26:443 after 60000 ms
USER	Small Fish Page Load Test	END	1685946497459
REQUEST		Small Fish Page Request	1685946437656	1685946497662	KO	i.g.h.c.i.RequestTimeoutException: Request timeout to tmsssepfisheries.org/107.161.23.26:443 after 60000 ms
USER	Small Fish Page Load Test	END	1685946497663
REQUEST		Small Fish Page Request	1685946437845	1685946497851	KO	i.g.h.c.i.RequestTimeoutException: Request timeout to tmsssepfisheries.org/107.161.23.26:443 after 60000 ms
USER	Small Fish Page Load Test	END	1685946497852
REQUEST		Small Fish Page Request	1685946438046	1685946498053	KO	i.g.h.c.i.RequestTimeoutException: Request timeout to tmsssepfisheries.org/107.161.23.26:443 after 60000 ms
USER	Small Fish Page Load Test	END	1685946498054
REQUEST		Small Fish Page Request	1685946438249	1685946498258	KO	i.g.h.c.i.RequestTimeoutException: Request timeout to tmsssepfisheries.org/107.161.23.26:443 after 60000 ms
USER	Small Fish Page Load Test	END	1685946498258
REQUEST		Small Fish Page Request	1685946438455	1685946498463	KO	i.g.h.c.i.RequestTimeoutException: Request timeout to tmsssepfisheries.org/107.161.23.26:443 after 60000 ms
USER	Small Fish Page Load Test	END	1685946498464
REQUEST		Small Fish Page Request	1685946438658	1685946498667	KO	i.g.h.c.i.RequestTimeoutException: Request timeout to tmsssepfisheries.org/107.161.23.26:443 after 60000 ms
USER	Small Fish Page Load Test	END	1685946498668
REQUEST		Small Fish Page Request	1685946438860	1685946498870	KO	i.g.h.c.i.RequestTimeoutException: Request timeout to tmsssepfisheries.org/107.161.23.26:443 after 60000 ms
USER	Small Fish Page Load Test	END	1685946498871
REQUEST		Small Fish Page Request	1685946439050	1685946499057	KO	i.g.h.c.i.RequestTimeoutException: Request timeout to tmsssepfisheries.org/107.161.23.26:443 after 60000 ms
USER	Small Fish Page Load Test	END	1685946499058
REQUEST		Small Fish Page Request	1685946439255	1685946499261	KO	i.g.h.c.i.RequestTimeoutException: Request timeout to tmsssepfisheries.org/107.161.23.26:443 after 60000 ms
USER	Small Fish Page Load Test	END	1685946499263
REQUEST		Small Fish Page Request	1685946439456	1685946499464	KO	i.g.h.c.i.RequestTimeoutException: Request timeout to tmsssepfisheries.org/107.161.23.26:443 after 60000 ms
USER	Small Fish Page Load Test	END	1685946499465
REQUEST		Small Fish Page Request	1685946439659	1685946499666	KO	i.g.h.c.i.RequestTimeoutException: Request timeout to tmsssepfisheries.org/107.161.23.26:443 after 60000 ms
USER	Small Fish Page Load Test	END	1685946499667
REQUEST		Small Fish Page Request	1685946439848	1685946499856	KO	i.g.h.c.i.RequestTimeoutException: Request timeout to tmsssepfisheries.org/107.161.23.26:443 after 60000 ms
USER	Small Fish Page Load Test	END	1685946499857
REQUEST		Small Fish Page Request	1685946440053	1685946500060	KO	i.g.h.c.i.RequestTimeoutException: Request timeout to tmsssepfisheries.org/107.161.23.26:443 after 60000 ms
USER	Small Fish Page Load Test	END	1685946500061
REQUEST		Small Fish Page Request	1685946440259	1685946500262	KO	i.g.h.c.i.RequestTimeoutException: Request timeout to tmsssepfisheries.org/107.161.23.26:443 after 60000 ms
USER	Small Fish Page Load Test	END	1685946500263
REQUEST		Small Fish Page Request	1685946440446	1685946500450	KO	i.g.h.c.i.RequestTimeoutException: Request timeout to tmsssepfisheries.org/107.161.23.26:443 after 60000 ms
USER	Small Fish Page Load Test	END	1685946500452
REQUEST		Small Fish Page Request	1685946440654	1685946500669	KO	i.g.h.c.i.RequestTimeoutException: Request timeout to tmsssepfisheries.org/107.161.23.26:443 after 60000 ms
USER	Small Fish Page Load Test	END	1685946500670
REQUEST		Small Fish Page Request	1685946440856	1685946500870	KO	i.g.h.c.i.RequestTimeoutException: Request timeout to tmsssepfisheries.org/107.161.23.26:443 after 60000 ms
USER	Small Fish Page Load Test	END	1685946500871
REQUEST		Small Fish Page Request	1685946441059	1685946501074	KO	i.g.h.c.i.RequestTimeoutException: Request timeout to tmsssepfisheries.org/107.161.23.26:443 after 60000 ms
USER	Small Fish Page Load Test	END	1685946501075
REQUEST		Small Fish Page Request	1685946441246	1685946501262	KO	i.g.h.c.i.RequestTimeoutException: Request timeout to tmsssepfisheries.org/107.161.23.26:443 after 60000 ms
USER	Small Fish Page Load Test	END	1685946501263
REQUEST		Small Fish Page Request	1685946441449	1685946501463	KO	i.g.h.c.i.RequestTimeoutException: Request timeout to tmsssepfisheries.org/107.161.23.26:443 after 60000 ms
USER	Small Fish Page Load Test	END	1685946501464
REQUEST		Small Fish Page Request	1685946441653	1685946501664	KO	i.g.h.c.i.RequestTimeoutException: Request timeout to tmsssepfisheries.org/107.161.23.26:443 after 60000 ms
USER	Small Fish Page Load Test	END	1685946501665
REQUEST		Small Fish Page Request	1685946441857	1685946501869	KO	i.g.h.c.i.RequestTimeoutException: Request timeout to tmsssepfisheries.org/107.161.23.26:443 after 60000 ms
USER	Small Fish Page Load Test	END	1685946501870
REQUEST		Small Fish Page Request	1685946442058	1685946502073	KO	i.g.h.c.i.RequestTimeoutException: Request timeout to tmsssepfisheries.org/107.161.23.26:443 after 60000 ms
USER	Small Fish Page Load Test	END	1685946502075
REQUEST		Small Fish Page Request	1685946442249	1685946502261	KO	i.g.h.c.i.RequestTimeoutException: Request timeout to tmsssepfisheries.org/107.161.23.26:443 after 60000 ms
USER	Small Fish Page Load Test	END	1685946502262
REQUEST		Small Fish Page Request	1685946442452	1685946502466	KO	i.g.h.c.i.RequestTimeoutException: Request timeout to tmsssepfisheries.org/107.161.23.26:443 after 60000 ms
USER	Small Fish Page Load Test	END	1685946502467
REQUEST		Small Fish Page Request	1685946442655	1685946502666	KO	i.g.h.c.i.RequestTimeoutException: Request timeout to tmsssepfisheries.org/107.161.23.26:443 after 60000 ms
USER	Small Fish Page Load Test	END	1685946502667
REQUEST		Small Fish Page Request	1685946442858	1685946502866	KO	i.g.h.c.i.RequestTimeoutException: Request timeout to tmsssepfisheries.org/107.161.23.26:443 after 60000 ms
USER	Small Fish Page Load Test	END	1685946502867
REQUEST		Small Fish Page Request	1685946443061	1685946503065	KO	i.g.h.c.i.RequestTimeoutException: Request timeout to tmsssepfisheries.org/107.161.23.26:443 after 60000 ms
USER	Small Fish Page Load Test	END	1685946503067
