RUN	com.tmsssepfisheries.tests.Training	training	1685946891083	Training Page Test	3.6.1
USER	Training Page Load Test	START	1685946892643
USER	Training Page Load Test	START	1685946892834
USER	Training Page Load Test	START	1685946893038
USER	Training Page Load Test	START	1685946893239
USER	Training Page Load Test	START	1685946893439
USER	Training Page Load Test	START	1685946893643
USER	Training Page Load Test	START	1685946893830
USER	Training Page Load Test	START	1685946894035
USER	Training Page Load Test	START	1685946894240
USER	Training Page Load Test	START	1685946894436
USER	Training Page Load Test	START	1685946894641
USER	Training Page Load Test	START	1685946894830
USER	Training Page Load Test	START	1685946895021
USER	Training Page Load Test	START	1685946895228
USER	Training Page Load Test	START	1685946895432
USER	Training Page Load Test	START	1685946895622
USER	Training Page Load Test	START	1685946895827
USER	Training Page Load Test	START	1685946896033
USER	Training Page Load Test	START	1685946896237
USER	Training Page Load Test	START	1685946896436
USER	Training Page Load Test	START	1685946896624
USER	Training Page Load Test	START	1685946896828
USER	Training Page Load Test	START	1685946897033
USER	Training Page Load Test	START	1685946897234
USER	Training Page Load Test	START	1685946897423
USER	Training Page Load Test	START	1685946897626
USER	Training Page Load Test	START	1685946897831
USER	Training Page Load Test	START	1685946898032
USER	Training Page Load Test	START	1685946898234
USER	Training Page Load Test	START	1685946898437
USER	Training Page Load Test	START	1685946898632
USER	Training Page Load Test	START	1685946898825
USER	Training Page Load Test	START	1685946899029
USER	Training Page Load Test	START	1685946899232
USER	Training Page Load Test	START	1685946899438
USER	Training Page Load Test	START	1685946899624
USER	Training Page Load Test	START	1685946899829
USER	Training Page Load Test	START	1685946900034
USER	Training Page Load Test	START	1685946900236
USER	Training Page Load Test	START	1685946900424
USER	Training Page Load Test	START	1685946900626
USER	Training Page Load Test	START	1685946900828
USER	Training Page Load Test	START	1685946901030
USER	Training Page Load Test	START	1685946901230
USER	Training Page Load Test	START	1685946901435
USER	Training Page Load Test	START	1685946901622
USER	Training Page Load Test	START	1685946901829
USER	Training Page Load Test	START	1685946902021
USER	Training Page Load Test	START	1685946902227
USER	Training Page Load Test	START	1685946902432
USER	Training Page Load Test	START	1685946902636
USER	Training Page Load Test	START	1685946902824
USER	Training Page Load Test	START	1685946903031
USER	Training Page Load Test	START	1685946903222
USER	Training Page Load Test	START	1685946903430
USER	Training Page Load Test	START	1685946903635
USER	Training Page Load Test	START	1685946903822
USER	Training Page Load Test	START	1685946904026
USER	Training Page Load Test	START	1685946904230
USER	Training Page Load Test	START	1685946904433
USER	Training Page Load Test	START	1685946904634
USER	Training Page Load Test	START	1685946904820
USER	Training Page Load Test	START	1685946905025
USER	Training Page Load Test	START	1685946905229
USER	Training Page Load Test	START	1685946905433
USER	Training Page Load Test	START	1685946905622
USER	Training Page Load Test	START	1685946905826
USER	Training Page Load Test	START	1685946906029
USER	Training Page Load Test	START	1685946906234
USER	Training Page Load Test	START	1685946906422
USER	Training Page Load Test	START	1685946906625
USER	Training Page Load Test	START	1685946906829
USER	Training Page Load Test	START	1685946907031
USER	Training Page Load Test	START	1685946907221
USER	Training Page Load Test	START	1685946907423
USER	Training Page Load Test	START	1685946907626
USER	Training Page Load Test	START	1685946907825
USER	Training Page Load Test	START	1685946908033
USER	Training Page Load Test	START	1685946908224
USER	Training Page Load Test	START	1685946908427
USER	Training Page Load Test	START	1685946908631
USER	Training Page Load Test	START	1685946908835
USER	Training Page Load Test	START	1685946909024
USER	Training Page Load Test	START	1685946909229
USER	Training Page Load Test	START	1685946909435
USER	Training Page Load Test	START	1685946909623
USER	Training Page Load Test	START	1685946909828
USER	Training Page Load Test	START	1685946910031
USER	Training Page Load Test	START	1685946910233
USER	Training Page Load Test	START	1685946910437
USER	Training Page Load Test	START	1685946910623
USER	Training Page Load Test	START	1685946910829
USER	Training Page Load Test	START	1685946911032
USER	Training Page Load Test	START	1685946911234
USER	Training Page Load Test	START	1685946911421
USER	Training Page Load Test	START	1685946911624
USER	Training Page Load Test	START	1685946911829
USER	Training Page Load Test	START	1685946912029
USER	Training Page Load Test	START	1685946912226
USER	Training Page Load Test	START	1685946912424
REQUEST		Training Page Request	1685946894831	1685946919366	OK	 
REQUEST		Training Page Request	1685946893644	1685946919500	OK	 
REQUEST		style.min.css?ver=6.2.2	1685946919720	1685946920006	OK	 
REQUEST		style.min.css?ver=6.2.2	1685946919720	1685946920020	OK	 
REQUEST		css?family=Lato%3A100%2C200%2C300%2C400%2C500%2C600%2C700%2C800%2C900%2C100i%2C200i%2C300i%2C400i%2C500i%2C600i%2C700i%2C800i%2C900i&subset=latin&display=swap&ver=6.2.2	1685946919715	1685946920069	OK	 
REQUEST		css?family=Lato%3A100%2C200%2C300%2C400%2C500%2C600%2C700%2C800%2C900%2C100i%2C200i%2C300i%2C400i%2C500i%2C600i%2C700i%2C800i%2C900i&subset=latin&display=swap&ver=6.2.2	1685946919715	1685946920069	OK	 
REQUEST		css?family=Lato%3A100%2C100italic%2C200%2C200italic%2C300%2C300italic%2C400%2C400italic%2C500%2C500italic%2C600%2C600italic%2C700%2C700italic%2C800%2C800italic%2C900%2C900italic%7CRoboto+Slab%3A100%2C100italic%2C200%2C200italic%2C300%2C300italic%2C400%2C400italic%2C500%2C500italic%2C600%2C600italic%2C700%2C700italic%2C800%2C800italic%2C900%2C900italic%7CRoboto%3A100%2C100italic%2C200%2C200italic%2C300%2C300italic%2C400%2C400italic%2C500%2C500italic%2C600%2C600italic%2C700%2C700italic%2C800%2C800italic%2C900%2C900italic%7CPlayfair+Display%3A100%2C100italic%2C200%2C200italic%2C300%2C300italic%2C400%2C400italic%2C500%2C500italic%2C600%2C600italic%2C700%2C700italic%2C800%2C800italic%2C900%2C900italic%7CArchivo%3A100%2C100italic%2C200%2C200italic%2C300%2C300italic%2C400%2C400italic%2C500%2C500italic%2C600%2C600italic%2C700%2C700italic%2C800%2C800italic%2C900%2C900italic&display=swap&ver=6.2.2	1685946919719	1685946920074	OK	 
REQUEST		css?family=Lato%3A100%2C100italic%2C200%2C200italic%2C300%2C300italic%2C400%2C400italic%2C500%2C500italic%2C600%2C600italic%2C700%2C700italic%2C800%2C800italic%2C900%2C900italic%7CRoboto+Slab%3A100%2C100italic%2C200%2C200italic%2C300%2C300italic%2C400%2C400italic%2C500%2C500italic%2C600%2C600italic%2C700%2C700italic%2C800%2C800italic%2C900%2C900italic%7CRoboto%3A100%2C100italic%2C200%2C200italic%2C300%2C300italic%2C400%2C400italic%2C500%2C500italic%2C600%2C600italic%2C700%2C700italic%2C800%2C800italic%2C900%2C900italic%7CPlayfair+Display%3A100%2C100italic%2C200%2C200italic%2C300%2C300italic%2C400%2C400italic%2C500%2C500italic%2C600%2C600italic%2C700%2C700italic%2C800%2C800italic%2C900%2C900italic%7CArchivo%3A100%2C100italic%2C200%2C200italic%2C300%2C300italic%2C400%2C400italic%2C500%2C500italic%2C600%2C600italic%2C700%2C700italic%2C800%2C800italic%2C900%2C900italic&display=swap&ver=6.2.2	1685946919719	1685946920079	OK	 
REQUEST		woo-mini-cart.min.css?ver=6.2.2	1685946920066	1685946920346	OK	 
REQUEST		woo-mini-cart.min.css?ver=6.2.2	1685946920066	1685946920363	OK	 
REQUEST		all.min.css?ver=5.15.1	1685946920356	1685946920637	OK	 
REQUEST		all.min.css?ver=5.15.1	1685946920367	1685946920654	OK	 
REQUEST		wc-blocks-vendors-style.css?ver=10.0.6	1685946919721	1685946920655	OK	 
REQUEST		classic-themes.min.css?ver=6.2.2	1685946919723	1685946920659	OK	 
REQUEST		style.css?ver=6.2.2	1685946919724	1685946920660	OK	 
REQUEST		styles.css?ver=5.7.6	1685946919725	1685946920666	OK	 
REQUEST		classic-themes.min.css?ver=6.2.2	1685946919723	1685946920676	OK	 
REQUEST		style.css?ver=6.2.2	1685946919724	1685946920678	OK	 
REQUEST		wc-blocks-vendors-style.css?ver=10.0.6	1685946919721	1685946920682	OK	 
REQUEST		styles.css?ver=5.7.6	1685946919725	1685946920687	OK	 
REQUEST		simple-line-icons.min.css?ver=2.4.0	1685946920640	1685946920917	OK	 
REQUEST		simple-line-icons.min.css?ver=2.4.0	1685946920656	1685946920939	OK	 
REQUEST		swiper.min.css?ver=5.3.6	1685946920684	1685946920989	OK	 
REQUEST		swiper.min.css?ver=5.3.6	1685946920688	1685946921004	OK	 
REQUEST		post-5.css?ver=1682506416	1685946920918	1685946921195	OK	 
REQUEST		post-5.css?ver=1682506416	1685946920941	1685946921228	OK	 
REQUEST		elementor-icons.min.css?ver=5.20.0	1685946920662	1685946921229	OK	 
REQUEST		elementor-icons.min.css?ver=5.20.0	1685946920668	1685946921241	OK	 
REQUEST		frontend-lite.min.css?ver=3.11.3	1685946920991	1685946921281	OK	 
REQUEST		frontend-lite.min.css?ver=3.11.3	1685946921005	1685946921292	OK	 
REQUEST		global.css?ver=1682506424	1685946921199	1685946921482	OK	 
REQUEST		style.min.css?ver=3.4.3	1685946920657	1685946921500	OK	 
REQUEST		post-11.css?ver=1682619004	1685946921233	1685946921521	OK	 
REQUEST		global.css?ver=1682506424	1685946921231	1685946921523	OK	 
REQUEST		post-11.css?ver=1682619004	1685946921244	1685946921526	OK	 
REQUEST		frontend-lite.min.css?ver=3.13.4	1685946920678	1685946921537	OK	 
REQUEST		frontend-lite.min.css?ver=3.13.4	1685946920680	1685946921563	OK	 
REQUEST		post-135.css?ver=1682506425	1685946921284	1685946921577	OK	 
REQUEST		post-135.css?ver=1682506425	1685946921293	1685946921581	OK	 
REQUEST		post-176.css?ver=1682506425	1685946921486	1685946921764	OK	 
REQUEST		style.min.css?ver=3.4.3	1685946920661	1685946921812	OK	 
REQUEST		ekiticons.css?ver=2.8.7	1685946921518	1685946921812	OK	 
REQUEST		post-176.css?ver=1682506425	1685946921525	1685946921829	OK	 
REQUEST		wc-blocks-style.css?ver=10.0.6	1685946919722	1685946921835	OK	 
REQUEST		wc-blocks-style.css?ver=10.0.6	1685946919722	1685946921838	OK	 
REQUEST		wcfmicon.min.css?ver=6.7.0	1685946921540	1685946921845	OK	 
REQUEST		jquery-ui.min.css?ver=7.7.2	1685946921564	1685946921889	OK	 
REQUEST		wcfm-style-core.css?ver=6.7.0	1685946921583	1685946921893	OK	 
REQUEST		woocommerce.min.css?ver=6.2.2	1685946921766	1685946922064	OK	 
REQUEST		jquery-ui.min.css?ver=7.7.2	1685946921523	1685946922095	OK	 
REQUEST		woo-star-font.min.css?ver=6.2.2	1685946921815	1685946922098	OK	 
REQUEST		wcfm-style-core.css?ver=6.7.0	1685946921815	1685946922108	OK	 
REQUEST		woo-quick-view.min.css?ver=6.2.2	1685946921842	1685946922155	OK	 
REQUEST		woocommerce.min.css?ver=6.2.2	1685946921830	1685946922157	OK	 
REQUEST		woo-star-font.min.css?ver=6.2.2	1685946921846	1685946922262	OK	 
REQUEST		wcfmicon.min.css?ver=6.7.0	1685946921579	1685946922264	OK	 
REQUEST		woo-quick-view.min.css?ver=6.2.2	1685946921890	1685946922268	OK	 
REQUEST		responsive.css?ver=2.8.7	1685946921895	1685946922287	OK	 
REQUEST		um-fonticons-ii.css?ver=2.6.0	1685946922067	1685946922369	OK	 
REQUEST		select2.min.css?ver=4.0.13	1685946922100	1685946922398	OK	 
REQUEST		um-fonticons-fa.css?ver=2.6.0	1685946922097	1685946922428	OK	 
REQUEST		um-crop.css?ver=2.6.0	1685946922157	1685946922520	OK	 
REQUEST		ekiticons.css?ver=2.8.7	1685946921528	1685946922521	OK	 
REQUEST		responsive.css?ver=2.8.7	1685946922158	1685946922526	OK	 
REQUEST		um-fonticons-ii.css?ver=2.6.0	1685946922263	1685946922594	OK	 
REQUEST		um-modal.css?ver=2.6.0	1685946922289	1685946922595	OK	 
REQUEST		um-fonticons-fa.css?ver=2.6.0	1685946922266	1685946922598	OK	 
REQUEST		select2.min.css?ver=4.0.13	1685946922270	1685946922601	OK	 
REQUEST		Training Page Request	1685946892835	1685946922615	OK	 
REQUEST		um-styles.css?ver=2.6.0	1685946922371	1685946922673	OK	 
REQUEST		um-profile.css?ver=2.6.0	1685946922399	1685946922687	OK	 
REQUEST		um-account.css?ver=2.6.0	1685946922429	1685946922710	OK	 
REQUEST		um-crop.css?ver=2.6.0	1685946922524	1685946922806	OK	 
REQUEST		um-misc.css?ver=2.6.0	1685946922522	1685946922809	OK	 
REQUEST		um-modal.css?ver=2.6.0	1685946922528	1685946922810	OK	 
REQUEST		widget-styles.css?ver=2.8.7	1685946921847	1685946922831	OK	 
REQUEST		um-fileupload.css?ver=2.6.0	1685946922597	1685946922890	OK	 
REQUEST		um-styles.css?ver=2.6.0	1685946922596	1685946922891	OK	 
REQUEST		um-account.css?ver=2.6.0	1685946922603	1685946922893	OK	 
REQUEST		um-profile.css?ver=2.6.0	1685946922600	1685946922897	OK	 
REQUEST		default.css?ver=2.6.0	1685946922675	1685946922951	OK	 
REQUEST		style.min.css?ver=6.2.2	1685946922666	1685946922964	OK	 
REQUEST		default.date.css?ver=2.6.0	1685946922689	1685946922978	OK	 
REQUEST		css?family=Lato%3A100%2C200%2C300%2C400%2C500%2C600%2C700%2C800%2C900%2C100i%2C200i%2C300i%2C400i%2C500i%2C600i%2C700i%2C800i%2C900i&subset=latin&display=swap&ver=6.2.2	1685946922663	1685946922985	OK	 
REQUEST		css?family=Lato%3A100%2C100italic%2C200%2C200italic%2C300%2C300italic%2C400%2C400italic%2C500%2C500italic%2C600%2C600italic%2C700%2C700italic%2C800%2C800italic%2C900%2C900italic%7CRoboto+Slab%3A100%2C100italic%2C200%2C200italic%2C300%2C300italic%2C400%2C400italic%2C500%2C500italic%2C600%2C600italic%2C700%2C700italic%2C800%2C800italic%2C900%2C900italic%7CRoboto%3A100%2C100italic%2C200%2C200italic%2C300%2C300italic%2C400%2C400italic%2C500%2C500italic%2C600%2C600italic%2C700%2C700italic%2C800%2C800italic%2C900%2C900italic%7CPlayfair+Display%3A100%2C100italic%2C200%2C200italic%2C300%2C300italic%2C400%2C400italic%2C500%2C500italic%2C600%2C600italic%2C700%2C700italic%2C800%2C800italic%2C900%2C900italic%7CArchivo%3A100%2C100italic%2C200%2C200italic%2C300%2C300italic%2C400%2C400italic%2C500%2C500italic%2C600%2C600italic%2C700%2C700italic%2C800%2C800italic%2C900%2C900italic&display=swap&ver=6.2.2	1685946922665	1685946922991	OK	 
REQUEST		default.time.css?ver=2.6.0	1685946922712	1685946922995	OK	 
REQUEST		widget-styles.css?ver=2.8.7	1685946922109	1685946923086	OK	 
REQUEST		um-misc.css?ver=2.6.0	1685946922808	1685946923091	OK	 
REQUEST		um-fileupload.css?ver=2.6.0	1685946922811	1685946923094	OK	 
REQUEST		um-raty.css?ver=2.6.0	1685946922811	1685946923096	OK	 
REQUEST		simplebar.css?ver=2.6.0	1685946922838	1685946923121	OK	 
REQUEST		default.css?ver=2.6.0	1685946922892	1685946923177	OK	 
REQUEST		um-tipsy.css?ver=2.6.0	1685946922891	1685946923179	OK	 
REQUEST		default.date.css?ver=2.6.0	1685946922895	1685946923181	OK	 
REQUEST		default.time.css?ver=2.6.0	1685946922898	1685946923188	OK	 
REQUEST		um-responsive.css?ver=2.6.0	1685946922952	1685946923228	OK	 
REQUEST		um-old-default.css?ver=2.6.0	1685946922980	1685946923260	OK	 
REQUEST		woo-mini-cart.min.css?ver=6.2.2	1685946922965	1685946923260	OK	 
REQUEST		fontawesome.min.css?ver=5.15.3	1685946922997	1685946923283	OK	 
REQUEST		um-raty.css?ver=2.6.0	1685946923090	1685946923370	OK	 
REQUEST		simplebar.css?ver=2.6.0	1685946923092	1685946923375	OK	 
REQUEST		um-tipsy.css?ver=2.6.0	1685946923095	1685946923378	OK	 
REQUEST		solid.min.css?ver=5.15.3	1685946923097	1685946923381	OK	 
REQUEST		regular.min.css?ver=5.15.3	1685946923122	1685946923406	OK	 
REQUEST		um-responsive.css?ver=2.6.0	1685946923178	1685946923464	OK	 
REQUEST		um-old-default.css?ver=2.6.0	1685946923183	1685946923473	OK	 
REQUEST		fontawesome.min.css?ver=5.15.3	1685946923189	1685946923483	OK	 
REQUEST		jquery-migrate.min.js?ver=3.4.0	1685946923230	1685946923506	OK	 
REQUEST		classic-themes.min.css?ver=6.2.2	1685946922680	1685946923527	OK	 
REQUEST		wc-blocks-vendors-style.css?ver=10.0.6	1685946922667	1685946923534	OK	 
REQUEST		styles.css?ver=5.7.6	1685946922682	1685946923545	OK	 
REQUEST		um-gdpr.min.js?ver=2.6.0	1685946923261	1685946923545	OK	 
REQUEST		style.css?ver=6.2.2	1685946922681	1685946923548	OK	 
REQUEST		all.min.css?ver=5.15.1	1685946923261	1685946923555	OK	 
REQUEST		widget-theme-elements.min.css	1685946923285	1685946923569	OK	 
REQUEST		solid.min.css?ver=5.15.3	1685946923371	1685946923652	OK	 
REQUEST		regular.min.css?ver=5.15.3	1685946923376	1685946923662	OK	 
REQUEST		jquery.min.js?ver=3.6.4	1685946923379	1685946923668	OK	 
REQUEST		widget-icon-list.min.css	1685946923383	1685946923668	OK	 
REQUEST		widget-nav-menu.min.css	1685946923407	1685946923693	OK	 
REQUEST		jquery-migrate.min.js?ver=3.4.0	1685946923465	1685946923752	OK	 
REQUEST		jquery.min.js?ver=3.6.4	1685946923181	1685946923754	OK	 
REQUEST		um-gdpr.min.js?ver=2.6.0	1685946923474	1685946923760	OK	 
REQUEST		widget-theme-elements.min.css	1685946923485	1685946923774	OK	 
REQUEST		simple-line-icons.min.css?ver=2.4.0	1685946923528	1685946923812	OK	 
REQUEST		animations.min.css?ver=3.13.4	1685946923546	1685946923826	OK	 
REQUEST		scripts.js?ver=1.0	1685946923570	1685946923851	OK	 
REQUEST		swiper.min.css?ver=5.3.6	1685946923556	1685946923852	OK	 
REQUEST		widget-icon-list.min.css	1685946923653	1685946923934	OK	 
REQUEST		widget-nav-menu.min.css	1685946923664	1685946923948	OK	 
REQUEST		index.js?ver=5.7.6	1685946923670	1685946923962	OK	 
REQUEST		index.js?ver=5.7.6	1685946923695	1685946923980	OK	 
REQUEST		animations.min.css?ver=3.13.4	1685946923753	1685946924039	OK	 
REQUEST		jquery.blockUI.min.js?ver=2.7.0-wc.7.7.2	1685946923754	1685946924042	OK	 
REQUEST		scripts.js?ver=1.0	1685946923760	1685946924045	OK	 
REQUEST		index.js?ver=5.7.6	1685946923775	1685946924065	OK	 
REQUEST		widget-woocommerce.min.css	1685946923506	1685946924071	OK	 
REQUEST		post-5.css?ver=1682506416	1685946923813	1685946924091	OK	 
REQUEST		add-to-cart.min.js?ver=7.7.2	1685946923828	1685946924106	OK	 
REQUEST		elementor-icons.min.css?ver=5.20.0	1685946923546	1685946924109	OK	 
REQUEST		js.cookie.min.js?ver=2.1.4-wc.7.7.2	1685946923852	1685946924134	OK	 
REQUEST		frontend-lite.min.css?ver=3.11.3	1685946923853	1685946924143	OK	 
REQUEST		index.js?ver=5.7.6	1685946923934	1685946924216	OK	 
REQUEST		jquery.blockUI.min.js?ver=2.7.0-wc.7.7.2	1685946923949	1685946924232	OK	 
REQUEST		widget-woocommerce.min.css	1685946923668	1685946924238	OK	 
REQUEST		woocommerce.min.js?ver=7.7.2	1685946923963	1685946924249	OK	 
REQUEST		cart-fragments.min.js?ver=7.7.2	1685946923981	1685946924276	OK	 
REQUEST		add-to-cart.min.js?ver=7.7.2	1685946924040	1685946924325	OK	 
REQUEST		imagesloaded.min.js?ver=4.1.4	1685946924043	1685946924328	OK	 
REQUEST		js.cookie.min.js?ver=2.1.4-wc.7.7.2	1685946924046	1685946924333	OK	 
REQUEST		theme.min.js?ver=3.4.3	1685946924073	1685946924350	OK	 
REQUEST		woocommerce.min.js?ver=7.7.2	1685946924066	1685946924370	OK	 
REQUEST		drop-down-mobile-menu.min.js?ver=3.4.3	1685946924106	1685946924387	OK	 
REQUEST		style.min.css?ver=3.4.3	1685946923536	1685946924387	OK	 
REQUEST		post-11.css?ver=1682619004	1685946924110	1685946924399	OK	 
REQUEST		frontend-lite.min.css?ver=3.13.4	1685946923549	1685946924408	OK	 
REQUEST		magnific-popup.min.js?ver=3.4.3	1685946924135	1685946924445	OK	 
REQUEST		post-135.css?ver=1682506425	1685946924144	1685946924454	OK	 
REQUEST		cart-fragments.min.js?ver=7.7.2	1685946924216	1685946924506	OK	 
REQUEST		imagesloaded.min.js?ver=4.1.4	1685946924233	1685946924515	OK	 
REQUEST		theme.min.js?ver=3.4.3	1685946924240	1685946924522	OK	 
REQUEST		ow-lightbox.min.js?ver=3.4.3	1685946924250	1685946924534	OK	 
REQUEST		flickity.pkgd.min.js?ver=3.4.3	1685946924276	1685946924564	OK	 
REQUEST		drop-down-mobile-menu.min.js?ver=3.4.3	1685946924326	1685946924612	OK	 
REQUEST		ow-slider.min.js?ver=3.4.3	1685946924329	1685946924618	OK	 
REQUEST		magnific-popup.min.js?ver=3.4.3	1685946924333	1685946924621	OK	 
REQUEST		scroll-effect.min.js?ver=3.4.3	1685946924351	1685946924627	OK	 
REQUEST		global.css?ver=1682506424	1685946924092	1685946924647	OK	 
REQUEST		ow-lightbox.min.js?ver=3.4.3	1685946924371	1685946924671	OK	 
REQUEST		scroll-top.min.js?ver=3.4.3	1685946924388	1685946924677	OK	 
REQUEST		post-176.css?ver=1682506425	1685946924390	1685946924679	OK	 
REQUEST		jquery-ui.min.css?ver=7.7.2	1685946924410	1685946924697	OK	 
REQUEST		wc-blocks-style.css?ver=10.0.6	1685946922678	1685946924712	OK	 
REQUEST		select.min.js?ver=3.4.3	1685946924445	1685946924726	OK	 
REQUEST		wcfmicon.min.css?ver=6.7.0	1685946924455	1685946924749	OK	 
REQUEST		flickity.pkgd.min.js?ver=3.4.3	1685946924507	1685946924792	OK	 
REQUEST		ow-slider.min.js?ver=3.4.3	1685946924515	1685946924797	OK	 
REQUEST		scroll-effect.min.js?ver=3.4.3	1685946924523	1685946924805	OK	 
REQUEST		woo-custom-features.min.js?ver=3.4.3	1685946924534	1685946924823	OK	 
REQUEST		frontend-script.js?ver=2.8.7	1685946924565	1685946924848	OK	 
REQUEST		scroll-top.min.js?ver=3.4.3	1685946924613	1685946924900	OK	 
REQUEST		jquery.blockUI.min.js?ver=6.7.0	1685946924628	1685946924904	OK	 
REQUEST		select.min.js?ver=3.4.3	1685946924622	1685946924936	OK	 
REQUEST		wcfm-style-core.css?ver=6.7.0	1685946924649	1685946924936	OK	 
REQUEST		core.min.js?ver=1.13.2	1685946924678	1685946924957	OK	 
REQUEST		woo-custom-features.min.js?ver=3.4.3	1685946924671	1685946924970	OK	 
REQUEST		woocommerce.min.css?ver=6.2.2	1685946924680	1685946924972	OK	 
REQUEST		woo-star-font.min.css?ver=6.2.2	1685946924698	1685946924979	OK	 
REQUEST		woo-quick-view.min.css?ver=6.2.2	1685946924714	1685946925001	OK	 
REQUEST		datepicker.min.js?ver=1.13.2	1685946924727	1685946925010	OK	 
REQUEST		frontend-script.js?ver=2.8.7	1685946924793	1685946925073	OK	 
REQUEST		jquery.blockUI.min.js?ver=6.7.0	1685946924806	1685946925091	OK	 
REQUEST		wcfm-script-core.js?ver=6.7.0	1685946924824	1685946925114	OK	 
REQUEST		woo-quick-view.min.js?ver=3.4.3	1685946924849	1685946925135	OK	 
REQUEST		underscore.min.js?ver=1.13.4	1685946924905	1685946925181	OK	 
REQUEST		core.min.js?ver=1.13.2	1685946924901	1685946925187	OK	 
REQUEST		widget-scripts.js?ver=2.8.7	1685946924619	1685946925190	OK	 
REQUEST		responsive.css?ver=2.8.7	1685946924937	1685946925220	OK	 
REQUEST		datepicker.min.js?ver=1.13.2	1685946924936	1685946925225	OK	 
REQUEST		wp-util.min.js?ver=6.2.2	1685946924958	1685946925236	OK	 
REQUEST		ekiticons.css?ver=2.8.7	1685946924400	1685946925260	OK	 
REQUEST		um-fonticons-ii.css?ver=2.6.0	1685946924974	1685946925263	OK	 
REQUEST		wcfm-script-core.js?ver=6.7.0	1685946924971	1685946925267	OK	 
REQUEST		um-fonticons-fa.css?ver=2.6.0	1685946924980	1685946925271	OK	 
REQUEST		select2.min.css?ver=4.0.13	1685946925001	1685946925289	OK	 
REQUEST		add-to-cart-variation.min.js?ver=7.7.2	1685946925011	1685946925292	OK	 
REQUEST		woo-quick-view.min.js?ver=3.4.3	1685946925074	1685946925358	OK	 
REQUEST		widget-scripts.js?ver=2.8.7	1685946924798	1685946925363	OK	 
REQUEST		underscore.min.js?ver=1.13.4	1685946925092	1685946925375	OK	 
REQUEST		jquery.flexslider.min.js?ver=2.7.2-wc.7.7.2	1685946925115	1685946925402	OK	 
REQUEST		woo-mini-cart.min.js?ver=3.4.3	1685946925135	1685946925419	OK	 
REQUEST		select2.full.min.js?ver=4.0.13	1685946925181	1685946925463	OK	 
REQUEST		wp-util.min.js?ver=6.2.2	1685946925188	1685946925484	OK	 
REQUEST		um-crop.min.js?ver=2.6.0	1685946925190	1685946925485	OK	 
REQUEST		um-crop.css?ver=2.6.0	1685946925221	1685946925499	OK	 
REQUEST		add-to-cart-variation.min.js?ver=7.7.2	1685946925226	1685946925512	OK	 
REQUEST		um-modal.min.js?ver=2.6.0	1685946925237	1685946925515	OK	 
REQUEST		um-modal.css?ver=2.6.0	1685946925262	1685946925552	OK	 
REQUEST		um-styles.css?ver=2.6.0	1685946925265	1685946925564	OK	 
REQUEST		um-profile.css?ver=2.6.0	1685946925272	1685946925566	OK	 
REQUEST		jquery.flexslider.min.js?ver=2.7.2-wc.7.7.2	1685946925269	1685946925567	OK	 
REQUEST		um-jquery-form.min.js?ver=2.6.0	1685946925293	1685946925575	OK	 
REQUEST		um-account.css?ver=2.6.0	1685946925289	1685946925595	OK	 
REQUEST		widget-styles.css?ver=2.8.7	1685946924750	1685946925638	OK	 
REQUEST		woo-mini-cart.min.js?ver=3.4.3	1685946925359	1685946925648	OK	 
REQUEST		select2.full.min.js?ver=4.0.13	1685946925364	1685946925699	OK	 
REQUEST		um-crop.min.js?ver=2.6.0	1685946925376	1685946925701	OK	 
REQUEST		um-fileupload.js?ver=2.6.0	1685946925403	1685946925713	OK	 
REQUEST		picker.js?ver=2.6.0	1685946925420	1685946925722	OK	 
REQUEST		picker.date.js?ver=2.6.0	1685946925464	1685946925751	OK	 
REQUEST		um-modal.min.js?ver=2.6.0	1685946925485	1685946925770	OK	 
REQUEST		picker.time.js?ver=2.6.0	1685946925486	1685946925775	OK	 
REQUEST		um-misc.css?ver=2.6.0	1685946925500	1685946925781	OK	 
REQUEST		wp-polyfill-inert.min.js?ver=3.1.2	1685946925516	1685946925794	OK	 
REQUEST		um-jquery-form.min.js?ver=2.6.0	1685946925514	1685946925800	OK	 
REQUEST		um-fileupload.css?ver=2.6.0	1685946925552	1685946925835	OK	 
REQUEST		default.css?ver=2.6.0	1685946925565	1685946925846	OK	 
REQUEST		default.date.css?ver=2.6.0	1685946925567	1685946925849	OK	 
REQUEST		regenerator-runtime.min.js?ver=0.13.11	1685946925575	1685946925856	OK	 
REQUEST		um-fileupload.js?ver=2.6.0	1685946925568	1685946925857	OK	 
REQUEST		default.time.css?ver=2.6.0	1685946925596	1685946925888	OK	 
REQUEST		picker.js?ver=2.6.0	1685946925649	1685946925932	OK	 
REQUEST		um-raty.css?ver=2.6.0	1685946925646	1685946925936	OK	 
REQUEST		picker.date.js?ver=2.6.0	1685946925699	1685946925986	OK	 
REQUEST		picker.time.js?ver=2.6.0	1685946925701	1685946925989	OK	 
REQUEST		wp-polyfill.min.js?ver=3.15.0	1685946925714	1685946925999	OK	 
REQUEST		hooks.min.js?ver=4169d3cf8e8d95a3d6d5	1685946925723	1685946926006	OK	 
REQUEST		i18n.min.js?ver=9e794f35a71bb98672ae	1685946925752	1685946926028	OK	 
REQUEST		wp-polyfill-inert.min.js?ver=3.1.2	1685946925771	1685946926057	OK	 
REQUEST		simplebar.css?ver=2.6.0	1685946925782	1685946926059	OK	 
REQUEST		um-raty.min.js?ver=2.6.0	1685946925776	1685946926063	OK	 
REQUEST		um-tipsy.min.js?ver=2.6.0	1685946925795	1685946926073	OK	 
REQUEST		Training Page Request	1685946895433	1685946926086	OK	 
REQUEST		regenerator-runtime.min.js?ver=0.13.11	1685946925800	1685946926087	OK	 
REQUEST		um-tipsy.css?ver=2.6.0	1685946925836	1685946926123	OK	 
REQUEST		um-responsive.css?ver=2.6.0	1685946925847	1685946926131	OK	 
REQUEST		um-old-default.css?ver=2.6.0	1685946925850	1685946926147	OK	 
REQUEST		masonry.min.js?ver=4.2.2	1685946925857	1685946926156	OK	 
REQUEST		wp-polyfill.min.js?ver=3.15.0	1685946925857	1685946926158	OK	 
REQUEST		fontawesome.min.css?ver=5.15.3	1685946925888	1685946926181	OK	 
REQUEST		hooks.min.js?ver=4169d3cf8e8d95a3d6d5	1685946925933	1685946926213	OK	 
REQUEST		solid.min.css?ver=5.15.3	1685946925937	1685946926225	OK	 
REQUEST		i18n.min.js?ver=9e794f35a71bb98672ae	1685946925986	1685946926269	OK	 
REQUEST		um-raty.min.js?ver=2.6.0	1685946925989	1685946926272	OK	 
REQUEST		jquery.masonry.min.js?ver=3.1.2b	1685946925999	1685946926283	OK	 
REQUEST		simplebar.min.js?ver=2.6.0	1685946926007	1685946926294	OK	 
REQUEST		um-functions.min.js?ver=2.6.0	1685946926029	1685946926304	OK	 
REQUEST		regular.min.css?ver=5.15.3	1685946926060	1685946926340	OK	 
REQUEST		um-tipsy.min.js?ver=2.6.0	1685946926057	1685946926346	OK	 
REQUEST		um-responsive.min.js?ver=2.6.0	1685946926063	1685946926349	OK	 
REQUEST		um-conditional.min.js?ver=2.6.0	1685946926074	1685946926351	OK	 
REQUEST		masonry.min.js?ver=4.2.2	1685946926088	1685946926384	OK	 
REQUEST		jquery.min.js?ver=3.6.4	1685946926124	1685946926417	OK	 
REQUEST		jquery-migrate.min.js?ver=3.4.0	1685946926133	1685946926419	OK	 
REQUEST		style.min.css?ver=6.2.2	1685946926144	1685946926434	OK	 
REQUEST		um-gdpr.min.js?ver=2.6.0	1685946926148	1685946926435	OK	 
REQUEST		um-scripts.min.js?ver=2.6.0	1685946926157	1685946926446	OK	 
REQUEST		css?family=Lato%3A100%2C200%2C300%2C400%2C500%2C600%2C700%2C800%2C900%2C100i%2C200i%2C300i%2C400i%2C500i%2C600i%2C700i%2C800i%2C900i&subset=latin&display=swap&ver=6.2.2	1685946926141	1685946926446	OK	 
REQUEST		jquery.masonry.min.js?ver=3.1.2b	1685946926158	1685946926453	OK	 
REQUEST		css?family=Lato%3A100%2C100italic%2C200%2C200italic%2C300%2C300italic%2C400%2C400italic%2C500%2C500italic%2C600%2C600italic%2C700%2C700italic%2C800%2C800italic%2C900%2C900italic%7CRoboto+Slab%3A100%2C100italic%2C200%2C200italic%2C300%2C300italic%2C400%2C400italic%2C500%2C500italic%2C600%2C600italic%2C700%2C700italic%2C800%2C800italic%2C900%2C900italic%7CRoboto%3A100%2C100italic%2C200%2C200italic%2C300%2C300italic%2C400%2C400italic%2C500%2C500italic%2C600%2C600italic%2C700%2C700italic%2C800%2C800italic%2C900%2C900italic%7CPlayfair+Display%3A100%2C100italic%2C200%2C200italic%2C300%2C300italic%2C400%2C400italic%2C500%2C500italic%2C600%2C600italic%2C700%2C700italic%2C800%2C800italic%2C900%2C900italic%7CArchivo%3A100%2C100italic%2C200%2C200italic%2C300%2C300italic%2C400%2C400italic%2C500%2C500italic%2C600%2C600italic%2C700%2C700italic%2C800%2C800italic%2C900%2C900italic&display=swap&ver=6.2.2	1685946926143	1685946926467	OK	 
REQUEST		widget-theme-elements.min.css	1685946926183	1685946926473	OK	 
REQUEST		simplebar.min.js?ver=2.6.0	1685946926214	1685946926498	OK	 
REQUEST		widget-icon-list.min.css	1685946926226	1685946926516	OK	 
REQUEST		um-functions.min.js?ver=2.6.0	1685946926270	1685946926553	OK	 
REQUEST		um-responsive.min.js?ver=2.6.0	1685946926273	1685946926555	OK	 
REQUEST		um-profile.min.js?ver=2.6.0	1685946926284	1685946926568	OK	 
REQUEST		um-account.min.js?ver=2.6.0	1685946926295	1685946926578	OK	 
REQUEST		jquery.smartmenus.min.js?ver=1.0.1	1685946926305	1685946926582	OK	 
REQUEST		widget-nav-menu.min.css	1685946926340	1685946926625	OK	 
REQUEST		webpack.runtime.min.js?ver=3.13.4	1685946926352	1685946926629	OK	 
REQUEST		um-conditional.min.js?ver=2.6.0	1685946926347	1685946926633	OK	 
REQUEST		webpack-pro.runtime.min.js?ver=3.11.3	1685946926350	1685946926640	OK	 
REQUEST		um-scripts.min.js?ver=2.6.0	1685946926384	1685946926672	OK	 
REQUEST		animations.min.css?ver=3.13.4	1685946926419	1685946926711	OK	 
REQUEST		scripts.js?ver=1.0	1685946926435	1685946926724	OK	 
REQUEST		woo-mini-cart.min.css?ver=6.2.2	1685946926436	1685946926724	OK	 
REQUEST		frontend-modules.min.js?ver=3.13.4	1685946926446	1685946926731	OK	 
REQUEST		um-profile.min.js?ver=2.6.0	1685946926454	1685946926745	OK	 
REQUEST		index.js?ver=5.7.6	1685946926473	1685946926761	OK	 
REQUEST		um-account.min.js?ver=2.6.0	1685946926498	1685946926778	OK	 
REQUEST		index.js?ver=5.7.6	1685946926517	1685946926807	OK	 
REQUEST		webpack-pro.runtime.min.js?ver=3.11.3	1685946926555	1685946926837	OK	 
REQUEST		jquery.smartmenus.min.js?ver=1.0.1	1685946926554	1685946926841	OK	 
REQUEST		frontend.min.js?ver=3.11.3	1685946926568	1685946926854	OK	 
REQUEST		frontend.min.js?ver=3.13.4	1685946926583	1685946926862	OK	 
REQUEST		waypoints.min.js?ver=4.0.2	1685946926578	1685946926863	OK	 
REQUEST		jquery.blockUI.min.js?ver=2.7.0-wc.7.7.2	1685946926626	1685946926905	OK	 
REQUEST		elements-handlers.min.js?ver=3.11.3	1685946926630	1685946926910	OK	 
REQUEST		webpack.runtime.min.js?ver=3.13.4	1685946926633	1685946926918	OK	 
REQUEST		animate-circle.js?ver=2.8.7	1685946926641	1685946926927	OK	 
REQUEST		frontend-modules.min.js?ver=3.13.4	1685946926672	1685946926978	OK	 
REQUEST		widget-woocommerce.min.css	1685946926418	1685946926998	OK	 
REQUEST		add-to-cart.min.js?ver=7.7.2	1685946926712	1685946927000	OK	 
REQUEST		js.cookie.min.js?ver=2.1.4-wc.7.7.2	1685946926725	1685946927008	OK	 
REQUEST		elementor.js?ver=2.8.7	1685946926731	1685946927018	OK	 
REQUEST		all.min.css?ver=5.15.1	1685946926725	1685946927019	OK	 
REQUEST		wc-blocks-vendors-style.css?ver=10.0.6	1685946926145	1685946927021	OK	 
REQUEST		classic-themes.min.css?ver=6.2.2	1685946926149	1685946927023	OK	 
REQUEST		style.css?ver=6.2.2	1685946926150	1685946927025	OK	 
REQUEST		styles.css?ver=5.7.6	1685946926151	1685946927027	OK	 
REQUEST		frontend.min.js?ver=3.11.3	1685946926746	1685946927041	OK	 
REQUEST		woocommerce.min.js?ver=7.7.2	1685946926762	1685946927054	OK	 
REQUEST		waypoints.min.js?ver=4.0.2	1685946926779	1685946927061	OK	 
REQUEST		cart-fragments.min.js?ver=7.7.2	1685946926807	1685946927096	OK	 
REQUEST		frontend.min.js?ver=3.13.4	1685946926838	1685946927122	OK	 
REQUEST		elements-handlers.min.js?ver=3.11.3	1685946926841	1685946927126	OK	 
REQUEST		jquery.sticky.min.js?ver=3.11.3	1685946926855	1685946927138	OK	 
USER	Training Page Load Test	END	1685946927144
REQUEST		imagesloaded.min.js?ver=4.1.4	1685946926906	1685946927182	OK	 
REQUEST		animate-circle.js?ver=2.8.7	1685946926919	1685946927204	OK	 
REQUEST		elementor.js?ver=2.8.7	1685946926979	1685946927266	OK	 
REQUEST		theme.min.js?ver=3.4.3	1685946926999	1685946927282	OK	 
REQUEST		drop-down-mobile-menu.min.js?ver=3.4.3	1685946927001	1685946927284	OK	 
REQUEST		magnific-popup.min.js?ver=3.4.3	1685946927009	1685946927298	OK	 
REQUEST		simple-line-icons.min.css?ver=2.4.0	1685946927020	1685946927306	OK	 
REQUEST		swiper.min.css?ver=5.3.6	1685946927027	1685946927313	OK	 
REQUEST		jquery.sticky.min.js?ver=3.11.3	1685946927041	1685946927331	OK	 
USER	Training Page Load Test	END	1685946927335
REQUEST		ow-lightbox.min.js?ver=3.4.3	1685946927055	1685946927342	OK	 
REQUEST		flickity.pkgd.min.js?ver=3.4.3	1685946927097	1685946927391	OK	 
REQUEST		ow-slider.min.js?ver=3.4.3	1685946927183	1685946927460	OK	 
REQUEST		scroll-effect.min.js?ver=3.4.3	1685946927283	1685946927573	OK	 
REQUEST		scroll-top.min.js?ver=3.4.3	1685946927285	1685946927574	OK	 
REQUEST		select.min.js?ver=3.4.3	1685946927299	1685946927583	OK	 
REQUEST		elementor-icons.min.css?ver=5.20.0	1685946927024	1685946927588	OK	 
REQUEST		post-5.css?ver=1682506416	1685946927307	1685946927594	OK	 
REQUEST		frontend-lite.min.css?ver=3.11.3	1685946927314	1685946927597	OK	 
REQUEST		woo-custom-features.min.js?ver=3.4.3	1685946927343	1685946927631	OK	 
REQUEST		frontend-script.js?ver=2.8.7	1685946927392	1685946927680	OK	 
REQUEST		jquery.blockUI.min.js?ver=6.7.0	1685946927573	1685946927858	OK	 
REQUEST		core.min.js?ver=1.13.2	1685946927575	1685946927861	OK	 
REQUEST		datepicker.min.js?ver=1.13.2	1685946927583	1685946927877	OK	 
REQUEST		frontend-lite.min.css?ver=3.13.4	1685946927026	1685946927885	OK	 
REQUEST		style.min.css?ver=3.4.3	1685946927022	1685946927887	OK	 
REQUEST		post-135.css?ver=1682506425	1685946927598	1685946927889	OK	 
REQUEST		post-11.css?ver=1682619004	1685946927595	1685946927891	OK	 
REQUEST		wcfm-script-core.js?ver=6.7.0	1685946927632	1685946927924	OK	 
REQUEST		woo-quick-view.min.js?ver=3.4.3	1685946927681	1685946927973	OK	 
REQUEST		widget-scripts.js?ver=2.8.7	1685946927460	1685946928019	OK	 
REQUEST		underscore.min.js?ver=1.13.4	1685946927859	1685946928145	OK	 
REQUEST		wc-blocks-style.css?ver=10.0.6	1685946926148	1685946928146	OK	 
REQUEST		wp-util.min.js?ver=6.2.2	1685946927862	1685946928148	OK	 
REQUEST		global.css?ver=1682506424	1685946927590	1685946928154	OK	 
REQUEST		add-to-cart-variation.min.js?ver=7.7.2	1685946927878	1685946928160	OK	 
REQUEST		post-176.css?ver=1682506425	1685946927886	1685946928167	OK	 
REQUEST		jquery-ui.min.css?ver=7.7.2	1685946927890	1685946928171	OK	 
REQUEST		ekiticons.css?ver=2.8.7	1685946927888	1685946928185	OK	 
REQUEST		wcfmicon.min.css?ver=6.7.0	1685946927891	1685946928188	OK	 
REQUEST		jquery.flexslider.min.js?ver=2.7.2-wc.7.7.2	1685946927925	1685946928213	OK	 
REQUEST		woo-mini-cart.min.js?ver=3.4.3	1685946927974	1685946928263	OK	 
REQUEST		select2.full.min.js?ver=4.0.13	1685946928019	1685946928302	OK	 
REQUEST		um-crop.min.js?ver=2.6.0	1685946928146	1685946928430	OK	 
REQUEST		um-modal.min.js?ver=2.6.0	1685946928148	1685946928433	OK	 
REQUEST		wcfm-style-core.css?ver=6.7.0	1685946928150	1685946928435	OK	 
REQUEST		um-jquery-form.min.js?ver=2.6.0	1685946928161	1685946928444	OK	 
REQUEST		woo-star-font.min.css?ver=6.2.2	1685946928168	1685946928453	OK	 
REQUEST		woo-quick-view.min.css?ver=6.2.2	1685946928172	1685946928455	OK	 
REQUEST		responsive.css?ver=2.8.7	1685946928189	1685946928483	OK	 
REQUEST		um-fileupload.js?ver=2.6.0	1685946928213	1685946928500	OK	 
REQUEST		picker.js?ver=2.6.0	1685946928264	1685946928556	OK	 
REQUEST		picker.date.js?ver=2.6.0	1685946928303	1685946928584	OK	 
REQUEST		picker.time.js?ver=2.6.0	1685946928431	1685946928715	OK	 
REQUEST		wp-polyfill-inert.min.js?ver=3.1.2	1685946928434	1685946928717	OK	 
REQUEST		woocommerce.min.css?ver=6.2.2	1685946928155	1685946928719	OK	 
REQUEST		um-fonticons-ii.css?ver=2.6.0	1685946928436	1685946928725	OK	 
REQUEST		regenerator-runtime.min.js?ver=0.13.11	1685946928445	1685946928740	OK	 
REQUEST		um-fonticons-fa.css?ver=2.6.0	1685946928454	1685946928740	OK	 
REQUEST		select2.min.css?ver=4.0.13	1685946928456	1685946928742	OK	 
REQUEST		um-crop.css?ver=2.6.0	1685946928484	1685946928771	OK	 
REQUEST		wp-polyfill.min.js?ver=3.15.0	1685946928501	1685946928788	OK	 
REQUEST		hooks.min.js?ver=4169d3cf8e8d95a3d6d5	1685946928556	1685946928846	OK	 
REQUEST		i18n.min.js?ver=9e794f35a71bb98672ae	1685946928584	1685946928862	OK	 
REQUEST		widget-styles.css?ver=2.8.7	1685946928186	1685946929034	OK	 
REQUEST		um-modal.css?ver=2.6.0	1685946928721	1685946929073	OK	 
REQUEST		um-profile.css?ver=2.6.0	1685946928741	1685946929075	OK	 
REQUEST		um-account.css?ver=2.6.0	1685946928743	1685946929076	OK	 
REQUEST		masonry.min.js?ver=4.2.2	1685946928740	1685946929077	OK	 
REQUEST		um-raty.min.js?ver=2.6.0	1685946928716	1685946929078	OK	 
REQUEST		um-misc.css?ver=2.6.0	1685946928771	1685946929078	OK	 
REQUEST		um-tipsy.min.js?ver=2.6.0	1685946928718	1685946929080	OK	 
REQUEST		um-styles.css?ver=2.6.0	1685946928726	1685946929080	OK	 
REQUEST		jquery.masonry.min.js?ver=3.1.2b	1685946928789	1685946929083	OK	 
REQUEST		simplebar.min.js?ver=2.6.0	1685946928847	1685946929140	OK	 
REQUEST		um-functions.min.js?ver=2.6.0	1685946928863	1685946929142	OK	 
REQUEST		um-fileupload.css?ver=2.6.0	1685946929036	1685946929318	OK	 
REQUEST		default.css?ver=2.6.0	1685946929073	1685946929361	OK	 
REQUEST		default.date.css?ver=2.6.0	1685946929076	1685946929370	OK	 
REQUEST		um-responsive.min.js?ver=2.6.0	1685946929077	1685946929370	OK	 
REQUEST		default.time.css?ver=2.6.0	1685946929077	1685946929373	OK	 
REQUEST		um-conditional.min.js?ver=2.6.0	1685946929079	1685946929384	OK	 
REQUEST		um-raty.css?ver=2.6.0	1685946929079	1685946929384	OK	 
REQUEST		um-scripts.min.js?ver=2.6.0	1685946929081	1685946929392	OK	 
REQUEST		simplebar.css?ver=2.6.0	1685946929081	1685946929392	OK	 
REQUEST		um-profile.min.js?ver=2.6.0	1685946929084	1685946929394	OK	 
REQUEST		um-account.min.js?ver=2.6.0	1685946929141	1685946929431	OK	 
REQUEST		jquery.smartmenus.min.js?ver=1.0.1	1685946929143	1685946929433	OK	 
REQUEST		um-tipsy.css?ver=2.6.0	1685946929319	1685946929600	OK	 
REQUEST		um-responsive.css?ver=2.6.0	1685946929362	1685946929643	OK	 
REQUEST		um-old-default.css?ver=2.6.0	1685946929372	1685946929661	OK	 
REQUEST		webpack-pro.runtime.min.js?ver=3.11.3	1685946929371	1685946929663	OK	 
REQUEST		fontawesome.min.css?ver=5.15.3	1685946929374	1685946929664	OK	 
REQUEST		webpack.runtime.min.js?ver=3.13.4	1685946929385	1685946929666	OK	 
REQUEST		solid.min.css?ver=5.15.3	1685946929385	1685946929667	OK	 
REQUEST		regular.min.css?ver=5.15.3	1685946929392	1685946929673	OK	 
REQUEST		frontend-modules.min.js?ver=3.13.4	1685946929392	1685946929677	OK	 
REQUEST		frontend.min.js?ver=3.11.3	1685946929395	1685946929683	OK	 
REQUEST		frontend.min.js?ver=3.13.4	1685946929433	1685946929713	OK	 
REQUEST		waypoints.min.js?ver=4.0.2	1685946929432	1685946929722	OK	 
REQUEST		jquery.min.js?ver=3.6.4	1685946929601	1685946929890	OK	 
REQUEST		jquery-migrate.min.js?ver=3.4.0	1685946929644	1685946929927	OK	 
REQUEST		um-gdpr.min.js?ver=2.6.0	1685946929662	1685946929942	OK	 
REQUEST		widget-theme-elements.min.css	1685946929664	1685946929945	OK	 
REQUEST		elements-handlers.min.js?ver=3.11.3	1685946929663	1685946929948	OK	 
REQUEST		animate-circle.js?ver=2.8.7	1685946929666	1685946929949	OK	 
REQUEST		widget-icon-list.min.css	1685946929668	1685946929951	OK	 
REQUEST		widget-nav-menu.min.css	1685946929673	1685946929956	OK	 
REQUEST		elementor.js?ver=2.8.7	1685946929678	1685946929960	OK	 
REQUEST		jquery.sticky.min.js?ver=3.11.3	1685946929684	1685946929970	OK	 
USER	Training Page Load Test	END	1685946929974
REQUEST		widget-woocommerce.min.css	1685946929891	1685946930198	OK	 
REQUEST		animations.min.css?ver=3.13.4	1685946929928	1685946930211	OK	 
REQUEST		scripts.js?ver=1.0	1685946929943	1685946930223	OK	 
REQUEST		index.js?ver=5.7.6	1685946929946	1685946930229	OK	 
REQUEST		index.js?ver=5.7.6	1685946929952	1685946930235	OK	 
REQUEST		jquery.blockUI.min.js?ver=2.7.0-wc.7.7.2	1685946929957	1685946930238	OK	 
REQUEST		add-to-cart.min.js?ver=7.7.2	1685946930199	1685946930482	OK	 
REQUEST		js.cookie.min.js?ver=2.1.4-wc.7.7.2	1685946930212	1685946930492	OK	 
REQUEST		woocommerce.min.js?ver=7.7.2	1685946930223	1685946930504	OK	 
REQUEST		cart-fragments.min.js?ver=7.7.2	1685946930229	1685946930509	OK	 
REQUEST		imagesloaded.min.js?ver=4.1.4	1685946930235	1685946930519	OK	 
REQUEST		theme.min.js?ver=3.4.3	1685946930239	1685946930522	OK	 
REQUEST		drop-down-mobile-menu.min.js?ver=3.4.3	1685946930482	1685946930769	OK	 
REQUEST		magnific-popup.min.js?ver=3.4.3	1685946930492	1685946930775	OK	 
REQUEST		ow-lightbox.min.js?ver=3.4.3	1685946930504	1685946930784	OK	 
REQUEST		flickity.pkgd.min.js?ver=3.4.3	1685946930510	1685946930799	OK	 
REQUEST		ow-slider.min.js?ver=3.4.3	1685946930519	1685946930801	OK	 
REQUEST		scroll-effect.min.js?ver=3.4.3	1685946930523	1685946930804	OK	 
REQUEST		scroll-top.min.js?ver=3.4.3	1685946930770	1685946931053	OK	 
REQUEST		select.min.js?ver=3.4.3	1685946930775	1685946931056	OK	 
REQUEST		woo-custom-features.min.js?ver=3.4.3	1685946930785	1685946931070	OK	 
REQUEST		frontend-script.js?ver=2.8.7	1685946930800	1685946931079	OK	 
REQUEST		jquery.blockUI.min.js?ver=6.7.0	1685946930805	1685946931098	OK	 
REQUEST		core.min.js?ver=1.13.2	1685946931054	1685946931337	OK	 
REQUEST		datepicker.min.js?ver=1.13.2	1685946931056	1685946931340	OK	 
REQUEST		wcfm-script-core.js?ver=6.7.0	1685946931071	1685946931358	OK	 
REQUEST		woo-quick-view.min.js?ver=3.4.3	1685946931079	1685946931362	OK	 
REQUEST		widget-scripts.js?ver=2.8.7	1685946930802	1685946931377	OK	 
REQUEST		underscore.min.js?ver=1.13.4	1685946931099	1685946931384	OK	 
REQUEST		wp-util.min.js?ver=6.2.2	1685946931337	1685946931618	OK	 
REQUEST		add-to-cart-variation.min.js?ver=7.7.2	1685946931340	1685946931621	OK	 
REQUEST		jquery.flexslider.min.js?ver=2.7.2-wc.7.7.2	1685946931358	1685946931640	OK	 
REQUEST		woo-mini-cart.min.js?ver=3.4.3	1685946931362	1685946931645	OK	 
REQUEST		select2.full.min.js?ver=4.0.13	1685946931378	1685946931667	OK	 
REQUEST		um-crop.min.js?ver=2.6.0	1685946931385	1685946931669	OK	 
REQUEST		um-modal.min.js?ver=2.6.0	1685946931619	1685946931901	OK	 
REQUEST		um-jquery-form.min.js?ver=2.6.0	1685946931621	1685946931902	OK	 
REQUEST		um-fileupload.js?ver=2.6.0	1685946931640	1685946931921	OK	 
REQUEST		picker.js?ver=2.6.0	1685946931645	1685946931927	OK	 
REQUEST		picker.time.js?ver=2.6.0	1685946931669	1685946931954	OK	 
REQUEST		picker.date.js?ver=2.6.0	1685946931668	1685946931957	OK	 
REQUEST		wp-polyfill-inert.min.js?ver=3.1.2	1685946931901	1685946932184	OK	 
REQUEST		regenerator-runtime.min.js?ver=0.13.11	1685946931903	1685946932186	OK	 
REQUEST		wp-polyfill.min.js?ver=3.15.0	1685946931922	1685946932203	OK	 
REQUEST		hooks.min.js?ver=4169d3cf8e8d95a3d6d5	1685946931928	1685946932219	OK	 
REQUEST		i18n.min.js?ver=9e794f35a71bb98672ae	1685946931955	1685946932249	OK	 
REQUEST		um-raty.min.js?ver=2.6.0	1685946931958	1685946932264	OK	 
REQUEST		um-tipsy.min.js?ver=2.6.0	1685946932185	1685946932467	OK	 
REQUEST		masonry.min.js?ver=4.2.2	1685946932187	1685946932473	OK	 
REQUEST		jquery.masonry.min.js?ver=3.1.2b	1685946932204	1685946932488	OK	 
REQUEST		simplebar.min.js?ver=2.6.0	1685946932220	1685946932507	OK	 
REQUEST		um-functions.min.js?ver=2.6.0	1685946932250	1685946932532	OK	 
REQUEST		um-responsive.min.js?ver=2.6.0	1685946932264	1685946932546	OK	 
REQUEST		um-conditional.min.js?ver=2.6.0	1685946932468	1685946932750	OK	 
REQUEST		um-scripts.min.js?ver=2.6.0	1685946932474	1685946932755	OK	 
REQUEST		um-profile.min.js?ver=2.6.0	1685946932488	1685946932769	OK	 
REQUEST		um-account.min.js?ver=2.6.0	1685946932508	1685946932787	OK	 
REQUEST		jquery.smartmenus.min.js?ver=1.0.1	1685946932532	1685946932815	OK	 
REQUEST		webpack-pro.runtime.min.js?ver=3.11.3	1685946932546	1685946932828	OK	 
REQUEST		webpack.runtime.min.js?ver=3.13.4	1685946932751	1685946933032	OK	 
REQUEST		frontend-modules.min.js?ver=3.13.4	1685946932755	1685946933039	OK	 
REQUEST		frontend.min.js?ver=3.11.3	1685946932769	1685946933051	OK	 
REQUEST		waypoints.min.js?ver=4.0.2	1685946932787	1685946933067	OK	 
REQUEST		frontend.min.js?ver=3.13.4	1685946932815	1685946933099	OK	 
REQUEST		elements-handlers.min.js?ver=3.11.3	1685946932829	1685946933113	OK	 
REQUEST		animate-circle.js?ver=2.8.7	1685946933033	1685946933314	OK	 
REQUEST		elementor.js?ver=2.8.7	1685946933040	1685946933323	OK	 
REQUEST		jquery.sticky.min.js?ver=3.11.3	1685946933052	1685946933333	OK	 
USER	Training Page Load Test	END	1685946933336
REQUEST		Training Page Request	1685946895229	1685946935841	KO	status.find.is(200), but actually found 500
USER	Training Page Load Test	END	1685946935867
REQUEST		Training Page Request	1685946894240	1685946941378	OK	 
REQUEST		style.min.css?ver=6.2.2	1685946941409	1685946941694	OK	 
REQUEST		css?family=Lato%3A100%2C100italic%2C200%2C200italic%2C300%2C300italic%2C400%2C400italic%2C500%2C500italic%2C600%2C600italic%2C700%2C700italic%2C800%2C800italic%2C900%2C900italic%7CRoboto+Slab%3A100%2C100italic%2C200%2C200italic%2C300%2C300italic%2C400%2C400italic%2C500%2C500italic%2C600%2C600italic%2C700%2C700italic%2C800%2C800italic%2C900%2C900italic%7CRoboto%3A100%2C100italic%2C200%2C200italic%2C300%2C300italic%2C400%2C400italic%2C500%2C500italic%2C600%2C600italic%2C700%2C700italic%2C800%2C800italic%2C900%2C900italic%7CPlayfair+Display%3A100%2C100italic%2C200%2C200italic%2C300%2C300italic%2C400%2C400italic%2C500%2C500italic%2C600%2C600italic%2C700%2C700italic%2C800%2C800italic%2C900%2C900italic%7CArchivo%3A100%2C100italic%2C200%2C200italic%2C300%2C300italic%2C400%2C400italic%2C500%2C500italic%2C600%2C600italic%2C700%2C700italic%2C800%2C800italic%2C900%2C900italic&display=swap&ver=6.2.2	1685946941408	1685946941723	OK	 
REQUEST		css?family=Lato%3A100%2C200%2C300%2C400%2C500%2C600%2C700%2C800%2C900%2C100i%2C200i%2C300i%2C400i%2C500i%2C600i%2C700i%2C800i%2C900i&subset=latin&display=swap&ver=6.2.2	1685946941407	1685946941726	OK	 
REQUEST		woo-mini-cart.min.css?ver=6.2.2	1685946941696	1685946941974	OK	 
REQUEST		all.min.css?ver=5.15.1	1685946941975	1685946942257	OK	 
REQUEST		wc-blocks-vendors-style.css?ver=10.0.6	1685946941409	1685946942267	OK	 
REQUEST		classic-themes.min.css?ver=6.2.2	1685946941411	1685946942269	OK	 
REQUEST		style.css?ver=6.2.2	1685946941412	1685946942271	OK	 
REQUEST		styles.css?ver=5.7.6	1685946941412	1685946942277	OK	 
REQUEST		simple-line-icons.min.css?ver=2.4.0	1685946942258	1685946942538	OK	 
REQUEST		swiper.min.css?ver=5.3.6	1685946942278	1685946942561	OK	 
REQUEST		post-5.css?ver=1682506416	1685946942539	1685946942816	OK	 
REQUEST		elementor-icons.min.css?ver=5.20.0	1685946942270	1685946942838	OK	 
REQUEST		frontend-lite.min.css?ver=3.11.3	1685946942562	1685946942845	OK	 
REQUEST		global.css?ver=1682506424	1685946942817	1685946943098	OK	 
REQUEST		style.min.css?ver=3.4.3	1685946942268	1685946943116	OK	 
REQUEST		frontend-lite.min.css?ver=3.13.4	1685946942272	1685946943122	OK	 
REQUEST		post-11.css?ver=1682619004	1685946942839	1685946943124	OK	 
REQUEST		post-135.css?ver=1682506425	1685946942846	1685946943129	OK	 
REQUEST		post-176.css?ver=1682506425	1685946943099	1685946943381	OK	 
REQUEST		wc-blocks-style.css?ver=10.0.6	1685946941410	1685946943385	OK	 
REQUEST		ekiticons.css?ver=2.8.7	1685946943119	1685946943409	OK	 
REQUEST		jquery-ui.min.css?ver=7.7.2	1685946943123	1685946943412	OK	 
REQUEST		wcfm-style-core.css?ver=6.7.0	1685946943130	1685946943417	OK	 
REQUEST		woocommerce.min.css?ver=6.2.2	1685946943382	1685946943667	OK	 
REQUEST		woo-star-font.min.css?ver=6.2.2	1685946943387	1685946943668	OK	 
REQUEST		woo-quick-view.min.css?ver=6.2.2	1685946943410	1685946943688	OK	 
REQUEST		wcfmicon.min.css?ver=6.7.0	1685946943124	1685946943693	OK	 
REQUEST		responsive.css?ver=2.8.7	1685946943418	1685946943703	OK	 
REQUEST		um-fonticons-fa.css?ver=2.6.0	1685946943669	1685946943952	OK	 
REQUEST		um-fonticons-ii.css?ver=2.6.0	1685946943668	1685946943956	OK	 
REQUEST		select2.min.css?ver=4.0.13	1685946943689	1685946943969	OK	 
REQUEST		um-crop.css?ver=2.6.0	1685946943695	1685946943981	OK	 
REQUEST		um-modal.css?ver=2.6.0	1685946943704	1685946943985	OK	 
REQUEST		um-styles.css?ver=2.6.0	1685946943953	1685946944234	OK	 
REQUEST		um-profile.css?ver=2.6.0	1685946943957	1685946944237	OK	 
REQUEST		um-account.css?ver=2.6.0	1685946943970	1685946944249	OK	 
REQUEST		widget-styles.css?ver=2.8.7	1685946943413	1685946944269	OK	 
REQUEST		um-misc.css?ver=2.6.0	1685946943982	1685946944272	OK	 
REQUEST		um-fileupload.css?ver=2.6.0	1685946943986	1685946944273	OK	 
REQUEST		default.css?ver=2.6.0	1685946944235	1685946944513	OK	 
REQUEST		default.date.css?ver=2.6.0	1685946944238	1685946944516	OK	 
REQUEST		default.time.css?ver=2.6.0	1685946944250	1685946944528	OK	 
REQUEST		simplebar.css?ver=2.6.0	1685946944273	1685946944554	OK	 
REQUEST		um-raty.css?ver=2.6.0	1685946944271	1685946944556	OK	 
REQUEST		um-tipsy.css?ver=2.6.0	1685946944274	1685946944557	OK	 
REQUEST		um-responsive.css?ver=2.6.0	1685946944514	1685946944793	OK	 
REQUEST		um-old-default.css?ver=2.6.0	1685946944517	1685946944795	OK	 
REQUEST		fontawesome.min.css?ver=5.15.3	1685946944529	1685946944821	OK	 
REQUEST		regular.min.css?ver=5.15.3	1685946944556	1685946944834	OK	 
REQUEST		solid.min.css?ver=5.15.3	1685946944555	1685946944836	OK	 
REQUEST		jquery-migrate.min.js?ver=3.4.0	1685946944794	1685946945074	OK	 
REQUEST		um-gdpr.min.js?ver=2.6.0	1685946944796	1685946945075	OK	 
REQUEST		widget-theme-elements.min.css	1685946944823	1685946945102	OK	 
REQUEST		widget-icon-list.min.css	1685946944835	1685946945114	OK	 
REQUEST		widget-nav-menu.min.css	1685946944836	1685946945119	OK	 
REQUEST		jquery.min.js?ver=3.6.4	1685946944557	1685946945122	OK	 
REQUEST		animations.min.css?ver=3.13.4	1685946945076	1685946945371	OK	 
REQUEST		widget-woocommerce.min.css	1685946945074	1685946945372	OK	 
REQUEST		scripts.js?ver=1.0	1685946945103	1685946945381	OK	 
REQUEST		index.js?ver=5.7.6	1685946945115	1685946945395	OK	 
REQUEST		index.js?ver=5.7.6	1685946945121	1685946945403	OK	 
REQUEST		jquery.blockUI.min.js?ver=2.7.0-wc.7.7.2	1685946945123	1685946945405	OK	 
REQUEST		add-to-cart.min.js?ver=7.7.2	1685946945371	1685946945649	OK	 
REQUEST		js.cookie.min.js?ver=2.1.4-wc.7.7.2	1685946945373	1685946945651	OK	 
REQUEST		woocommerce.min.js?ver=7.7.2	1685946945381	1685946945660	OK	 
REQUEST		cart-fragments.min.js?ver=7.7.2	1685946945395	1685946945675	OK	 
REQUEST		imagesloaded.min.js?ver=4.1.4	1685946945404	1685946945685	OK	 
REQUEST		theme.min.js?ver=3.4.3	1685946945405	1685946945687	OK	 
REQUEST		drop-down-mobile-menu.min.js?ver=3.4.3	1685946945650	1685946945930	OK	 
REQUEST		magnific-popup.min.js?ver=3.4.3	1685946945652	1685946945941	OK	 
REQUEST		ow-lightbox.min.js?ver=3.4.3	1685946945660	1685946945943	OK	 
REQUEST		flickity.pkgd.min.js?ver=3.4.3	1685946945675	1685946945958	OK	 
REQUEST		ow-slider.min.js?ver=3.4.3	1685946945685	1685946945967	OK	 
REQUEST		scroll-effect.min.js?ver=3.4.3	1685946945687	1685946945970	OK	 
REQUEST		Training Page Request	1685946895022	1685946946086	OK	 
REQUEST		scroll-top.min.js?ver=3.4.3	1685946945930	1685946946209	OK	 
REQUEST		select.min.js?ver=3.4.3	1685946945942	1685946946220	OK	 
REQUEST		woo-custom-features.min.js?ver=3.4.3	1685946945943	1685946946224	OK	 
REQUEST		frontend-script.js?ver=2.8.7	1685946945959	1685946946237	OK	 
REQUEST		jquery.blockUI.min.js?ver=6.7.0	1685946945971	1685946946257	OK	 
REQUEST		style.min.css?ver=6.2.2	1685946946133	1685946946424	OK	 
REQUEST		css?family=Lato%3A100%2C200%2C300%2C400%2C500%2C600%2C700%2C800%2C900%2C100i%2C200i%2C300i%2C400i%2C500i%2C600i%2C700i%2C800i%2C900i&subset=latin&display=swap&ver=6.2.2	1685946946130	1685946946440	OK	 
REQUEST		css?family=Lato%3A100%2C100italic%2C200%2C200italic%2C300%2C300italic%2C400%2C400italic%2C500%2C500italic%2C600%2C600italic%2C700%2C700italic%2C800%2C800italic%2C900%2C900italic%7CRoboto+Slab%3A100%2C100italic%2C200%2C200italic%2C300%2C300italic%2C400%2C400italic%2C500%2C500italic%2C600%2C600italic%2C700%2C700italic%2C800%2C800italic%2C900%2C900italic%7CRoboto%3A100%2C100italic%2C200%2C200italic%2C300%2C300italic%2C400%2C400italic%2C500%2C500italic%2C600%2C600italic%2C700%2C700italic%2C800%2C800italic%2C900%2C900italic%7CPlayfair+Display%3A100%2C100italic%2C200%2C200italic%2C300%2C300italic%2C400%2C400italic%2C500%2C500italic%2C600%2C600italic%2C700%2C700italic%2C800%2C800italic%2C900%2C900italic%7CArchivo%3A100%2C100italic%2C200%2C200italic%2C300%2C300italic%2C400%2C400italic%2C500%2C500italic%2C600%2C600italic%2C700%2C700italic%2C800%2C800italic%2C900%2C900italic&display=swap&ver=6.2.2	1685946946131	1685946946456	OK	 
REQUEST		core.min.js?ver=1.13.2	1685946946209	1685946946488	OK	 
REQUEST		datepicker.min.js?ver=1.13.2	1685946946221	1685946946502	OK	 
REQUEST		wcfm-script-core.js?ver=6.7.0	1685946946225	1685946946516	OK	 
REQUEST		woo-quick-view.min.js?ver=3.4.3	1685946946237	1685946946519	OK	 
REQUEST		widget-scripts.js?ver=2.8.7	1685946945968	1685946946533	OK	 
REQUEST		underscore.min.js?ver=1.13.4	1685946946257	1685946946539	OK	 
REQUEST		woo-mini-cart.min.css?ver=6.2.2	1685946946426	1685946946708	OK	 
REQUEST		wp-util.min.js?ver=6.2.2	1685946946489	1685946946766	OK	 
REQUEST		add-to-cart-variation.min.js?ver=7.7.2	1685946946502	1685946946782	OK	 
REQUEST		jquery.flexslider.min.js?ver=2.7.2-wc.7.7.2	1685946946517	1685946946797	OK	 
REQUEST		woo-mini-cart.min.js?ver=3.4.3	1685946946519	1685946946801	OK	 
REQUEST		select2.full.min.js?ver=4.0.13	1685946946534	1685946946821	OK	 
REQUEST		um-crop.min.js?ver=2.6.0	1685946946540	1685946946823	OK	 
REQUEST		wc-blocks-vendors-style.css?ver=10.0.6	1685946946133	1685946946985	OK	 
REQUEST		style.css?ver=6.2.2	1685946946136	1685946946997	OK	 
REQUEST		all.min.css?ver=5.15.1	1685946946709	1685946946999	OK	 
REQUEST		classic-themes.min.css?ver=6.2.2	1685946946135	1685946947001	OK	 
REQUEST		styles.css?ver=5.7.6	1685946946137	1685946947013	OK	 
REQUEST		um-modal.min.js?ver=2.6.0	1685946946766	1685946947046	OK	 
REQUEST		um-jquery-form.min.js?ver=2.6.0	1685946946782	1685946947075	OK	 
REQUEST		um-fileupload.js?ver=2.6.0	1685946946797	1685946947082	OK	 
REQUEST		picker.js?ver=2.6.0	1685946946801	1685946947088	OK	 
REQUEST		picker.date.js?ver=2.6.0	1685946946822	1685946947107	OK	 
REQUEST		picker.time.js?ver=2.6.0	1685946946823	1685946947114	OK	 
REQUEST		simple-line-icons.min.css?ver=2.4.0	1685946946986	1685946947263	OK	 
REQUEST		elementor-icons.min.css?ver=5.20.0	1685946947000	1685946947281	OK	 
REQUEST		swiper.min.css?ver=5.3.6	1685946947013	1685946947301	OK	 
REQUEST		wp-polyfill-inert.min.js?ver=3.1.2	1685946947047	1685946947325	OK	 
REQUEST		regenerator-runtime.min.js?ver=0.13.11	1685946947076	1685946947354	OK	 
REQUEST		wp-polyfill.min.js?ver=3.15.0	1685946947082	1685946947362	OK	 
REQUEST		hooks.min.js?ver=4169d3cf8e8d95a3d6d5	1685946947089	1685946947368	OK	 
REQUEST		i18n.min.js?ver=9e794f35a71bb98672ae	1685946947108	1685946947390	OK	 
REQUEST		um-raty.min.js?ver=2.6.0	1685946947114	1685946947396	OK	 
REQUEST		post-5.css?ver=1682506416	1685946947264	1685946947542	OK	 
REQUEST		frontend-lite.min.css?ver=3.11.3	1685946947282	1685946947580	OK	 
REQUEST		um-tipsy.min.js?ver=2.6.0	1685946947326	1685946947603	OK	 
REQUEST		masonry.min.js?ver=4.2.2	1685946947355	1685946947637	OK	 
REQUEST		jquery.masonry.min.js?ver=3.1.2b	1685946947362	1685946947648	OK	 
REQUEST		simplebar.min.js?ver=2.6.0	1685946947368	1685946947650	OK	 
REQUEST		um-functions.min.js?ver=2.6.0	1685946947390	1685946947675	OK	 
REQUEST		um-responsive.min.js?ver=2.6.0	1685946947396	1685946947679	OK	 
REQUEST		post-11.css?ver=1682619004	1685946947543	1685946947821	OK	 
REQUEST		frontend-lite.min.css?ver=3.13.4	1685946947002	1685946947859	OK	 
REQUEST		global.css?ver=1682506424	1685946947302	1685946947888	OK	 
REQUEST		um-conditional.min.js?ver=2.6.0	1685946947604	1685946947890	OK	 
REQUEST		post-135.css?ver=1682506425	1685946947581	1685946947890	OK	 
REQUEST		um-scripts.min.js?ver=2.6.0	1685946947638	1685946947918	OK	 
REQUEST		um-profile.min.js?ver=2.6.0	1685946947649	1685946947931	OK	 
REQUEST		um-account.min.js?ver=2.6.0	1685946947651	1685946947939	OK	 
REQUEST		jquery.smartmenus.min.js?ver=1.0.1	1685946947676	1685946947959	OK	 
REQUEST		webpack-pro.runtime.min.js?ver=3.11.3	1685946947679	1685946947964	OK	 
REQUEST		post-176.css?ver=1682506425	1685946947822	1685946948101	OK	 
REQUEST		style.min.css?ver=3.4.3	1685946946997	1685946948126	OK	 
REQUEST		wc-blocks-style.css?ver=10.0.6	1685946946134	1685946948130	OK	 
REQUEST		webpack.runtime.min.js?ver=3.13.4	1685946947890	1685946948177	OK	 
REQUEST		jquery-ui.min.css?ver=7.7.2	1685946947889	1685946948182	OK	 
REQUEST		wcfmicon.min.css?ver=6.7.0	1685946947891	1685946948186	OK	 
REQUEST		frontend-modules.min.js?ver=3.13.4	1685946947918	1685946948207	OK	 
REQUEST		waypoints.min.js?ver=4.0.2	1685946947940	1685946948220	OK	 
REQUEST		frontend.min.js?ver=3.11.3	1685946947935	1685946948222	OK	 
REQUEST		frontend.min.js?ver=3.13.4	1685946947959	1685946948245	OK	 
REQUEST		elements-handlers.min.js?ver=3.11.3	1685946947965	1685946948249	OK	 
REQUEST		woocommerce.min.css?ver=6.2.2	1685946948128	1685946948417	OK	 
REQUEST		woo-star-font.min.css?ver=6.2.2	1685946948137	1685946948419	OK	 
REQUEST		ekiticons.css?ver=2.8.7	1685946947860	1685946948434	OK	 
REQUEST		animate-circle.js?ver=2.8.7	1685946948177	1685946948461	OK	 
REQUEST		woo-quick-view.min.css?ver=6.2.2	1685946948182	1685946948480	OK	 
REQUEST		elementor.js?ver=2.8.7	1685946948208	1685946948488	OK	 
REQUEST		jquery.sticky.min.js?ver=3.11.3	1685946948220	1685946948500	OK	 
USER	Training Page Load Test	END	1685946948505
REQUEST		wcfm-style-core.css?ver=6.7.0	1685946948102	1685946948659	OK	 
REQUEST		responsive.css?ver=2.8.7	1685946948418	1685946948701	OK	 
REQUEST		um-fonticons-ii.css?ver=2.6.0	1685946948419	1685946948714	OK	 
REQUEST		um-fonticons-fa.css?ver=2.6.0	1685946948434	1685946948717	OK	 
REQUEST		select2.min.css?ver=4.0.13	1685946948481	1685946948768	OK	 
REQUEST		um-crop.css?ver=2.6.0	1685946948660	1685946948938	OK	 
REQUEST		um-modal.css?ver=2.6.0	1685946948702	1685946948981	OK	 
REQUEST		um-styles.css?ver=2.6.0	1685946948715	1685946949002	OK	 
REQUEST		um-profile.css?ver=2.6.0	1685946948719	1685946949005	OK	 
REQUEST		um-account.css?ver=2.6.0	1685946948769	1685946949055	OK	 
REQUEST		um-misc.css?ver=2.6.0	1685946948938	1685946949217	OK	 
REQUEST		um-fileupload.css?ver=2.6.0	1685946948982	1685946949260	OK	 
REQUEST		default.css?ver=2.6.0	1685946949003	1685946949284	OK	 
REQUEST		default.date.css?ver=2.6.0	1685946949006	1685946949286	OK	 
REQUEST		widget-styles.css?ver=2.8.7	1685946948188	1685946949310	OK	 
REQUEST		default.time.css?ver=2.6.0	1685946949056	1685946949342	OK	 
REQUEST		um-raty.css?ver=2.6.0	1685946949218	1685946949495	OK	 
REQUEST		simplebar.css?ver=2.6.0	1685946949261	1685946949539	OK	 
REQUEST		um-responsive.css?ver=2.6.0	1685946949286	1685946949567	OK	 
REQUEST		um-tipsy.css?ver=2.6.0	1685946949285	1685946949568	OK	 
REQUEST		um-old-default.css?ver=2.6.0	1685946949313	1685946949593	OK	 
REQUEST		fontawesome.min.css?ver=5.15.3	1685946949343	1685946949634	OK	 
REQUEST		solid.min.css?ver=5.15.3	1685946949495	1685946949776	OK	 
REQUEST		regular.min.css?ver=5.15.3	1685946949539	1685946949819	OK	 
REQUEST		jquery.min.js?ver=3.6.4	1685946949568	1685946949855	OK	 
REQUEST		jquery-migrate.min.js?ver=3.4.0	1685946949569	1685946949856	OK	 
REQUEST		um-gdpr.min.js?ver=2.6.0	1685946949593	1685946949877	OK	 
REQUEST		widget-theme-elements.min.css	1685946949635	1685946949922	OK	 
REQUEST		widget-icon-list.min.css	1685946949777	1685946950062	OK	 
REQUEST		widget-nav-menu.min.css	1685946949819	1685946950100	OK	 
REQUEST		widget-woocommerce.min.css	1685946949855	1685946950152	OK	 
REQUEST		animations.min.css?ver=3.13.4	1685946949856	1685946950154	OK	 
REQUEST		scripts.js?ver=1.0	1685946949878	1685946950161	OK	 
REQUEST		index.js?ver=5.7.6	1685946949923	1685946950210	OK	 
REQUEST		index.js?ver=5.7.6	1685946950063	1685946950341	OK	 
REQUEST		jquery.blockUI.min.js?ver=2.7.0-wc.7.7.2	1685946950101	1685946950380	OK	 
REQUEST		add-to-cart.min.js?ver=7.7.2	1685946950153	1685946950434	OK	 
REQUEST		js.cookie.min.js?ver=2.1.4-wc.7.7.2	1685946950154	1685946950435	OK	 
REQUEST		woocommerce.min.js?ver=7.7.2	1685946950162	1685946950441	OK	 
REQUEST		cart-fragments.min.js?ver=7.7.2	1685946950210	1685946950496	OK	 
REQUEST		imagesloaded.min.js?ver=4.1.4	1685946950341	1685946950618	OK	 
REQUEST		theme.min.js?ver=3.4.3	1685946950380	1685946950659	OK	 
REQUEST		drop-down-mobile-menu.min.js?ver=3.4.3	1685946950435	1685946950716	OK	 
REQUEST		magnific-popup.min.js?ver=3.4.3	1685946950436	1685946950719	OK	 
REQUEST		ow-lightbox.min.js?ver=3.4.3	1685946950442	1685946950721	OK	 
REQUEST		flickity.pkgd.min.js?ver=3.4.3	1685946950497	1685946950788	OK	 
REQUEST		ow-slider.min.js?ver=3.4.3	1685946950618	1685946950896	OK	 
REQUEST		scroll-effect.min.js?ver=3.4.3	1685946950660	1685946950940	OK	 
REQUEST		Training Page Request	1685946893831	1685946950985	OK	 
REQUEST		scroll-top.min.js?ver=3.4.3	1685946950716	1685946951006	OK	 
REQUEST		select.min.js?ver=3.4.3	1685946950720	1685946951007	OK	 
REQUEST		woo-custom-features.min.js?ver=3.4.3	1685946950722	1685946951010	OK	 
REQUEST		frontend-script.js?ver=2.8.7	1685946950788	1685946951075	OK	 
REQUEST		jquery.blockUI.min.js?ver=6.7.0	1685946950940	1685946951221	OK	 
REQUEST		style.min.css?ver=6.2.2	1685946951008	1685946951293	OK	 
REQUEST		core.min.js?ver=1.13.2	1685946951007	1685946951295	OK	 
REQUEST		datepicker.min.js?ver=1.13.2	1685946951008	1685946951297	OK	 
REQUEST		wcfm-script-core.js?ver=6.7.0	1685946951010	1685946951304	OK	 
REQUEST		css?family=Lato%3A100%2C200%2C300%2C400%2C500%2C600%2C700%2C800%2C900%2C100i%2C200i%2C300i%2C400i%2C500i%2C600i%2C700i%2C800i%2C900i&subset=latin&display=swap&ver=6.2.2	1685946951005	1685946951313	OK	 
REQUEST		css?family=Lato%3A100%2C100italic%2C200%2C200italic%2C300%2C300italic%2C400%2C400italic%2C500%2C500italic%2C600%2C600italic%2C700%2C700italic%2C800%2C800italic%2C900%2C900italic%7CRoboto+Slab%3A100%2C100italic%2C200%2C200italic%2C300%2C300italic%2C400%2C400italic%2C500%2C500italic%2C600%2C600italic%2C700%2C700italic%2C800%2C800italic%2C900%2C900italic%7CRoboto%3A100%2C100italic%2C200%2C200italic%2C300%2C300italic%2C400%2C400italic%2C500%2C500italic%2C600%2C600italic%2C700%2C700italic%2C800%2C800italic%2C900%2C900italic%7CPlayfair+Display%3A100%2C100italic%2C200%2C200italic%2C300%2C300italic%2C400%2C400italic%2C500%2C500italic%2C600%2C600italic%2C700%2C700italic%2C800%2C800italic%2C900%2C900italic%7CArchivo%3A100%2C100italic%2C200%2C200italic%2C300%2C300italic%2C400%2C400italic%2C500%2C500italic%2C600%2C600italic%2C700%2C700italic%2C800%2C800italic%2C900%2C900italic&display=swap&ver=6.2.2	1685946951007	1685946951335	OK	 
REQUEST		woo-quick-view.min.js?ver=3.4.3	1685946951075	1685946951364	OK	 
REQUEST		widget-scripts.js?ver=2.8.7	1685946950896	1685946951456	OK	 
REQUEST		Training Page Request	1685946892684	1685946951461	KO	status.find.is(200), but actually found 503
USER	Training Page Load Test	END	1685946951462
REQUEST		underscore.min.js?ver=1.13.4	1685946951221	1685946951514	OK	 
REQUEST		woo-mini-cart.min.css?ver=6.2.2	1685946951294	1685946951571	OK	 
REQUEST		wp-util.min.js?ver=6.2.2	1685946951296	1685946951575	OK	 
REQUEST		add-to-cart-variation.min.js?ver=7.7.2	1685946951298	1685946951580	OK	 
REQUEST		jquery.flexslider.min.js?ver=2.7.2-wc.7.7.2	1685946951305	1685946951585	OK	 
REQUEST		woo-mini-cart.min.js?ver=3.4.3	1685946951365	1685946951652	OK	 
REQUEST		select2.full.min.js?ver=4.0.13	1685946951456	1685946951739	OK	 
REQUEST		um-crop.min.js?ver=2.6.0	1685946951514	1685946951793	OK	 
REQUEST		um-modal.min.js?ver=2.6.0	1685946951576	1685946951860	OK	 
REQUEST		all.min.css?ver=5.15.1	1685946951571	1685946951865	OK	 
REQUEST		um-jquery-form.min.js?ver=2.6.0	1685946951580	1685946951868	OK	 
REQUEST		um-fileupload.js?ver=2.6.0	1685946951586	1685946951870	OK	 
REQUEST		wc-blocks-vendors-style.css?ver=10.0.6	1685946951008	1685946951874	OK	 
REQUEST		classic-themes.min.css?ver=6.2.2	1685946951010	1685946951875	OK	 
REQUEST		styles.css?ver=5.7.6	1685946951011	1685946951879	OK	 
REQUEST		style.css?ver=6.2.2	1685946951010	1685946951881	OK	 
REQUEST		picker.js?ver=2.6.0	1685946951652	1685946951945	OK	 
REQUEST		picker.date.js?ver=2.6.0	1685946951740	1685946952021	OK	 
REQUEST		picker.time.js?ver=2.6.0	1685946951793	1685946952075	OK	 
REQUEST		simple-line-icons.min.css?ver=2.4.0	1685946951866	1685946952143	OK	 
REQUEST		wp-polyfill-inert.min.js?ver=3.1.2	1685946951861	1685946952145	OK	 
REQUEST		wp-polyfill.min.js?ver=3.15.0	1685946951871	1685946952157	OK	 
REQUEST		regenerator-runtime.min.js?ver=0.13.11	1685946951869	1685946952162	OK	 
REQUEST		swiper.min.css?ver=5.3.6	1685946951882	1685946952170	OK	 
REQUEST		hooks.min.js?ver=4169d3cf8e8d95a3d6d5	1685946951946	1685946952235	OK	 
REQUEST		i18n.min.js?ver=9e794f35a71bb98672ae	1685946952021	1685946952300	OK	 
REQUEST		um-raty.min.js?ver=2.6.0	1685946952076	1685946952359	OK	 
REQUEST		post-5.css?ver=1682506416	1685946952144	1685946952421	OK	 
REQUEST		um-tipsy.min.js?ver=2.6.0	1685946952145	1685946952425	OK	 
REQUEST		masonry.min.js?ver=4.2.2	1685946952157	1685946952439	OK	 
REQUEST		jquery.masonry.min.js?ver=3.1.2b	1685946952162	1685946952445	OK	 
REQUEST		elementor-icons.min.css?ver=5.20.0	1685946951876	1685946952455	OK	 
REQUEST		frontend-lite.min.css?ver=3.11.3	1685946952171	1685946952461	OK	 
REQUEST		simplebar.min.js?ver=2.6.0	1685946952235	1685946952526	OK	 
REQUEST		um-functions.min.js?ver=2.6.0	1685946952301	1685946952581	OK	 
REQUEST		um-responsive.min.js?ver=2.6.0	1685946952360	1685946952637	OK	 
REQUEST		global.css?ver=1682506424	1685946952421	1685946952701	OK	 
REQUEST		um-conditional.min.js?ver=2.6.0	1685946952426	1685946952706	OK	 
REQUEST		um-scripts.min.js?ver=2.6.0	1685946952439	1685946952719	OK	 
REQUEST		um-profile.min.js?ver=2.6.0	1685946952445	1685946952729	OK	 
REQUEST		post-11.css?ver=1682619004	1685946952456	1685946952749	OK	 
REQUEST		style.min.css?ver=3.4.3	1685946951874	1685946952751	OK	 
REQUEST		post-135.css?ver=1682506425	1685946952461	1685946952753	OK	 
REQUEST		frontend-lite.min.css?ver=3.13.4	1685946951880	1685946952755	OK	 
REQUEST		um-account.min.js?ver=2.6.0	1685946952527	1685946952813	OK	 
REQUEST		jquery.smartmenus.min.js?ver=1.0.1	1685946952582	1685946952860	OK	 
REQUEST		webpack-pro.runtime.min.js?ver=3.11.3	1685946952637	1685946952924	OK	 
REQUEST		post-176.css?ver=1682506425	1685946952702	1685946952980	OK	 
REQUEST		webpack.runtime.min.js?ver=3.13.4	1685946952706	1685946952986	OK	 
REQUEST		frontend-modules.min.js?ver=3.13.4	1685946952720	1685946953005	OK	 
REQUEST		wc-blocks-style.css?ver=10.0.6	1685946951009	1685946953010	OK	 
REQUEST		frontend.min.js?ver=3.11.3	1685946952729	1685946953015	OK	 
REQUEST		jquery-ui.min.css?ver=7.7.2	1685946952752	1685946953038	OK	 
REQUEST		wcfm-style-core.css?ver=6.7.0	1685946952756	1685946953045	OK	 
REQUEST		Training Page Request	1685946893039	1685946953053	KO	i.g.h.c.i.RequestTimeoutException: Request timeout to tmsssepfisheries.org/107.161.23.26:443 after 60000 ms
USER	Training Page Load Test	END	1685946953063
REQUEST		waypoints.min.js?ver=4.0.2	1685946952814	1685946953105	OK	 
REQUEST		frontend.min.js?ver=3.13.4	1685946952861	1685946953141	OK	 
REQUEST		elements-handlers.min.js?ver=3.11.3	1685946952925	1685946953205	OK	 
REQUEST		Training Page Request	1685946893239	1685946953255	KO	i.g.h.c.i.RequestTimeoutException: Request timeout to tmsssepfisheries.org/107.161.23.26:443 after 60000 ms
USER	Training Page Load Test	END	1685946953256
REQUEST		woocommerce.min.css?ver=6.2.2	1685946952981	1685946953266	OK	 
REQUEST		animate-circle.js?ver=2.8.7	1685946952987	1685946953273	OK	 
REQUEST		elementor.js?ver=2.8.7	1685946953005	1685946953286	OK	 
REQUEST		woo-star-font.min.css?ver=6.2.2	1685946953015	1685946953299	OK	 
REQUEST		jquery.sticky.min.js?ver=3.11.3	1685946953016	1685946953299	OK	 
USER	Training Page Load Test	END	1685946953303
REQUEST		woo-quick-view.min.css?ver=6.2.2	1685946953038	1685946953319	OK	 
REQUEST		wcfmicon.min.css?ver=6.7.0	1685946952754	1685946953321	OK	 
REQUEST		Training Page Request	1685946893440	1685946953442	KO	i.g.h.c.i.RequestTimeoutException: Request timeout to tmsssepfisheries.org/107.161.23.26:443 after 60000 ms
USER	Training Page Load Test	END	1685946953444
REQUEST		responsive.css?ver=2.8.7	1685946953268	1685946953547	OK	 
REQUEST		um-fonticons-ii.css?ver=2.6.0	1685946953299	1685946953597	OK	 
REQUEST		ekiticons.css?ver=2.8.7	1685946952750	1685946953600	OK	 
REQUEST		um-fonticons-fa.css?ver=2.6.0	1685946953320	1685946953613	OK	 
REQUEST		select2.min.css?ver=4.0.13	1685946953321	1685946953615	OK	 
REQUEST		um-crop.css?ver=2.6.0	1685946953549	1685946953826	OK	 
REQUEST		um-modal.css?ver=2.6.0	1685946953598	1685946953882	OK	 
REQUEST		um-styles.css?ver=2.6.0	1685946953601	1685946953888	OK	 
REQUEST		um-profile.css?ver=2.6.0	1685946953614	1685946953899	OK	 
REQUEST		um-account.css?ver=2.6.0	1685946953616	1685946953905	OK	 
REQUEST		Training Page Request	1685946894035	1685946954048	KO	i.g.h.c.i.RequestTimeoutException: Request timeout to tmsssepfisheries.org/107.161.23.26:443 after 60000 ms
USER	Training Page Load Test	END	1685946954049
REQUEST		um-misc.css?ver=2.6.0	1685946953826	1685946954104	OK	 
REQUEST		um-fileupload.css?ver=2.6.0	1685946953882	1685946954177	OK	 
REQUEST		default.css?ver=2.6.0	1685946953889	1685946954179	OK	 
REQUEST		widget-styles.css?ver=2.8.7	1685946953046	1685946954183	OK	 
REQUEST		default.date.css?ver=2.6.0	1685946953900	1685946954187	OK	 
REQUEST		default.time.css?ver=2.6.0	1685946953905	1685946954188	OK	 
REQUEST		um-raty.css?ver=2.6.0	1685946954104	1685946954381	OK	 
REQUEST		Training Page Request	1685946894437	1685946954439	KO	i.g.h.c.i.RequestTimeoutException: Request timeout to tmsssepfisheries.org/107.161.23.26:443 after 60000 ms
USER	Training Page Load Test	END	1685946954440
REQUEST		simplebar.css?ver=2.6.0	1685946954178	1685946954458	OK	 
REQUEST		um-tipsy.css?ver=2.6.0	1685946954180	1685946954461	OK	 
REQUEST		um-responsive.css?ver=2.6.0	1685946954186	1685946954468	OK	 
REQUEST		um-old-default.css?ver=2.6.0	1685946954187	1685946954469	OK	 
REQUEST		fontawesome.min.css?ver=5.15.3	1685946954188	1685946954475	OK	 
REQUEST		Training Page Request	1685946894642	1685946954645	KO	i.g.h.c.i.RequestTimeoutException: Request timeout to tmsssepfisheries.org/107.161.23.26:443 after 60000 ms
USER	Training Page Load Test	END	1685946954646
REQUEST		solid.min.css?ver=5.15.3	1685946954381	1685946954657	OK	 
REQUEST		regular.min.css?ver=5.15.3	1685946954459	1685946954739	OK	 
REQUEST		jquery.min.js?ver=3.6.4	1685946954462	1685946954750	OK	 
REQUEST		jquery-migrate.min.js?ver=3.4.0	1685946954469	1685946954751	OK	 
REQUEST		um-gdpr.min.js?ver=2.6.0	1685946954470	1685946954752	OK	 
REQUEST		widget-theme-elements.min.css	1685946954476	1685946954759	OK	 
REQUEST		widget-icon-list.min.css	1685946954658	1685946954935	OK	 
REQUEST		widget-nav-menu.min.css	1685946954739	1685946955021	OK	 
REQUEST		animations.min.css?ver=3.13.4	1685946954751	1685946955042	OK	 
REQUEST		scripts.js?ver=1.0	1685946954752	1685946955044	OK	 
REQUEST		index.js?ver=5.7.6	1685946954759	1685946955046	OK	 
REQUEST		index.js?ver=5.7.6	1685946954936	1685946955214	OK	 
REQUEST		jquery.blockUI.min.js?ver=2.7.0-wc.7.7.2	1685946955022	1685946955302	OK	 
REQUEST		widget-woocommerce.min.css	1685946954750	1685946955316	OK	 
REQUEST		add-to-cart.min.js?ver=7.7.2	1685946955043	1685946955324	OK	 
REQUEST		js.cookie.min.js?ver=2.1.4-wc.7.7.2	1685946955044	1685946955325	OK	 
REQUEST		woocommerce.min.js?ver=7.7.2	1685946955046	1685946955328	OK	 
REQUEST		cart-fragments.min.js?ver=7.7.2	1685946955214	1685946955491	OK	 
REQUEST		imagesloaded.min.js?ver=4.1.4	1685946955302	1685946955582	OK	 
REQUEST		theme.min.js?ver=3.4.3	1685946955317	1685946955599	OK	 
REQUEST		drop-down-mobile-menu.min.js?ver=3.4.3	1685946955324	1685946955606	OK	 
REQUEST		magnific-popup.min.js?ver=3.4.3	1685946955325	1685946955607	OK	 
REQUEST		ow-lightbox.min.js?ver=3.4.3	1685946955329	1685946955611	OK	 
REQUEST		Training Page Request	1685946895622	1685946955637	KO	i.g.h.c.i.RequestTimeoutException: Request timeout to tmsssepfisheries.org/107.161.23.26:443 after 60000 ms
USER	Training Page Load Test	END	1685946955638
REQUEST		flickity.pkgd.min.js?ver=3.4.3	1685946955491	1685946955773	OK	 
REQUEST		Training Page Request	1685946895828	1685946955840	KO	i.g.h.c.i.RequestTimeoutException: Request timeout to tmsssepfisheries.org/107.161.23.26:443 after 60000 ms
USER	Training Page Load Test	END	1685946955841
REQUEST		ow-slider.min.js?ver=3.4.3	1685946955583	1685946955863	OK	 
REQUEST		scroll-effect.min.js?ver=3.4.3	1685946955600	1685946955881	OK	 
REQUEST		scroll-top.min.js?ver=3.4.3	1685946955606	1685946955887	OK	 
REQUEST		select.min.js?ver=3.4.3	1685946955608	1685946955888	OK	 
REQUEST		woo-custom-features.min.js?ver=3.4.3	1685946955611	1685946955895	OK	 
REQUEST		Training Page Request	1685946896034	1685946956043	KO	i.g.h.c.i.RequestTimeoutException: Request timeout to tmsssepfisheries.org/107.161.23.26:443 after 60000 ms
USER	Training Page Load Test	END	1685946956044
REQUEST		frontend-script.js?ver=2.8.7	1685946955773	1685946956053	OK	 
REQUEST		jquery.blockUI.min.js?ver=6.7.0	1685946955881	1685946956164	OK	 
REQUEST		core.min.js?ver=1.13.2	1685946955887	1685946956170	OK	 
REQUEST		datepicker.min.js?ver=1.13.2	1685946955889	1685946956173	OK	 
REQUEST		wcfm-script-core.js?ver=6.7.0	1685946955896	1685946956184	OK	 
REQUEST		Training Page Request	1685946896238	1685946956248	KO	i.g.h.c.i.RequestTimeoutException: Request timeout to tmsssepfisheries.org/107.161.23.26:443 after 60000 ms
USER	Training Page Load Test	END	1685946956249
REQUEST		woo-quick-view.min.js?ver=3.4.3	1685946956054	1685946956333	OK	 
REQUEST		widget-scripts.js?ver=2.8.7	1685946955864	1685946956424	OK	 
REQUEST		Training Page Request	1685946896436	1685946956437	KO	i.g.h.c.i.RequestTimeoutException: Request timeout to tmsssepfisheries.org/107.161.23.26:443 after 60000 ms
USER	Training Page Load Test	END	1685946956438
REQUEST		underscore.min.js?ver=1.13.4	1685946956164	1685946956447	OK	 
REQUEST		wp-util.min.js?ver=6.2.2	1685946956171	1685946956451	OK	 
REQUEST		add-to-cart-variation.min.js?ver=7.7.2	1685946956174	1685946956455	OK	 
REQUEST		jquery.flexslider.min.js?ver=2.7.2-wc.7.7.2	1685946956184	1685946956470	OK	 
REQUEST		woo-mini-cart.min.js?ver=3.4.3	1685946956334	1685946956611	OK	 
REQUEST		Training Page Request	1685946896625	1685946956629	KO	i.g.h.c.i.RequestTimeoutException: Request timeout to tmsssepfisheries.org/107.161.23.26:443 after 60000 ms
USER	Training Page Load Test	END	1685946956630
REQUEST		select2.full.min.js?ver=4.0.13	1685946956425	1685946956716	OK	 
REQUEST		um-crop.min.js?ver=2.6.0	1685946956447	1685946956730	OK	 
REQUEST		um-modal.min.js?ver=2.6.0	1685946956451	1685946956732	OK	 
REQUEST		um-jquery-form.min.js?ver=2.6.0	1685946956456	1685946956738	OK	 
REQUEST		um-fileupload.js?ver=2.6.0	1685946956471	1685946956756	OK	 
REQUEST		Training Page Request	1685946896829	1685946956844	KO	i.g.h.c.i.RequestTimeoutException: Request timeout to tmsssepfisheries.org/107.161.23.26:443 after 60000 ms
USER	Training Page Load Test	END	1685946956845
REQUEST		picker.js?ver=2.6.0	1685946956611	1685946956891	OK	 
REQUEST		picker.date.js?ver=2.6.0	1685946956717	1685946957001	OK	 
REQUEST		picker.time.js?ver=2.6.0	1685946956730	1685946957014	OK	 
REQUEST		wp-polyfill-inert.min.js?ver=3.1.2	1685946956732	1685946957016	OK	 
REQUEST		regenerator-runtime.min.js?ver=0.13.11	1685946956738	1685946957019	OK	 
REQUEST		Training Page Request	1685946897034	1685946957038	KO	i.g.h.c.i.RequestTimeoutException: Request timeout to tmsssepfisheries.org/107.161.23.26:443 after 60000 ms
USER	Training Page Load Test	END	1685946957039
REQUEST		wp-polyfill.min.js?ver=3.15.0	1685946956757	1685946957040	OK	 
REQUEST		hooks.min.js?ver=4169d3cf8e8d95a3d6d5	1685946956892	1685946957169	OK	 
REQUEST		Training Page Request	1685946897235	1685946957248	KO	i.g.h.c.i.RequestTimeoutException: Request timeout to tmsssepfisheries.org/107.161.23.26:443 after 60000 ms
USER	Training Page Load Test	END	1685946957249
REQUEST		i18n.min.js?ver=9e794f35a71bb98672ae	1685946957002	1685946957286	OK	 
REQUEST		um-raty.min.js?ver=2.6.0	1685946957015	1685946957300	OK	 
REQUEST		um-tipsy.min.js?ver=2.6.0	1685946957017	1685946957304	OK	 
REQUEST		masonry.min.js?ver=4.2.2	1685946957020	1685946957306	OK	 
REQUEST		jquery.masonry.min.js?ver=3.1.2b	1685946957040	1685946957322	OK	 
REQUEST		Training Page Request	1685946897423	1685946957436	KO	i.g.h.c.i.RequestTimeoutException: Request timeout to tmsssepfisheries.org/107.161.23.26:443 after 60000 ms
USER	Training Page Load Test	END	1685946957438
REQUEST		simplebar.min.js?ver=2.6.0	1685946957169	1685946957468	OK	 
REQUEST		um-functions.min.js?ver=2.6.0	1685946957287	1685946957570	OK	 
REQUEST		um-responsive.min.js?ver=2.6.0	1685946957300	1685946957581	OK	 
REQUEST		um-conditional.min.js?ver=2.6.0	1685946957305	1685946957587	OK	 
REQUEST		um-scripts.min.js?ver=2.6.0	1685946957306	1685946957588	OK	 
REQUEST		um-profile.min.js?ver=2.6.0	1685946957322	1685946957604	OK	 
REQUEST		Training Page Request	1685946897627	1685946957639	KO	i.g.h.c.i.RequestTimeoutException: Request timeout to tmsssepfisheries.org/107.161.23.26:443 after 60000 ms
USER	Training Page Load Test	END	1685946957640
REQUEST		um-account.min.js?ver=2.6.0	1685946957468	1685946957745	OK	 
REQUEST		Training Page Request	1685946897831	1685946957843	KO	i.g.h.c.i.RequestTimeoutException: Request timeout to tmsssepfisheries.org/107.161.23.26:443 after 60000 ms
USER	Training Page Load Test	END	1685946957843
REQUEST		jquery.smartmenus.min.js?ver=1.0.1	1685946957571	1685946957852	OK	 
REQUEST		webpack-pro.runtime.min.js?ver=3.11.3	1685946957582	1685946957863	OK	 
REQUEST		webpack.runtime.min.js?ver=3.13.4	1685946957587	1685946957868	OK	 
REQUEST		frontend-modules.min.js?ver=3.13.4	1685946957589	1685946957879	OK	 
REQUEST		frontend.min.js?ver=3.11.3	1685946957605	1685946957890	OK	 
REQUEST		waypoints.min.js?ver=4.0.2	1685946957746	1685946958023	OK	 
REQUEST		Training Page Request	1685946898033	1685946958042	KO	i.g.h.c.i.RequestTimeoutException: Request timeout to tmsssepfisheries.org/107.161.23.26:443 after 60000 ms
USER	Training Page Load Test	END	1685946958043
REQUEST		frontend.min.js?ver=3.13.4	1685946957853	1685946958136	OK	 
REQUEST		elements-handlers.min.js?ver=3.11.3	1685946957863	1685946958146	OK	 
REQUEST		animate-circle.js?ver=2.8.7	1685946957869	1685946958149	OK	 
REQUEST		elementor.js?ver=2.8.7	1685946957880	1685946958162	OK	 
REQUEST		jquery.sticky.min.js?ver=3.11.3	1685946957891	1685946958172	OK	 
USER	Training Page Load Test	END	1685946958175
REQUEST		Training Page Request	1685946898235	1685946958247	KO	i.g.h.c.i.RequestTimeoutException: Request timeout to tmsssepfisheries.org/107.161.23.26:443 after 60000 ms
USER	Training Page Load Test	END	1685946958248
REQUEST		Training Page Request	1685946898438	1685946958446	KO	i.g.h.c.i.RequestTimeoutException: Request timeout to tmsssepfisheries.org/107.161.23.26:443 after 60000 ms
USER	Training Page Load Test	END	1685946958446
REQUEST		Training Page Request	1685946898633	1685946958634	KO	i.g.h.c.i.RequestTimeoutException: Request timeout to tmsssepfisheries.org/107.161.23.26:443 after 60000 ms
USER	Training Page Load Test	END	1685946958634
REQUEST		Training Page Request	1685946898826	1685946958839	KO	i.g.h.c.i.RequestTimeoutException: Request timeout to tmsssepfisheries.org/107.161.23.26:443 after 60000 ms
USER	Training Page Load Test	END	1685946958840
REQUEST		Training Page Request	1685946899030	1685946959044	KO	i.g.h.c.i.RequestTimeoutException: Request timeout to tmsssepfisheries.org/107.161.23.26:443 after 60000 ms
USER	Training Page Load Test	END	1685946959045
REQUEST		Training Page Request	1685946899233	1685946959245	KO	i.g.h.c.i.RequestTimeoutException: Request timeout to tmsssepfisheries.org/107.161.23.26:443 after 60000 ms
USER	Training Page Load Test	END	1685946959246
REQUEST		Training Page Request	1685946899439	1685946959445	KO	i.g.h.c.i.RequestTimeoutException: Request timeout to tmsssepfisheries.org/107.161.23.26:443 after 60000 ms
USER	Training Page Load Test	END	1685946959446
REQUEST		Training Page Request	1685946899625	1685946959633	KO	i.g.h.c.i.RequestTimeoutException: Request timeout to tmsssepfisheries.org/107.161.23.26:443 after 60000 ms
USER	Training Page Load Test	END	1685946959634
REQUEST		Training Page Request	1685946899830	1685946959837	KO	i.g.h.c.i.RequestTimeoutException: Request timeout to tmsssepfisheries.org/107.161.23.26:443 after 60000 ms
USER	Training Page Load Test	END	1685946959838
REQUEST		Training Page Request	1685946900035	1685946960038	KO	i.g.h.c.i.RequestTimeoutException: Request timeout to tmsssepfisheries.org/107.161.23.26:443 after 60000 ms
USER	Training Page Load Test	END	1685946960039
REQUEST		Training Page Request	1685946900236	1685946960242	KO	i.g.h.c.i.RequestTimeoutException: Request timeout to tmsssepfisheries.org/107.161.23.26:443 after 60000 ms
USER	Training Page Load Test	END	1685946960243
REQUEST		Training Page Request	1685946900425	1685946960427	KO	i.g.h.c.i.RequestTimeoutException: Request timeout to tmsssepfisheries.org/107.161.23.26:443 after 60000 ms
USER	Training Page Load Test	END	1685946960428
REQUEST		Training Page Request	1685946900627	1685946960628	KO	i.g.h.c.i.RequestTimeoutException: Request timeout to tmsssepfisheries.org/107.161.23.26:443 after 60000 ms
USER	Training Page Load Test	END	1685946960629
REQUEST		Training Page Request	1685946900828	1685946960830	KO	i.g.h.c.i.RequestTimeoutException: Request timeout to tmsssepfisheries.org/107.161.23.26:443 after 60000 ms
USER	Training Page Load Test	END	1685946960831
REQUEST		Training Page Request	1685946901031	1685946961034	KO	i.g.h.c.i.RequestTimeoutException: Request timeout to tmsssepfisheries.org/107.161.23.26:443 after 60000 ms
USER	Training Page Load Test	END	1685946961035
REQUEST		Training Page Request	1685946901231	1685946961238	KO	i.g.h.c.i.RequestTimeoutException: Request timeout to tmsssepfisheries.org/107.161.23.26:443 after 60000 ms
USER	Training Page Load Test	END	1685946961238
REQUEST		Training Page Request	1685946901436	1685946961440	KO	i.g.h.c.i.RequestTimeoutException: Request timeout to tmsssepfisheries.org/107.161.23.26:443 after 60000 ms
USER	Training Page Load Test	END	1685946961441
REQUEST		Training Page Request	1685946901623	1685946961628	KO	i.g.h.c.i.RequestTimeoutException: Request timeout to tmsssepfisheries.org/107.161.23.26:443 after 60000 ms
USER	Training Page Load Test	END	1685946961628
REQUEST		Training Page Request	1685946901830	1685946961832	KO	i.g.h.c.i.RequestTimeoutException: Request timeout to tmsssepfisheries.org/107.161.23.26:443 after 60000 ms
USER	Training Page Load Test	END	1685946961832
REQUEST		Training Page Request	1685946902022	1685946962032	KO	i.g.h.c.i.RequestTimeoutException: Request timeout to tmsssepfisheries.org/107.161.23.26:443 after 60000 ms
USER	Training Page Load Test	END	1685946962032
REQUEST		Training Page Request	1685946902229	1685946962238	KO	i.g.h.c.i.RequestTimeoutException: Request timeout to tmsssepfisheries.org/107.161.23.26:443 after 60000 ms
USER	Training Page Load Test	END	1685946962238
REQUEST		Training Page Request	1685946902433	1685946962437	KO	i.g.h.c.i.RequestTimeoutException: Request timeout to tmsssepfisheries.org/107.161.23.26:443 after 60000 ms
USER	Training Page Load Test	END	1685946962438
REQUEST		Training Page Request	1685946902636	1685946962641	KO	i.g.h.c.i.RequestTimeoutException: Request timeout to tmsssepfisheries.org/107.161.23.26:443 after 60000 ms
USER	Training Page Load Test	END	1685946962641
REQUEST		Training Page Request	1685946902825	1685946962831	KO	i.g.h.c.i.RequestTimeoutException: Request timeout to tmsssepfisheries.org/107.161.23.26:443 after 60000 ms
USER	Training Page Load Test	END	1685946962832
REQUEST		Training Page Request	1685946903031	1685946963036	KO	i.g.h.c.i.RequestTimeoutException: Request timeout to tmsssepfisheries.org/107.161.23.26:443 after 60000 ms
USER	Training Page Load Test	END	1685946963037
REQUEST		Training Page Request	1685946903222	1685946963237	KO	i.g.h.c.i.RequestTimeoutException: Request timeout to tmsssepfisheries.org/107.161.23.26:443 after 60000 ms
USER	Training Page Load Test	END	1685946963237
REQUEST		Training Page Request	1685946903430	1685946963439	KO	i.g.h.c.i.RequestTimeoutException: Request timeout to tmsssepfisheries.org/107.161.23.26:443 after 60000 ms
USER	Training Page Load Test	END	1685946963439
REQUEST		Training Page Request	1685946903636	1685946963639	KO	i.g.h.c.i.RequestTimeoutException: Request timeout to tmsssepfisheries.org/107.161.23.26:443 after 60000 ms
USER	Training Page Load Test	END	1685946963640
REQUEST		Training Page Request	1685946903822	1685946963827	KO	i.g.h.c.i.RequestTimeoutException: Request timeout to tmsssepfisheries.org/107.161.23.26:443 after 60000 ms
USER	Training Page Load Test	END	1685946963828
REQUEST		Training Page Request	1685946904027	1685946964029	KO	i.g.h.c.i.RequestTimeoutException: Request timeout to tmsssepfisheries.org/107.161.23.26:443 after 60000 ms
USER	Training Page Load Test	END	1685946964029
REQUEST		Training Page Request	1685946904231	1685946964247	KO	i.g.h.c.i.RequestTimeoutException: Request timeout to tmsssepfisheries.org/107.161.23.26:443 after 60000 ms
USER	Training Page Load Test	END	1685946964248
REQUEST		Training Page Request	1685946904434	1685946964436	KO	i.g.h.c.i.RequestTimeoutException: Request timeout to tmsssepfisheries.org/107.161.23.26:443 after 60000 ms
USER	Training Page Load Test	END	1685946964436
REQUEST		Training Page Request	1685946904635	1685946964641	KO	i.g.h.c.i.RequestTimeoutException: Request timeout to tmsssepfisheries.org/107.161.23.26:443 after 60000 ms
USER	Training Page Load Test	END	1685946964642
REQUEST		Training Page Request	1685946904821	1685946964832	KO	i.g.h.c.i.RequestTimeoutException: Request timeout to tmsssepfisheries.org/107.161.23.26:443 after 60000 ms
USER	Training Page Load Test	END	1685946964832
REQUEST		Training Page Request	1685946905026	1685946965034	KO	i.g.h.c.i.RequestTimeoutException: Request timeout to tmsssepfisheries.org/107.161.23.26:443 after 60000 ms
USER	Training Page Load Test	END	1685946965035
REQUEST		Training Page Request	1685946905229	1685946965236	KO	i.g.h.c.i.RequestTimeoutException: Request timeout to tmsssepfisheries.org/107.161.23.26:443 after 60000 ms
USER	Training Page Load Test	END	1685946965237
REQUEST		Training Page Request	1685946905433	1685946965442	KO	i.g.h.c.i.RequestTimeoutException: Request timeout to tmsssepfisheries.org/107.161.23.26:443 after 60000 ms
USER	Training Page Load Test	END	1685946965443
REQUEST		Training Page Request	1685946905623	1685946965629	KO	i.g.h.c.i.RequestTimeoutException: Request timeout to tmsssepfisheries.org/107.161.23.26:443 after 60000 ms
USER	Training Page Load Test	END	1685946965630
REQUEST		Training Page Request	1685946905826	1685946965829	KO	i.g.h.c.i.RequestTimeoutException: Request timeout to tmsssepfisheries.org/107.161.23.26:443 after 60000 ms
USER	Training Page Load Test	END	1685946965830
REQUEST		Training Page Request	1685946906030	1685946966035	KO	i.g.h.c.i.RequestTimeoutException: Request timeout to tmsssepfisheries.org/107.161.23.26:443 after 60000 ms
USER	Training Page Load Test	END	1685946966036
REQUEST		Training Page Request	1685946906234	1685946966239	KO	i.g.h.c.i.RequestTimeoutException: Request timeout to tmsssepfisheries.org/107.161.23.26:443 after 60000 ms
USER	Training Page Load Test	END	1685946966240
REQUEST		Training Page Request	1685946906422	1685946966431	KO	i.g.h.c.i.RequestTimeoutException: Request timeout to tmsssepfisheries.org/107.161.23.26:443 after 60000 ms
USER	Training Page Load Test	END	1685946966432
REQUEST		Training Page Request	1685946906625	1685946966633	KO	i.g.h.c.i.RequestTimeoutException: Request timeout to tmsssepfisheries.org/107.161.23.26:443 after 60000 ms
USER	Training Page Load Test	END	1685946966634
REQUEST		Training Page Request	1685946906830	1685946966834	KO	i.g.h.c.i.RequestTimeoutException: Request timeout to tmsssepfisheries.org/107.161.23.26:443 after 60000 ms
USER	Training Page Load Test	END	1685946966835
REQUEST		Training Page Request	1685946907032	1685946967038	KO	i.g.h.c.i.RequestTimeoutException: Request timeout to tmsssepfisheries.org/107.161.23.26:443 after 60000 ms
USER	Training Page Load Test	END	1685946967039
REQUEST		Training Page Request	1685946907222	1685946967228	KO	i.g.h.c.i.RequestTimeoutException: Request timeout to tmsssepfisheries.org/107.161.23.26:443 after 60000 ms
USER	Training Page Load Test	END	1685946967229
REQUEST		Training Page Request	1685946907424	1685946967432	KO	i.g.h.c.i.RequestTimeoutException: Request timeout to tmsssepfisheries.org/107.161.23.26:443 after 60000 ms
USER	Training Page Load Test	END	1685946967433
REQUEST		Training Page Request	1685946907626	1685946967635	KO	i.g.h.c.i.RequestTimeoutException: Request timeout to tmsssepfisheries.org/107.161.23.26:443 after 60000 ms
USER	Training Page Load Test	END	1685946967636
REQUEST		Training Page Request	1685946907826	1685946967839	KO	i.g.h.c.i.RequestTimeoutException: Request timeout to tmsssepfisheries.org/107.161.23.26:443 after 60000 ms
USER	Training Page Load Test	END	1685946967839
REQUEST		Training Page Request	1685946908034	1685946968043	KO	i.g.h.c.i.RequestTimeoutException: Request timeout to tmsssepfisheries.org/107.161.23.26:443 after 60000 ms
USER	Training Page Load Test	END	1685946968043
REQUEST		Training Page Request	1685946908225	1685946968231	KO	i.g.h.c.i.RequestTimeoutException: Request timeout to tmsssepfisheries.org/107.161.23.26:443 after 60000 ms
USER	Training Page Load Test	END	1685946968231
REQUEST		Training Page Request	1685946908428	1685946968436	KO	i.g.h.c.i.RequestTimeoutException: Request timeout to tmsssepfisheries.org/107.161.23.26:443 after 60000 ms
USER	Training Page Load Test	END	1685946968437
REQUEST		Training Page Request	1685946908631	1685946968638	KO	i.g.h.c.i.RequestTimeoutException: Request timeout to tmsssepfisheries.org/107.161.23.26:443 after 60000 ms
USER	Training Page Load Test	END	1685946968639
REQUEST		Training Page Request	1685946908836	1685946968841	KO	i.g.h.c.i.RequestTimeoutException: Request timeout to tmsssepfisheries.org/107.161.23.26:443 after 60000 ms
USER	Training Page Load Test	END	1685946968842
REQUEST		Training Page Request	1685946909025	1685946969030	KO	i.g.h.c.i.RequestTimeoutException: Request timeout to tmsssepfisheries.org/107.161.23.26:443 after 60000 ms
USER	Training Page Load Test	END	1685946969031
REQUEST		Training Page Request	1685946909230	1685946969231	KO	i.g.h.c.i.RequestTimeoutException: Request timeout to tmsssepfisheries.org/107.161.23.26:443 after 60000 ms
USER	Training Page Load Test	END	1685946969232
REQUEST		Training Page Request	1685946909435	1685946969450	KO	i.g.h.c.i.RequestTimeoutException: Request timeout to tmsssepfisheries.org/107.161.23.26:443 after 60000 ms
USER	Training Page Load Test	END	1685946969450
REQUEST		Training Page Request	1685946909623	1685946969639	KO	i.g.h.c.i.RequestTimeoutException: Request timeout to tmsssepfisheries.org/107.161.23.26:443 after 60000 ms
USER	Training Page Load Test	END	1685946969640
REQUEST		Training Page Request	1685946909829	1685946969840	KO	i.g.h.c.i.RequestTimeoutException: Request timeout to tmsssepfisheries.org/107.161.23.26:443 after 60000 ms
USER	Training Page Load Test	END	1685946969841
REQUEST		Training Page Request	1685946910031	1685946970042	KO	i.g.h.c.i.RequestTimeoutException: Request timeout to tmsssepfisheries.org/107.161.23.26:443 after 60000 ms
USER	Training Page Load Test	END	1685946970043
REQUEST		Training Page Request	1685946910233	1685946970248	KO	i.g.h.c.i.RequestTimeoutException: Request timeout to tmsssepfisheries.org/107.161.23.26:443 after 60000 ms
USER	Training Page Load Test	END	1685946970249
REQUEST		Training Page Request	1685946910438	1685946970453	KO	i.g.h.c.i.RequestTimeoutException: Request timeout to tmsssepfisheries.org/107.161.23.26:443 after 60000 ms
USER	Training Page Load Test	END	1685946970454
REQUEST		Training Page Request	1685946910624	1685946970639	KO	i.g.h.c.i.RequestTimeoutException: Request timeout to tmsssepfisheries.org/107.161.23.26:443 after 60000 ms
USER	Training Page Load Test	END	1685946970640
REQUEST		Training Page Request	1685946910830	1685946970843	KO	i.g.h.c.i.RequestTimeoutException: Request timeout to tmsssepfisheries.org/107.161.23.26:443 after 60000 ms
USER	Training Page Load Test	END	1685946970844
REQUEST		Training Page Request	1685946911032	1685946971045	KO	i.g.h.c.i.RequestTimeoutException: Request timeout to tmsssepfisheries.org/107.161.23.26:443 after 60000 ms
USER	Training Page Load Test	END	1685946971046
REQUEST		Training Page Request	1685946911234	1685946971235	KO	i.g.h.c.i.RequestTimeoutException: Request timeout to tmsssepfisheries.org/107.161.23.26:443 after 60000 ms
USER	Training Page Load Test	END	1685946971236
REQUEST		Training Page Request	1685946911422	1685946971436	KO	i.g.h.c.i.RequestTimeoutException: Request timeout to tmsssepfisheries.org/107.161.23.26:443 after 60000 ms
USER	Training Page Load Test	END	1685946971437
REQUEST		Training Page Request	1685946911624	1685946971639	KO	i.g.h.c.i.RequestTimeoutException: Request timeout to tmsssepfisheries.org/107.161.23.26:443 after 60000 ms
USER	Training Page Load Test	END	1685946971640
REQUEST		Training Page Request	1685946911829	1685946971844	KO	i.g.h.c.i.RequestTimeoutException: Request timeout to tmsssepfisheries.org/107.161.23.26:443 after 60000 ms
USER	Training Page Load Test	END	1685946971845
REQUEST		Training Page Request	1685946912030	1685946972032	KO	i.g.h.c.i.RequestTimeoutException: Request timeout to tmsssepfisheries.org/107.161.23.26:443 after 60000 ms
USER	Training Page Load Test	END	1685946972032
REQUEST		Training Page Request	1685946912226	1685946972234	KO	i.g.h.c.i.RequestTimeoutException: Request timeout to tmsssepfisheries.org/107.161.23.26:443 after 60000 ms
USER	Training Page Load Test	END	1685946972234
REQUEST		Training Page Request	1685946912424	1685946972437	KO	i.g.h.c.i.RequestTimeoutException: Request timeout to tmsssepfisheries.org/107.161.23.26:443 after 60000 ms
USER	Training Page Load Test	END	1685946972438
