RUN	com.tmsssepfisheries.tests.Demonstration	demonstration	1685945716013	Demonstration Page Test	3.6.1
USER	Demonstration Page Load Test	START	1685945717586
USER	Demonstration Page Load Test	START	1685945717770
USER	Demonstration Page Load Test	START	1685945717984
USER	Demonstration Page Load Test	START	1685945718186
USER	Demonstration Page Load Test	START	1685945718387
USER	Demonstration Page Load Test	START	1685945718574
USER	Demonstration Page Load Test	START	1685945718791
USER	Demonstration Page Load Test	START	1685945718979
USER	Demonstration Page Load Test	START	1685945719183
USER	Demonstration Page Load Test	START	1685945719385
USER	Demonstration Page Load Test	START	1685945719588
USER	Demonstration Page Load Test	START	1685945719773
USER	Demonstration Page Load Test	START	1685945719974
USER	Demonstration Page Load Test	START	1685945720176
USER	Demonstration Page Load Test	START	1685945720380
USER	Demonstration Page Load Test	START	1685945720566
USER	Demonstration Page Load Test	START	1685945720769
USER	Demonstration Page Load Test	START	1685945720973
USER	Demonstration Page Load Test	START	1685945721174
USER	Demonstration Page Load Test	START	1685945721375
USER	Demonstration Page Load Test	START	1685945721577
USER	Demonstration Page Load Test	START	1685945721764
USER	Demonstration Page Load Test	START	1685945721965
USER	Demonstration Page Load Test	START	1685945722168
USER	Demonstration Page Load Test	START	1685945722367
USER	Demonstration Page Load Test	START	1685945722570
USER	Demonstration Page Load Test	START	1685945722771
USER	Demonstration Page Load Test	START	1685945722973
USER	Demonstration Page Load Test	START	1685945723176
USER	Demonstration Page Load Test	START	1685945723376
USER	Demonstration Page Load Test	START	1685945723580
USER	Demonstration Page Load Test	START	1685945723766
USER	Demonstration Page Load Test	START	1685945723972
USER	Demonstration Page Load Test	START	1685945724174
USER	Demonstration Page Load Test	START	1685945724375
USER	Demonstration Page Load Test	START	1685945724577
USER	Demonstration Page Load Test	START	1685945724763
USER	Demonstration Page Load Test	START	1685945724965
USER	Demonstration Page Load Test	START	1685945725169
USER	Demonstration Page Load Test	START	1685945725373
USER	Demonstration Page Load Test	START	1685945725574
USER	Demonstration Page Load Test	START	1685945725762
USER	Demonstration Page Load Test	START	1685945725966
USER	Demonstration Page Load Test	START	1685945726167
USER	Demonstration Page Load Test	START	1685945726369
USER	Demonstration Page Load Test	START	1685945726569
USER	Demonstration Page Load Test	START	1685945726771
USER	Demonstration Page Load Test	START	1685945726975
USER	Demonstration Page Load Test	START	1685945727163
USER	Demonstration Page Load Test	START	1685945727367
USER	Demonstration Page Load Test	START	1685945727569
USER	Demonstration Page Load Test	START	1685945727770
USER	Demonstration Page Load Test	START	1685945727973
USER	Demonstration Page Load Test	START	1685945728174
USER	Demonstration Page Load Test	START	1685945728375
USER	Demonstration Page Load Test	START	1685945728577
USER	Demonstration Page Load Test	START	1685945728764
USER	Demonstration Page Load Test	START	1685945728965
USER	Demonstration Page Load Test	START	1685945729167
USER	Demonstration Page Load Test	START	1685945729372
USER	Demonstration Page Load Test	START	1685945729573
USER	Demonstration Page Load Test	START	1685945729774
USER	Demonstration Page Load Test	START	1685945729977
USER	Demonstration Page Load Test	START	1685945730164
USER	Demonstration Page Load Test	START	1685945730364
USER	Demonstration Page Load Test	START	1685945730566
USER	Demonstration Page Load Test	START	1685945730770
USER	Demonstration Page Load Test	START	1685945730972
USER	Demonstration Page Load Test	START	1685945731174
USER	Demonstration Page Load Test	START	1685945731363
USER	Demonstration Page Load Test	START	1685945731569
USER	Demonstration Page Load Test	START	1685945731770
USER	Demonstration Page Load Test	START	1685945731976
USER	Demonstration Page Load Test	START	1685945732163
USER	Demonstration Page Load Test	START	1685945732363
USER	Demonstration Page Load Test	START	1685945732567
USER	Demonstration Page Load Test	START	1685945732766
USER	Demonstration Page Load Test	START	1685945732970
USER	Demonstration Page Load Test	START	1685945733173
USER	Demonstration Page Load Test	START	1685945733376
USER	Demonstration Page Load Test	START	1685945733580
USER	Demonstration Page Load Test	START	1685945733767
USER	Demonstration Page Load Test	START	1685945733971
USER	Demonstration Page Load Test	START	1685945734174
USER	Demonstration Page Load Test	START	1685945734375
USER	Demonstration Page Load Test	START	1685945734578
USER	Demonstration Page Load Test	START	1685945734764
USER	Demonstration Page Load Test	START	1685945734969
USER	Demonstration Page Load Test	START	1685945735170
USER	Demonstration Page Load Test	START	1685945735374
USER	Demonstration Page Load Test	START	1685945735578
USER	Demonstration Page Load Test	START	1685945735765
USER	Demonstration Page Load Test	START	1685945735971
USER	Demonstration Page Load Test	START	1685945736175
USER	Demonstration Page Load Test	START	1685945736377
USER	Demonstration Page Load Test	START	1685945736567
USER	Demonstration Page Load Test	START	1685945736771
REQUEST		Demonstration Page Request	1685945718980	1685945736885	KO	status.find.is(200), but actually found 503
REQUEST		Demonstration Page Request	1685945719184	1685945736879	KO	status.find.is(200), but actually found 503
REQUEST		Demonstration Page Request	1685945719387	1685945736885	KO	status.find.is(200), but actually found 503
USER	Demonstration Page Load Test	END	1685945736951
USER	Demonstration Page Load Test	END	1685945736957
USER	Demonstration Page Load Test	END	1685945736969
USER	Demonstration Page Load Test	START	1685945736972
USER	Demonstration Page Load Test	START	1685945737177
USER	Demonstration Page Load Test	START	1685945737379
REQUEST		Demonstration Page Request	1685945719589	1685945737867	KO	status.find.is(200), but actually found 503
USER	Demonstration Page Load Test	END	1685945737870
REQUEST		Demonstration Page Request	1685945719774	1685945737873	KO	status.find.is(200), but actually found 503
REQUEST		Demonstration Page Request	1685945719975	1685945737873	KO	status.find.is(200), but actually found 503
USER	Demonstration Page Load Test	END	1685945737874
USER	Demonstration Page Load Test	END	1685945737874
REQUEST		Demonstration Page Request	1685945720769	1685945748047	KO	status.find.is(200), but actually found 500
USER	Demonstration Page Load Test	END	1685945748050
REQUEST		Demonstration Page Request	1685945718388	1685945758348	KO	status.find.is(200), but actually found 503
USER	Demonstration Page Load Test	END	1685945758350
REQUEST		Demonstration Page Request	1685945717771	1685945759014	OK	 
REQUEST		style.min.css?ver=6.2.2	1685945759332	1685945759626	OK	 
REQUEST		css?family=Lato%3A100%2C200%2C300%2C400%2C500%2C600%2C700%2C800%2C900%2C100i%2C200i%2C300i%2C400i%2C500i%2C600i%2C700i%2C800i%2C900i&subset=latin&display=swap&ver=6.2.2	1685945759317	1685945759699	OK	 
REQUEST		css?family=Lato%3A100%2C100italic%2C200%2C200italic%2C300%2C300italic%2C400%2C400italic%2C500%2C500italic%2C600%2C600italic%2C700%2C700italic%2C800%2C800italic%2C900%2C900italic%7CRoboto+Slab%3A100%2C100italic%2C200%2C200italic%2C300%2C300italic%2C400%2C400italic%2C500%2C500italic%2C600%2C600italic%2C700%2C700italic%2C800%2C800italic%2C900%2C900italic%7CRoboto%3A100%2C100italic%2C200%2C200italic%2C300%2C300italic%2C400%2C400italic%2C500%2C500italic%2C600%2C600italic%2C700%2C700italic%2C800%2C800italic%2C900%2C900italic%7CPlayfair+Display%3A100%2C100italic%2C200%2C200italic%2C300%2C300italic%2C400%2C400italic%2C500%2C500italic%2C600%2C600italic%2C700%2C700italic%2C800%2C800italic%2C900%2C900italic%7CArchivo%3A100%2C100italic%2C200%2C200italic%2C300%2C300italic%2C400%2C400italic%2C500%2C500italic%2C600%2C600italic%2C700%2C700italic%2C800%2C800italic%2C900%2C900italic&display=swap&ver=6.2.2	1685945759331	1685945759706	OK	 
REQUEST		woo-mini-cart.min.css?ver=6.2.2	1685945759694	1685945759980	OK	 
REQUEST		all.min.css?ver=5.15.1	1685945759984	1685945760271	OK	 
REQUEST		wc-blocks-vendors-style.css?ver=10.0.6	1685945759334	1685945760284	OK	 
REQUEST		classic-themes.min.css?ver=6.2.2	1685945759336	1685945760294	OK	 
REQUEST		style.css?ver=6.2.2	1685945759336	1685945760299	OK	 
REQUEST		styles.css?ver=5.7.6	1685945759337	1685945760303	OK	 
REQUEST		simple-line-icons.min.css?ver=2.4.0	1685945760274	1685945760556	OK	 
REQUEST		swiper.min.css?ver=5.3.6	1685945760559	1685945760841	OK	 
REQUEST		elementor-icons.min.css?ver=5.20.0	1685945760301	1685945760864	OK	 
REQUEST		post-5.css?ver=1682506416	1685945760844	1685945761126	OK	 
REQUEST		style.min.css?ver=3.4.3	1685945760288	1685945761152	OK	 
REQUEST		frontend-lite.min.css?ver=3.13.4	1685945760306	1685945761177	OK	 
REQUEST		post-21.css?ver=1682998392	1685945761128	1685945761410	OK	 
REQUEST		wc-blocks-style.css?ver=10.0.6	1685945759335	1685945761426	OK	 
REQUEST		ekiticons.css?ver=2.8.7	1685945760297	1685945761439	OK	 
REQUEST		global.css?ver=1682506424	1685945760867	1685945761449	OK	 
REQUEST		jquery-ui.min.css?ver=7.7.2	1685945761169	1685945761453	OK	 
REQUEST		wcfmicon.min.css?ver=6.7.0	1685945761181	1685945761469	OK	 
REQUEST		wcfm-style-core.css?ver=6.7.0	1685945761412	1685945761695	OK	 
REQUEST		woocommerce.min.css?ver=6.2.2	1685945761433	1685945761725	OK	 
REQUEST		woo-star-font.min.css?ver=6.2.2	1685945761442	1685945761731	OK	 
REQUEST		woo-quick-view.min.css?ver=6.2.2	1685945761450	1685945761734	OK	 
REQUEST		responsive.css?ver=2.8.7	1685945761471	1685945761757	OK	 
REQUEST		um-fonticons-ii.css?ver=2.6.0	1685945761698	1685945761984	OK	 
REQUEST		um-fonticons-fa.css?ver=2.6.0	1685945761729	1685945762017	OK	 
REQUEST		select2.min.css?ver=4.0.13	1685945761733	1685945762023	OK	 
REQUEST		um-crop.css?ver=2.6.0	1685945761737	1685945762026	OK	 
REQUEST		um-modal.css?ver=2.6.0	1685945761758	1685945762041	OK	 
REQUEST		Demonstration Page Request	1685945718792	1685945762044	KO	status.find.is(200), but actually found 503
USER	Demonstration Page Load Test	END	1685945762045
REQUEST		um-styles.css?ver=2.6.0	1685945761989	1685945762273	OK	 
REQUEST		um-profile.css?ver=2.6.0	1685945762020	1685945762305	OK	 
REQUEST		um-misc.css?ver=2.6.0	1685945762028	1685945762312	OK	 
REQUEST		um-account.css?ver=2.6.0	1685945762025	1685945762318	OK	 
REQUEST		widget-styles.css?ver=2.8.7	1685945761455	1685945762325	OK	 
REQUEST		um-fileupload.css?ver=2.6.0	1685945762043	1685945762333	OK	 
REQUEST		default.css?ver=2.6.0	1685945762276	1685945762558	OK	 
REQUEST		default.date.css?ver=2.6.0	1685945762306	1685945762590	OK	 
REQUEST		default.time.css?ver=2.6.0	1685945762314	1685945762593	OK	 
REQUEST		um-raty.css?ver=2.6.0	1685945762321	1685945762604	OK	 
REQUEST		simplebar.css?ver=2.6.0	1685945762331	1685945762613	OK	 
REQUEST		um-tipsy.css?ver=2.6.0	1685945762336	1685945762619	OK	 
REQUEST		um-responsive.css?ver=2.6.0	1685945762561	1685945762842	OK	 
REQUEST		um-old-default.css?ver=2.6.0	1685945762592	1685945762878	OK	 
REQUEST		jquery-migrate.min.js?ver=3.4.0	1685945762605	1685945762888	OK	 
REQUEST		um-gdpr.min.js?ver=2.6.0	1685945762615	1685945762896	OK	 
REQUEST		scripts.js?ver=1.0	1685945762621	1685945762904	OK	 
REQUEST		index.js?ver=5.7.6	1685945762844	1685945763126	OK	 
REQUEST		jquery.min.js?ver=3.6.4	1685945762594	1685945763155	OK	 
REQUEST		index.js?ver=5.7.6	1685945762880	1685945763166	OK	 
REQUEST		jquery.blockUI.min.js?ver=2.7.0-wc.7.7.2	1685945762889	1685945763175	OK	 
REQUEST		add-to-cart.min.js?ver=7.7.2	1685945762897	1685945763179	OK	 
REQUEST		js.cookie.min.js?ver=2.1.4-wc.7.7.2	1685945762905	1685945763188	OK	 
REQUEST		woocommerce.min.js?ver=7.7.2	1685945763127	1685945763410	OK	 
REQUEST		cart-fragments.min.js?ver=7.7.2	1685945763156	1685945763437	OK	 
REQUEST		imagesloaded.min.js?ver=4.1.4	1685945763169	1685945763453	OK	 
REQUEST		theme.min.js?ver=3.4.3	1685945763175	1685945763459	OK	 
REQUEST		drop-down-mobile-menu.min.js?ver=3.4.3	1685945763180	1685945763463	OK	 
REQUEST		magnific-popup.min.js?ver=3.4.3	1685945763189	1685945763477	OK	 
REQUEST		ow-lightbox.min.js?ver=3.4.3	1685945763411	1685945763691	OK	 
REQUEST		flickity.pkgd.min.js?ver=3.4.3	1685945763438	1685945763727	OK	 
REQUEST		ow-slider.min.js?ver=3.4.3	1685945763454	1685945763737	OK	 
REQUEST		scroll-effect.min.js?ver=3.4.3	1685945763460	1685945763743	OK	 
REQUEST		scroll-top.min.js?ver=3.4.3	1685945763464	1685945763746	OK	 
REQUEST		select.min.js?ver=3.4.3	1685945763478	1685945763761	OK	 
REQUEST		woo-custom-features.min.js?ver=3.4.3	1685945763693	1685945763975	OK	 
REQUEST		frontend-script.js?ver=2.8.7	1685945763728	1685945764009	OK	 
REQUEST		widget-scripts.js?ver=2.8.7	1685945763738	1685945764038	OK	 
REQUEST		core.min.js?ver=1.13.2	1685945763747	1685945764041	OK	 
REQUEST		jquery.blockUI.min.js?ver=6.7.0	1685945763745	1685945764044	OK	 
REQUEST		datepicker.min.js?ver=1.13.2	1685945763762	1685945764048	OK	 
REQUEST		wcfm-script-core.js?ver=6.7.0	1685945763976	1685945764265	OK	 
REQUEST		woo-quick-view.min.js?ver=3.4.3	1685945764010	1685945764293	OK	 
REQUEST		underscore.min.js?ver=1.13.4	1685945764039	1685945764324	OK	 
REQUEST		wp-util.min.js?ver=6.2.2	1685945764042	1685945764327	OK	 
REQUEST		add-to-cart-variation.min.js?ver=7.7.2	1685945764045	1685945764329	OK	 
REQUEST		jquery.flexslider.min.js?ver=2.7.2-wc.7.7.2	1685945764049	1685945764333	OK	 
REQUEST		woo-mini-cart.min.js?ver=3.4.3	1685945764266	1685945764549	OK	 
REQUEST		select2.full.min.js?ver=4.0.13	1685945764294	1685945764582	OK	 
REQUEST		um-modal.min.js?ver=2.6.0	1685945764327	1685945764611	OK	 
REQUEST		um-crop.min.js?ver=2.6.0	1685945764325	1685945764613	OK	 
REQUEST		um-jquery-form.min.js?ver=2.6.0	1685945764330	1685945764615	OK	 
REQUEST		um-fileupload.js?ver=2.6.0	1685945764334	1685945764618	OK	 
REQUEST		picker.js?ver=2.6.0	1685945764551	1685945764836	OK	 
REQUEST		picker.date.js?ver=2.6.0	1685945764583	1685945764866	OK	 
REQUEST		picker.time.js?ver=2.6.0	1685945764612	1685945764896	OK	 
REQUEST		wp-polyfill-inert.min.js?ver=3.1.2	1685945764614	1685945764898	OK	 
REQUEST		regenerator-runtime.min.js?ver=0.13.11	1685945764616	1685945764900	OK	 
REQUEST		wp-polyfill.min.js?ver=3.15.0	1685945764619	1685945764904	OK	 
REQUEST		hooks.min.js?ver=4169d3cf8e8d95a3d6d5	1685945764837	1685945765121	OK	 
REQUEST		i18n.min.js?ver=9e794f35a71bb98672ae	1685945764867	1685945765146	OK	 
REQUEST		um-raty.min.js?ver=2.6.0	1685945764897	1685945765179	OK	 
REQUEST		um-tipsy.min.js?ver=2.6.0	1685945764899	1685945765183	OK	 
REQUEST		masonry.min.js?ver=4.2.2	1685945764901	1685945765186	OK	 
REQUEST		jquery.masonry.min.js?ver=3.1.2b	1685945764904	1685945765188	OK	 
REQUEST		simplebar.min.js?ver=2.6.0	1685945765122	1685945765408	OK	 
REQUEST		um-functions.min.js?ver=2.6.0	1685945765147	1685945765431	OK	 
REQUEST		um-responsive.min.js?ver=2.6.0	1685945765179	1685945765463	OK	 
REQUEST		um-conditional.min.js?ver=2.6.0	1685945765184	1685945765467	OK	 
REQUEST		um-scripts.min.js?ver=2.6.0	1685945765186	1685945765469	OK	 
REQUEST		um-profile.min.js?ver=2.6.0	1685945765188	1685945765471	OK	 
REQUEST		um-account.min.js?ver=2.6.0	1685945765408	1685945765690	OK	 
REQUEST		webpack.runtime.min.js?ver=3.13.4	1685945765432	1685945765712	OK	 
REQUEST		frontend-modules.min.js?ver=3.13.4	1685945765463	1685945765748	OK	 
REQUEST		waypoints.min.js?ver=4.0.2	1685945765468	1685945765752	OK	 
REQUEST		frontend.min.js?ver=3.13.4	1685945765470	1685945765755	OK	 
REQUEST		animate-circle.js?ver=2.8.7	1685945765472	1685945765756	OK	 
REQUEST		elementor.js?ver=2.8.7	1685945765691	1685945765974	OK	 
USER	Demonstration Page Load Test	END	1685945765978
REQUEST		Demonstration Page Request	1685945722169	1685945768734	OK	 
USER	Demonstration Page Load Test	END	1685945768735
REQUEST		Demonstration Page Request	1685945717630	1685945768851	KO	status.find.is(200), but actually found 500
USER	Demonstration Page Load Test	END	1685945768854
REQUEST		Demonstration Page Request	1685945720380	1685945771044	KO	status.find.is(200), but actually found 503
USER	Demonstration Page Load Test	END	1685945771045
REQUEST		Demonstration Page Request	1685945721579	1685945771274	KO	status.find.is(200), but actually found 500
USER	Demonstration Page Load Test	END	1685945771277
REQUEST		Demonstration Page Request	1685945721175	1685945774572	KO	status.find.is(200), but actually found 503
USER	Demonstration Page Load Test	END	1685945774573
REQUEST		Demonstration Page Request	1685945720567	1685945776210	OK	 
REQUEST		Demonstration Page Request	1685945721377	1685945776231	OK	 
REQUEST		style.min.css?ver=6.2.2	1685945776312	1685945776606	OK	 
REQUEST		style.min.css?ver=6.2.2	1685945776319	1685945776614	OK	 
REQUEST		css?family=Lato%3A100%2C200%2C300%2C400%2C500%2C600%2C700%2C800%2C900%2C100i%2C200i%2C300i%2C400i%2C500i%2C600i%2C700i%2C800i%2C900i&subset=latin&display=swap&ver=6.2.2	1685945776316	1685945776619	OK	 
REQUEST		css?family=Lato%3A100%2C200%2C300%2C400%2C500%2C600%2C700%2C800%2C900%2C100i%2C200i%2C300i%2C400i%2C500i%2C600i%2C700i%2C800i%2C900i&subset=latin&display=swap&ver=6.2.2	1685945776308	1685945776633	OK	 
REQUEST		css?family=Lato%3A100%2C100italic%2C200%2C200italic%2C300%2C300italic%2C400%2C400italic%2C500%2C500italic%2C600%2C600italic%2C700%2C700italic%2C800%2C800italic%2C900%2C900italic%7CRoboto+Slab%3A100%2C100italic%2C200%2C200italic%2C300%2C300italic%2C400%2C400italic%2C500%2C500italic%2C600%2C600italic%2C700%2C700italic%2C800%2C800italic%2C900%2C900italic%7CRoboto%3A100%2C100italic%2C200%2C200italic%2C300%2C300italic%2C400%2C400italic%2C500%2C500italic%2C600%2C600italic%2C700%2C700italic%2C800%2C800italic%2C900%2C900italic%7CPlayfair+Display%3A100%2C100italic%2C200%2C200italic%2C300%2C300italic%2C400%2C400italic%2C500%2C500italic%2C600%2C600italic%2C700%2C700italic%2C800%2C800italic%2C900%2C900italic%7CArchivo%3A100%2C100italic%2C200%2C200italic%2C300%2C300italic%2C400%2C400italic%2C500%2C500italic%2C600%2C600italic%2C700%2C700italic%2C800%2C800italic%2C900%2C900italic&display=swap&ver=6.2.2	1685945776311	1685945776644	OK	 
REQUEST		css?family=Lato%3A100%2C100italic%2C200%2C200italic%2C300%2C300italic%2C400%2C400italic%2C500%2C500italic%2C600%2C600italic%2C700%2C700italic%2C800%2C800italic%2C900%2C900italic%7CRoboto+Slab%3A100%2C100italic%2C200%2C200italic%2C300%2C300italic%2C400%2C400italic%2C500%2C500italic%2C600%2C600italic%2C700%2C700italic%2C800%2C800italic%2C900%2C900italic%7CRoboto%3A100%2C100italic%2C200%2C200italic%2C300%2C300italic%2C400%2C400italic%2C500%2C500italic%2C600%2C600italic%2C700%2C700italic%2C800%2C800italic%2C900%2C900italic%7CPlayfair+Display%3A100%2C100italic%2C200%2C200italic%2C300%2C300italic%2C400%2C400italic%2C500%2C500italic%2C600%2C600italic%2C700%2C700italic%2C800%2C800italic%2C900%2C900italic%7CArchivo%3A100%2C100italic%2C200%2C200italic%2C300%2C300italic%2C400%2C400italic%2C500%2C500italic%2C600%2C600italic%2C700%2C700italic%2C800%2C800italic%2C900%2C900italic&display=swap&ver=6.2.2	1685945776318	1685945776644	OK	 
REQUEST		woo-mini-cart.min.css?ver=6.2.2	1685945776608	1685945776895	OK	 
REQUEST		woo-mini-cart.min.css?ver=6.2.2	1685945776616	1685945776925	OK	 
REQUEST		classic-themes.min.css?ver=6.2.2	1685945776321	1685945777182	OK	 
REQUEST		styles.css?ver=5.7.6	1685945776321	1685945777191	OK	 
REQUEST		all.min.css?ver=5.15.1	1685945776898	1685945777193	OK	 
REQUEST		wc-blocks-vendors-style.css?ver=10.0.6	1685945776313	1685945777197	OK	 
REQUEST		wc-blocks-vendors-style.css?ver=10.0.6	1685945776320	1685945777204	OK	 
REQUEST		classic-themes.min.css?ver=6.2.2	1685945776318	1685945777209	OK	 
REQUEST		style.css?ver=6.2.2	1685945776322	1685945777217	OK	 
REQUEST		styles.css?ver=5.7.6	1685945776323	1685945777224	OK	 
REQUEST		style.css?ver=6.2.2	1685945776321	1685945777224	OK	 
REQUEST		all.min.css?ver=5.15.1	1685945776928	1685945777235	OK	 
REQUEST		simple-line-icons.min.css?ver=2.4.0	1685945777183	1685945777469	OK	 
REQUEST		simple-line-icons.min.css?ver=2.4.0	1685945777192	1685945777473	OK	 
REQUEST		elementor-icons.min.css?ver=5.20.0	1685945777198	1685945777486	OK	 
REQUEST		swiper.min.css?ver=5.3.6	1685945777226	1685945777528	OK	 
REQUEST		swiper.min.css?ver=5.3.6	1685945777237	1685945777529	OK	 
REQUEST		post-5.css?ver=1682506416	1685945777471	1685945777754	OK	 
REQUEST		post-5.css?ver=1682506416	1685945777475	1685945777761	OK	 
REQUEST		style.min.css?ver=3.4.3	1685945777195	1685945777773	OK	 
REQUEST		frontend-lite.min.css?ver=3.11.3	1685945777488	1685945777777	OK	 
REQUEST		elementor-icons.min.css?ver=5.20.0	1685945777219	1685945777803	OK	 
REQUEST		frontend-lite.min.css?ver=3.11.3	1685945777530	1685945777830	OK	 
REQUEST		Demonstration Page Request	1685945717986	1685945778000	KO	i.g.h.c.i.RequestTimeoutException: Request timeout to tmsssepfisheries.org/107.161.23.26:443 after 60000 ms
USER	Demonstration Page Load Test	END	1685945778012
REQUEST		post-21.css?ver=1682998392	1685945777762	1685945778042	OK	 
REQUEST		post-176.css?ver=1682506425	1685945777778	1685945778062	OK	 
REQUEST		style.min.css?ver=3.4.3	1685945777206	1685945778066	OK	 
REQUEST		post-135.css?ver=1682506425	1685945777776	1685945778067	OK	 
REQUEST		frontend-lite.min.css?ver=3.13.4	1685945777210	1685945778080	OK	 
REQUEST		frontend-lite.min.css?ver=3.13.4	1685945777226	1685945778093	OK	 
REQUEST		post-21.css?ver=1682998392	1685945777804	1685945778096	OK	 
REQUEST		global.css?ver=1682506424	1685945777530	1685945778104	OK	 
REQUEST		post-135.css?ver=1682506425	1685945777831	1685945778141	OK	 
REQUEST		Demonstration Page Request	1685945718187	1685945778202	KO	i.g.h.c.i.RequestTimeoutException: Request timeout to tmsssepfisheries.org/107.161.23.26:443 after 60000 ms
USER	Demonstration Page Load Test	END	1685945778203
REQUEST		wc-blocks-style.css?ver=10.0.6	1685945776321	1685945778303	OK	 
REQUEST		global.css?ver=1682506424	1685945777755	1685945778318	OK	 
REQUEST		jquery-ui.min.css?ver=7.7.2	1685945778064	1685945778347	OK	 
REQUEST		post-176.css?ver=1682506425	1685945778068	1685945778350	OK	 
REQUEST		wc-blocks-style.css?ver=10.0.6	1685945776314	1685945778396	OK	 
REQUEST		wcfmicon.min.css?ver=6.7.0	1685945778068	1685945778401	OK	 
REQUEST		wcfm-style-core.css?ver=6.7.0	1685945778082	1685945778404	OK	 
REQUEST		wcfmicon.min.css?ver=6.7.0	1685945778142	1685945778454	OK	 
REQUEST		Demonstration Page Request	1685945718575	1685945778576	KO	i.g.h.c.i.RequestTimeoutException: Request timeout to tmsssepfisheries.org/107.161.23.26:443 after 60000 ms
USER	Demonstration Page Load Test	END	1685945778577
REQUEST		wcfm-style-core.css?ver=6.7.0	1685945778306	1685945778590	OK	 
REQUEST		woo-star-font.min.css?ver=6.2.2	1685945778349	1685945778630	OK	 
REQUEST		woo-star-font.min.css?ver=6.2.2	1685945778351	1685945778633	OK	 
REQUEST		woo-quick-view.min.css?ver=6.2.2	1685945778399	1685945778682	OK	 
REQUEST		ekiticons.css?ver=2.8.7	1685945778095	1685945778689	OK	 
REQUEST		jquery-ui.min.css?ver=7.7.2	1685945778097	1685945778693	OK	 
REQUEST		woocommerce.min.css?ver=6.2.2	1685945778105	1685945778696	OK	 
REQUEST		responsive.css?ver=2.8.7	1685945778405	1685945778736	OK	 
REQUEST		woo-quick-view.min.css?ver=6.2.2	1685945778455	1685945778746	OK	 
REQUEST		woocommerce.min.css?ver=6.2.2	1685945778320	1685945778887	OK	 
REQUEST		ekiticons.css?ver=2.8.7	1685945778043	1685945778891	OK	 
REQUEST		um-fonticons-ii.css?ver=2.6.0	1685945778631	1685945778915	OK	 
REQUEST		responsive.css?ver=2.8.7	1685945778633	1685945778919	OK	 
REQUEST		um-fonticons-fa.css?ver=2.6.0	1685945778684	1685945779018	OK	 
REQUEST		um-fonticons-ii.css?ver=2.6.0	1685945778691	1685945779020	OK	 
REQUEST		um-fonticons-fa.css?ver=2.6.0	1685945778695	1685945779024	OK	 
REQUEST		widget-styles.css?ver=2.8.7	1685945778402	1685945779026	OK	 
REQUEST		select2.min.css?ver=4.0.13	1685945778698	1685945779031	OK	 
REQUEST		um-crop.css?ver=2.6.0	1685945778737	1685945779033	OK	 
REQUEST		select2.min.css?ver=4.0.13	1685945778747	1685945779035	OK	 
REQUEST		um-modal.css?ver=2.6.0	1685945778893	1685945779182	OK	 
REQUEST		um-crop.css?ver=2.6.0	1685945778889	1685945779184	OK	 
REQUEST		um-styles.css?ver=2.6.0	1685945778916	1685945779204	OK	 
REQUEST		um-modal.css?ver=2.6.0	1685945778920	1685945779207	OK	 
REQUEST		um-profile.css?ver=2.6.0	1685945779019	1685945779319	OK	 
REQUEST		um-styles.css?ver=2.6.0	1685945779021	1685945779320	OK	 
REQUEST		um-account.css?ver=2.6.0	1685945779037	1685945779322	OK	 
REQUEST		um-profile.css?ver=2.6.0	1685945779025	1685945779325	OK	 
REQUEST		um-misc.css?ver=2.6.0	1685945779032	1685945779325	OK	 
REQUEST		um-account.css?ver=2.6.0	1685945779029	1685945779327	OK	 
REQUEST		um-fileupload.css?ver=2.6.0	1685945779034	1685945779329	OK	 
REQUEST		widget-styles.css?ver=2.8.7	1685945778591	1685945779454	OK	 
REQUEST		default.css?ver=2.6.0	1685945779184	1685945779464	OK	 
REQUEST		um-misc.css?ver=2.6.0	1685945779186	1685945779466	OK	 
REQUEST		default.date.css?ver=2.6.0	1685945779206	1685945779487	OK	 
REQUEST		um-fileupload.css?ver=2.6.0	1685945779208	1685945779488	OK	 
REQUEST		default.time.css?ver=2.6.0	1685945779320	1685945779606	OK	 
REQUEST		default.date.css?ver=2.6.0	1685945779324	1685945779608	OK	 
REQUEST		default.css?ver=2.6.0	1685945779321	1685945779610	OK	 
REQUEST		simplebar.css?ver=2.6.0	1685945779328	1685945779612	OK	 
REQUEST		default.time.css?ver=2.6.0	1685945779326	1685945779612	OK	 
REQUEST		um-tipsy.css?ver=2.6.0	1685945779330	1685945779616	OK	 
REQUEST		um-raty.css?ver=2.6.0	1685945779326	1685945779618	OK	 
REQUEST		um-raty.css?ver=2.6.0	1685945779457	1685945779737	OK	 
REQUEST		um-responsive.css?ver=2.6.0	1685945779465	1685945779744	OK	 
REQUEST		simplebar.css?ver=2.6.0	1685945779468	1685945779748	OK	 
REQUEST		um-old-default.css?ver=2.6.0	1685945779488	1685945779769	OK	 
REQUEST		um-tipsy.css?ver=2.6.0	1685945779488	1685945779772	OK	 
REQUEST		fontawesome.min.css?ver=5.15.3	1685945779607	1685945779895	OK	 
REQUEST		um-responsive.css?ver=2.6.0	1685945779609	1685945779896	OK	 
REQUEST		solid.min.css?ver=5.15.3	1685945779614	1685945779899	OK	 
REQUEST		um-old-default.css?ver=2.6.0	1685945779611	1685945779899	OK	 
REQUEST		fontawesome.min.css?ver=5.15.3	1685945779613	1685945779904	OK	 
REQUEST		regular.min.css?ver=5.15.3	1685945779617	1685945779904	OK	 
REQUEST		jquery.min.js?ver=3.6.4	1685945779618	1685945779912	OK	 
REQUEST		solid.min.css?ver=5.15.3	1685945779738	1685945780017	OK	 
REQUEST		regular.min.css?ver=5.15.3	1685945779750	1685945780035	OK	 
REQUEST		jquery-migrate.min.js?ver=3.4.0	1685945779745	1685945780036	OK	 
REQUEST		um-gdpr.min.js?ver=2.6.0	1685945779770	1685945780051	OK	 
REQUEST		jquery.min.js?ver=3.6.4	1685945779773	1685945780061	OK	 
REQUEST		scripts.js?ver=1.0	1685945779897	1685945780180	OK	 
REQUEST		Demonstration Page Request	1685945720177	1685945780181	KO	i.g.h.c.i.RequestTimeoutException: Request timeout to tmsssepfisheries.org/107.161.23.26:443 after 60000 ms
USER	Demonstration Page Load Test	END	1685945780183
REQUEST		jquery-migrate.min.js?ver=3.4.0	1685945779898	1685945780185	OK	 
REQUEST		um-gdpr.min.js?ver=2.6.0	1685945779900	1685945780195	OK	 
REQUEST		index.js?ver=5.7.6	1685945779900	1685945780198	OK	 
REQUEST		scripts.js?ver=1.0	1685945779905	1685945780203	OK	 
REQUEST		index.js?ver=5.7.6	1685945779906	1685945780202	OK	 
REQUEST		jquery.blockUI.min.js?ver=2.7.0-wc.7.7.2	1685945779913	1685945780206	OK	 
REQUEST		index.js?ver=5.7.6	1685945780018	1685945780302	OK	 
REQUEST		add-to-cart.min.js?ver=7.7.2	1685945780038	1685945780320	OK	 
REQUEST		index.js?ver=5.7.6	1685945780036	1685945780323	OK	 
REQUEST		js.cookie.min.js?ver=2.1.4-wc.7.7.2	1685945780052	1685945780336	OK	 
REQUEST		Demonstration Page Request	1685945723377	1685945780347	KO	status.find.is(200), but actually found 500
USER	Demonstration Page Load Test	END	1685945780349
REQUEST		jquery.blockUI.min.js?ver=2.7.0-wc.7.7.2	1685945780061	1685945780352	OK	 
REQUEST		woocommerce.min.js?ver=7.7.2	1685945780181	1685945780464	OK	 
REQUEST		add-to-cart.min.js?ver=7.7.2	1685945780186	1685945780471	OK	 
REQUEST		js.cookie.min.js?ver=2.1.4-wc.7.7.2	1685945780199	1685945780484	OK	 
REQUEST		cart-fragments.min.js?ver=7.7.2	1685945780199	1685945780484	OK	 
REQUEST		woocommerce.min.js?ver=7.7.2	1685945780205	1685945780490	OK	 
REQUEST		imagesloaded.min.js?ver=4.1.4	1685945780205	1685945780491	OK	 
REQUEST		theme.min.js?ver=3.4.3	1685945780207	1685945780495	OK	 
REQUEST		cart-fragments.min.js?ver=7.7.2	1685945780303	1685945780583	OK	 
REQUEST		drop-down-mobile-menu.min.js?ver=3.4.3	1685945780321	1685945780600	OK	 
REQUEST		imagesloaded.min.js?ver=4.1.4	1685945780324	1685945780604	OK	 
REQUEST		magnific-popup.min.js?ver=3.4.3	1685945780337	1685945780621	OK	 
REQUEST		theme.min.js?ver=3.4.3	1685945780353	1685945780634	OK	 
REQUEST		ow-lightbox.min.js?ver=3.4.3	1685945780465	1685945780749	OK	 
REQUEST		drop-down-mobile-menu.min.js?ver=3.4.3	1685945780472	1685945780762	OK	 
REQUEST		magnific-popup.min.js?ver=3.4.3	1685945780485	1685945780774	OK	 
REQUEST		flickity.pkgd.min.js?ver=3.4.3	1685945780485	1685945780779	OK	 
REQUEST		ow-slider.min.js?ver=3.4.3	1685945780492	1685945780781	OK	 
REQUEST		ow-lightbox.min.js?ver=3.4.3	1685945780491	1685945780781	OK	 
REQUEST		scroll-effect.min.js?ver=3.4.3	1685945780496	1685945780784	OK	 
REQUEST		flickity.pkgd.min.js?ver=3.4.3	1685945780585	1685945780871	OK	 
REQUEST		scroll-top.min.js?ver=3.4.3	1685945780601	1685945780880	OK	 
REQUEST		ow-slider.min.js?ver=3.4.3	1685945780606	1685945780886	OK	 
REQUEST		select.min.js?ver=3.4.3	1685945780622	1685945780903	OK	 
REQUEST		scroll-effect.min.js?ver=3.4.3	1685945780635	1685945780916	OK	 
REQUEST		Demonstration Page Request	1685945720974	1685945780985	KO	i.g.h.c.i.RequestTimeoutException: Request timeout to tmsssepfisheries.org/107.161.23.26:443 after 60000 ms
USER	Demonstration Page Load Test	END	1685945780986
REQUEST		woo-custom-features.min.js?ver=3.4.3	1685945780750	1685945781042	OK	 
REQUEST		scroll-top.min.js?ver=3.4.3	1685945780764	1685945781050	OK	 
REQUEST		select.min.js?ver=3.4.3	1685945780775	1685945781063	OK	 
REQUEST		frontend-script.js?ver=2.8.7	1685945780780	1685945781065	OK	 
REQUEST		woo-custom-features.min.js?ver=3.4.3	1685945780782	1685945781078	OK	 
REQUEST		jquery.blockUI.min.js?ver=6.7.0	1685945780785	1685945781081	OK	 
REQUEST		frontend-script.js?ver=2.8.7	1685945780872	1685945781151	OK	 
REQUEST		core.min.js?ver=1.13.2	1685945780881	1685945781160	OK	 
REQUEST		datepicker.min.js?ver=1.13.2	1685945780903	1685945781188	OK	 
REQUEST		jquery.blockUI.min.js?ver=6.7.0	1685945780916	1685945781197	OK	 
REQUEST		wcfm-script-core.js?ver=6.7.0	1685945781043	1685945781332	OK	 
REQUEST		core.min.js?ver=1.13.2	1685945781052	1685945781338	OK	 
REQUEST		datepicker.min.js?ver=1.13.2	1685945781064	1685945781352	OK	 
REQUEST		woo-quick-view.min.js?ver=3.4.3	1685945781066	1685945781355	OK	 
REQUEST		widget-scripts.js?ver=2.8.7	1685945780782	1685945781359	OK	 
REQUEST		wcfm-script-core.js?ver=6.7.0	1685945781079	1685945781371	OK	 
REQUEST		underscore.min.js?ver=1.13.4	1685945781081	1685945781374	OK	 
REQUEST		woo-quick-view.min.js?ver=3.4.3	1685945781152	1685945781434	OK	 
REQUEST		wp-util.min.js?ver=6.2.2	1685945781161	1685945781438	OK	 
REQUEST		widget-scripts.js?ver=2.8.7	1685945780887	1685945781448	OK	 
REQUEST		add-to-cart-variation.min.js?ver=7.7.2	1685945781188	1685945781473	OK	 
REQUEST		underscore.min.js?ver=1.13.4	1685945781198	1685945781479	OK	 
REQUEST		jquery.flexslider.min.js?ver=2.7.2-wc.7.7.2	1685945781333	1685945781618	OK	 
REQUEST		wp-util.min.js?ver=6.2.2	1685945781338	1685945781627	OK	 
REQUEST		add-to-cart-variation.min.js?ver=7.7.2	1685945781353	1685945781641	OK	 
REQUEST		woo-mini-cart.min.js?ver=3.4.3	1685945781356	1685945781643	OK	 
REQUEST		select2.full.min.js?ver=4.0.13	1685945781360	1685945781653	OK	 
REQUEST		jquery.flexslider.min.js?ver=2.7.2-wc.7.7.2	1685945781372	1685945781666	OK	 
REQUEST		um-crop.min.js?ver=2.6.0	1685945781374	1685945781679	OK	 
REQUEST		woo-mini-cart.min.js?ver=3.4.3	1685945781435	1685945781716	OK	 
REQUEST		um-modal.min.js?ver=2.6.0	1685945781439	1685945781718	OK	 
REQUEST		select2.full.min.js?ver=4.0.13	1685945781449	1685945781737	OK	 
REQUEST		um-jquery-form.min.js?ver=2.6.0	1685945781474	1685945781756	OK	 
REQUEST		um-crop.min.js?ver=2.6.0	1685945781480	1685945781761	OK	 
REQUEST		Demonstration Page Request	1685945721764	1685945781773	KO	i.g.h.c.i.RequestTimeoutException: Request timeout to tmsssepfisheries.org/107.161.23.26:443 after 60000 ms
USER	Demonstration Page Load Test	END	1685945781774
REQUEST		um-fileupload.js?ver=2.6.0	1685945781619	1685945781905	OK	 
REQUEST		um-modal.min.js?ver=2.6.0	1685945781628	1685945781914	OK	 
REQUEST		um-jquery-form.min.js?ver=2.6.0	1685945781642	1685945781931	OK	 
REQUEST		picker.js?ver=2.6.0	1685945781644	1685945781935	OK	 
REQUEST		picker.date.js?ver=2.6.0	1685945781655	1685945781948	OK	 
REQUEST		um-fileupload.js?ver=2.6.0	1685945781668	1685945781955	OK	 
REQUEST		picker.time.js?ver=2.6.0	1685945781680	1685945781971	OK	 
REQUEST		Demonstration Page Request	1685945721966	1685945781975	KO	i.g.h.c.i.RequestTimeoutException: Request timeout to tmsssepfisheries.org/107.161.23.26:443 after 60000 ms
USER	Demonstration Page Load Test	END	1685945781976
REQUEST		picker.js?ver=2.6.0	1685945781717	1685945781999	OK	 
REQUEST		wp-polyfill-inert.min.js?ver=3.1.2	1685945781719	1685945782000	OK	 
REQUEST		picker.date.js?ver=2.6.0	1685945781738	1685945782020	OK	 
REQUEST		regenerator-runtime.min.js?ver=0.13.11	1685945781756	1685945782037	OK	 
REQUEST		picker.time.js?ver=2.6.0	1685945781762	1685945782044	OK	 
REQUEST		wp-polyfill.min.js?ver=3.15.0	1685945781906	1685945782194	OK	 
REQUEST		wp-polyfill-inert.min.js?ver=3.1.2	1685945781915	1685945782199	OK	 
REQUEST		regenerator-runtime.min.js?ver=0.13.11	1685945781932	1685945782218	OK	 
REQUEST		hooks.min.js?ver=4169d3cf8e8d95a3d6d5	1685945781935	1685945782220	OK	 
REQUEST		i18n.min.js?ver=9e794f35a71bb98672ae	1685945781949	1685945782236	OK	 
REQUEST		wp-polyfill.min.js?ver=3.15.0	1685945781956	1685945782243	OK	 
REQUEST		um-raty.min.js?ver=2.6.0	1685945781971	1685945782258	OK	 
REQUEST		um-tipsy.min.js?ver=2.6.0	1685945782000	1685945782278	OK	 
REQUEST		hooks.min.js?ver=4169d3cf8e8d95a3d6d5	1685945781999	1685945782278	OK	 
REQUEST		i18n.min.js?ver=9e794f35a71bb98672ae	1685945782021	1685945782300	OK	 
REQUEST		masonry.min.js?ver=4.2.2	1685945782037	1685945782319	OK	 
REQUEST		um-raty.min.js?ver=2.6.0	1685945782045	1685945782325	OK	 
REQUEST		Demonstration Page Request	1685945722368	1685945782382	KO	i.g.h.c.i.RequestTimeoutException: Request timeout to tmsssepfisheries.org/107.161.23.26:443 after 60000 ms
USER	Demonstration Page Load Test	END	1685945782383
REQUEST		jquery.masonry.min.js?ver=3.1.2b	1685945782194	1685945782479	OK	 
REQUEST		um-tipsy.min.js?ver=2.6.0	1685945782200	1685945782486	OK	 
REQUEST		masonry.min.js?ver=4.2.2	1685945782219	1685945782508	OK	 
REQUEST		simplebar.min.js?ver=2.6.0	1685945782221	1685945782510	OK	 
REQUEST		um-functions.min.js?ver=2.6.0	1685945782236	1685945782523	OK	 
REQUEST		jquery.masonry.min.js?ver=3.1.2b	1685945782244	1685945782529	OK	 
REQUEST		um-responsive.min.js?ver=2.6.0	1685945782259	1685945782546	OK	 
REQUEST		um-conditional.min.js?ver=2.6.0	1685945782278	1685945782556	OK	 
REQUEST		simplebar.min.js?ver=2.6.0	1685945782279	1685945782561	OK	 
REQUEST		um-functions.min.js?ver=2.6.0	1685945782300	1685945782582	OK	 
REQUEST		Demonstration Page Request	1685945722571	1685945782585	KO	i.g.h.c.i.RequestTimeoutException: Request timeout to tmsssepfisheries.org/107.161.23.26:443 after 60000 ms
USER	Demonstration Page Load Test	END	1685945782586
REQUEST		um-scripts.min.js?ver=2.6.0	1685945782320	1685945782601	OK	 
REQUEST		um-responsive.min.js?ver=2.6.0	1685945782326	1685945782605	OK	 
REQUEST		um-profile.min.js?ver=2.6.0	1685945782480	1685945782763	OK	 
REQUEST		um-conditional.min.js?ver=2.6.0	1685945782487	1685945782773	OK	 
REQUEST		Demonstration Page Request	1685945722773	1685945782786	KO	i.g.h.c.i.RequestTimeoutException: Request timeout to tmsssepfisheries.org/107.161.23.26:443 after 60000 ms
USER	Demonstration Page Load Test	END	1685945782787
REQUEST		um-scripts.min.js?ver=2.6.0	1685945782509	1685945782796	OK	 
REQUEST		um-account.min.js?ver=2.6.0	1685945782511	1685945782796	OK	 
REQUEST		jquery.smartmenus.min.js?ver=1.0.1	1685945782524	1685945782811	OK	 
REQUEST		um-profile.min.js?ver=2.6.0	1685945782529	1685945782815	OK	 
REQUEST		webpack-pro.runtime.min.js?ver=3.11.3	1685945782546	1685945782833	OK	 
REQUEST		webpack.runtime.min.js?ver=3.13.4	1685945782557	1685945782835	OK	 
REQUEST		um-account.min.js?ver=2.6.0	1685945782562	1685945782840	OK	 
REQUEST		jquery.smartmenus.min.js?ver=1.0.1	1685945782583	1685945782868	OK	 
REQUEST		frontend-modules.min.js?ver=3.13.4	1685945782602	1685945782887	OK	 
REQUEST		webpack-pro.runtime.min.js?ver=3.11.3	1685945782606	1685945782888	OK	 
REQUEST		Demonstration Page Request	1685945722974	1685945782987	KO	i.g.h.c.i.RequestTimeoutException: Request timeout to tmsssepfisheries.org/107.161.23.26:443 after 60000 ms
USER	Demonstration Page Load Test	END	1685945782988
REQUEST		frontend.min.js?ver=3.11.3	1685945782764	1685945783049	OK	 
REQUEST		webpack.runtime.min.js?ver=3.13.4	1685945782774	1685945783060	OK	 
REQUEST		waypoints.min.js?ver=4.0.2	1685945782797	1685945783088	OK	 
REQUEST		frontend-modules.min.js?ver=3.13.4	1685945782797	1685945783092	OK	 
REQUEST		frontend.min.js?ver=3.11.3	1685945782815	1685945783105	OK	 
REQUEST		frontend.min.js?ver=3.13.4	1685945782812	1685945783105	OK	 
REQUEST		animate-circle.js?ver=2.8.7	1685945782835	1685945783112	OK	 
REQUEST		waypoints.min.js?ver=4.0.2	1685945782841	1685945783120	OK	 
REQUEST		elements-handlers.min.js?ver=3.11.3	1685945782833	1685945783123	OK	 
REQUEST		frontend.min.js?ver=3.13.4	1685945782868	1685945783152	OK	 
REQUEST		elements-handlers.min.js?ver=3.11.3	1685945782888	1685945783170	OK	 
REQUEST		elementor.js?ver=2.8.7	1685945782888	1685945783179	OK	 
REQUEST		Demonstration Page Request	1685945723177	1685945783186	KO	i.g.h.c.i.RequestTimeoutException: Request timeout to tmsssepfisheries.org/107.161.23.26:443 after 60000 ms
USER	Demonstration Page Load Test	END	1685945783187
REQUEST		jquery.sticky.min.js?ver=3.11.3	1685945783050	1685945783333	OK	 
USER	Demonstration Page Load Test	END	1685945783336
REQUEST		animate-circle.js?ver=2.8.7	1685945783061	1685945783345	OK	 
REQUEST		elementor.js?ver=2.8.7	1685945783093	1685945783380	OK	 
REQUEST		jquery.sticky.min.js?ver=3.11.3	1685945783105	1685945783390	OK	 
USER	Demonstration Page Load Test	END	1685945783393
REQUEST		Demonstration Page Request	1685945723580	1685945783592	KO	i.g.h.c.i.RequestTimeoutException: Request timeout to tmsssepfisheries.org/107.161.23.26:443 after 60000 ms
USER	Demonstration Page Load Test	END	1685945783593
REQUEST		Demonstration Page Request	1685945723767	1685945783779	KO	i.g.h.c.i.RequestTimeoutException: Request timeout to tmsssepfisheries.org/107.161.23.26:443 after 60000 ms
USER	Demonstration Page Load Test	END	1685945783780
REQUEST		Demonstration Page Request	1685945723973	1685945783983	KO	i.g.h.c.i.RequestTimeoutException: Request timeout to tmsssepfisheries.org/107.161.23.26:443 after 60000 ms
USER	Demonstration Page Load Test	END	1685945783985
REQUEST		Demonstration Page Request	1685945724175	1685945784185	KO	i.g.h.c.i.RequestTimeoutException: Request timeout to tmsssepfisheries.org/107.161.23.26:443 after 60000 ms
USER	Demonstration Page Load Test	END	1685945784187
REQUEST		Demonstration Page Request	1685945724376	1685945784386	KO	i.g.h.c.i.RequestTimeoutException: Request timeout to tmsssepfisheries.org/107.161.23.26:443 after 60000 ms
USER	Demonstration Page Load Test	END	1685945784386
REQUEST		Demonstration Page Request	1685945724578	1685945784588	KO	i.g.h.c.i.RequestTimeoutException: Request timeout to tmsssepfisheries.org/107.161.23.26:443 after 60000 ms
USER	Demonstration Page Load Test	END	1685945784589
REQUEST		Demonstration Page Request	1685945724764	1685945784775	KO	i.g.h.c.i.RequestTimeoutException: Request timeout to tmsssepfisheries.org/107.161.23.26:443 after 60000 ms
USER	Demonstration Page Load Test	END	1685945784777
REQUEST		Demonstration Page Request	1685945724966	1685945784978	KO	i.g.h.c.i.RequestTimeoutException: Request timeout to tmsssepfisheries.org/107.161.23.26:443 after 60000 ms
USER	Demonstration Page Load Test	END	1685945784979
REQUEST		Demonstration Page Request	1685945725170	1685945785181	KO	i.g.h.c.i.RequestTimeoutException: Request timeout to tmsssepfisheries.org/107.161.23.26:443 after 60000 ms
USER	Demonstration Page Load Test	END	1685945785182
REQUEST		Demonstration Page Request	1685945725374	1685945785382	KO	i.g.h.c.i.RequestTimeoutException: Request timeout to tmsssepfisheries.org/107.161.23.26:443 after 60000 ms
USER	Demonstration Page Load Test	END	1685945785383
REQUEST		Demonstration Page Request	1685945725575	1685945785585	KO	i.g.h.c.i.RequestTimeoutException: Request timeout to tmsssepfisheries.org/107.161.23.26:443 after 60000 ms
USER	Demonstration Page Load Test	END	1685945785586
REQUEST		Demonstration Page Request	1685945725763	1685945785775	KO	i.g.h.c.i.RequestTimeoutException: Request timeout to tmsssepfisheries.org/107.161.23.26:443 after 60000 ms
USER	Demonstration Page Load Test	END	1685945785775
REQUEST		Demonstration Page Request	1685945725966	1685945785977	KO	i.g.h.c.i.RequestTimeoutException: Request timeout to tmsssepfisheries.org/107.161.23.26:443 after 60000 ms
USER	Demonstration Page Load Test	END	1685945785978
REQUEST		Demonstration Page Request	1685945726168	1685945786179	KO	i.g.h.c.i.RequestTimeoutException: Request timeout to tmsssepfisheries.org/107.161.23.26:443 after 60000 ms
USER	Demonstration Page Load Test	END	1685945786180
REQUEST		Demonstration Page Request	1685945726370	1685945786380	KO	i.g.h.c.i.RequestTimeoutException: Request timeout to tmsssepfisheries.org/107.161.23.26:443 after 60000 ms
USER	Demonstration Page Load Test	END	1685945786381
REQUEST		Demonstration Page Request	1685945726570	1685945786585	KO	i.g.h.c.i.RequestTimeoutException: Request timeout to tmsssepfisheries.org/107.161.23.26:443 after 60000 ms
USER	Demonstration Page Load Test	END	1685945786586
REQUEST		Demonstration Page Request	1685945726772	1685945786787	KO	i.g.h.c.i.RequestTimeoutException: Request timeout to tmsssepfisheries.org/107.161.23.26:443 after 60000 ms
USER	Demonstration Page Load Test	END	1685945786788
REQUEST		Demonstration Page Request	1685945726976	1685945786990	KO	i.g.h.c.i.RequestTimeoutException: Request timeout to tmsssepfisheries.org/107.161.23.26:443 after 60000 ms
USER	Demonstration Page Load Test	END	1685945786991
REQUEST		Demonstration Page Request	1685945727164	1685945787179	KO	i.g.h.c.i.RequestTimeoutException: Request timeout to tmsssepfisheries.org/107.161.23.26:443 after 60000 ms
USER	Demonstration Page Load Test	END	1685945787180
REQUEST		Demonstration Page Request	1685945727367	1685945787369	KO	i.g.h.c.i.RequestTimeoutException: Request timeout to tmsssepfisheries.org/107.161.23.26:443 after 60000 ms
USER	Demonstration Page Load Test	END	1685945787370
REQUEST		Demonstration Page Request	1685945727570	1685945787585	KO	i.g.h.c.i.RequestTimeoutException: Request timeout to tmsssepfisheries.org/107.161.23.26:443 after 60000 ms
USER	Demonstration Page Load Test	END	1685945787587
REQUEST		Demonstration Page Request	1685945727771	1685945787774	KO	i.g.h.c.i.RequestTimeoutException: Request timeout to tmsssepfisheries.org/107.161.23.26:443 after 60000 ms
USER	Demonstration Page Load Test	END	1685945787775
REQUEST		Demonstration Page Request	1685945727974	1685945787976	KO	i.g.h.c.i.RequestTimeoutException: Request timeout to tmsssepfisheries.org/107.161.23.26:443 after 60000 ms
USER	Demonstration Page Load Test	END	1685945787976
REQUEST		Demonstration Page Request	1685945728174	1685945788177	KO	i.g.h.c.i.RequestTimeoutException: Request timeout to tmsssepfisheries.org/107.161.23.26:443 after 60000 ms
USER	Demonstration Page Load Test	END	1685945788178
REQUEST		Demonstration Page Request	1685945728376	1685945788379	KO	i.g.h.c.i.RequestTimeoutException: Request timeout to tmsssepfisheries.org/107.161.23.26:443 after 60000 ms
USER	Demonstration Page Load Test	END	1685945788379
REQUEST		Demonstration Page Request	1685945728578	1685945788581	KO	i.g.h.c.i.RequestTimeoutException: Request timeout to tmsssepfisheries.org/107.161.23.26:443 after 60000 ms
USER	Demonstration Page Load Test	END	1685945788582
REQUEST		Demonstration Page Request	1685945728765	1685945788770	KO	i.g.h.c.i.RequestTimeoutException: Request timeout to tmsssepfisheries.org/107.161.23.26:443 after 60000 ms
USER	Demonstration Page Load Test	END	1685945788770
REQUEST		Demonstration Page Request	1685945728966	1685945788974	KO	i.g.h.c.i.RequestTimeoutException: Request timeout to tmsssepfisheries.org/107.161.23.26:443 after 60000 ms
USER	Demonstration Page Load Test	END	1685945788975
REQUEST		Demonstration Page Request	1685945729168	1685945789178	KO	i.g.h.c.i.RequestTimeoutException: Request timeout to tmsssepfisheries.org/107.161.23.26:443 after 60000 ms
USER	Demonstration Page Load Test	END	1685945789180
REQUEST		Demonstration Page Request	1685945729373	1685945789382	KO	i.g.h.c.i.RequestTimeoutException: Request timeout to tmsssepfisheries.org/107.161.23.26:443 after 60000 ms
USER	Demonstration Page Load Test	END	1685945789383
REQUEST		Demonstration Page Request	1685945729573	1685945789585	KO	i.g.h.c.i.RequestTimeoutException: Request timeout to tmsssepfisheries.org/107.161.23.26:443 after 60000 ms
USER	Demonstration Page Load Test	END	1685945789586
REQUEST		Demonstration Page Request	1685945729774	1685945789789	KO	i.g.h.c.i.RequestTimeoutException: Request timeout to tmsssepfisheries.org/107.161.23.26:443 after 60000 ms
USER	Demonstration Page Load Test	END	1685945789790
REQUEST		Demonstration Page Request	1685945729978	1685945789979	KO	i.g.h.c.i.RequestTimeoutException: Request timeout to tmsssepfisheries.org/107.161.23.26:443 after 60000 ms
USER	Demonstration Page Load Test	END	1685945789979
REQUEST		Demonstration Page Request	1685945730167	1685945790182	KO	i.g.h.c.i.RequestTimeoutException: Request timeout to tmsssepfisheries.org/107.161.23.26:443 after 60000 ms
USER	Demonstration Page Load Test	END	1685945790183
REQUEST		Demonstration Page Request	1685945730365	1685945790380	KO	i.g.h.c.i.RequestTimeoutException: Request timeout to tmsssepfisheries.org/107.161.23.26:443 after 60000 ms
USER	Demonstration Page Load Test	END	1685945790381
REQUEST		Demonstration Page Request	1685945730567	1685945790582	KO	i.g.h.c.i.RequestTimeoutException: Request timeout to tmsssepfisheries.org/107.161.23.26:443 after 60000 ms
USER	Demonstration Page Load Test	END	1685945790583
REQUEST		Demonstration Page Request	1685945730771	1685945790783	KO	i.g.h.c.i.RequestTimeoutException: Request timeout to tmsssepfisheries.org/107.161.23.26:443 after 60000 ms
USER	Demonstration Page Load Test	END	1685945790784
REQUEST		Demonstration Page Request	1685945730973	1685945790975	KO	i.g.h.c.i.RequestTimeoutException: Request timeout to tmsssepfisheries.org/107.161.23.26:443 after 60000 ms
USER	Demonstration Page Load Test	END	1685945790976
REQUEST		Demonstration Page Request	1685945731175	1685945791180	KO	i.g.h.c.i.RequestTimeoutException: Request timeout to tmsssepfisheries.org/107.161.23.26:443 after 60000 ms
USER	Demonstration Page Load Test	END	1685945791181
REQUEST		Demonstration Page Request	1685945731364	1685945791370	KO	i.g.h.c.i.RequestTimeoutException: Request timeout to tmsssepfisheries.org/107.161.23.26:443 after 60000 ms
USER	Demonstration Page Load Test	END	1685945791371
REQUEST		Demonstration Page Request	1685945731569	1685945791573	KO	i.g.h.c.i.RequestTimeoutException: Request timeout to tmsssepfisheries.org/107.161.23.26:443 after 60000 ms
USER	Demonstration Page Load Test	END	1685945791574
REQUEST		Demonstration Page Request	1685945731771	1685945791775	KO	i.g.h.c.i.RequestTimeoutException: Request timeout to tmsssepfisheries.org/107.161.23.26:443 after 60000 ms
USER	Demonstration Page Load Test	END	1685945791776
REQUEST		Demonstration Page Request	1685945731977	1685945791979	KO	i.g.h.c.i.RequestTimeoutException: Request timeout to tmsssepfisheries.org/107.161.23.26:443 after 60000 ms
USER	Demonstration Page Load Test	END	1685945791981
REQUEST		Demonstration Page Request	1685945732163	1685945792170	KO	i.g.h.c.i.RequestTimeoutException: Request timeout to tmsssepfisheries.org/107.161.23.26:443 after 60000 ms
USER	Demonstration Page Load Test	END	1685945792171
REQUEST		Demonstration Page Request	1685945732364	1685945792375	KO	i.g.h.c.i.RequestTimeoutException: Request timeout to tmsssepfisheries.org/107.161.23.26:443 after 60000 ms
USER	Demonstration Page Load Test	END	1685945792376
REQUEST		Demonstration Page Request	1685945732569	1685945792574	KO	i.g.h.c.i.RequestTimeoutException: Request timeout to tmsssepfisheries.org/107.161.23.26:443 after 60000 ms
USER	Demonstration Page Load Test	END	1685945792575
REQUEST		Demonstration Page Request	1685945732767	1685945792777	KO	i.g.h.c.i.RequestTimeoutException: Request timeout to tmsssepfisheries.org/107.161.23.26:443 after 60000 ms
USER	Demonstration Page Load Test	END	1685945792778
REQUEST		Demonstration Page Request	1685945732971	1685945792981	KO	i.g.h.c.i.RequestTimeoutException: Request timeout to tmsssepfisheries.org/107.161.23.26:443 after 60000 ms
USER	Demonstration Page Load Test	END	1685945792982
REQUEST		Demonstration Page Request	1685945733174	1685945793182	KO	i.g.h.c.i.RequestTimeoutException: Request timeout to tmsssepfisheries.org/107.161.23.26:443 after 60000 ms
USER	Demonstration Page Load Test	END	1685945793183
REQUEST		Demonstration Page Request	1685945733377	1685945793388	KO	i.g.h.c.i.RequestTimeoutException: Request timeout to tmsssepfisheries.org/107.161.23.26:443 after 60000 ms
USER	Demonstration Page Load Test	END	1685945793388
REQUEST		Demonstration Page Request	1685945733581	1685945793588	KO	i.g.h.c.i.RequestTimeoutException: Request timeout to tmsssepfisheries.org/107.161.23.26:443 after 60000 ms
USER	Demonstration Page Load Test	END	1685945793590
REQUEST		Demonstration Page Request	1685945733767	1685945793776	KO	i.g.h.c.i.RequestTimeoutException: Request timeout to tmsssepfisheries.org/107.161.23.26:443 after 60000 ms
USER	Demonstration Page Load Test	END	1685945793776
REQUEST		Demonstration Page Request	1685945733972	1685945793980	KO	i.g.h.c.i.RequestTimeoutException: Request timeout to tmsssepfisheries.org/107.161.23.26:443 after 60000 ms
USER	Demonstration Page Load Test	END	1685945793981
REQUEST		Demonstration Page Request	1685945734174	1685945794182	KO	i.g.h.c.i.RequestTimeoutException: Request timeout to tmsssepfisheries.org/107.161.23.26:443 after 60000 ms
USER	Demonstration Page Load Test	END	1685945794183
REQUEST		Demonstration Page Request	1685945734376	1685945794389	KO	i.g.h.c.i.RequestTimeoutException: Request timeout to tmsssepfisheries.org/107.161.23.26:443 after 60000 ms
USER	Demonstration Page Load Test	END	1685945794389
REQUEST		Demonstration Page Request	1685945734579	1685945794593	KO	i.g.h.c.i.RequestTimeoutException: Request timeout to tmsssepfisheries.org/107.161.23.26:443 after 60000 ms
USER	Demonstration Page Load Test	END	1685945794594
REQUEST		Demonstration Page Request	1685945734764	1685945794766	KO	i.g.h.c.i.RequestTimeoutException: Request timeout to tmsssepfisheries.org/107.161.23.26:443 after 60000 ms
USER	Demonstration Page Load Test	END	1685945794767
REQUEST		Demonstration Page Request	1685945734969	1685945794982	KO	i.g.h.c.i.RequestTimeoutException: Request timeout to tmsssepfisheries.org/107.161.23.26:443 after 60000 ms
USER	Demonstration Page Load Test	END	1685945794983
REQUEST		Demonstration Page Request	1685945735171	1685945795184	KO	i.g.h.c.i.RequestTimeoutException: Request timeout to tmsssepfisheries.org/107.161.23.26:443 after 60000 ms
USER	Demonstration Page Load Test	END	1685945795186
REQUEST		Demonstration Page Request	1685945735375	1685945795389	KO	i.g.h.c.i.RequestTimeoutException: Request timeout to tmsssepfisheries.org/107.161.23.26:443 after 60000 ms
USER	Demonstration Page Load Test	END	1685945795390
REQUEST		Demonstration Page Request	1685945735579	1685945795593	KO	i.g.h.c.i.RequestTimeoutException: Request timeout to tmsssepfisheries.org/107.161.23.26:443 after 60000 ms
USER	Demonstration Page Load Test	END	1685945795594
REQUEST		Demonstration Page Request	1685945735765	1685945795781	KO	i.g.h.c.i.RequestTimeoutException: Request timeout to tmsssepfisheries.org/107.161.23.26:443 after 60000 ms
USER	Demonstration Page Load Test	END	1685945795782
REQUEST		Demonstration Page Request	1685945735972	1685945795988	KO	i.g.h.c.i.RequestTimeoutException: Request timeout to tmsssepfisheries.org/107.161.23.26:443 after 60000 ms
USER	Demonstration Page Load Test	END	1685945795988
REQUEST		Demonstration Page Request	1685945736176	1685945796188	KO	i.g.h.c.i.RequestTimeoutException: Request timeout to tmsssepfisheries.org/107.161.23.26:443 after 60000 ms
USER	Demonstration Page Load Test	END	1685945796188
REQUEST		Demonstration Page Request	1685945736378	1685945796394	KO	i.g.h.c.i.RequestTimeoutException: Request timeout to tmsssepfisheries.org/107.161.23.26:443 after 60000 ms
USER	Demonstration Page Load Test	END	1685945796395
REQUEST		Demonstration Page Request	1685945736567	1685945796580	KO	i.g.h.c.i.RequestTimeoutException: Request timeout to tmsssepfisheries.org/107.161.23.26:443 after 60000 ms
USER	Demonstration Page Load Test	END	1685945796581
REQUEST		Demonstration Page Request	1685945736771	1685945796781	KO	i.g.h.c.i.RequestTimeoutException: Request timeout to tmsssepfisheries.org/107.161.23.26:443 after 60000 ms
USER	Demonstration Page Load Test	END	1685945796781
REQUEST		Demonstration Page Request	1685945736972	1685945796981	KO	i.g.h.c.i.RequestTimeoutException: Request timeout to tmsssepfisheries.org/107.161.23.26:443 after 60000 ms
USER	Demonstration Page Load Test	END	1685945796982
REQUEST		Demonstration Page Request	1685945737177	1685945797186	KO	i.g.h.c.i.RequestTimeoutException: Request timeout to tmsssepfisheries.org/107.161.23.26:443 after 60000 ms
USER	Demonstration Page Load Test	END	1685945797187
REQUEST		Demonstration Page Request	1685945737379	1685945797389	KO	i.g.h.c.i.RequestTimeoutException: Request timeout to tmsssepfisheries.org/107.161.23.26:443 after 60000 ms
USER	Demonstration Page Load Test	END	1685945797390
