RUN	com.tmsssepfisheries.tests.Environment	environment	1685945898499	Environment Club  Page Test	3.6.1
USER	Environment Club Load Test	START	1685945899964
USER	Environment Club Load Test	START	1685945900141
USER	Environment Club Load Test	START	1685945900346
USER	Environment Club Load Test	START	1685945900549
USER	Environment Club Load Test	START	1685945900751
USER	Environment Club Load Test	START	1685945900954
USER	Environment Club Load Test	START	1685945901158
USER	Environment Club Load Test	START	1685945901360
USER	Environment Club Load Test	START	1685945901549
USER	Environment Club Load Test	START	1685945901751
USER	Environment Club Load Test	START	1685945901953
USER	Environment Club Load Test	START	1685945902144
USER	Environment Club Load Test	START	1685945902349
USER	Environment Club Load Test	START	1685945902539
USER	Environment Club Load Test	START	1685945902743
USER	Environment Club Load Test	START	1685945902946
USER	Environment Club Load Test	START	1685945903133
USER	Environment Club Load Test	START	1685945903338
USER	Environment Club Load Test	START	1685945903542
USER	Environment Club Load Test	START	1685945903747
USER	Environment Club Load Test	START	1685945903949
USER	Environment Club Load Test	START	1685945904138
USER	Environment Club Load Test	START	1685945904341
USER	Environment Club Load Test	START	1685945904544
USER	Environment Club Load Test	START	1685945904735
USER	Environment Club Load Test	START	1685945904937
USER	Environment Club Load Test	START	1685945905140
USER	Environment Club Load Test	START	1685945905344
USER	Environment Club Load Test	START	1685945905535
USER	Environment Club Load Test	START	1685945905741
USER	Environment Club Load Test	START	1685945905946
USER	Environment Club Load Test	START	1685945906135
USER	Environment Club Load Test	START	1685945906339
USER	Environment Club Load Test	START	1685945906544
USER	Environment Club Load Test	START	1685945906748
USER	Environment Club Load Test	START	1685945906951
USER	Environment Club Load Test	START	1685945907135
USER	Environment Club Load Test	START	1685945907339
USER	Environment Club Load Test	START	1685945907542
USER	Environment Club Load Test	START	1685945907745
USER	Environment Club Load Test	START	1685945907946
USER	Environment Club Load Test	START	1685945908147
USER	Environment Club Load Test	START	1685945908337
USER	Environment Club Load Test	START	1685945908541
USER	Environment Club Load Test	START	1685945908745
USER	Environment Club Load Test	START	1685945908946
USER	Environment Club Load Test	START	1685945909134
USER	Environment Club Load Test	START	1685945909337
USER	Environment Club Load Test	START	1685945909539
USER	Environment Club Load Test	START	1685945909742
USER	Environment Club Load Test	START	1685945909945
USER	Environment Club Load Test	START	1685945910134
USER	Environment Club Load Test	START	1685945910341
USER	Environment Club Load Test	START	1685945910543
USER	Environment Club Load Test	START	1685945910746
USER	Environment Club Load Test	START	1685945910948
USER	Environment Club Load Test	START	1685945911133
USER	Environment Club Load Test	START	1685945911338
USER	Environment Club Load Test	START	1685945911540
USER	Environment Club Load Test	START	1685945911746
USER	Environment Club Load Test	START	1685945911947
USER	Environment Club Load Test	START	1685945912134
USER	Environment Club Load Test	START	1685945912339
USER	Environment Club Load Test	START	1685945912542
USER	Environment Club Load Test	START	1685945912744
USER	Environment Club Load Test	START	1685945912946
USER	Environment Club Load Test	START	1685945913146
USER	Environment Club Load Test	START	1685945913336
USER	Environment Club Load Test	START	1685945913538
USER	Environment Club Load Test	START	1685945913740
USER	Environment Club Load Test	START	1685945913951
USER	Environment Club Load Test	START	1685945914137
USER	Environment Club Load Test	START	1685945914337
USER	Environment Club Load Test	START	1685945914538
USER	Environment Club Load Test	START	1685945914747
USER	Environment Club Load Test	START	1685945914947
USER	Environment Club Load Test	START	1685945915145
USER	Environment Club Load Test	START	1685945915332
USER	Environment Club Load Test	START	1685945915537
USER	Environment Club Load Test	START	1685945915742
USER	Environment Club Load Test	START	1685945915932
USER	Environment Club Load Test	START	1685945916135
USER	Environment Club Load Test	START	1685945916340
USER	Environment Club Load Test	START	1685945916541
USER	Environment Club Load Test	START	1685945916748
USER	Environment Club Load Test	START	1685945916973
USER	Environment Club Load Test	START	1685945917133
USER	Environment Club Load Test	START	1685945917336
USER	Environment Club Load Test	START	1685945917539
USER	Environment Club Load Test	START	1685945917743
USER	Environment Club Load Test	START	1685945917947
USER	Environment Club Load Test	START	1685945918133
USER	Environment Club Load Test	START	1685945918338
USER	Environment Club Load Test	START	1685945918539
USER	Environment Club Load Test	START	1685945918745
USER	Environment Club Load Test	START	1685945918948
USER	Environment Club Load Test	START	1685945919138
USER	Environment Club Load Test	START	1685945919345
USER	Environment Club Load Test	START	1685945919548
USER	Environment Club Load Test	START	1685945919737
REQUEST		Environment Club Request	1685945900752	1685945922940	KO	status.find.is(200), but actually found 500
USER	Environment Club Load Test	END	1685945923031
REQUEST		Environment Club Request	1685945900141	1685945923043	KO	status.find.is(200), but actually found 500
USER	Environment Club Load Test	END	1685945923046
REQUEST		Environment Club Request	1685945901360	1685945923148	KO	status.find.is(200), but actually found 500
REQUEST		Environment Club Request	1685945900347	1685945923150	KO	status.find.is(200), but actually found 500
USER	Environment Club Load Test	END	1685945923155
USER	Environment Club Load Test	END	1685945923157
REQUEST		Environment Club Request	1685945901752	1685945930505	OK	 
REQUEST		Environment Club Request	1685945902744	1685945930515	OK	 
REQUEST		Environment Club Request	1685945902145	1685945930517	OK	 
REQUEST		style.min.css?ver=6.2.2	1685945930961	1685945931260	OK	 
REQUEST		style.min.css?ver=6.2.2	1685945930961	1685945931263	OK	 
REQUEST		style.min.css?ver=6.2.2	1685945930961	1685945931290	OK	 
REQUEST		css?family=Lato%3A100%2C200%2C300%2C400%2C500%2C600%2C700%2C800%2C900%2C100i%2C200i%2C300i%2C400i%2C500i%2C600i%2C700i%2C800i%2C900i&subset=latin&display=swap&ver=6.2.2	1685945930950	1685945931329	OK	 
REQUEST		css?family=Lato%3A100%2C200%2C300%2C400%2C500%2C600%2C700%2C800%2C900%2C100i%2C200i%2C300i%2C400i%2C500i%2C600i%2C700i%2C800i%2C900i&subset=latin&display=swap&ver=6.2.2	1685945930948	1685945931329	OK	 
REQUEST		css?family=Lato%3A100%2C100italic%2C200%2C200italic%2C300%2C300italic%2C400%2C400italic%2C500%2C500italic%2C600%2C600italic%2C700%2C700italic%2C800%2C800italic%2C900%2C900italic%7CRoboto+Slab%3A100%2C100italic%2C200%2C200italic%2C300%2C300italic%2C400%2C400italic%2C500%2C500italic%2C600%2C600italic%2C700%2C700italic%2C800%2C800italic%2C900%2C900italic%7CRoboto%3A100%2C100italic%2C200%2C200italic%2C300%2C300italic%2C400%2C400italic%2C500%2C500italic%2C600%2C600italic%2C700%2C700italic%2C800%2C800italic%2C900%2C900italic%7CPlayfair+Display%3A100%2C100italic%2C200%2C200italic%2C300%2C300italic%2C400%2C400italic%2C500%2C500italic%2C600%2C600italic%2C700%2C700italic%2C800%2C800italic%2C900%2C900italic%7CArchivo%3A100%2C100italic%2C200%2C200italic%2C300%2C300italic%2C400%2C400italic%2C500%2C500italic%2C600%2C600italic%2C700%2C700italic%2C800%2C800italic%2C900%2C900italic&display=swap&ver=6.2.2	1685945930960	1685945931335	OK	 
REQUEST		css?family=Lato%3A100%2C100italic%2C200%2C200italic%2C300%2C300italic%2C400%2C400italic%2C500%2C500italic%2C600%2C600italic%2C700%2C700italic%2C800%2C800italic%2C900%2C900italic%7CRoboto+Slab%3A100%2C100italic%2C200%2C200italic%2C300%2C300italic%2C400%2C400italic%2C500%2C500italic%2C600%2C600italic%2C700%2C700italic%2C800%2C800italic%2C900%2C900italic%7CRoboto%3A100%2C100italic%2C200%2C200italic%2C300%2C300italic%2C400%2C400italic%2C500%2C500italic%2C600%2C600italic%2C700%2C700italic%2C800%2C800italic%2C900%2C900italic%7CPlayfair+Display%3A100%2C100italic%2C200%2C200italic%2C300%2C300italic%2C400%2C400italic%2C500%2C500italic%2C600%2C600italic%2C700%2C700italic%2C800%2C800italic%2C900%2C900italic%7CArchivo%3A100%2C100italic%2C200%2C200italic%2C300%2C300italic%2C400%2C400italic%2C500%2C500italic%2C600%2C600italic%2C700%2C700italic%2C800%2C800italic%2C900%2C900italic&display=swap&ver=6.2.2	1685945930960	1685945931340	OK	 
REQUEST		css?family=Lato%3A100%2C200%2C300%2C400%2C500%2C600%2C700%2C800%2C900%2C100i%2C200i%2C300i%2C400i%2C500i%2C600i%2C700i%2C800i%2C900i&subset=latin&display=swap&ver=6.2.2	1685945930947	1685945931347	OK	 
REQUEST		css?family=Lato%3A100%2C100italic%2C200%2C200italic%2C300%2C300italic%2C400%2C400italic%2C500%2C500italic%2C600%2C600italic%2C700%2C700italic%2C800%2C800italic%2C900%2C900italic%7CRoboto+Slab%3A100%2C100italic%2C200%2C200italic%2C300%2C300italic%2C400%2C400italic%2C500%2C500italic%2C600%2C600italic%2C700%2C700italic%2C800%2C800italic%2C900%2C900italic%7CRoboto%3A100%2C100italic%2C200%2C200italic%2C300%2C300italic%2C400%2C400italic%2C500%2C500italic%2C600%2C600italic%2C700%2C700italic%2C800%2C800italic%2C900%2C900italic%7CPlayfair+Display%3A100%2C100italic%2C200%2C200italic%2C300%2C300italic%2C400%2C400italic%2C500%2C500italic%2C600%2C600italic%2C700%2C700italic%2C800%2C800italic%2C900%2C900italic%7CArchivo%3A100%2C100italic%2C200%2C200italic%2C300%2C300italic%2C400%2C400italic%2C500%2C500italic%2C600%2C600italic%2C700%2C700italic%2C800%2C800italic%2C900%2C900italic&display=swap&ver=6.2.2	1685945930960	1685945931352	OK	 
REQUEST		woo-mini-cart.min.css?ver=6.2.2	1685945931327	1685945931608	OK	 
REQUEST		woo-mini-cart.min.css?ver=6.2.2	1685945931327	1685945931617	OK	 
REQUEST		woo-mini-cart.min.css?ver=6.2.2	1685945931330	1685945931617	OK	 
REQUEST		all.min.css?ver=5.15.1	1685945931614	1685945931900	OK	 
REQUEST		all.min.css?ver=5.15.1	1685945931621	1685945931913	OK	 
REQUEST		all.min.css?ver=5.15.1	1685945931621	1685945931916	OK	 
REQUEST		classic-themes.min.css?ver=6.2.2	1685945930965	1685945931924	OK	 
REQUEST		wc-blocks-vendors-style.css?ver=10.0.6	1685945930963	1685945931927	OK	 
REQUEST		wc-blocks-vendors-style.css?ver=10.0.6	1685945930962	1685945931929	OK	 
REQUEST		styles.css?ver=5.7.6	1685945930967	1685945931935	OK	 
REQUEST		classic-themes.min.css?ver=6.2.2	1685945930974	1685945931938	OK	 
REQUEST		wc-blocks-vendors-style.css?ver=10.0.6	1685945930963	1685945931939	OK	 
REQUEST		styles.css?ver=5.7.6	1685945930979	1685945931942	OK	 
REQUEST		style.css?ver=6.2.2	1685945930966	1685945931942	OK	 
REQUEST		styles.css?ver=5.7.6	1685945930977	1685945931947	OK	 
REQUEST		style.css?ver=6.2.2	1685945930977	1685945931950	OK	 
REQUEST		style.css?ver=6.2.2	1685945930976	1685945931951	OK	 
REQUEST		classic-themes.min.css?ver=6.2.2	1685945930965	1685945931953	OK	 
REQUEST		simple-line-icons.min.css?ver=2.4.0	1685945931904	1685945932187	OK	 
REQUEST		simple-line-icons.min.css?ver=2.4.0	1685945931917	1685945932204	OK	 
REQUEST		simple-line-icons.min.css?ver=2.4.0	1685945931919	1685945932206	OK	 
REQUEST		swiper.min.css?ver=5.3.6	1685945931943	1685945932230	OK	 
REQUEST		swiper.min.css?ver=5.3.6	1685945931952	1685945932239	OK	 
REQUEST		swiper.min.css?ver=5.3.6	1685945931955	1685945932255	OK	 
REQUEST		post-5.css?ver=1682506416	1685945932189	1685945932483	OK	 
REQUEST		elementor-icons.min.css?ver=5.20.0	1685945931937	1685945932491	OK	 
REQUEST		post-5.css?ver=1682506416	1685945932206	1685945932493	OK	 
REQUEST		post-5.css?ver=1682506416	1685945932207	1685945932492	OK	 
REQUEST		elementor-icons.min.css?ver=5.20.0	1685945931939	1685945932517	OK	 
REQUEST		elementor-icons.min.css?ver=5.20.0	1685945931943	1685945932524	OK	 
REQUEST		frontend-lite.min.css?ver=3.11.3	1685945932232	1685945932533	OK	 
REQUEST		frontend-lite.min.css?ver=3.11.3	1685945932240	1685945932534	OK	 
REQUEST		frontend-lite.min.css?ver=3.11.3	1685945932256	1685945932542	OK	 
REQUEST		global.css?ver=1682506424	1685945932486	1685945932774	OK	 
REQUEST		post-24.css?ver=1682606329	1685945932493	1685945932780	OK	 
REQUEST		style.min.css?ver=3.4.3	1685945931930	1685945932796	OK	 
REQUEST		global.css?ver=1682506424	1685945932496	1685945932805	OK	 
REQUEST		frontend-lite.min.css?ver=3.13.4	1685945931940	1685945932810	OK	 
REQUEST		style.min.css?ver=3.4.3	1685945931930	1685945932812	OK	 
REQUEST		global.css?ver=1682506424	1685945932495	1685945932814	OK	 
REQUEST		post-24.css?ver=1682606329	1685945932526	1685945932818	OK	 
REQUEST		post-24.css?ver=1682606329	1685945932519	1685945932820	OK	 
REQUEST		frontend-lite.min.css?ver=3.13.4	1685945931949	1685945932824	OK	 
REQUEST		post-135.css?ver=1682506425	1685945932535	1685945932840	OK	 
REQUEST		post-135.css?ver=1682506425	1685945932537	1685945932840	OK	 
REQUEST		frontend-lite.min.css?ver=3.13.4	1685945931952	1685945932842	OK	 
REQUEST		post-135.css?ver=1682506425	1685945932543	1685945932845	OK	 
REQUEST		wc-blocks-style.css?ver=10.0.6	1685945930964	1685945933036	OK	 
REQUEST		style.min.css?ver=3.4.3	1685945931926	1685945933049	OK	 
REQUEST		post-176.css?ver=1682506425	1685945932776	1685945933060	OK	 
REQUEST		wc-blocks-style.css?ver=10.0.6	1685945930973	1685945933080	OK	 
REQUEST		post-176.css?ver=1682506425	1685945932807	1685945933090	OK	 
REQUEST		post-176.css?ver=1682506425	1685945932811	1685945933092	OK	 
REQUEST		jquery-ui.min.css?ver=7.7.2	1685945932813	1685945933099	OK	 
REQUEST		ekiticons.css?ver=2.8.7	1685945932816	1685945933112	OK	 
REQUEST		ekiticons.css?ver=2.8.7	1685945932814	1685945933122	OK	 
REQUEST		wc-blocks-style.css?ver=10.0.6	1685945930964	1685945933125	OK	 
REQUEST		jquery-ui.min.css?ver=7.7.2	1685945932822	1685945933130	OK	 
REQUEST		jquery-ui.min.css?ver=7.7.2	1685945932820	1685945933130	OK	 
REQUEST		wcfmicon.min.css?ver=6.7.0	1685945932825	1685945933134	OK	 
REQUEST		wcfmicon.min.css?ver=6.7.0	1685945932843	1685945933141	OK	 
REQUEST		wcfm-style-core.css?ver=6.7.0	1685945932843	1685945933144	OK	 
REQUEST		wcfm-style-core.css?ver=6.7.0	1685945932846	1685945933147	OK	 
REQUEST		wcfm-style-core.css?ver=6.7.0	1685945933043	1685945933324	OK	 
REQUEST		woocommerce.min.css?ver=6.2.2	1685945933051	1685945933337	OK	 
REQUEST		woo-star-font.min.css?ver=6.2.2	1685945933062	1685945933345	OK	 
REQUEST		woo-star-font.min.css?ver=6.2.2	1685945933094	1685945933374	OK	 
REQUEST		woocommerce.min.css?ver=6.2.2	1685945933082	1685945933378	OK	 
REQUEST		woocommerce.min.css?ver=6.2.2	1685945933091	1685945933382	OK	 
REQUEST		woo-quick-view.min.css?ver=6.2.2	1685945933101	1685945933385	OK	 
REQUEST		woo-quick-view.min.css?ver=6.2.2	1685945933115	1685945933397	OK	 
REQUEST		woo-star-font.min.css?ver=6.2.2	1685945933124	1685945933409	OK	 
REQUEST		woo-quick-view.min.css?ver=6.2.2	1685945933128	1685945933418	OK	 
REQUEST		wcfmicon.min.css?ver=6.7.0	1685945932842	1685945933422	OK	 
REQUEST		responsive.css?ver=2.8.7	1685945933137	1685945933426	OK	 
REQUEST		responsive.css?ver=2.8.7	1685945933142	1685945933429	OK	 
REQUEST		um-fonticons-ii.css?ver=2.6.0	1685945933148	1685945933443	OK	 
REQUEST		um-fonticons-ii.css?ver=2.6.0	1685945933147	1685945933443	OK	 
REQUEST		ekiticons.css?ver=2.8.7	1685945932782	1685945933617	OK	 
REQUEST		responsive.css?ver=2.8.7	1685945933341	1685945933629	OK	 
REQUEST		um-fonticons-ii.css?ver=2.6.0	1685945933347	1685945933636	OK	 
REQUEST		um-fonticons-fa.css?ver=2.6.0	1685945933376	1685945933657	OK	 
REQUEST		select2.min.css?ver=4.0.13	1685945933380	1685945933663	OK	 
REQUEST		um-fonticons-fa.css?ver=2.6.0	1685945933384	1685945933669	OK	 
REQUEST		um-fonticons-fa.css?ver=2.6.0	1685945933387	1685945933672	OK	 
REQUEST		um-crop.css?ver=2.6.0	1685945933399	1685945933681	OK	 
REQUEST		select2.min.css?ver=4.0.13	1685945933410	1685945933701	OK	 
REQUEST		um-crop.css?ver=2.6.0	1685945933420	1685945933713	OK	 
REQUEST		select2.min.css?ver=4.0.13	1685945933423	1685945933719	OK	 
REQUEST		um-modal.css?ver=2.6.0	1685945933428	1685945933719	OK	 
REQUEST		um-modal.css?ver=2.6.0	1685945933430	1685945933722	OK	 
REQUEST		um-styles.css?ver=2.6.0	1685945933444	1685945933731	OK	 
REQUEST		um-styles.css?ver=2.6.0	1685945933445	1685945933734	OK	 
REQUEST		widget-styles.css?ver=2.8.7	1685945933326	1685945933908	OK	 
REQUEST		um-modal.css?ver=2.6.0	1685945933630	1685945933925	OK	 
REQUEST		um-crop.css?ver=2.6.0	1685945933619	1685945933928	OK	 
REQUEST		um-styles.css?ver=2.6.0	1685945933638	1685945933931	OK	 
REQUEST		um-profile.css?ver=2.6.0	1685945933658	1685945933944	OK	 
REQUEST		um-profile.css?ver=2.6.0	1685945933670	1685945933954	OK	 
REQUEST		um-account.css?ver=2.6.0	1685945933664	1685945933954	OK	 
REQUEST		um-profile.css?ver=2.6.0	1685945933673	1685945933974	OK	 
REQUEST		um-misc.css?ver=2.6.0	1685945933682	1685945933976	OK	 
REQUEST		um-account.css?ver=2.6.0	1685945933702	1685945933987	OK	 
REQUEST		um-misc.css?ver=2.6.0	1685945933714	1685945933999	OK	 
REQUEST		um-fileupload.css?ver=2.6.0	1685945933720	1685945934001	OK	 
REQUEST		um-account.css?ver=2.6.0	1685945933720	1685945934003	OK	 
REQUEST		um-fileupload.css?ver=2.6.0	1685945933723	1685945934011	OK	 
REQUEST		default.css?ver=2.6.0	1685945933733	1685945934017	OK	 
REQUEST		default.css?ver=2.6.0	1685945933735	1685945934022	OK	 
REQUEST		um-misc.css?ver=2.6.0	1685945933923	1685945934202	OK	 
REQUEST		um-fileupload.css?ver=2.6.0	1685945933926	1685945934206	OK	 
REQUEST		default.css?ver=2.6.0	1685945933929	1685945934209	OK	 
REQUEST		default.date.css?ver=2.6.0	1685945933932	1685945934220	OK	 
REQUEST		default.date.css?ver=2.6.0	1685945933946	1685945934225	OK	 
REQUEST		default.date.css?ver=2.6.0	1685945933955	1685945934238	OK	 
REQUEST		default.time.css?ver=2.6.0	1685945933957	1685945934239	OK	 
REQUEST		default.time.css?ver=2.6.0	1685945933975	1685945934262	OK	 
REQUEST		um-raty.css?ver=2.6.0	1685945933978	1685945934264	OK	 
REQUEST		widget-styles.css?ver=2.8.7	1685945933131	1685945934267	OK	 
REQUEST		widget-styles.css?ver=2.8.7	1685945933131	1685945934278	OK	 
REQUEST		default.time.css?ver=2.6.0	1685945933988	1685945934279	OK	 
REQUEST		um-raty.css?ver=2.6.0	1685945934000	1685945934287	OK	 
REQUEST		simplebar.css?ver=2.6.0	1685945934002	1685945934287	OK	 
REQUEST		um-raty.css?ver=2.6.0	1685945934004	1685945934292	OK	 
REQUEST		um-tipsy.css?ver=2.6.0	1685945934023	1685945934309	OK	 
REQUEST		simplebar.css?ver=2.6.0	1685945934012	1685945934311	OK	 
REQUEST		um-tipsy.css?ver=2.6.0	1685945934018	1685945934314	OK	 
REQUEST		simplebar.css?ver=2.6.0	1685945934203	1685945934482	OK	 
REQUEST		um-tipsy.css?ver=2.6.0	1685945934207	1685945934488	OK	 
REQUEST		um-responsive.css?ver=2.6.0	1685945934210	1685945934491	OK	 
REQUEST		um-responsive.css?ver=2.6.0	1685945934226	1685945934515	OK	 
REQUEST		um-old-default.css?ver=2.6.0	1685945934240	1685945934530	OK	 
REQUEST		um-old-default.css?ver=2.6.0	1685945934222	1685945934532	OK	 
REQUEST		um-responsive.css?ver=2.6.0	1685945934239	1685945934535	OK	 
REQUEST		fontawesome.min.css?ver=5.15.3	1685945934263	1685945934550	OK	 
REQUEST		fontawesome.min.css?ver=5.15.3	1685945934265	1685945934556	OK	 
REQUEST		um-old-default.css?ver=2.6.0	1685945934270	1685945934556	OK	 
REQUEST		solid.min.css?ver=5.15.3	1685945934284	1685945934567	OK	 
REQUEST		regular.min.css?ver=5.15.3	1685945934288	1685945934573	OK	 
REQUEST		fontawesome.min.css?ver=5.15.3	1685945934283	1685945934575	OK	 
REQUEST		solid.min.css?ver=5.15.3	1685945934290	1685945934577	OK	 
REQUEST		solid.min.css?ver=5.15.3	1685945934294	1685945934580	OK	 
REQUEST		regular.min.css?ver=5.15.3	1685945934312	1685945934597	OK	 
REQUEST		jquery.min.js?ver=3.6.4	1685945934310	1685945934604	OK	 
REQUEST		regular.min.css?ver=5.15.3	1685945934483	1685945934763	OK	 
REQUEST		jquery.min.js?ver=3.6.4	1685945934489	1685945934775	OK	 
REQUEST		jquery-migrate.min.js?ver=3.4.0	1685945934494	1685945934777	OK	 
REQUEST		jquery-migrate.min.js?ver=3.4.0	1685945934516	1685945934801	OK	 
REQUEST		um-gdpr.min.js?ver=2.6.0	1685945934533	1685945934813	OK	 
REQUEST		um-gdpr.min.js?ver=2.6.0	1685945934531	1685945934813	OK	 
REQUEST		jquery-migrate.min.js?ver=3.4.0	1685945934536	1685945934819	OK	 
REQUEST		widget-theme-elements.min.css	1685945934552	1685945934837	OK	 
REQUEST		um-gdpr.min.js?ver=2.6.0	1685945934557	1685945934839	OK	 
REQUEST		widget-theme-elements.min.css	1685945934557	1685945934840	OK	 
REQUEST		widget-icon-list.min.css	1685945934568	1685945934854	OK	 
REQUEST		widget-theme-elements.min.css	1685945934576	1685945934861	OK	 
REQUEST		widget-nav-menu.min.css	1685945934574	1685945934864	OK	 
REQUEST		widget-icon-list.min.css	1685945934581	1685945934866	OK	 
REQUEST		widget-icon-list.min.css	1685945934578	1685945934868	OK	 
REQUEST		widget-nav-menu.min.css	1685945934597	1685945934883	OK	 
REQUEST		jquery.min.js?ver=3.6.4	1685945934315	1685945934887	OK	 
REQUEST		Environment Club Request	1685945901158	1685945935042	OK	 
USER	Environment Club Load Test	END	1685945935047
REQUEST		widget-nav-menu.min.css	1685945934764	1685945935052	OK	 
REQUEST		widget-woocommerce.min.css	1685945934776	1685945935077	OK	 
REQUEST		EC_MODHUMNOTI_GOP-1.jpg	1685945934814	1685945935143	OK	 
REQUEST		EC_BAKIBEK_NAT_0106-2-1-1024x768.jpeg	1685945935053	1685945935348	OK	 
REQUEST		scripts.js?ver=1.0	1685945935080	1685945935358	OK	 
REQUEST		EC_BAKIBEK_NAT_0106-2-1.jpeg	1685945934778	1685945935366	OK	 
REQUEST		EC_MODHUMNOTI_GOP-1.jpg	1685945934814	1685945935384	OK	 
REQUEST		scripts.js?ver=1.0	1685945935144	1685945935432	OK	 
REQUEST		index.js?ver=5.7.6	1685945935349	1685945935635	OK	 
REQUEST		index.js?ver=5.7.6	1685945935359	1685945935641	OK	 
REQUEST		EC_BAKIBEK_NAT_0106-2-1.jpeg	1685945934802	1685945935644	OK	 
REQUEST		jquery.blockUI.min.js?ver=2.7.0-wc.7.7.2	1685945935367	1685945935646	OK	 
REQUEST		add-to-cart.min.js?ver=7.7.2	1685945935385	1685945935668	OK	 
REQUEST		index.js?ver=5.7.6	1685945935432	1685945935715	OK	 
REQUEST		widget-woocommerce.min.css	1685945934820	1685945935719	OK	 
REQUEST		js.cookie.min.js?ver=2.1.4-wc.7.7.2	1685945935636	1685945935915	OK	 
REQUEST		woocommerce.min.js?ver=7.7.2	1685945935642	1685945935921	OK	 
REQUEST		cart-fragments.min.js?ver=7.7.2	1685945935647	1685945935924	OK	 
REQUEST		index.js?ver=5.7.6	1685945935645	1685945935925	OK	 
REQUEST		imagesloaded.min.js?ver=4.1.4	1685945935668	1685945935951	OK	 
REQUEST		EC_BAKIBEK_NAT_0106-2-1.jpeg	1685945934840	1685945935986	OK	 
REQUEST		jquery.blockUI.min.js?ver=2.7.0-wc.7.7.2	1685945935716	1685945935998	OK	 
REQUEST		EC_BAKIBEK_NAT_0106-2-1-1024x768.jpeg	1685945934866	1685945936038	OK	 
REQUEST		scripts.js?ver=1.0	1685945935721	1685945936050	OK	 
REQUEST		EC_BAKIBEK_NAT_0106-2-1-1024x768.jpeg	1685945934888	1685945936073	OK	 
REQUEST		theme.min.js?ver=3.4.3	1685945935916	1685945936198	OK	 
REQUEST		add-to-cart.min.js?ver=7.7.2	1685945935926	1685945936205	OK	 
REQUEST		drop-down-mobile-menu.min.js?ver=3.4.3	1685945935922	1685945936205	OK	 
REQUEST		magnific-popup.min.js?ver=3.4.3	1685945935925	1685945936207	OK	 
REQUEST		ow-lightbox.min.js?ver=3.4.3	1685945935952	1685945936233	OK	 
REQUEST		index.js?ver=5.7.6	1685945935986	1685945936268	OK	 
REQUEST		js.cookie.min.js?ver=2.1.4-wc.7.7.2	1685945935999	1685945936280	OK	 
REQUEST		woocommerce.min.js?ver=7.7.2	1685945936039	1685945936325	OK	 
REQUEST		index.js?ver=5.7.6	1685945936051	1685945936345	OK	 
REQUEST		jquery.blockUI.min.js?ver=2.7.0-wc.7.7.2	1685945936074	1685945936367	OK	 
REQUEST		cart-fragments.min.js?ver=7.7.2	1685945936205	1685945936485	OK	 
REQUEST		flickity.pkgd.min.js?ver=3.4.3	1685945936199	1685945936486	OK	 
REQUEST		ow-slider.min.js?ver=3.4.3	1685945936205	1685945936487	OK	 
REQUEST		scroll-effect.min.js?ver=3.4.3	1685945936208	1685945936489	OK	 
REQUEST		scroll-top.min.js?ver=3.4.3	1685945936233	1685945936515	OK	 
REQUEST		add-to-cart.min.js?ver=7.7.2	1685945936268	1685945936549	OK	 
REQUEST		imagesloaded.min.js?ver=4.1.4	1685945936281	1685945936563	OK	 
REQUEST		TANK-CULTURE_RUPALI_GOP-1-scaled.jpg	1685945934855	1685945936583	OK	 
REQUEST		widget-woocommerce.min.css	1685945934605	1685945936585	OK	 
REQUEST		theme.min.js?ver=3.4.3	1685945936326	1685945936620	OK	 
REQUEST		js.cookie.min.js?ver=2.1.4-wc.7.7.2	1685945936346	1685945936628	OK	 
REQUEST		woocommerce.min.js?ver=7.7.2	1685945936367	1685945936652	OK	 
REQUEST		drop-down-mobile-menu.min.js?ver=3.4.3	1685945936486	1685945936769	OK	 
REQUEST		select.min.js?ver=3.4.3	1685945936486	1685945936769	OK	 
REQUEST		woo-custom-features.min.js?ver=3.4.3	1685945936487	1685945936773	OK	 
REQUEST		frontend-script.js?ver=2.8.7	1685945936489	1685945936776	OK	 
REQUEST		widget-scripts.js?ver=2.8.7	1685945936516	1685945936808	OK	 
REQUEST		cart-fragments.min.js?ver=7.7.2	1685945936549	1685945936830	OK	 
REQUEST		magnific-popup.min.js?ver=3.4.3	1685945936563	1685945936847	OK	 
REQUEST		ow-lightbox.min.js?ver=3.4.3	1685945936584	1685945936866	OK	 
REQUEST		ow-slider.min.js?ver=3.4.3	1685945936621	1685945936901	OK	 
REQUEST		imagesloaded.min.js?ver=4.1.4	1685945936629	1685945936916	OK	 
REQUEST		IMG20221003133815-scaled.jpg	1685945934869	1685945936918	OK	 
REQUEST		theme.min.js?ver=3.4.3	1685945936652	1685945936938	OK	 
REQUEST		jquery.blockUI.min.js?ver=6.7.0	1685945936770	1685945937052	OK	 
REQUEST		scroll-effect.min.js?ver=3.4.3	1685945936770	1685945937053	OK	 
REQUEST		core.min.js?ver=1.13.2	1685945936774	1685945937056	OK	 
REQUEST		datepicker.min.js?ver=1.13.2	1685945936776	1685945937059	OK	 
REQUEST		wcfm-script-core.js?ver=6.7.0	1685945936808	1685945937095	OK	 
REQUEST		drop-down-mobile-menu.min.js?ver=3.4.3	1685945936830	1685945937112	OK	 
REQUEST		IMG20221003133815-scaled.jpg	1685945934838	1685945937122	OK	 
REQUEST		scroll-top.min.js?ver=3.4.3	1685945936847	1685945937129	OK	 
REQUEST		select.min.js?ver=3.4.3	1685945936867	1685945937150	OK	 
REQUEST		woo-custom-features.min.js?ver=3.4.3	1685945936902	1685945937184	OK	 
REQUEST		magnific-popup.min.js?ver=3.4.3	1685945936916	1685945937200	OK	 
REQUEST		ow-lightbox.min.js?ver=3.4.3	1685945936918	1685945937203	OK	 
REQUEST		flickity.pkgd.min.js?ver=3.4.3	1685945936938	1685945937227	OK	 
REQUEST		frontend-script.js?ver=2.8.7	1685945937053	1685945937337	OK	 
REQUEST		woo-quick-view.min.js?ver=3.4.3	1685945937053	1685945937337	OK	 
REQUEST		underscore.min.js?ver=1.13.4	1685945937057	1685945937340	OK	 
REQUEST		wp-util.min.js?ver=6.2.2	1685945937060	1685945937343	OK	 
REQUEST		add-to-cart-variation.min.js?ver=7.7.2	1685945937096	1685945937383	OK	 
REQUEST		ow-slider.min.js?ver=3.4.3	1685945937112	1685945937394	OK	 
REQUEST		jquery.flexslider.min.js?ver=2.7.2-wc.7.7.2	1685945937123	1685945937408	OK	 
REQUEST		widget-scripts.js?ver=2.8.7	1685945937130	1685945937423	OK	 
REQUEST		jquery.blockUI.min.js?ver=6.7.0	1685945937151	1685945937435	OK	 
REQUEST		core.min.js?ver=1.13.2	1685945937185	1685945937470	OK	 
REQUEST		EC_MODHUMNOTI_GOP-1.jpg	1685945934862	1685945937479	OK	 
REQUEST		scroll-effect.min.js?ver=3.4.3	1685945937201	1685945937485	OK	 
REQUEST		scroll-top.min.js?ver=3.4.3	1685945937203	1685945937489	OK	 
REQUEST		select.min.js?ver=3.4.3	1685945937227	1685945937512	OK	 
REQUEST		woo-mini-cart.min.js?ver=3.4.3	1685945937338	1685945937617	OK	 
REQUEST		datepicker.min.js?ver=1.13.2	1685945937338	1685945937621	OK	 
REQUEST		select2.full.min.js?ver=4.0.13	1685945937341	1685945937627	OK	 
REQUEST		um-crop.min.js?ver=2.6.0	1685945937344	1685945937630	OK	 
REQUEST		um-modal.min.js?ver=2.6.0	1685945937384	1685945937665	OK	 
REQUEST		woo-custom-features.min.js?ver=3.4.3	1685945937395	1685945937679	OK	 
REQUEST		um-jquery-form.min.js?ver=2.6.0	1685945937408	1685945937692	OK	 
REQUEST		wcfm-script-core.js?ver=6.7.0	1685945937424	1685945937715	OK	 
REQUEST		woo-quick-view.min.js?ver=3.4.3	1685945937436	1685945937722	OK	 
REQUEST		flickity.pkgd.min.js?ver=3.4.3	1685945936588	1685945937744	OK	 
REQUEST		underscore.min.js?ver=1.13.4	1685945937472	1685945937756	OK	 
REQUEST		frontend-script.js?ver=2.8.7	1685945937480	1685945937767	OK	 
REQUEST		jquery.blockUI.min.js?ver=6.7.0	1685945937490	1685945937782	OK	 
REQUEST		core.min.js?ver=1.13.2	1685945937513	1685945937799	OK	 
REQUEST		um-fileupload.js?ver=2.6.0	1685945937618	1685945937897	OK	 
REQUEST		wp-util.min.js?ver=6.2.2	1685945937622	1685945937903	OK	 
REQUEST		picker.js?ver=2.6.0	1685945937628	1685945937910	OK	 
REQUEST		picker.date.js?ver=2.6.0	1685945937631	1685945937914	OK	 
REQUEST		picker.time.js?ver=2.6.0	1685945937666	1685945937949	OK	 
REQUEST		datepicker.min.js?ver=1.13.2	1685945937680	1685945937963	OK	 
REQUEST		wp-polyfill-inert.min.js?ver=3.1.2	1685945937693	1685945937976	OK	 
REQUEST		add-to-cart-variation.min.js?ver=7.7.2	1685945937716	1685945937998	OK	 
REQUEST		jquery.flexslider.min.js?ver=2.7.2-wc.7.7.2	1685945937722	1685945938018	OK	 
REQUEST		woo-mini-cart.min.js?ver=3.4.3	1685945937745	1685945938032	OK	 
REQUEST		widget-scripts.js?ver=2.8.7	1685945937486	1685945938054	OK	 
REQUEST		woo-quick-view.min.js?ver=3.4.3	1685945937783	1685945938073	OK	 
REQUEST		TANK-CULTURE_RUPALI_GOP-1-scaled.jpg	1685945934884	1685945938076	OK	 
REQUEST		underscore.min.js?ver=1.13.4	1685945937799	1685945938095	OK	 
REQUEST		regenerator-runtime.min.js?ver=0.13.11	1685945937898	1685945938182	OK	 
REQUEST		um-crop.min.js?ver=2.6.0	1685945937904	1685945938185	OK	 
REQUEST		wp-polyfill.min.js?ver=3.15.0	1685945937910	1685945938190	OK	 
REQUEST		hooks.min.js?ver=4169d3cf8e8d95a3d6d5	1685945937914	1685945938191	OK	 
REQUEST		i18n.min.js?ver=9e794f35a71bb98672ae	1685945937950	1685945938231	OK	 
REQUEST		wp-util.min.js?ver=6.2.2	1685945937964	1685945938244	OK	 
REQUEST		um-raty.min.js?ver=2.6.0	1685945937977	1685945938260	OK	 
REQUEST		um-modal.min.js?ver=2.6.0	1685945937999	1685945938285	OK	 
REQUEST		um-jquery-form.min.js?ver=2.6.0	1685945938019	1685945938303	OK	 
REQUEST		select2.full.min.js?ver=4.0.13	1685945937757	1685945938320	OK	 
REQUEST		um-fileupload.js?ver=2.6.0	1685945938033	1685945938323	OK	 
REQUEST		add-to-cart-variation.min.js?ver=7.7.2	1685945938055	1685945938339	OK	 
REQUEST		jquery.flexslider.min.js?ver=2.7.2-wc.7.7.2	1685945938074	1685945938360	OK	 
REQUEST		woo-mini-cart.min.js?ver=3.4.3	1685945938077	1685945938362	OK	 
REQUEST		select2.full.min.js?ver=4.0.13	1685945938096	1685945938387	OK	 
REQUEST		um-tipsy.min.js?ver=2.6.0	1685945938183	1685945938461	OK	 
REQUEST		picker.js?ver=2.6.0	1685945938186	1685945938468	OK	 
REQUEST		masonry.min.js?ver=4.2.2	1685945938190	1685945938470	OK	 
REQUEST		jquery.masonry.min.js?ver=3.1.2b	1685945938192	1685945938472	OK	 
REQUEST		simplebar.min.js?ver=2.6.0	1685945938231	1685945938515	OK	 
REQUEST		um-crop.min.js?ver=2.6.0	1685945938245	1685945938526	OK	 
REQUEST		um-functions.min.js?ver=2.6.0	1685945938260	1685945938544	OK	 
REQUEST		picker.date.js?ver=2.6.0	1685945938286	1685945938576	OK	 
REQUEST		picker.time.js?ver=2.6.0	1685945938303	1685945938592	OK	 
REQUEST		wp-polyfill-inert.min.js?ver=3.1.2	1685945938321	1685945938603	OK	 
REQUEST		regenerator-runtime.min.js?ver=0.13.11	1685945938323	1685945938621	OK	 
REQUEST		um-modal.min.js?ver=2.6.0	1685945938340	1685945938624	OK	 
REQUEST		um-jquery-form.min.js?ver=2.6.0	1685945938360	1685945938646	OK	 
REQUEST		um-fileupload.js?ver=2.6.0	1685945938362	1685945938647	OK	 
REQUEST		picker.js?ver=2.6.0	1685945938387	1685945938674	OK	 
REQUEST		IMG20221003133815-scaled.jpg	1685945934841	1685945938719	OK	 
REQUEST		um-responsive.min.js?ver=2.6.0	1685945938461	1685945938739	OK	 
REQUEST		um-conditional.min.js?ver=2.6.0	1685945938471	1685945938751	OK	 
REQUEST		wp-polyfill.min.js?ver=3.15.0	1685945938469	1685945938751	OK	 
REQUEST		um-scripts.min.js?ver=2.6.0	1685945938472	1685945938754	OK	 
REQUEST		um-profile.min.js?ver=2.6.0	1685945938515	1685945938797	OK	 
REQUEST		picker.date.js?ver=2.6.0	1685945938527	1685945938812	OK	 
REQUEST		um-account.min.js?ver=2.6.0	1685945938545	1685945938827	OK	 
REQUEST		hooks.min.js?ver=4169d3cf8e8d95a3d6d5	1685945938577	1685945938860	OK	 
REQUEST		i18n.min.js?ver=9e794f35a71bb98672ae	1685945938593	1685945938876	OK	 
REQUEST		um-raty.min.js?ver=2.6.0	1685945938604	1685945938888	OK	 
REQUEST		picker.time.js?ver=2.6.0	1685945938625	1685945938910	OK	 
REQUEST		um-tipsy.min.js?ver=2.6.0	1685945938622	1685945938912	OK	 
REQUEST		wcfm-script-core.js?ver=6.7.0	1685945937768	1685945938912	OK	 
REQUEST		wp-polyfill-inert.min.js?ver=3.1.2	1685945938646	1685945938932	OK	 
REQUEST		regenerator-runtime.min.js?ver=0.13.11	1685945938647	1685945938934	OK	 
REQUEST		wp-polyfill.min.js?ver=3.15.0	1685945938675	1685945938961	OK	 
REQUEST		masonry.min.js?ver=4.2.2	1685945938720	1685945939017	OK	 
REQUEST		jquery.smartmenus.min.js?ver=1.0.1	1685945938740	1685945939021	OK	 
REQUEST		webpack-pro.runtime.min.js?ver=3.11.3	1685945938752	1685945939032	OK	 
REQUEST		jquery.masonry.min.js?ver=3.1.2b	1685945938752	1685945939033	OK	 
REQUEST		webpack.runtime.min.js?ver=3.13.4	1685945938755	1685945939037	OK	 
REQUEST		frontend-modules.min.js?ver=3.13.4	1685945938798	1685945939082	OK	 
REQUEST		hooks.min.js?ver=4169d3cf8e8d95a3d6d5	1685945938812	1685945939093	OK	 
REQUEST		frontend.min.js?ver=3.11.3	1685945938828	1685945939112	OK	 
REQUEST		simplebar.min.js?ver=2.6.0	1685945938860	1685945939145	OK	 
REQUEST		um-functions.min.js?ver=2.6.0	1685945938876	1685945939162	OK	 
REQUEST		um-responsive.min.js?ver=2.6.0	1685945938888	1685945939172	OK	 
REQUEST		i18n.min.js?ver=9e794f35a71bb98672ae	1685945938911	1685945939194	OK	 
REQUEST		um-raty.min.js?ver=2.6.0	1685945938913	1685945939197	OK	 
REQUEST		um-conditional.min.js?ver=2.6.0	1685945938912	1685945939199	OK	 
REQUEST		um-tipsy.min.js?ver=2.6.0	1685945938932	1685945939217	OK	 
REQUEST		masonry.min.js?ver=4.2.2	1685945938934	1685945939220	OK	 
REQUEST		jquery.masonry.min.js?ver=3.1.2b	1685945938962	1685945939247	OK	 
REQUEST		waypoints.min.js?ver=4.0.2	1685945939022	1685945939302	OK	 
REQUEST		um-scripts.min.js?ver=2.6.0	1685945939019	1685945939302	OK	 
REQUEST		um-profile.min.js?ver=2.6.0	1685945939033	1685945939314	OK	 
REQUEST		frontend.min.js?ver=3.13.4	1685945939033	1685945939316	OK	 
REQUEST		elements-handlers.min.js?ver=3.11.3	1685945939038	1685945939318	OK	 
REQUEST		animate-circle.js?ver=2.8.7	1685945939083	1685945939363	OK	 
REQUEST		simplebar.min.js?ver=2.6.0	1685945939094	1685945939378	OK	 
REQUEST		elementor.js?ver=2.8.7	1685945939112	1685945939397	OK	 
REQUEST		um-account.min.js?ver=2.6.0	1685945939146	1685945939430	OK	 
REQUEST		jquery.smartmenus.min.js?ver=1.0.1	1685945939163	1685945939453	OK	 
REQUEST		webpack-pro.runtime.min.js?ver=3.11.3	1685945939173	1685945939455	OK	 
REQUEST		TANK-CULTURE_RUPALI_GOP-1-scaled.jpg	1685945934867	1685945939473	OK	 
REQUEST		um-functions.min.js?ver=2.6.0	1685945939195	1685945939478	OK	 
REQUEST		um-responsive.min.js?ver=2.6.0	1685945939198	1685945939482	OK	 
REQUEST		webpack.runtime.min.js?ver=3.13.4	1685945939200	1685945939485	OK	 
REQUEST		um-conditional.min.js?ver=2.6.0	1685945939217	1685945939503	OK	 
REQUEST		um-scripts.min.js?ver=2.6.0	1685945939220	1685945939504	OK	 
REQUEST		um-profile.min.js?ver=2.6.0	1685945939247	1685945939531	OK	 
REQUEST		jquery.sticky.min.js?ver=3.11.3	1685945939302	1685945939580	OK	 
USER	Environment Club Load Test	END	1685945939589
REQUEST		frontend.min.js?ver=3.11.3	1685945939315	1685945939595	OK	 
REQUEST		frontend-modules.min.js?ver=3.13.4	1685945939303	1685945939601	OK	 
REQUEST		um-account.min.js?ver=2.6.0	1685945939379	1685945939660	OK	 
REQUEST		waypoints.min.js?ver=4.0.2	1685945939430	1685945939719	OK	 
REQUEST		elements-handlers.min.js?ver=3.11.3	1685945939455	1685945939738	OK	 
REQUEST		frontend.min.js?ver=3.13.4	1685945939454	1685945939741	OK	 
REQUEST		jquery.smartmenus.min.js?ver=1.0.1	1685945939479	1685945939763	OK	 
REQUEST		webpack-pro.runtime.min.js?ver=3.11.3	1685945939482	1685945939767	OK	 
REQUEST		animate-circle.js?ver=2.8.7	1685945939486	1685945939772	OK	 
REQUEST		webpack.runtime.min.js?ver=3.13.4	1685945939503	1685945939789	OK	 
REQUEST		frontend-modules.min.js?ver=3.13.4	1685945939505	1685945939793	OK	 
REQUEST		frontend.min.js?ver=3.11.3	1685945939532	1685945939817	OK	 
REQUEST		elementor.js?ver=2.8.7	1685945939595	1685945939876	OK	 
REQUEST		jquery.sticky.min.js?ver=3.11.3	1685945939601	1685945939891	OK	 
USER	Environment Club Load Test	END	1685945939895
REQUEST		waypoints.min.js?ver=4.0.2	1685945939661	1685945939942	OK	 
REQUEST		frontend.min.js?ver=3.13.4	1685945939763	1685945940049	OK	 
REQUEST		elements-handlers.min.js?ver=3.11.3	1685945939767	1685945940054	OK	 
REQUEST		animate-circle.js?ver=2.8.7	1685945939790	1685945940075	OK	 
REQUEST		elementor.js?ver=2.8.7	1685945939794	1685945940085	OK	 
REQUEST		jquery.sticky.min.js?ver=3.11.3	1685945939818	1685945940116	OK	 
USER	Environment Club Load Test	END	1685945940119
REQUEST		Environment Club Request	1685945902350	1685945940543	KO	status.find.is(200), but actually found 500
USER	Environment Club Load Test	END	1685945940544
REQUEST		Environment Club Request	1685945903133	1685945950000	OK	 
REQUEST		Environment Club Request	1685945900955	1685945950086	OK	 
REQUEST		style.min.css?ver=6.2.2	1685945950064	1685945950363	OK	 
REQUEST		css?family=Lato%3A100%2C100italic%2C200%2C200italic%2C300%2C300italic%2C400%2C400italic%2C500%2C500italic%2C600%2C600italic%2C700%2C700italic%2C800%2C800italic%2C900%2C900italic%7CRoboto+Slab%3A100%2C100italic%2C200%2C200italic%2C300%2C300italic%2C400%2C400italic%2C500%2C500italic%2C600%2C600italic%2C700%2C700italic%2C800%2C800italic%2C900%2C900italic%7CRoboto%3A100%2C100italic%2C200%2C200italic%2C300%2C300italic%2C400%2C400italic%2C500%2C500italic%2C600%2C600italic%2C700%2C700italic%2C800%2C800italic%2C900%2C900italic%7CPlayfair+Display%3A100%2C100italic%2C200%2C200italic%2C300%2C300italic%2C400%2C400italic%2C500%2C500italic%2C600%2C600italic%2C700%2C700italic%2C800%2C800italic%2C900%2C900italic%7CArchivo%3A100%2C100italic%2C200%2C200italic%2C300%2C300italic%2C400%2C400italic%2C500%2C500italic%2C600%2C600italic%2C700%2C700italic%2C800%2C800italic%2C900%2C900italic&display=swap&ver=6.2.2	1685945950063	1685945950385	OK	 
REQUEST		css?family=Lato%3A100%2C200%2C300%2C400%2C500%2C600%2C700%2C800%2C900%2C100i%2C200i%2C300i%2C400i%2C500i%2C600i%2C700i%2C800i%2C900i&subset=latin&display=swap&ver=6.2.2	1685945950062	1685945950390	OK	 
REQUEST		style.min.css?ver=6.2.2	1685945950120	1685945950407	OK	 
REQUEST		css?family=Lato%3A100%2C200%2C300%2C400%2C500%2C600%2C700%2C800%2C900%2C100i%2C200i%2C300i%2C400i%2C500i%2C600i%2C700i%2C800i%2C900i&subset=latin&display=swap&ver=6.2.2	1685945950118	1685945950427	OK	 
REQUEST		css?family=Lato%3A100%2C100italic%2C200%2C200italic%2C300%2C300italic%2C400%2C400italic%2C500%2C500italic%2C600%2C600italic%2C700%2C700italic%2C800%2C800italic%2C900%2C900italic%7CRoboto+Slab%3A100%2C100italic%2C200%2C200italic%2C300%2C300italic%2C400%2C400italic%2C500%2C500italic%2C600%2C600italic%2C700%2C700italic%2C800%2C800italic%2C900%2C900italic%7CRoboto%3A100%2C100italic%2C200%2C200italic%2C300%2C300italic%2C400%2C400italic%2C500%2C500italic%2C600%2C600italic%2C700%2C700italic%2C800%2C800italic%2C900%2C900italic%7CPlayfair+Display%3A100%2C100italic%2C200%2C200italic%2C300%2C300italic%2C400%2C400italic%2C500%2C500italic%2C600%2C600italic%2C700%2C700italic%2C800%2C800italic%2C900%2C900italic%7CArchivo%3A100%2C100italic%2C200%2C200italic%2C300%2C300italic%2C400%2C400italic%2C500%2C500italic%2C600%2C600italic%2C700%2C700italic%2C800%2C800italic%2C900%2C900italic&display=swap&ver=6.2.2	1685945950119	1685945950437	OK	 
REQUEST		woo-mini-cart.min.css?ver=6.2.2	1685945950365	1685945950656	OK	 
REQUEST		woo-mini-cart.min.css?ver=6.2.2	1685945950408	1685945950688	OK	 
REQUEST		styles.css?ver=5.7.6	1685945950070	1685945950928	OK	 
REQUEST		wc-blocks-vendors-style.css?ver=10.0.6	1685945950065	1685945950942	OK	 
REQUEST		classic-themes.min.css?ver=6.2.2	1685945950068	1685945950949	OK	 
REQUEST		all.min.css?ver=5.15.1	1685945950658	1685945950951	OK	 
REQUEST		style.css?ver=6.2.2	1685945950069	1685945950953	OK	 
REQUEST		all.min.css?ver=5.15.1	1685945950688	1685945950971	OK	 
REQUEST		classic-themes.min.css?ver=6.2.2	1685945950123	1685945950991	OK	 
REQUEST		wc-blocks-vendors-style.css?ver=10.0.6	1685945950121	1685945950993	OK	 
REQUEST		styles.css?ver=5.7.6	1685945950125	1685945950995	OK	 
REQUEST		style.css?ver=6.2.2	1685945950124	1685945951010	OK	 
REQUEST		simple-line-icons.min.css?ver=2.4.0	1685945950929	1685945951211	OK	 
REQUEST		swiper.min.css?ver=5.3.6	1685945950954	1685945951237	OK	 
REQUEST		frontend-lite.min.css?ver=3.13.4	1685945950952	1685945951245	OK	 
REQUEST		simple-line-icons.min.css?ver=2.4.0	1685945950972	1685945951251	OK	 
REQUEST		elementor-icons.min.css?ver=5.20.0	1685945950994	1685945951280	OK	 
REQUEST		swiper.min.css?ver=5.3.6	1685945951010	1685945951300	OK	 
REQUEST		post-5.css?ver=1682506416	1685945951212	1685945951494	OK	 
REQUEST		elementor-icons.min.css?ver=5.20.0	1685945950949	1685945951517	OK	 
REQUEST		frontend-lite.min.css?ver=3.11.3	1685945951238	1685945951524	OK	 
REQUEST		post-5.css?ver=1682506416	1685945951252	1685945951529	OK	 
REQUEST		global.css?ver=1682506424	1685945951246	1685945951535	OK	 
REQUEST		frontend-lite.min.css?ver=3.11.3	1685945951281	1685945951567	OK	 
REQUEST		post-24.css?ver=1682606329	1685945951494	1685945951778	OK	 
REQUEST		post-24.css?ver=1682606329	1685945951530	1685945951808	OK	 
REQUEST		style.min.css?ver=3.4.3	1685945950943	1685945951819	OK	 
REQUEST		post-135.css?ver=1682506425	1685945951519	1685945951822	OK	 
REQUEST		post-176.css?ver=1682506425	1685945951525	1685945951823	OK	 
REQUEST		ekiticons.css?ver=2.8.7	1685945951536	1685945951833	OK	 
REQUEST		frontend-lite.min.css?ver=3.13.4	1685945950996	1685945951851	OK	 
REQUEST		post-135.css?ver=1682506425	1685945951568	1685945951855	OK	 
REQUEST		global.css?ver=1682506424	1685945951301	1685945951879	OK	 
REQUEST		wc-blocks-style.css?ver=10.0.6	1685945950066	1685945952030	OK	 
REQUEST		jquery-ui.min.css?ver=7.7.2	1685945951779	1685945952062	OK	 
REQUEST		post-176.css?ver=1682506425	1685945951809	1685945952087	OK	 
REQUEST		wcfmicon.min.css?ver=6.7.0	1685945951820	1685945952106	OK	 
REQUEST		wcfm-style-core.css?ver=6.7.0	1685945951822	1685945952109	OK	 
REQUEST		wc-blocks-style.css?ver=10.0.6	1685945950122	1685945952118	OK	 
REQUEST		woo-star-font.min.css?ver=6.2.2	1685945951834	1685945952120	OK	 
REQUEST		style.min.css?ver=3.4.3	1685945950991	1685945952129	OK	 
REQUEST		jquery-ui.min.css?ver=7.7.2	1685945951855	1685945952147	OK	 
REQUEST		wcfmicon.min.css?ver=6.7.0	1685945951880	1685945952174	OK	 
REQUEST		woo-quick-view.min.css?ver=6.2.2	1685945952032	1685945952312	OK	 
REQUEST		wcfm-style-core.css?ver=6.7.0	1685945952087	1685945952367	OK	 
REQUEST		responsive.css?ver=2.8.7	1685945952107	1685945952394	OK	 
REQUEST		um-fonticons-ii.css?ver=2.6.0	1685945952110	1685945952400	OK	 
REQUEST		woocommerce.min.css?ver=6.2.2	1685945952119	1685945952409	OK	 
REQUEST		um-fonticons-fa.css?ver=2.6.0	1685945952121	1685945952411	OK	 
REQUEST		woo-star-font.min.css?ver=6.2.2	1685945952130	1685945952411	OK	 
REQUEST		ekiticons.css?ver=2.8.7	1685945951852	1685945952423	OK	 
REQUEST		woo-quick-view.min.css?ver=6.2.2	1685945952148	1685945952433	OK	 
REQUEST		select2.min.css?ver=4.0.13	1685945952313	1685945952597	OK	 
REQUEST		responsive.css?ver=2.8.7	1685945952368	1685945952653	OK	 
REQUEST		woocommerce.min.css?ver=6.2.2	1685945951824	1685945952669	OK	 
REQUEST		um-crop.css?ver=2.6.0	1685945952394	1685945952676	OK	 
REQUEST		um-modal.css?ver=2.6.0	1685945952401	1685945952689	OK	 
REQUEST		um-fonticons-ii.css?ver=2.6.0	1685945952410	1685945952695	OK	 
REQUEST		um-fonticons-fa.css?ver=2.6.0	1685945952412	1685945952697	OK	 
REQUEST		um-styles.css?ver=2.6.0	1685945952412	1685945952700	OK	 
REQUEST		select2.min.css?ver=4.0.13	1685945952424	1685945952709	OK	 
REQUEST		um-crop.css?ver=2.6.0	1685945952433	1685945952718	OK	 
REQUEST		um-profile.css?ver=2.6.0	1685945952598	1685945952879	OK	 
REQUEST		um-modal.css?ver=2.6.0	1685945952654	1685945952932	OK	 
REQUEST		um-account.css?ver=2.6.0	1685945952670	1685945952951	OK	 
REQUEST		um-misc.css?ver=2.6.0	1685945952677	1685945952958	OK	 
REQUEST		um-fileupload.css?ver=2.6.0	1685945952690	1685945952971	OK	 
REQUEST		um-styles.css?ver=2.6.0	1685945952695	1685945952979	OK	 
REQUEST		um-profile.css?ver=2.6.0	1685945952698	1685945952981	OK	 
REQUEST		default.css?ver=2.6.0	1685945952701	1685945952987	OK	 
REQUEST		um-account.css?ver=2.6.0	1685945952710	1685945952994	OK	 
REQUEST		um-misc.css?ver=2.6.0	1685945952719	1685945953003	OK	 
REQUEST		widget-styles.css?ver=2.8.7	1685945952174	1685945953069	OK	 
REQUEST		default.date.css?ver=2.6.0	1685945952880	1685945953163	OK	 
REQUEST		um-fileupload.css?ver=2.6.0	1685945952932	1685945953210	OK	 
REQUEST		widget-styles.css?ver=2.8.7	1685945952063	1685945953226	OK	 
REQUEST		default.time.css?ver=2.6.0	1685945952951	1685945953232	OK	 
REQUEST		um-raty.css?ver=2.6.0	1685945952959	1685945953240	OK	 
REQUEST		simplebar.css?ver=2.6.0	1685945952971	1685945953252	OK	 
REQUEST		default.date.css?ver=2.6.0	1685945952981	1685945953263	OK	 
REQUEST		default.css?ver=2.6.0	1685945952980	1685945953265	OK	 
REQUEST		default.time.css?ver=2.6.0	1685945952995	1685945953282	OK	 
REQUEST		um-tipsy.css?ver=2.6.0	1685945952988	1685945953282	OK	 
REQUEST		um-raty.css?ver=2.6.0	1685945953004	1685945953288	OK	 
REQUEST		simplebar.css?ver=2.6.0	1685945953073	1685945953363	OK	 
REQUEST		um-responsive.css?ver=2.6.0	1685945953164	1685945953443	OK	 
REQUEST		um-tipsy.css?ver=2.6.0	1685945953211	1685945953488	OK	 
REQUEST		um-old-default.css?ver=2.6.0	1685945953230	1685945953511	OK	 
REQUEST		fontawesome.min.css?ver=5.15.3	1685945953232	1685945953518	OK	 
REQUEST		solid.min.css?ver=5.15.3	1685945953241	1685945953522	OK	 
REQUEST		regular.min.css?ver=5.15.3	1685945953253	1685945953533	OK	 
REQUEST		um-responsive.css?ver=2.6.0	1685945953264	1685945953546	OK	 
REQUEST		um-old-default.css?ver=2.6.0	1685945953266	1685945953547	OK	 
REQUEST		fontawesome.min.css?ver=5.15.3	1685945953283	1685945953584	OK	 
REQUEST		solid.min.css?ver=5.15.3	1685945953288	1685945953593	OK	 
REQUEST		jquery.min.js?ver=3.6.4	1685945953283	1685945953594	OK	 
REQUEST		regular.min.css?ver=5.15.3	1685945953364	1685945953653	OK	 
REQUEST		jquery-migrate.min.js?ver=3.4.0	1685945953444	1685945953724	OK	 
REQUEST		jquery.min.js?ver=3.6.4	1685945953489	1685945953774	OK	 
REQUEST		um-gdpr.min.js?ver=2.6.0	1685945953512	1685945953792	OK	 
REQUEST		widget-theme-elements.min.css	1685945953519	1685945953801	OK	 
REQUEST		widget-icon-list.min.css	1685945953522	1685945953808	OK	 
REQUEST		widget-nav-menu.min.css	1685945953533	1685945953822	OK	 
REQUEST		jquery-migrate.min.js?ver=3.4.0	1685945953546	1685945953830	OK	 
REQUEST		um-gdpr.min.js?ver=2.6.0	1685945953548	1685945953831	OK	 
REQUEST		widget-theme-elements.min.css	1685945953586	1685945953877	OK	 
REQUEST		widget-icon-list.min.css	1685945953595	1685945953883	OK	 
REQUEST		widget-woocommerce.min.css	1685945953595	1685945953911	OK	 
REQUEST		widget-nav-menu.min.css	1685945953654	1685945953946	OK	 
REQUEST		EC_MODHUMNOTI_GOP-1.jpg	1685945953792	1685945954090	OK	 
REQUEST		scripts.js?ver=1.0	1685945953912	1685945954198	OK	 
REQUEST		EC_BAKIBEK_NAT_0106-2-1-1024x768.jpeg	1685945953946	1685945954252	OK	 
REQUEST		EC_BAKIBEK_NAT_0106-2-1.jpeg	1685945953724	1685945954295	OK	 
REQUEST		widget-woocommerce.min.css	1685945953775	1685945954336	OK	 
REQUEST		index.js?ver=5.7.6	1685945954091	1685945954372	OK	 
REQUEST		EC_BAKIBEK_NAT_0106-2-1-1024x768.jpeg	1685945953823	1685945954427	OK	 
REQUEST		index.js?ver=5.7.6	1685945954198	1685945954486	OK	 
REQUEST		scripts.js?ver=1.0	1685945954253	1685945954541	OK	 
REQUEST		jquery.blockUI.min.js?ver=2.7.0-wc.7.7.2	1685945954296	1685945954575	OK	 
REQUEST		index.js?ver=5.7.6	1685945954337	1685945954615	OK	 
REQUEST		add-to-cart.min.js?ver=7.7.2	1685945954372	1685945954653	OK	 
REQUEST		EC_BAKIBEK_NAT_0106-2-1.jpeg	1685945953831	1685945954712	OK	 
REQUEST		js.cookie.min.js?ver=2.1.4-wc.7.7.2	1685945954427	1685945954712	OK	 
REQUEST		woocommerce.min.js?ver=7.7.2	1685945954486	1685945954777	OK	 
REQUEST		index.js?ver=5.7.6	1685945954542	1685945954832	OK	 
REQUEST		cart-fragments.min.js?ver=7.7.2	1685945954575	1685945954854	OK	 
REQUEST		jquery.blockUI.min.js?ver=2.7.0-wc.7.7.2	1685945954616	1685945954898	OK	 
REQUEST		imagesloaded.min.js?ver=4.1.4	1685945954654	1685945954937	OK	 
REQUEST		IMG20221003133815-scaled.jpg	1685945953802	1685945954939	OK	 
REQUEST		add-to-cart.min.js?ver=7.7.2	1685945954712	1685945954994	OK	 
REQUEST		theme.min.js?ver=3.4.3	1685945954712	1685945954994	OK	 
REQUEST		IMG20221003133815-scaled.jpg	1685945953878	1685945955032	OK	 
REQUEST		drop-down-mobile-menu.min.js?ver=3.4.3	1685945954778	1685945955080	OK	 
REQUEST		js.cookie.min.js?ver=2.1.4-wc.7.7.2	1685945954832	1685945955121	OK	 
REQUEST		magnific-popup.min.js?ver=3.4.3	1685945954854	1685945955135	OK	 
REQUEST		woocommerce.min.js?ver=7.7.2	1685945954899	1685945955176	OK	 
REQUEST		ow-lightbox.min.js?ver=3.4.3	1685945954938	1685945955218	OK	 
REQUEST		flickity.pkgd.min.js?ver=3.4.3	1685945954939	1685945955225	OK	 
REQUEST		ow-slider.min.js?ver=3.4.3	1685945954994	1685945955274	OK	 
REQUEST		cart-fragments.min.js?ver=7.7.2	1685945954994	1685945955276	OK	 
REQUEST		imagesloaded.min.js?ver=4.1.4	1685945955033	1685945955317	OK	 
REQUEST		TANK-CULTURE_RUPALI_GOP-1-scaled.jpg	1685945953884	1685945955389	OK	 
REQUEST		scroll-effect.min.js?ver=3.4.3	1685945955080	1685945955390	OK	 
REQUEST		theme.min.js?ver=3.4.3	1685945955121	1685945955412	OK	 
REQUEST		scroll-top.min.js?ver=3.4.3	1685945955135	1685945955416	OK	 
REQUEST		drop-down-mobile-menu.min.js?ver=3.4.3	1685945955177	1685945955456	OK	 
REQUEST		select.min.js?ver=3.4.3	1685945955218	1685945955498	OK	 
REQUEST		woo-custom-features.min.js?ver=3.4.3	1685945955225	1685945955508	OK	 
REQUEST		frontend-script.js?ver=2.8.7	1685945955275	1685945955560	OK	 
REQUEST		magnific-popup.min.js?ver=3.4.3	1685945955276	1685945955560	OK	 
REQUEST		ow-lightbox.min.js?ver=3.4.3	1685945955317	1685945955603	OK	 
REQUEST		flickity.pkgd.min.js?ver=3.4.3	1685945955390	1685945955680	OK	 
REQUEST		widget-scripts.js?ver=2.8.7	1685945955391	1685945955691	OK	 
REQUEST		jquery.blockUI.min.js?ver=6.7.0	1685945955417	1685945955696	OK	 
REQUEST		ow-slider.min.js?ver=3.4.3	1685945955413	1685945955702	OK	 
REQUEST		scroll-effect.min.js?ver=3.4.3	1685945955456	1685945955734	OK	 
REQUEST		core.min.js?ver=1.13.2	1685945955499	1685945955780	OK	 
REQUEST		datepicker.min.js?ver=1.13.2	1685945955508	1685945955793	OK	 
REQUEST		scroll-top.min.js?ver=3.4.3	1685945955560	1685945955846	OK	 
REQUEST		wcfm-script-core.js?ver=6.7.0	1685945955560	1685945955848	OK	 
REQUEST		select.min.js?ver=3.4.3	1685945955604	1685945955889	OK	 
REQUEST		Environment Club Request	1685945904139	1685945955923	OK	 
REQUEST		woo-custom-features.min.js?ver=3.4.3	1685945955680	1685945955969	OK	 
REQUEST		underscore.min.js?ver=1.13.4	1685945955696	1685945955991	OK	 
REQUEST		frontend-script.js?ver=2.8.7	1685945955702	1685945955993	OK	 
REQUEST		woo-quick-view.min.js?ver=3.4.3	1685945955692	1685945955994	OK	 
REQUEST		Environment Club Request	1685945903747	1685945956006	OK	 
REQUEST		widget-scripts.js?ver=2.8.7	1685945955735	1685945956046	OK	 
REQUEST		wp-util.min.js?ver=6.2.2	1685945955780	1685945956066	OK	 
REQUEST		add-to-cart-variation.min.js?ver=7.7.2	1685945955794	1685945956076	OK	 
REQUEST		jquery.blockUI.min.js?ver=6.7.0	1685945955846	1685945956128	OK	 
REQUEST		jquery.flexslider.min.js?ver=2.7.2-wc.7.7.2	1685945955849	1685945956131	OK	 
REQUEST		core.min.js?ver=1.13.2	1685945955889	1685945956175	OK	 
REQUEST		style.min.css?ver=6.2.2	1685945955961	1685945956254	OK	 
REQUEST		datepicker.min.js?ver=1.13.2	1685945955969	1685945956261	OK	 
REQUEST		css?family=Lato%3A100%2C200%2C300%2C400%2C500%2C600%2C700%2C800%2C900%2C100i%2C200i%2C300i%2C400i%2C500i%2C600i%2C700i%2C800i%2C900i&subset=latin&display=swap&ver=6.2.2	1685945955958	1685945956271	OK	 
REQUEST		woo-mini-cart.min.js?ver=3.4.3	1685945955992	1685945956271	OK	 
REQUEST		select2.full.min.js?ver=4.0.13	1685945955994	1685945956288	OK	 
REQUEST		wcfm-script-core.js?ver=6.7.0	1685945955994	1685945956303	OK	 
REQUEST		css?family=Lato%3A100%2C100italic%2C200%2C200italic%2C300%2C300italic%2C400%2C400italic%2C500%2C500italic%2C600%2C600italic%2C700%2C700italic%2C800%2C800italic%2C900%2C900italic%7CRoboto+Slab%3A100%2C100italic%2C200%2C200italic%2C300%2C300italic%2C400%2C400italic%2C500%2C500italic%2C600%2C600italic%2C700%2C700italic%2C800%2C800italic%2C900%2C900italic%7CRoboto%3A100%2C100italic%2C200%2C200italic%2C300%2C300italic%2C400%2C400italic%2C500%2C500italic%2C600%2C600italic%2C700%2C700italic%2C800%2C800italic%2C900%2C900italic%7CPlayfair+Display%3A100%2C100italic%2C200%2C200italic%2C300%2C300italic%2C400%2C400italic%2C500%2C500italic%2C600%2C600italic%2C700%2C700italic%2C800%2C800italic%2C900%2C900italic%7CArchivo%3A100%2C100italic%2C200%2C200italic%2C300%2C300italic%2C400%2C400italic%2C500%2C500italic%2C600%2C600italic%2C700%2C700italic%2C800%2C800italic%2C900%2C900italic&display=swap&ver=6.2.2	1685945955960	1685945956304	OK	 
REQUEST		woo-quick-view.min.js?ver=3.4.3	1685945956047	1685945956330	OK	 
REQUEST		style.min.css?ver=6.2.2	1685945956042	1685945956338	OK	 
REQUEST		css?family=Lato%3A100%2C200%2C300%2C400%2C500%2C600%2C700%2C800%2C900%2C100i%2C200i%2C300i%2C400i%2C500i%2C600i%2C700i%2C800i%2C900i&subset=latin&display=swap&ver=6.2.2	1685945956039	1685945956340	OK	 
REQUEST		css?family=Lato%3A100%2C100italic%2C200%2C200italic%2C300%2C300italic%2C400%2C400italic%2C500%2C500italic%2C600%2C600italic%2C700%2C700italic%2C800%2C800italic%2C900%2C900italic%7CRoboto+Slab%3A100%2C100italic%2C200%2C200italic%2C300%2C300italic%2C400%2C400italic%2C500%2C500italic%2C600%2C600italic%2C700%2C700italic%2C800%2C800italic%2C900%2C900italic%7CRoboto%3A100%2C100italic%2C200%2C200italic%2C300%2C300italic%2C400%2C400italic%2C500%2C500italic%2C600%2C600italic%2C700%2C700italic%2C800%2C800italic%2C900%2C900italic%7CPlayfair+Display%3A100%2C100italic%2C200%2C200italic%2C300%2C300italic%2C400%2C400italic%2C500%2C500italic%2C600%2C600italic%2C700%2C700italic%2C800%2C800italic%2C900%2C900italic%7CArchivo%3A100%2C100italic%2C200%2C200italic%2C300%2C300italic%2C400%2C400italic%2C500%2C500italic%2C600%2C600italic%2C700%2C700italic%2C800%2C800italic%2C900%2C900italic&display=swap&ver=6.2.2	1685945956041	1685945956357	OK	 
REQUEST		um-crop.min.js?ver=2.6.0	1685945956066	1685945956358	OK	 
REQUEST		um-modal.min.js?ver=2.6.0	1685945956077	1685945956359	OK	 
REQUEST		underscore.min.js?ver=1.13.4	1685945956128	1685945956410	OK	 
REQUEST		um-jquery-form.min.js?ver=2.6.0	1685945956131	1685945956457	OK	 
REQUEST		wp-util.min.js?ver=6.2.2	1685945956175	1685945956476	OK	 
REQUEST		woo-mini-cart.min.css?ver=6.2.2	1685945956255	1685945956548	OK	 
REQUEST		add-to-cart-variation.min.js?ver=7.7.2	1685945956262	1685945956550	OK	 
REQUEST		um-fileupload.js?ver=2.6.0	1685945956272	1685945956551	OK	 
REQUEST		picker.js?ver=2.6.0	1685945956288	1685945956578	OK	 
REQUEST		jquery.flexslider.min.js?ver=2.7.2-wc.7.7.2	1685945956303	1685945956594	OK	 
REQUEST		woo-mini-cart.min.js?ver=3.4.3	1685945956330	1685945956608	OK	 
REQUEST		woo-mini-cart.min.css?ver=6.2.2	1685945956339	1685945956626	OK	 
REQUEST		picker.date.js?ver=2.6.0	1685945956358	1685945956642	OK	 
REQUEST		picker.time.js?ver=2.6.0	1685945956359	1685945956645	OK	 
REQUEST		select2.full.min.js?ver=4.0.13	1685945956411	1685945956699	OK	 
REQUEST		wp-polyfill-inert.min.js?ver=3.1.2	1685945956458	1685945956741	OK	 
REQUEST		um-crop.min.js?ver=2.6.0	1685945956476	1685945956764	OK	 
REQUEST		wc-blocks-vendors-style.css?ver=10.0.6	1685945955962	1685945956811	OK	 
REQUEST		styles.css?ver=5.7.6	1685945955965	1685945956821	OK	 
REQUEST		regenerator-runtime.min.js?ver=0.13.11	1685945956551	1685945956835	OK	 
REQUEST		all.min.css?ver=5.15.1	1685945956549	1685945956838	OK	 
REQUEST		um-modal.min.js?ver=2.6.0	1685945956550	1685945956840	OK	 
REQUEST		style.css?ver=6.2.2	1685945955964	1685945956841	OK	 
REQUEST		classic-themes.min.css?ver=6.2.2	1685945955963	1685945956843	OK	 
REQUEST		wp-polyfill.min.js?ver=3.15.0	1685945956578	1685945956872	OK	 
REQUEST		um-jquery-form.min.js?ver=2.6.0	1685945956594	1685945956884	OK	 
REQUEST		um-fileupload.js?ver=2.6.0	1685945956609	1685945956894	OK	 
REQUEST		wc-blocks-vendors-style.css?ver=10.0.6	1685945956043	1685945956910	OK	 
REQUEST		styles.css?ver=5.7.6	1685945956047	1685945956912	OK	 
REQUEST		all.min.css?ver=5.15.1	1685945956626	1685945956920	OK	 
REQUEST		style.css?ver=6.2.2	1685945956046	1685945956924	OK	 
REQUEST		classic-themes.min.css?ver=6.2.2	1685945956045	1685945956925	OK	 
REQUEST		i18n.min.js?ver=9e794f35a71bb98672ae	1685945956645	1685945956932	OK	 
REQUEST		hooks.min.js?ver=4169d3cf8e8d95a3d6d5	1685945956642	1685945956933	OK	 
REQUEST		picker.js?ver=2.6.0	1685945956699	1685945956986	OK	 
REQUEST		um-raty.min.js?ver=2.6.0	1685945956741	1685945957022	OK	 
REQUEST		picker.date.js?ver=2.6.0	1685945956764	1685945957053	OK	 
REQUEST		simple-line-icons.min.css?ver=2.4.0	1685945956812	1685945957099	OK	 
REQUEST		um-tipsy.min.js?ver=2.6.0	1685945956836	1685945957115	OK	 
REQUEST		elementor-icons.min.css?ver=5.20.0	1685945956839	1685945957125	OK	 
REQUEST		picker.time.js?ver=2.6.0	1685945956840	1685945957135	OK	 
REQUEST		swiper.min.css?ver=5.3.6	1685945956843	1685945957137	OK	 
REQUEST		masonry.min.js?ver=4.2.2	1685945956872	1685945957168	OK	 
REQUEST		regenerator-runtime.min.js?ver=0.13.11	1685945956894	1685945957173	OK	 
REQUEST		wp-polyfill-inert.min.js?ver=3.1.2	1685945956884	1685945957175	OK	 
REQUEST		simple-line-icons.min.css?ver=2.4.0	1685945956911	1685945957194	OK	 
REQUEST		elementor-icons.min.css?ver=5.20.0	1685945956921	1685945957207	OK	 
REQUEST		swiper.min.css?ver=5.3.6	1685945956926	1685945957213	OK	 
REQUEST		jquery.masonry.min.js?ver=3.1.2b	1685945956932	1685945957220	OK	 
REQUEST		simplebar.min.js?ver=2.6.0	1685945956933	1685945957221	OK	 
REQUEST		wp-polyfill.min.js?ver=3.15.0	1685945956987	1685945957269	OK	 
REQUEST		um-functions.min.js?ver=2.6.0	1685945957023	1685945957304	OK	 
REQUEST		hooks.min.js?ver=4169d3cf8e8d95a3d6d5	1685945957053	1685945957338	OK	 
REQUEST		post-5.css?ver=1682506416	1685945957099	1685945957378	OK	 
REQUEST		um-responsive.min.js?ver=2.6.0	1685945957115	1685945957393	OK	 
REQUEST		frontend-lite.min.css?ver=3.11.3	1685945957126	1685945957411	OK	 
REQUEST		i18n.min.js?ver=9e794f35a71bb98672ae	1685945957135	1685945957421	OK	 
REQUEST		um-raty.min.js?ver=2.6.0	1685945957174	1685945957452	OK	 
REQUEST		um-conditional.min.js?ver=2.6.0	1685945957169	1685945957456	OK	 
REQUEST		um-tipsy.min.js?ver=2.6.0	1685945957175	1685945957464	OK	 
REQUEST		post-5.css?ver=1682506416	1685945957195	1685945957476	OK	 
REQUEST		frontend-lite.min.css?ver=3.11.3	1685945957208	1685945957499	OK	 
REQUEST		TANK-CULTURE_RUPALI_GOP-1-scaled.jpg	1685945953809	1685945957503	OK	 
REQUEST		um-scripts.min.js?ver=2.6.0	1685945957220	1685945957504	OK	 
REQUEST		um-profile.min.js?ver=2.6.0	1685945957222	1685945957506	OK	 
REQUEST		EC_MODHUMNOTI_GOP-1.jpg	1685945953832	1685945957520	OK	 
REQUEST		masonry.min.js?ver=4.2.2	1685945957269	1685945957554	OK	 
REQUEST		um-account.min.js?ver=2.6.0	1685945957305	1685945957586	OK	 
REQUEST		jquery.masonry.min.js?ver=3.1.2b	1685945957338	1685945957623	OK	 
REQUEST		post-24.css?ver=1682606329	1685945957379	1685945957658	OK	 
REQUEST		jquery.smartmenus.min.js?ver=1.0.1	1685945957394	1685945957674	OK	 
REQUEST		frontend-lite.min.css?ver=3.13.4	1685945956842	1685945957701	OK	 
REQUEST		post-135.css?ver=1682506425	1685945957412	1685945957708	OK	 
REQUEST		simplebar.min.js?ver=2.6.0	1685945957421	1685945957717	OK	 
REQUEST		global.css?ver=1682506424	1685945957138	1685945957718	OK	 
REQUEST		um-functions.min.js?ver=2.6.0	1685945957452	1685945957736	OK	 
REQUEST		webpack-pro.runtime.min.js?ver=3.11.3	1685945957456	1685945957748	OK	 
REQUEST		um-responsive.min.js?ver=2.6.0	1685945957464	1685945957757	OK	 
REQUEST		post-24.css?ver=1682606329	1685945957476	1685945957759	OK	 
REQUEST		frontend-lite.min.css?ver=3.13.4	1685945956924	1685945957780	OK	 
REQUEST		global.css?ver=1682506424	1685945957213	1685945957788	OK	 
REQUEST		webpack.runtime.min.js?ver=3.13.4	1685945957503	1685945957790	OK	 
REQUEST		post-135.css?ver=1682506425	1685945957500	1685945957792	OK	 
REQUEST		frontend-modules.min.js?ver=3.13.4	1685945957505	1685945957795	OK	 
REQUEST		frontend.min.js?ver=3.11.3	1685945957506	1685945957797	OK	 
REQUEST		um-conditional.min.js?ver=2.6.0	1685945957521	1685945957804	OK	 
REQUEST		um-scripts.min.js?ver=2.6.0	1685945957554	1685945957836	OK	 
REQUEST		waypoints.min.js?ver=4.0.2	1685945957587	1685945957890	OK	 
REQUEST		um-profile.min.js?ver=2.6.0	1685945957623	1685945957915	OK	 
REQUEST		post-176.css?ver=1682506425	1685945957659	1685945957969	OK	 
REQUEST		style.min.css?ver=3.4.3	1685945956821	1685945957972	OK	 
REQUEST		wc-blocks-style.css?ver=10.0.6	1685945955963	1685945957980	OK	 
REQUEST		frontend.min.js?ver=3.13.4	1685945957675	1685945957982	OK	 
REQUEST		jquery-ui.min.css?ver=7.7.2	1685945957708	1685945957997	OK	 
REQUEST		um-account.min.js?ver=2.6.0	1685945957717	1685945958010	OK	 
REQUEST		wcfmicon.min.css?ver=6.7.0	1685945957719	1685945958016	OK	 
REQUEST		jquery.smartmenus.min.js?ver=1.0.1	1685945957736	1685945958025	OK	 
REQUEST		elements-handlers.min.js?ver=3.11.3	1685945957749	1685945958042	OK	 
REQUEST		post-176.css?ver=1682506425	1685945957760	1685945958043	OK	 
REQUEST		style.min.css?ver=3.4.3	1685945956913	1685945958047	OK	 
REQUEST		webpack-pro.runtime.min.js?ver=3.11.3	1685945957757	1685945958049	OK	 
REQUEST		wc-blocks-style.css?ver=10.0.6	1685945956044	1685945958079	OK	 
REQUEST		elementor.js?ver=2.8.7	1685945957795	1685945958083	OK	 
REQUEST		animate-circle.js?ver=2.8.7	1685945957791	1685945958084	OK	 
REQUEST		jquery.sticky.min.js?ver=3.11.3	1685945957798	1685945958085	OK	 
REQUEST		jquery-ui.min.css?ver=7.7.2	1685945957788	1685945958086	OK	 
USER	Environment Club Load Test	END	1685945958089
REQUEST		webpack.runtime.min.js?ver=3.13.4	1685945957805	1685945958110	OK	 
REQUEST		wcfmicon.min.css?ver=6.7.0	1685945957792	1685945958110	OK	 
REQUEST		frontend-modules.min.js?ver=3.13.4	1685945957836	1685945958123	OK	 
REQUEST		frontend.min.js?ver=3.11.3	1685945957915	1685945958214	OK	 
REQUEST		woo-star-font.min.css?ver=6.2.2	1685945957982	1685945958278	OK	 
REQUEST		ekiticons.css?ver=2.8.7	1685945957702	1685945958280	OK	 
REQUEST		woocommerce.min.css?ver=6.2.2	1685945957978	1685945958281	OK	 
REQUEST		woo-quick-view.min.css?ver=6.2.2	1685945957998	1685945958284	OK	 
REQUEST		waypoints.min.js?ver=4.0.2	1685945958010	1685945958296	OK	 
REQUEST		frontend.min.js?ver=3.13.4	1685945958026	1685945958314	OK	 
REQUEST		wcfm-style-core.css?ver=6.7.0	1685945958044	1685945958327	OK	 
REQUEST		woocommerce.min.css?ver=6.2.2	1685945958049	1685945958338	OK	 
REQUEST		elements-handlers.min.js?ver=3.11.3	1685945958050	1685945958342	OK	 
REQUEST		ekiticons.css?ver=2.8.7	1685945957781	1685945958360	OK	 
REQUEST		woo-star-font.min.css?ver=6.2.2	1685945958084	1685945958369	OK	 
REQUEST		woo-quick-view.min.css?ver=6.2.2	1685945958088	1685945958372	OK	 
REQUEST		animate-circle.js?ver=2.8.7	1685945958110	1685945958391	OK	 
REQUEST		elementor.js?ver=2.8.7	1685945958124	1685945958411	OK	 
REQUEST		jquery.sticky.min.js?ver=3.11.3	1685945958214	1685945958499	OK	 
USER	Environment Club Load Test	END	1685945958504
REQUEST		wcfm-style-core.css?ver=6.7.0	1685945957970	1685945958534	OK	 
REQUEST		um-fonticons-fa.css?ver=2.6.0	1685945958282	1685945958573	OK	 
REQUEST		responsive.css?ver=2.8.7	1685945958279	1685945958575	OK	 
REQUEST		select2.min.css?ver=4.0.13	1685945958284	1685945958577	OK	 
REQUEST		um-fonticons-ii.css?ver=2.6.0	1685945958280	1685945958578	OK	 
REQUEST		responsive.css?ver=2.8.7	1685945958328	1685945958611	OK	 
REQUEST		um-fonticons-ii.css?ver=2.6.0	1685945958339	1685945958625	OK	 
REQUEST		um-fonticons-fa.css?ver=2.6.0	1685945958361	1685945958647	OK	 
REQUEST		select2.min.css?ver=4.0.13	1685945958369	1685945958657	OK	 
REQUEST		um-crop.css?ver=2.6.0	1685945958373	1685945958658	OK	 
REQUEST		um-crop.css?ver=2.6.0	1685945958535	1685945958815	OK	 
REQUEST		um-modal.css?ver=2.6.0	1685945958573	1685945958863	OK	 
REQUEST		um-account.css?ver=2.6.0	1685945958579	1685945958868	OK	 
REQUEST		um-styles.css?ver=2.6.0	1685945958576	1685945958871	OK	 
REQUEST		um-profile.css?ver=2.6.0	1685945958578	1685945958872	OK	 
REQUEST		widget-styles.css?ver=2.8.7	1685945958017	1685945958899	OK	 
REQUEST		um-modal.css?ver=2.6.0	1685945958612	1685945958904	OK	 
REQUEST		um-styles.css?ver=2.6.0	1685945958625	1685945958912	OK	 
REQUEST		um-profile.css?ver=2.6.0	1685945958648	1685945958942	OK	 
REQUEST		um-account.css?ver=2.6.0	1685945958657	1685945958945	OK	 
REQUEST		um-misc.css?ver=2.6.0	1685945958659	1685945958947	OK	 
REQUEST		widget-styles.css?ver=2.8.7	1685945958111	1685945959003	OK	 
REQUEST		um-misc.css?ver=2.6.0	1685945958815	1685945959103	OK	 
REQUEST		um-fileupload.css?ver=2.6.0	1685945958863	1685945959143	OK	 
REQUEST		default.css?ver=2.6.0	1685945958868	1685945959150	OK	 
REQUEST		default.date.css?ver=2.6.0	1685945958871	1685945959159	OK	 
REQUEST		default.time.css?ver=2.6.0	1685945958874	1685945959160	OK	 
REQUEST		um-fileupload.css?ver=2.6.0	1685945958905	1685945959185	OK	 
REQUEST		default.css?ver=2.6.0	1685945958914	1685945959195	OK	 
REQUEST		um-raty.css?ver=2.6.0	1685945958906	1685945959206	OK	 
REQUEST		default.date.css?ver=2.6.0	1685945958943	1685945959226	OK	 
REQUEST		default.time.css?ver=2.6.0	1685945958946	1685945959231	OK	 
REQUEST		um-raty.css?ver=2.6.0	1685945958947	1685945959232	OK	 
REQUEST		simplebar.css?ver=2.6.0	1685945959009	1685945959299	OK	 
REQUEST		simplebar.css?ver=2.6.0	1685945959104	1685945959384	OK	 
REQUEST		um-tipsy.css?ver=2.6.0	1685945959144	1685945959423	OK	 
REQUEST		um-responsive.css?ver=2.6.0	1685945959151	1685945959434	OK	 
REQUEST		um-old-default.css?ver=2.6.0	1685945959160	1685945959443	OK	 
REQUEST		fontawesome.min.css?ver=5.15.3	1685945959161	1685945959449	OK	 
REQUEST		um-tipsy.css?ver=2.6.0	1685945959186	1685945959466	OK	 
REQUEST		um-responsive.css?ver=2.6.0	1685945959196	1685945959478	OK	 
REQUEST		solid.min.css?ver=5.15.3	1685945959207	1685945959502	OK	 
REQUEST		um-old-default.css?ver=2.6.0	1685945959227	1685945959510	OK	 
REQUEST		fontawesome.min.css?ver=5.15.3	1685945959232	1685945959525	OK	 
REQUEST		solid.min.css?ver=5.15.3	1685945959233	1685945959527	OK	 
REQUEST		regular.min.css?ver=5.15.3	1685945959300	1685945959585	OK	 
REQUEST		regular.min.css?ver=5.15.3	1685945959385	1685945959662	OK	 
REQUEST		jquery.min.js?ver=3.6.4	1685945959423	1685945959709	OK	 
REQUEST		jquery-migrate.min.js?ver=3.4.0	1685945959435	1685945959717	OK	 
REQUEST		um-gdpr.min.js?ver=2.6.0	1685945959444	1685945959727	OK	 
REQUEST		widget-theme-elements.min.css	1685945959450	1685945959734	OK	 
REQUEST		jquery-migrate.min.js?ver=3.4.0	1685945959479	1685945959763	OK	 
REQUEST		widget-icon-list.min.css	1685945959502	1685945959788	OK	 
REQUEST		um-gdpr.min.js?ver=2.6.0	1685945959510	1685945959793	OK	 
REQUEST		widget-theme-elements.min.css	1685945959526	1685945959812	OK	 
REQUEST		widget-icon-list.min.css	1685945959527	1685945959815	OK	 
REQUEST		widget-nav-menu.min.css	1685945959585	1685945959875	OK	 
REQUEST		widget-nav-menu.min.css	1685945959663	1685945959965	OK	 
REQUEST		jquery.min.js?ver=3.6.4	1685945959467	1685945960055	OK	 
REQUEST		Environment Club Request	1685945900028	1685945960036	KO	i.g.h.c.i.RequestTimeoutException: Request timeout to tmsssepfisheries.org/107.161.23.26:443 after 60000 ms
USER	Environment Club Load Test	END	1685945960081
REQUEST		EC_MODHUMNOTI_GOP-1.jpg	1685945959813	1685945960161	OK	 
REQUEST		widget-woocommerce.min.css	1685945959710	1685945960292	OK	 
REQUEST		widget-woocommerce.min.css	1685945959763	1685945960373	OK	 
REQUEST		EC_BAKIBEK_NAT_0106-2-1.jpeg	1685945959718	1685945960392	OK	 
REQUEST		EC_MODHUMNOTI_GOP-1.jpg	1685945959727	1685945960401	OK	 
REQUEST		scripts.js?ver=1.0	1685945960162	1685945960452	OK	 
REQUEST		Environment Club Request	1685945900550	1685945960563	KO	i.g.h.c.i.RequestTimeoutException: Request timeout to tmsssepfisheries.org/107.161.23.26:443 after 60000 ms
USER	Environment Club Load Test	END	1685945960563
REQUEST		EC_BAKIBEK_NAT_0106-2-1-1024x768.jpeg	1685945959966	1685945960587	OK	 
REQUEST		scripts.js?ver=1.0	1685945960293	1685945960588	OK	 
REQUEST		EC_BAKIBEK_NAT_0106-2-1-1024x768.jpeg	1685945960055	1685945960623	OK	 
REQUEST		index.js?ver=5.7.6	1685945960374	1685945960657	OK	 
REQUEST		EC_BAKIBEK_NAT_0106-2-1.jpeg	1685945959794	1685945960675	OK	 
REQUEST		index.js?ver=5.7.6	1685945960392	1685945960688	OK	 
REQUEST		index.js?ver=5.7.6	1685945960401	1685945960702	OK	 
REQUEST		index.js?ver=5.7.6	1685945960453	1685945960738	OK	 
REQUEST		jquery.blockUI.min.js?ver=2.7.0-wc.7.7.2	1685945960587	1685945960867	OK	 
REQUEST		add-to-cart.min.js?ver=7.7.2	1685945960588	1685945960872	OK	 
REQUEST		jquery.blockUI.min.js?ver=2.7.0-wc.7.7.2	1685945960624	1685945960905	OK	 
REQUEST		add-to-cart.min.js?ver=7.7.2	1685945960657	1685945960939	OK	 
REQUEST		js.cookie.min.js?ver=2.1.4-wc.7.7.2	1685945960675	1685945960958	OK	 
REQUEST		js.cookie.min.js?ver=2.1.4-wc.7.7.2	1685945960689	1685945960980	OK	 
REQUEST		woocommerce.min.js?ver=7.7.2	1685945960703	1685945960995	OK	 
REQUEST		IMG20221003133815-scaled.jpg	1685945959735	1685945961002	OK	 
REQUEST		woocommerce.min.js?ver=7.7.2	1685945960739	1685945961026	OK	 
REQUEST		Environment Club Request	1685945901549	1685945961048	KO	status.find.is(200), but actually found 503
USER	Environment Club Load Test	END	1685945961049
REQUEST		TANK-CULTURE_RUPALI_GOP-1-scaled.jpg	1685945959789	1685945961065	OK	 
REQUEST		cart-fragments.min.js?ver=7.7.2	1685945960868	1685945961148	OK	 
REQUEST		imagesloaded.min.js?ver=4.1.4	1685945960873	1685945961153	OK	 
REQUEST		cart-fragments.min.js?ver=7.7.2	1685945960906	1685945961195	OK	 
REQUEST		imagesloaded.min.js?ver=4.1.4	1685945960940	1685945961225	OK	 
REQUEST		theme.min.js?ver=3.4.3	1685945960959	1685945961254	OK	 
REQUEST		theme.min.js?ver=3.4.3	1685945960981	1685945961269	OK	 
REQUEST		drop-down-mobile-menu.min.js?ver=3.4.3	1685945960995	1685945961285	OK	 
REQUEST		magnific-popup.min.js?ver=3.4.3	1685945961002	1685945961288	OK	 
REQUEST		drop-down-mobile-menu.min.js?ver=3.4.3	1685945961027	1685945961320	OK	 
REQUEST		ow-lightbox.min.js?ver=3.4.3	1685945961066	1685945961352	OK	 
REQUEST		flickity.pkgd.min.js?ver=3.4.3	1685945961148	1685945961458	OK	 
REQUEST		ow-slider.min.js?ver=3.4.3	1685945961153	1685945961469	OK	 
REQUEST		TANK-CULTURE_RUPALI_GOP-1-scaled.jpg	1685945959876	1685945961473	OK	 
REQUEST		magnific-popup.min.js?ver=3.4.3	1685945961195	1685945961479	OK	 
REQUEST		ow-lightbox.min.js?ver=3.4.3	1685945961225	1685945961507	OK	 
REQUEST		flickity.pkgd.min.js?ver=3.4.3	1685945961255	1685945961543	OK	 
REQUEST		scroll-effect.min.js?ver=3.4.3	1685945961269	1685945961554	OK	 
REQUEST		scroll-top.min.js?ver=3.4.3	1685945961286	1685945961572	OK	 
REQUEST		select.min.js?ver=3.4.3	1685945961288	1685945961578	OK	 
REQUEST		ow-slider.min.js?ver=3.4.3	1685945961320	1685945961605	OK	 
REQUEST		woo-custom-features.min.js?ver=3.4.3	1685945961353	1685945961643	OK	 
REQUEST		frontend-script.js?ver=2.8.7	1685945961459	1685945961736	OK	 
REQUEST		scroll-top.min.js?ver=3.4.3	1685945961480	1685945961763	OK	 
REQUEST		select.min.js?ver=3.4.3	1685945961508	1685945961789	OK	 
REQUEST		scroll-effect.min.js?ver=3.4.3	1685945961474	1685945961828	OK	 
REQUEST		woo-custom-features.min.js?ver=3.4.3	1685945961543	1685945961829	OK	 
REQUEST		jquery.blockUI.min.js?ver=6.7.0	1685945961555	1685945961843	OK	 
REQUEST		core.min.js?ver=1.13.2	1685945961573	1685945961873	OK	 
REQUEST		frontend-script.js?ver=2.8.7	1685945961606	1685945961890	OK	 
REQUEST		datepicker.min.js?ver=1.13.2	1685945961578	1685945961918	OK	 
REQUEST		wcfm-script-core.js?ver=6.7.0	1685945961644	1685945961941	OK	 
REQUEST		Environment Club Request	1685945901954	1685945961964	KO	i.g.h.c.i.RequestTimeoutException: Request timeout to tmsssepfisheries.org/107.161.23.26:443 after 60000 ms
USER	Environment Club Load Test	END	1685945961964
REQUEST		woo-quick-view.min.js?ver=3.4.3	1685945961737	1685945962037	OK	 
REQUEST		widget-scripts.js?ver=2.8.7	1685945961471	1685945962038	OK	 
REQUEST		jquery.blockUI.min.js?ver=6.7.0	1685945961790	1685945962080	OK	 
REQUEST		datepicker.min.js?ver=1.13.2	1685945961829	1685945962115	OK	 
REQUEST		core.min.js?ver=1.13.2	1685945961828	1685945962117	OK	 
REQUEST		underscore.min.js?ver=1.13.4	1685945961844	1685945962126	OK	 
REQUEST		wp-util.min.js?ver=6.2.2	1685945961874	1685945962157	OK	 
REQUEST		wcfm-script-core.js?ver=6.7.0	1685945961890	1685945962181	OK	 
REQUEST		add-to-cart-variation.min.js?ver=7.7.2	1685945961918	1685945962204	OK	 
REQUEST		jquery.flexslider.min.js?ver=2.7.2-wc.7.7.2	1685945961942	1685945962232	OK	 
REQUEST		woo-mini-cart.min.js?ver=3.4.3	1685945962037	1685945962316	OK	 
REQUEST		widget-scripts.js?ver=2.8.7	1685945961764	1685945962325	OK	 
REQUEST		select2.full.min.js?ver=4.0.13	1685945962039	1685945962353	OK	 
REQUEST		woo-quick-view.min.js?ver=3.4.3	1685945962080	1685945962369	OK	 
REQUEST		underscore.min.js?ver=1.13.4	1685945962115	1685945962399	OK	 
REQUEST		wp-util.min.js?ver=6.2.2	1685945962117	1685945962404	OK	 
REQUEST		um-crop.min.js?ver=2.6.0	1685945962126	1685945962409	OK	 
REQUEST		um-modal.min.js?ver=2.6.0	1685945962157	1685945962449	OK	 
REQUEST		add-to-cart-variation.min.js?ver=7.7.2	1685945962182	1685945962469	OK	 
REQUEST		um-jquery-form.min.js?ver=2.6.0	1685945962205	1685945962494	OK	 
REQUEST		um-fileupload.js?ver=2.6.0	1685945962232	1685945962518	OK	 
REQUEST		Environment Club Request	1685945902539	1685945962540	KO	i.g.h.c.i.RequestTimeoutException: Request timeout to tmsssepfisheries.org/107.161.23.26:443 after 60000 ms
USER	Environment Club Load Test	END	1685945962540
REQUEST		picker.js?ver=2.6.0	1685945962316	1685945962599	OK	 
REQUEST		jquery.flexslider.min.js?ver=2.7.2-wc.7.7.2	1685945962325	1685945962608	OK	 
REQUEST		picker.date.js?ver=2.6.0	1685945962353	1685945962641	OK	 
REQUEST		woo-mini-cart.min.js?ver=3.4.3	1685945962370	1685945962652	OK	 
REQUEST		select2.full.min.js?ver=4.0.13	1685945962400	1685945962689	OK	 
REQUEST		um-crop.min.js?ver=2.6.0	1685945962404	1685945962691	OK	 
REQUEST		picker.time.js?ver=2.6.0	1685945962410	1685945962694	OK	 
REQUEST		wp-polyfill-inert.min.js?ver=3.1.2	1685945962450	1685945962733	OK	 
REQUEST		um-modal.min.js?ver=2.6.0	1685945962469	1685945962754	OK	 
REQUEST		regenerator-runtime.min.js?ver=0.13.11	1685945962495	1685945962779	OK	 
REQUEST		wp-polyfill.min.js?ver=3.15.0	1685945962518	1685945962810	OK	 
REQUEST		hooks.min.js?ver=4169d3cf8e8d95a3d6d5	1685945962600	1685945962878	OK	 
REQUEST		um-jquery-form.min.js?ver=2.6.0	1685945962609	1685945962890	OK	 
REQUEST		i18n.min.js?ver=9e794f35a71bb98672ae	1685945962642	1685945962921	OK	 
REQUEST		um-fileupload.js?ver=2.6.0	1685945962652	1685945962934	OK	 
REQUEST		Environment Club Request	1685945902947	1685945962950	KO	i.g.h.c.i.RequestTimeoutException: Request timeout to tmsssepfisheries.org/107.161.23.26:443 after 60000 ms
USER	Environment Club Load Test	END	1685945962951
REQUEST		picker.js?ver=2.6.0	1685945962689	1685945962975	OK	 
REQUEST		um-raty.min.js?ver=2.6.0	1685945962694	1685945962978	OK	 
REQUEST		picker.date.js?ver=2.6.0	1685945962691	1685945962980	OK	 
REQUEST		um-tipsy.min.js?ver=2.6.0	1685945962734	1685945963017	OK	 
REQUEST		IMG20221003133815-scaled.jpg	1685945959816	1685945963029	OK	 
REQUEST		picker.time.js?ver=2.6.0	1685945962755	1685945963042	OK	 
REQUEST		masonry.min.js?ver=4.2.2	1685945962779	1685945963068	OK	 
REQUEST		jquery.masonry.min.js?ver=3.1.2b	1685945962810	1685945963097	OK	 
REQUEST		simplebar.min.js?ver=2.6.0	1685945962879	1685945963160	OK	 
REQUEST		wp-polyfill-inert.min.js?ver=3.1.2	1685945962891	1685945963171	OK	 
REQUEST		um-functions.min.js?ver=2.6.0	1685945962921	1685945963201	OK	 
REQUEST		regenerator-runtime.min.js?ver=0.13.11	1685945962935	1685945963216	OK	 
REQUEST		wp-polyfill.min.js?ver=3.15.0	1685945962975	1685945963260	OK	 
REQUEST		um-responsive.min.js?ver=2.6.0	1685945962979	1685945963262	OK	 
REQUEST		hooks.min.js?ver=4169d3cf8e8d95a3d6d5	1685945962981	1685945963269	OK	 
REQUEST		um-conditional.min.js?ver=2.6.0	1685945963017	1685945963304	OK	 
REQUEST		i18n.min.js?ver=9e794f35a71bb98672ae	1685945963029	1685945963319	OK	 
REQUEST		um-raty.min.js?ver=2.6.0	1685945963043	1685945963330	OK	 
REQUEST		Environment Club Request	1685945903339	1685945963354	KO	i.g.h.c.i.RequestTimeoutException: Request timeout to tmsssepfisheries.org/107.161.23.26:443 after 60000 ms
USER	Environment Club Load Test	END	1685945963355
REQUEST		um-scripts.min.js?ver=2.6.0	1685945963069	1685945963356	OK	 
REQUEST		um-profile.min.js?ver=2.6.0	1685945963097	1685945963382	OK	 
REQUEST		um-account.min.js?ver=2.6.0	1685945963160	1685945963440	OK	 
REQUEST		um-tipsy.min.js?ver=2.6.0	1685945963172	1685945963455	OK	 
REQUEST		jquery.smartmenus.min.js?ver=1.0.1	1685945963201	1685945963486	OK	 
REQUEST		masonry.min.js?ver=4.2.2	1685945963217	1685945963504	OK	 
REQUEST		jquery.masonry.min.js?ver=3.1.2b	1685945963260	1685945963543	OK	 
REQUEST		webpack-pro.runtime.min.js?ver=3.11.3	1685945963262	1685945963545	OK	 
REQUEST		Environment Club Request	1685945903543	1685945963555	KO	i.g.h.c.i.RequestTimeoutException: Request timeout to tmsssepfisheries.org/107.161.23.26:443 after 60000 ms
USER	Environment Club Load Test	END	1685945963555
REQUEST		simplebar.min.js?ver=2.6.0	1685945963269	1685945963558	OK	 
REQUEST		webpack.runtime.min.js?ver=3.13.4	1685945963304	1685945963588	OK	 
REQUEST		um-functions.min.js?ver=2.6.0	1685945963319	1685945963605	OK	 
REQUEST		um-responsive.min.js?ver=2.6.0	1685945963330	1685945963615	OK	 
REQUEST		frontend-modules.min.js?ver=3.13.4	1685945963356	1685945963644	OK	 
REQUEST		frontend.min.js?ver=3.11.3	1685945963382	1685945963671	OK	 
REQUEST		waypoints.min.js?ver=4.0.2	1685945963441	1685945963719	OK	 
REQUEST		um-conditional.min.js?ver=2.6.0	1685945963456	1685945963738	OK	 
REQUEST		frontend.min.js?ver=3.13.4	1685945963487	1685945963768	OK	 
REQUEST		um-scripts.min.js?ver=2.6.0	1685945963504	1685945963786	OK	 
REQUEST		um-profile.min.js?ver=2.6.0	1685945963543	1685945963828	OK	 
REQUEST		elements-handlers.min.js?ver=3.11.3	1685945963545	1685945963828	OK	 
REQUEST		um-account.min.js?ver=2.6.0	1685945963559	1685945963844	OK	 
REQUEST		animate-circle.js?ver=2.8.7	1685945963588	1685945963874	OK	 
REQUEST		jquery.smartmenus.min.js?ver=1.0.1	1685945963606	1685945963893	OK	 
REQUEST		webpack-pro.runtime.min.js?ver=3.11.3	1685945963615	1685945963902	OK	 
REQUEST		elementor.js?ver=2.8.7	1685945963645	1685945963931	OK	 
REQUEST		jquery.sticky.min.js?ver=3.11.3	1685945963672	1685945963957	OK	 
USER	Environment Club Load Test	END	1685945963960
REQUEST		Environment Club Request	1685945903950	1685945963960	KO	i.g.h.c.i.RequestTimeoutException: Request timeout to tmsssepfisheries.org/107.161.23.26:443 after 60000 ms
USER	Environment Club Load Test	END	1685945963961
REQUEST		webpack.runtime.min.js?ver=3.13.4	1685945963738	1685945964019	OK	 
REQUEST		frontend-modules.min.js?ver=3.13.4	1685945963786	1685945964071	OK	 
REQUEST		frontend.min.js?ver=3.11.3	1685945963828	1685945964113	OK	 
REQUEST		waypoints.min.js?ver=4.0.2	1685945963844	1685945964130	OK	 
REQUEST		frontend.min.js?ver=3.13.4	1685945963893	1685945964181	OK	 
REQUEST		elements-handlers.min.js?ver=3.11.3	1685945963902	1685945964190	OK	 
REQUEST		animate-circle.js?ver=2.8.7	1685945964019	1685945964300	OK	 
REQUEST		Environment Club Request	1685945904342	1685945964355	KO	i.g.h.c.i.RequestTimeoutException: Request timeout to tmsssepfisheries.org/107.161.23.26:443 after 60000 ms
USER	Environment Club Load Test	END	1685945964355
REQUEST		elementor.js?ver=2.8.7	1685945964072	1685945964359	OK	 
REQUEST		jquery.sticky.min.js?ver=3.11.3	1685945964113	1685945964396	OK	 
USER	Environment Club Load Test	END	1685945964399
REQUEST		Environment Club Request	1685945904545	1685945964561	KO	i.g.h.c.i.RequestTimeoutException: Request timeout to tmsssepfisheries.org/107.161.23.26:443 after 60000 ms
USER	Environment Club Load Test	END	1685945964562
REQUEST		Environment Club Request	1685945904737	1685945964749	KO	i.g.h.c.i.RequestTimeoutException: Request timeout to tmsssepfisheries.org/107.161.23.26:443 after 60000 ms
USER	Environment Club Load Test	END	1685945964750
REQUEST		Environment Club Request	1685945904939	1685945964940	KO	i.g.h.c.i.RequestTimeoutException: Request timeout to tmsssepfisheries.org/107.161.23.26:443 after 60000 ms
USER	Environment Club Load Test	END	1685945964940
REQUEST		Environment Club Request	1685945905141	1685945965156	KO	i.g.h.c.i.RequestTimeoutException: Request timeout to tmsssepfisheries.org/107.161.23.26:443 after 60000 ms
USER	Environment Club Load Test	END	1685945965157
REQUEST		Environment Club Request	1685945905345	1685945965358	KO	i.g.h.c.i.RequestTimeoutException: Request timeout to tmsssepfisheries.org/107.161.23.26:443 after 60000 ms
USER	Environment Club Load Test	END	1685945965359
REQUEST		Environment Club Request	1685945905535	1685945965545	KO	i.g.h.c.i.RequestTimeoutException: Request timeout to tmsssepfisheries.org/107.161.23.26:443 after 60000 ms
USER	Environment Club Load Test	END	1685945965546
REQUEST		Environment Club Request	1685945905742	1685945965750	KO	i.g.h.c.i.RequestTimeoutException: Request timeout to tmsssepfisheries.org/107.161.23.26:443 after 60000 ms
USER	Environment Club Load Test	END	1685945965751
REQUEST		Environment Club Request	1685945905947	1685945965951	KO	i.g.h.c.i.RequestTimeoutException: Request timeout to tmsssepfisheries.org/107.161.23.26:443 after 60000 ms
USER	Environment Club Load Test	END	1685945965952
REQUEST		Environment Club Request	1685945906136	1685945966140	KO	i.g.h.c.i.RequestTimeoutException: Request timeout to tmsssepfisheries.org/107.161.23.26:443 after 60000 ms
USER	Environment Club Load Test	END	1685945966141
REQUEST		Environment Club Request	1685945906339	1685945966347	KO	i.g.h.c.i.RequestTimeoutException: Request timeout to tmsssepfisheries.org/107.161.23.26:443 after 60000 ms
USER	Environment Club Load Test	END	1685945966347
REQUEST		Environment Club Request	1685945906545	1685945966554	KO	i.g.h.c.i.RequestTimeoutException: Request timeout to tmsssepfisheries.org/107.161.23.26:443 after 60000 ms
USER	Environment Club Load Test	END	1685945966555
REQUEST		Environment Club Request	1685945906749	1685945966757	KO	i.g.h.c.i.RequestTimeoutException: Request timeout to tmsssepfisheries.org/107.161.23.26:443 after 60000 ms
USER	Environment Club Load Test	END	1685945966758
REQUEST		Environment Club Request	1685945906951	1685945966962	KO	i.g.h.c.i.RequestTimeoutException: Request timeout to tmsssepfisheries.org/107.161.23.26:443 after 60000 ms
USER	Environment Club Load Test	END	1685945966963
REQUEST		Environment Club Request	1685945907136	1685945967149	KO	i.g.h.c.i.RequestTimeoutException: Request timeout to tmsssepfisheries.org/107.161.23.26:443 after 60000 ms
USER	Environment Club Load Test	END	1685945967151
REQUEST		Environment Club Request	1685945907340	1685945967354	KO	i.g.h.c.i.RequestTimeoutException: Request timeout to tmsssepfisheries.org/107.161.23.26:443 after 60000 ms
USER	Environment Club Load Test	END	1685945967354
REQUEST		Environment Club Request	1685945907542	1685945967544	KO	i.g.h.c.i.RequestTimeoutException: Request timeout to tmsssepfisheries.org/107.161.23.26:443 after 60000 ms
USER	Environment Club Load Test	END	1685945967545
REQUEST		Environment Club Request	1685945907746	1685945967751	KO	i.g.h.c.i.RequestTimeoutException: Request timeout to tmsssepfisheries.org/107.161.23.26:443 after 60000 ms
USER	Environment Club Load Test	END	1685945967751
REQUEST		Environment Club Request	1685945907947	1685945967955	KO	i.g.h.c.i.RequestTimeoutException: Request timeout to tmsssepfisheries.org/107.161.23.26:443 after 60000 ms
USER	Environment Club Load Test	END	1685945967956
REQUEST		Environment Club Request	1685945908148	1685945968159	KO	i.g.h.c.i.RequestTimeoutException: Request timeout to tmsssepfisheries.org/107.161.23.26:443 after 60000 ms
USER	Environment Club Load Test	END	1685945968160
REQUEST		Environment Club Request	1685945908338	1685945968347	KO	i.g.h.c.i.RequestTimeoutException: Request timeout to tmsssepfisheries.org/107.161.23.26:443 after 60000 ms
USER	Environment Club Load Test	END	1685945968348
REQUEST		Environment Club Request	1685945908542	1685945968552	KO	i.g.h.c.i.RequestTimeoutException: Request timeout to tmsssepfisheries.org/107.161.23.26:443 after 60000 ms
USER	Environment Club Load Test	END	1685945968553
REQUEST		Environment Club Request	1685945908745	1685945968754	KO	i.g.h.c.i.RequestTimeoutException: Request timeout to tmsssepfisheries.org/107.161.23.26:443 after 60000 ms
USER	Environment Club Load Test	END	1685945968755
REQUEST		Environment Club Request	1685945908946	1685945968956	KO	i.g.h.c.i.RequestTimeoutException: Request timeout to tmsssepfisheries.org/107.161.23.26:443 after 60000 ms
USER	Environment Club Load Test	END	1685945968957
REQUEST		Environment Club Request	1685945909135	1685945969145	KO	i.g.h.c.i.RequestTimeoutException: Request timeout to tmsssepfisheries.org/107.161.23.26:443 after 60000 ms
USER	Environment Club Load Test	END	1685945969146
REQUEST		Environment Club Request	1685945909338	1685945969347	KO	i.g.h.c.i.RequestTimeoutException: Request timeout to tmsssepfisheries.org/107.161.23.26:443 after 60000 ms
USER	Environment Club Load Test	END	1685945969348
REQUEST		Environment Club Request	1685945909539	1685945969549	KO	i.g.h.c.i.RequestTimeoutException: Request timeout to tmsssepfisheries.org/107.161.23.26:443 after 60000 ms
USER	Environment Club Load Test	END	1685945969550
REQUEST		Environment Club Request	1685945909743	1685945969752	KO	i.g.h.c.i.RequestTimeoutException: Request timeout to tmsssepfisheries.org/107.161.23.26:443 after 60000 ms
USER	Environment Club Load Test	END	1685945969753
REQUEST		Environment Club Request	1685945909946	1685945969956	KO	i.g.h.c.i.RequestTimeoutException: Request timeout to tmsssepfisheries.org/107.161.23.26:443 after 60000 ms
USER	Environment Club Load Test	END	1685945969957
REQUEST		Environment Club Request	1685945910135	1685945970146	KO	i.g.h.c.i.RequestTimeoutException: Request timeout to tmsssepfisheries.org/107.161.23.26:443 after 60000 ms
USER	Environment Club Load Test	END	1685945970147
REQUEST		Environment Club Request	1685945910341	1685945970351	KO	i.g.h.c.i.RequestTimeoutException: Request timeout to tmsssepfisheries.org/107.161.23.26:443 after 60000 ms
USER	Environment Club Load Test	END	1685945970352
REQUEST		Environment Club Request	1685945910543	1685945970554	KO	i.g.h.c.i.RequestTimeoutException: Request timeout to tmsssepfisheries.org/107.161.23.26:443 after 60000 ms
USER	Environment Club Load Test	END	1685945970554
REQUEST		Environment Club Request	1685945910748	1685945970755	KO	i.g.h.c.i.RequestTimeoutException: Request timeout to tmsssepfisheries.org/107.161.23.26:443 after 60000 ms
USER	Environment Club Load Test	END	1685945970755
REQUEST		Environment Club Request	1685945910949	1685945970960	KO	i.g.h.c.i.RequestTimeoutException: Request timeout to tmsssepfisheries.org/107.161.23.26:443 after 60000 ms
USER	Environment Club Load Test	END	1685945970961
REQUEST		Environment Club Request	1685945911134	1685945971148	KO	i.g.h.c.i.RequestTimeoutException: Request timeout to tmsssepfisheries.org/107.161.23.26:443 after 60000 ms
USER	Environment Club Load Test	END	1685945971150
REQUEST		Environment Club Request	1685945911339	1685945971350	KO	i.g.h.c.i.RequestTimeoutException: Request timeout to tmsssepfisheries.org/107.161.23.26:443 after 60000 ms
USER	Environment Club Load Test	END	1685945971350
REQUEST		Environment Club Request	1685945911540	1685945971551	KO	i.g.h.c.i.RequestTimeoutException: Request timeout to tmsssepfisheries.org/107.161.23.26:443 after 60000 ms
USER	Environment Club Load Test	END	1685945971552
REQUEST		Environment Club Request	1685945911747	1685945971757	KO	i.g.h.c.i.RequestTimeoutException: Request timeout to tmsssepfisheries.org/107.161.23.26:443 after 60000 ms
USER	Environment Club Load Test	END	1685945971758
REQUEST		Environment Club Request	1685945911948	1685945971963	KO	i.g.h.c.i.RequestTimeoutException: Request timeout to tmsssepfisheries.org/107.161.23.26:443 after 60000 ms
USER	Environment Club Load Test	END	1685945971964
REQUEST		Environment Club Request	1685945912135	1685945972136	KO	i.g.h.c.i.RequestTimeoutException: Request timeout to tmsssepfisheries.org/107.161.23.26:443 after 60000 ms
USER	Environment Club Load Test	END	1685945972136
REQUEST		Environment Club Request	1685945912340	1685945972355	KO	i.g.h.c.i.RequestTimeoutException: Request timeout to tmsssepfisheries.org/107.161.23.26:443 after 60000 ms
USER	Environment Club Load Test	END	1685945972355
REQUEST		Environment Club Request	1685945912543	1685945972559	KO	i.g.h.c.i.RequestTimeoutException: Request timeout to tmsssepfisheries.org/107.161.23.26:443 after 60000 ms
USER	Environment Club Load Test	END	1685945972560
REQUEST		Environment Club Request	1685945912745	1685945972746	KO	i.g.h.c.i.RequestTimeoutException: Request timeout to tmsssepfisheries.org/107.161.23.26:443 after 60000 ms
USER	Environment Club Load Test	END	1685945972747
REQUEST		Environment Club Request	1685945912947	1685945972952	KO	i.g.h.c.i.RequestTimeoutException: Request timeout to tmsssepfisheries.org/107.161.23.26:443 after 60000 ms
USER	Environment Club Load Test	END	1685945972953
REQUEST		Environment Club Request	1685945913146	1685945973155	KO	i.g.h.c.i.RequestTimeoutException: Request timeout to tmsssepfisheries.org/107.161.23.26:443 after 60000 ms
USER	Environment Club Load Test	END	1685945973156
REQUEST		Environment Club Request	1685945913337	1685945973342	KO	i.g.h.c.i.RequestTimeoutException: Request timeout to tmsssepfisheries.org/107.161.23.26:443 after 60000 ms
USER	Environment Club Load Test	END	1685945973343
REQUEST		Environment Club Request	1685945913539	1685945973545	KO	i.g.h.c.i.RequestTimeoutException: Request timeout to tmsssepfisheries.org/107.161.23.26:443 after 60000 ms
USER	Environment Club Load Test	END	1685945973546
REQUEST		Environment Club Request	1685945913741	1685945973748	KO	i.g.h.c.i.RequestTimeoutException: Request timeout to tmsssepfisheries.org/107.161.23.26:443 after 60000 ms
USER	Environment Club Load Test	END	1685945973749
REQUEST		Environment Club Request	1685945913951	1685945973966	KO	i.g.h.c.i.RequestTimeoutException: Request timeout to tmsssepfisheries.org/107.161.23.26:443 after 60000 ms
USER	Environment Club Load Test	END	1685945973968
REQUEST		Environment Club Request	1685945914138	1685945974152	KO	i.g.h.c.i.RequestTimeoutException: Request timeout to tmsssepfisheries.org/107.161.23.26:443 after 60000 ms
USER	Environment Club Load Test	END	1685945974154
REQUEST		Environment Club Request	1685945914337	1685945974341	KO	i.g.h.c.i.RequestTimeoutException: Request timeout to tmsssepfisheries.org/107.161.23.26:443 after 60000 ms
USER	Environment Club Load Test	END	1685945974341
REQUEST		Environment Club Request	1685945914539	1685945974545	KO	i.g.h.c.i.RequestTimeoutException: Request timeout to tmsssepfisheries.org/107.161.23.26:443 after 60000 ms
USER	Environment Club Load Test	END	1685945974547
REQUEST		Environment Club Request	1685945914748	1685945974763	KO	i.g.h.c.i.RequestTimeoutException: Request timeout to tmsssepfisheries.org/107.161.23.26:443 after 60000 ms
USER	Environment Club Load Test	END	1685945974764
REQUEST		Environment Club Request	1685945914947	1685945974948	KO	i.g.h.c.i.RequestTimeoutException: Request timeout to tmsssepfisheries.org/107.161.23.26:443 after 60000 ms
USER	Environment Club Load Test	END	1685945974949
REQUEST		Environment Club Request	1685945915146	1685945975153	KO	i.g.h.c.i.RequestTimeoutException: Request timeout to tmsssepfisheries.org/107.161.23.26:443 after 60000 ms
USER	Environment Club Load Test	END	1685945975153
REQUEST		Environment Club Request	1685945915333	1685945975338	KO	i.g.h.c.i.RequestTimeoutException: Request timeout to tmsssepfisheries.org/107.161.23.26:443 after 60000 ms
USER	Environment Club Load Test	END	1685945975339
REQUEST		Environment Club Request	1685945915538	1685945975542	KO	i.g.h.c.i.RequestTimeoutException: Request timeout to tmsssepfisheries.org/107.161.23.26:443 after 60000 ms
USER	Environment Club Load Test	END	1685945975542
REQUEST		Environment Club Request	1685945915743	1685945975745	KO	i.g.h.c.i.RequestTimeoutException: Request timeout to tmsssepfisheries.org/107.161.23.26:443 after 60000 ms
USER	Environment Club Load Test	END	1685945975746
REQUEST		Environment Club Request	1685945915933	1685945975947	KO	i.g.h.c.i.RequestTimeoutException: Request timeout to tmsssepfisheries.org/107.161.23.26:443 after 60000 ms
USER	Environment Club Load Test	END	1685945975947
REQUEST		Environment Club Request	1685945916135	1685945976151	KO	i.g.h.c.i.RequestTimeoutException: Request timeout to tmsssepfisheries.org/107.161.23.26:443 after 60000 ms
USER	Environment Club Load Test	END	1685945976152
REQUEST		Environment Club Request	1685945916341	1685945976341	KO	i.g.h.c.i.RequestTimeoutException: Request timeout to tmsssepfisheries.org/107.161.23.26:443 after 60000 ms
USER	Environment Club Load Test	END	1685945976342
REQUEST		Environment Club Request	1685945916542	1685945976547	KO	i.g.h.c.i.RequestTimeoutException: Request timeout to tmsssepfisheries.org/107.161.23.26:443 after 60000 ms
USER	Environment Club Load Test	END	1685945976547
REQUEST		Environment Club Request	1685945916748	1685945976749	KO	i.g.h.c.i.RequestTimeoutException: Request timeout to tmsssepfisheries.org/107.161.23.26:443 after 60000 ms
USER	Environment Club Load Test	END	1685945976751
REQUEST		Environment Club Request	1685945916973	1685945976987	KO	i.g.h.c.i.RequestTimeoutException: Request timeout to tmsssepfisheries.org/107.161.23.26:443 after 60000 ms
USER	Environment Club Load Test	END	1685945976988
REQUEST		Environment Club Request	1685945917134	1685945977143	KO	i.g.h.c.i.RequestTimeoutException: Request timeout to tmsssepfisheries.org/107.161.23.26:443 after 60000 ms
USER	Environment Club Load Test	END	1685945977144
REQUEST		Environment Club Request	1685945917337	1685945977347	KO	i.g.h.c.i.RequestTimeoutException: Request timeout to tmsssepfisheries.org/107.161.23.26:443 after 60000 ms
USER	Environment Club Load Test	END	1685945977348
REQUEST		Environment Club Request	1685945917539	1685945977546	KO	i.g.h.c.i.RequestTimeoutException: Request timeout to tmsssepfisheries.org/107.161.23.26:443 after 60000 ms
USER	Environment Club Load Test	END	1685945977547
REQUEST		Environment Club Request	1685945917744	1685945977747	KO	i.g.h.c.i.RequestTimeoutException: Request timeout to tmsssepfisheries.org/107.161.23.26:443 after 60000 ms
USER	Environment Club Load Test	END	1685945977748
REQUEST		Environment Club Request	1685945917947	1685945977962	KO	i.g.h.c.i.RequestTimeoutException: Request timeout to tmsssepfisheries.org/107.161.23.26:443 after 60000 ms
USER	Environment Club Load Test	END	1685945977963
REQUEST		Environment Club Request	1685945918134	1685945978135	KO	i.g.h.c.i.RequestTimeoutException: Request timeout to tmsssepfisheries.org/107.161.23.26:443 after 60000 ms
USER	Environment Club Load Test	END	1685945978136
REQUEST		Environment Club Request	1685945918338	1685945978339	KO	i.g.h.c.i.RequestTimeoutException: Request timeout to tmsssepfisheries.org/107.161.23.26:443 after 60000 ms
USER	Environment Club Load Test	END	1685945978340
REQUEST		Environment Club Request	1685945918540	1685945978541	KO	i.g.h.c.i.RequestTimeoutException: Request timeout to tmsssepfisheries.org/107.161.23.26:443 after 60000 ms
USER	Environment Club Load Test	END	1685945978542
REQUEST		Environment Club Request	1685945918745	1685945978760	KO	i.g.h.c.i.RequestTimeoutException: Request timeout to tmsssepfisheries.org/107.161.23.26:443 after 60000 ms
USER	Environment Club Load Test	END	1685945978761
REQUEST		Environment Club Request	1685945918949	1685945978962	KO	i.g.h.c.i.RequestTimeoutException: Request timeout to tmsssepfisheries.org/107.161.23.26:443 after 60000 ms
USER	Environment Club Load Test	END	1685945978963
REQUEST		Environment Club Request	1685945919139	1685945979150	KO	i.g.h.c.i.RequestTimeoutException: Request timeout to tmsssepfisheries.org/107.161.23.26:443 after 60000 ms
USER	Environment Club Load Test	END	1685945979151
REQUEST		Environment Club Request	1685945919346	1685945979352	KO	i.g.h.c.i.RequestTimeoutException: Request timeout to tmsssepfisheries.org/107.161.23.26:443 after 60000 ms
USER	Environment Club Load Test	END	1685945979353
REQUEST		Environment Club Request	1685945919549	1685945979553	KO	i.g.h.c.i.RequestTimeoutException: Request timeout to tmsssepfisheries.org/107.161.23.26:443 after 60000 ms
USER	Environment Club Load Test	END	1685945979554
REQUEST		Environment Club Request	1685945919738	1685945979741	KO	i.g.h.c.i.RequestTimeoutException: Request timeout to tmsssepfisheries.org/107.161.23.26:443 after 60000 ms
USER	Environment Club Load Test	END	1685945979742
