RUN	com.tmsssepfisheries.tests.BigFish	bigfish	1685945438860	Big Fish Page Test	3.6.1
USER	Big Fish Load Test	START	1685945440310
USER	Big Fish Load Test	START	1685945440503
USER	Big Fish Load Test	START	1685945440706
USER	Big Fish Load Test	START	1685945440892
USER	Big Fish Load Test	START	1685945441095
USER	Big Fish Load Test	START	1685945441298
USER	Big Fish Load Test	START	1685945441502
USER	Big Fish Load Test	START	1685945441705
USER	Big Fish Load Test	START	1685945441908
USER	Big Fish Load Test	START	1685945442097
USER	Big Fish Load Test	START	1685945442299
USER	Big Fish Load Test	START	1685945442488
USER	Big Fish Load Test	START	1685945442694
USER	Big Fish Load Test	START	1685945442898
USER	Big Fish Load Test	START	1685945443087
USER	Big Fish Load Test	START	1685945443290
USER	Big Fish Load Test	START	1685945443492
USER	Big Fish Load Test	START	1685945443698
USER	Big Fish Load Test	START	1685945443886
USER	Big Fish Load Test	START	1685945444092
USER	Big Fish Load Test	START	1685945444295
USER	Big Fish Load Test	START	1685945444485
USER	Big Fish Load Test	START	1685945444687
USER	Big Fish Load Test	START	1685945444887
USER	Big Fish Load Test	START	1685945445093
USER	Big Fish Load Test	START	1685945445284
USER	Big Fish Load Test	START	1685945445488
USER	Big Fish Load Test	START	1685945445691
USER	Big Fish Load Test	START	1685945445896
USER	Big Fish Load Test	START	1685945446086
USER	Big Fish Load Test	START	1685945446290
USER	Big Fish Load Test	START	1685945446490
USER	Big Fish Load Test	START	1685945446695
USER	Big Fish Load Test	START	1685945446897
USER	Big Fish Load Test	START	1685945447097
USER	Big Fish Load Test	START	1685945447284
USER	Big Fish Load Test	START	1685945447487
USER	Big Fish Load Test	START	1685945447688
USER	Big Fish Load Test	START	1685945447892
USER	Big Fish Load Test	START	1685945448098
USER	Big Fish Load Test	START	1685945448286
USER	Big Fish Load Test	START	1685945448489
USER	Big Fish Load Test	START	1685945448689
USER	Big Fish Load Test	START	1685945448892
USER	Big Fish Load Test	START	1685945449097
USER	Big Fish Load Test	START	1685945449298
USER	Big Fish Load Test	START	1685945449483
USER	Big Fish Load Test	START	1685945449687
USER	Big Fish Load Test	START	1685945449888
USER	Big Fish Load Test	START	1685945450091
USER	Big Fish Load Test	START	1685945450298
USER	Big Fish Load Test	START	1685945450484
USER	Big Fish Load Test	START	1685945450686
USER	Big Fish Load Test	START	1685945450891
USER	Big Fish Load Test	START	1685945451097
USER	Big Fish Load Test	START	1685945451302
USER	Big Fish Load Test	START	1685945451489
USER	Big Fish Load Test	START	1685945451693
USER	Big Fish Load Test	START	1685945451896
USER	Big Fish Load Test	START	1685945452085
USER	Big Fish Load Test	START	1685945452289
USER	Big Fish Load Test	START	1685945452492
USER	Big Fish Load Test	START	1685945452697
USER	Big Fish Load Test	START	1685945452883
USER	Big Fish Load Test	START	1685945453090
USER	Big Fish Load Test	START	1685945453292
USER	Big Fish Load Test	START	1685945453496
USER	Big Fish Load Test	START	1685945453684
USER	Big Fish Load Test	START	1685945453890
REQUEST		Big Fish Category	1685945443087	1685945453883	KO	status.find.is(200), but actually found 503
USER	Big Fish Load Test	END	1685945453947
USER	Big Fish Load Test	START	1685945454092
REQUEST		Big Fish Category	1685945441300	1685945454229	KO	status.find.is(200), but actually found 500
USER	Big Fish Load Test	END	1685945454233
USER	Big Fish Load Test	START	1685945454301
USER	Big Fish Load Test	START	1685945454487
USER	Big Fish Load Test	START	1685945454691
USER	Big Fish Load Test	START	1685945454893
USER	Big Fish Load Test	START	1685945455085
USER	Big Fish Load Test	START	1685945455291
USER	Big Fish Load Test	START	1685945455495
USER	Big Fish Load Test	START	1685945455695
USER	Big Fish Load Test	START	1685945455885
USER	Big Fish Load Test	START	1685945456089
USER	Big Fish Load Test	START	1685945456292
USER	Big Fish Load Test	START	1685945456497
USER	Big Fish Load Test	START	1685945456685
USER	Big Fish Load Test	START	1685945456891
USER	Big Fish Load Test	START	1685945457096
USER	Big Fish Load Test	START	1685945457301
USER	Big Fish Load Test	START	1685945457487
USER	Big Fish Load Test	START	1685945457691
USER	Big Fish Load Test	START	1685945457895
USER	Big Fish Load Test	START	1685945458086
USER	Big Fish Load Test	START	1685945458293
USER	Big Fish Load Test	START	1685945458497
USER	Big Fish Load Test	START	1685945458685
USER	Big Fish Load Test	START	1685945458890
USER	Big Fish Load Test	START	1685945459095
USER	Big Fish Load Test	START	1685945459300
USER	Big Fish Load Test	START	1685945459484
USER	Big Fish Load Test	START	1685945459690
USER	Big Fish Load Test	START	1685945459896
USER	Big Fish Load Test	START	1685945460086
REQUEST		Big Fish Category	1685945441909	1685945473643	KO	status.find.is(200), but actually found 503
USER	Big Fish Load Test	END	1685945473645
REQUEST		Big Fish Category	1685945440357	1685945475447	KO	status.find.is(200), but actually found 503
USER	Big Fish Load Test	END	1685945475449
REQUEST		Big Fish Category	1685945440892	1685945477472	KO	status.find.is(200), but actually found 503
USER	Big Fish Load Test	END	1685945477475
REQUEST		Big Fish Category	1685945442899	1685945483464	KO	status.find.is(200), but actually found 503
USER	Big Fish Load Test	END	1685945483466
REQUEST		Big Fish Category	1685945443290	1685945486084	OK	 
REQUEST		Big Fish Category	1685945442300	1685945486119	OK	 
REQUEST		style.min.css?ver=6.2.2	1685945486440	1685945486740	OK	 
REQUEST		style.min.css?ver=6.2.2	1685945486441	1685945486731	OK	 
REQUEST		css?family=Lato%3A100%2C200%2C300%2C400%2C500%2C600%2C700%2C800%2C900%2C100i%2C200i%2C300i%2C400i%2C500i%2C600i%2C700i%2C800i%2C900i&subset=latin&display=swap&ver=6.2.2	1685945486436	1685945486808	OK	 
REQUEST		css?family=Lato%3A100%2C200%2C300%2C400%2C500%2C600%2C700%2C800%2C900%2C100i%2C200i%2C300i%2C400i%2C500i%2C600i%2C700i%2C800i%2C900i&subset=latin&display=swap&ver=6.2.2	1685945486438	1685945486818	OK	 
REQUEST		css?family=Lato%3A100%2C100italic%2C200%2C200italic%2C300%2C300italic%2C400%2C400italic%2C500%2C500italic%2C600%2C600italic%2C700%2C700italic%2C800%2C800italic%2C900%2C900italic%7CRoboto+Slab%3A100%2C100italic%2C200%2C200italic%2C300%2C300italic%2C400%2C400italic%2C500%2C500italic%2C600%2C600italic%2C700%2C700italic%2C800%2C800italic%2C900%2C900italic%7CRoboto%3A100%2C100italic%2C200%2C200italic%2C300%2C300italic%2C400%2C400italic%2C500%2C500italic%2C600%2C600italic%2C700%2C700italic%2C800%2C800italic%2C900%2C900italic%7CPlayfair+Display%3A100%2C100italic%2C200%2C200italic%2C300%2C300italic%2C400%2C400italic%2C500%2C500italic%2C600%2C600italic%2C700%2C700italic%2C800%2C800italic%2C900%2C900italic%7CArchivo%3A100%2C100italic%2C200%2C200italic%2C300%2C300italic%2C400%2C400italic%2C500%2C500italic%2C600%2C600italic%2C700%2C700italic%2C800%2C800italic%2C900%2C900italic&display=swap&ver=6.2.2	1685945486439	1685945486823	OK	 
REQUEST		css?family=Lato%3A100%2C100italic%2C200%2C200italic%2C300%2C300italic%2C400%2C400italic%2C500%2C500italic%2C600%2C600italic%2C700%2C700italic%2C800%2C800italic%2C900%2C900italic%7CRoboto+Slab%3A100%2C100italic%2C200%2C200italic%2C300%2C300italic%2C400%2C400italic%2C500%2C500italic%2C600%2C600italic%2C700%2C700italic%2C800%2C800italic%2C900%2C900italic%7CRoboto%3A100%2C100italic%2C200%2C200italic%2C300%2C300italic%2C400%2C400italic%2C500%2C500italic%2C600%2C600italic%2C700%2C700italic%2C800%2C800italic%2C900%2C900italic%7CPlayfair+Display%3A100%2C100italic%2C200%2C200italic%2C300%2C300italic%2C400%2C400italic%2C500%2C500italic%2C600%2C600italic%2C700%2C700italic%2C800%2C800italic%2C900%2C900italic%7CArchivo%3A100%2C100italic%2C200%2C200italic%2C300%2C300italic%2C400%2C400italic%2C500%2C500italic%2C600%2C600italic%2C700%2C700italic%2C800%2C800italic%2C900%2C900italic&display=swap&ver=6.2.2	1685945486439	1685945486823	OK	 
REQUEST		woo-mini-cart.min.css?ver=6.2.2	1685945486799	1685945487078	OK	 
REQUEST		woo-mini-cart.min.css?ver=6.2.2	1685945486797	1685945487083	OK	 
REQUEST		wc-blocks-vendors-style.css?ver=10.0.6	1685945486441	1685945487365	OK	 
REQUEST		all.min.css?ver=5.15.1	1685945487082	1685945487376	OK	 
REQUEST		all.min.css?ver=5.15.1	1685945487086	1685945487383	OK	 
REQUEST		classic-themes.min.css?ver=6.2.2	1685945486444	1685945487388	OK	 
REQUEST		style.css?ver=6.2.2	1685945486444	1685945487392	OK	 
REQUEST		styles.css?ver=5.7.6	1685945486445	1685945487397	OK	 
REQUEST		wc-blocks-vendors-style.css?ver=10.0.6	1685945486442	1685945487412	OK	 
REQUEST		classic-themes.min.css?ver=6.2.2	1685945486444	1685945487416	OK	 
REQUEST		style.css?ver=6.2.2	1685945486444	1685945487420	OK	 
REQUEST		styles.css?ver=5.7.6	1685945486445	1685945487423	OK	 
REQUEST		simple-line-icons.min.css?ver=2.4.0	1685945487368	1685945487648	OK	 
REQUEST		simple-line-icons.min.css?ver=2.4.0	1685945487379	1685945487662	OK	 
REQUEST		swiper.min.css?ver=5.3.6	1685945487400	1685945487688	OK	 
REQUEST		swiper.min.css?ver=5.3.6	1685945487425	1685945487711	OK	 
REQUEST		post-5.css?ver=1682506416	1685945487650	1685945487929	OK	 
REQUEST		post-5.css?ver=1682506416	1685945487664	1685945487944	OK	 
REQUEST		style.min.css?ver=3.4.3	1685945487385	1685945487954	OK	 
REQUEST		elementor-icons.min.css?ver=5.20.0	1685945487391	1685945487973	OK	 
REQUEST		frontend-lite.min.css?ver=3.11.3	1685945487690	1685945487979	OK	 
REQUEST		elementor-icons.min.css?ver=5.20.0	1685945487418	1685945487994	OK	 
REQUEST		frontend-lite.min.css?ver=3.11.3	1685945487712	1685945488005	OK	 
REQUEST		global.css?ver=1682506424	1685945487946	1685945488231	OK	 
REQUEST		frontend-lite.min.css?ver=3.13.4	1685945487395	1685945488249	OK	 
REQUEST		post-135.css?ver=1682506425	1685945487971	1685945488261	OK	 
REQUEST		post-176.css?ver=1682506425	1685945487976	1685945488264	OK	 
REQUEST		frontend-lite.min.css?ver=3.13.4	1685945487422	1685945488278	OK	 
REQUEST		style.min.css?ver=3.4.3	1685945487413	1685945488283	OK	 
REQUEST		post-135.css?ver=1682506425	1685945487996	1685945488288	OK	 
REQUEST		post-176.css?ver=1682506425	1685945488006	1685945488295	OK	 
REQUEST		Big Fish Category	1685945442696	1685945488457	KO	status.find.is(200), but actually found 503
USER	Big Fish Load Test	END	1685945488458
REQUEST		global.css?ver=1682506424	1685945487931	1685945488490	OK	 
REQUEST		wc-blocks-style.css?ver=10.0.6	1685945486443	1685945488521	OK	 
REQUEST		ekiticons.css?ver=2.8.7	1685945488235	1685945488533	OK	 
REQUEST		wcfmicon.min.css?ver=6.7.0	1685945488262	1685945488547	OK	 
REQUEST		jquery-ui.min.css?ver=7.7.2	1685945488259	1685945488551	OK	 
REQUEST		jquery-ui.min.css?ver=7.7.2	1685945488280	1685945488563	OK	 
REQUEST		wcfmicon.min.css?ver=6.7.0	1685945488285	1685945488573	OK	 
REQUEST		wcfm-style-core.css?ver=6.7.0	1685945488289	1685945488579	OK	 
REQUEST		wc-blocks-style.css?ver=10.0.6	1685945486443	1685945488582	OK	 
REQUEST		select2.css?ver=6.7.0	1685945488297	1685945488587	OK	 
REQUEST		select2.css?ver=6.7.0	1685945488491	1685945488773	OK	 
REQUEST		woocommerce.min.css?ver=6.2.2	1685945488528	1685945488822	OK	 
REQUEST		woocommerce.min.css?ver=6.2.2	1685945488537	1685945488827	OK	 
REQUEST		woo-star-font.min.css?ver=6.2.2	1685945488549	1685945488830	OK	 
REQUEST		ekiticons.css?ver=2.8.7	1685945487983	1685945488836	OK	 
REQUEST		woo-quick-view.min.css?ver=6.2.2	1685945488553	1685945488839	OK	 
REQUEST		wcfm-style-core.css?ver=6.7.0	1685945488265	1685945488842	OK	 
REQUEST		woo-star-font.min.css?ver=6.2.2	1685945488565	1685945488845	OK	 
REQUEST		woo-quick-view.min.css?ver=6.2.2	1685945488574	1685945488857	OK	 
REQUEST		responsive.css?ver=2.8.7	1685945488585	1685945488879	OK	 
REQUEST		um-fonticons-fa.css?ver=2.6.0	1685945488828	1685945489109	OK	 
REQUEST		responsive.css?ver=2.8.7	1685945488825	1685945489112	OK	 
REQUEST		um-fonticons-ii.css?ver=2.6.0	1685945488832	1685945489116	OK	 
REQUEST		um-fonticons-fa.css?ver=2.6.0	1685945488838	1685945489124	OK	 
REQUEST		select2.min.css?ver=4.0.13	1685945488841	1685945489130	OK	 
REQUEST		select2.min.css?ver=4.0.13	1685945488846	1685945489131	OK	 
REQUEST		um-crop.css?ver=2.6.0	1685945488843	1685945489134	OK	 
REQUEST		um-crop.css?ver=2.6.0	1685945488858	1685945489143	OK	 
REQUEST		um-fonticons-ii.css?ver=2.6.0	1685945488589	1685945489159	OK	 
REQUEST		um-modal.css?ver=2.6.0	1685945488881	1685945489168	OK	 
REQUEST		um-styles.css?ver=2.6.0	1685945489110	1685945489391	OK	 
REQUEST		um-modal.css?ver=2.6.0	1685945489113	1685945489395	OK	 
REQUEST		um-styles.css?ver=2.6.0	1685945489118	1685945489400	OK	 
REQUEST		um-profile.css?ver=2.6.0	1685945489125	1685945489410	OK	 
REQUEST		um-profile.css?ver=2.6.0	1685945489133	1685945489414	OK	 
REQUEST		um-account.css?ver=2.6.0	1685945489132	1685945489415	OK	 
REQUEST		um-misc.css?ver=2.6.0	1685945489136	1685945489422	OK	 
REQUEST		um-account.css?ver=2.6.0	1685945489145	1685945489430	OK	 
REQUEST		um-misc.css?ver=2.6.0	1685945489160	1685945489442	OK	 
REQUEST		um-fileupload.css?ver=2.6.0	1685945489170	1685945489456	OK	 
REQUEST		default.css?ver=2.6.0	1685945489392	1685945489671	OK	 
REQUEST		um-fileupload.css?ver=2.6.0	1685945489396	1685945489678	OK	 
REQUEST		default.css?ver=2.6.0	1685945489401	1685945489682	OK	 
REQUEST		default.date.css?ver=2.6.0	1685945489415	1685945489696	OK	 
REQUEST		default.date.css?ver=2.6.0	1685945489412	1685945489696	OK	 
REQUEST		default.time.css?ver=2.6.0	1685945489417	1685945489701	OK	 
REQUEST		widget-styles.css?ver=2.8.7	1685945488581	1685945489712	OK	 
REQUEST		um-raty.css?ver=2.6.0	1685945489424	1685945489712	OK	 
REQUEST		default.time.css?ver=2.6.0	1685945489432	1685945489720	OK	 
REQUEST		um-raty.css?ver=2.6.0	1685945489443	1685945489724	OK	 
REQUEST		simplebar.css?ver=2.6.0	1685945489457	1685945489743	OK	 
REQUEST		widget-styles.css?ver=2.8.7	1685945488775	1685945489899	OK	 
REQUEST		um-tipsy.css?ver=2.6.0	1685945489672	1685945489951	OK	 
REQUEST		simplebar.css?ver=2.6.0	1685945489679	1685945489970	OK	 
REQUEST		um-tipsy.css?ver=2.6.0	1685945489683	1685945489973	OK	 
REQUEST		um-responsive.css?ver=2.6.0	1685945489697	1685945489978	OK	 
REQUEST		um-responsive.css?ver=2.6.0	1685945489697	1685945489981	OK	 
REQUEST		um-old-default.css?ver=2.6.0	1685945489702	1685945489987	OK	 
REQUEST		um-old-default.css?ver=2.6.0	1685945489718	1685945489999	OK	 
REQUEST		fontawesome.min.css?ver=5.15.3	1685945489721	1685945490008	OK	 
REQUEST		solid.min.css?ver=5.15.3	1685945489725	1685945490010	OK	 
REQUEST		regular.min.css?ver=5.15.3	1685945489744	1685945490030	OK	 
REQUEST		solid.min.css?ver=5.15.3	1685945489910	1685945490188	OK	 
REQUEST		jquery.min.js?ver=3.6.4	1685945489952	1685945490238	OK	 
REQUEST		regular.min.css?ver=5.15.3	1685945489971	1685945490254	OK	 
REQUEST		jquery.min.js?ver=3.6.4	1685945489974	1685945490262	OK	 
REQUEST		jquery-migrate.min.js?ver=3.4.0	1685945489980	1685945490263	OK	 
REQUEST		jquery-migrate.min.js?ver=3.4.0	1685945489983	1685945490268	OK	 
REQUEST		um-gdpr.min.js?ver=2.6.0	1685945489988	1685945490271	OK	 
REQUEST		um-gdpr.min.js?ver=2.6.0	1685945490000	1685945490281	OK	 
REQUEST		fontawesome.min.css?ver=5.15.3	1685945489713	1685945490285	OK	 
REQUEST		scripts.js?ver=1.0	1685945490009	1685945490293	OK	 
REQUEST		index.js?ver=5.7.6	1685945490011	1685945490296	OK	 
REQUEST		index.js?ver=5.7.6	1685945490031	1685945490318	OK	 
REQUEST		scripts.js?ver=1.0	1685945490189	1685945490468	OK	 
REQUEST		jquery.blockUI.min.js?ver=2.7.0-wc.7.7.2	1685945490238	1685945490518	OK	 
REQUEST		index.js?ver=5.7.6	1685945490256	1685945490539	OK	 
REQUEST		index.js?ver=5.7.6	1685945490263	1685945490545	OK	 
REQUEST		add-to-cart.min.js?ver=7.7.2	1685945490264	1685945490545	OK	 
REQUEST		jquery.blockUI.min.js?ver=2.7.0-wc.7.7.2	1685945490269	1685945490553	OK	 
REQUEST		add-to-cart.min.js?ver=7.7.2	1685945490273	1685945490556	OK	 
REQUEST		js.cookie.min.js?ver=2.1.4-wc.7.7.2	1685945490282	1685945490563	OK	 
REQUEST		js.cookie.min.js?ver=2.1.4-wc.7.7.2	1685945490287	1685945490573	OK	 
REQUEST		woocommerce.min.js?ver=7.7.2	1685945490295	1685945490577	OK	 
REQUEST		cart-fragments.min.js?ver=7.7.2	1685945490298	1685945490580	OK	 
REQUEST		imagesloaded.min.js?ver=4.1.4	1685945490318	1685945490604	OK	 
REQUEST		woocommerce.min.js?ver=7.7.2	1685945490469	1685945490749	OK	 
REQUEST		theme.min.js?ver=3.4.3	1685945490520	1685945490799	OK	 
REQUEST		cart-fragments.min.js?ver=7.7.2	1685945490539	1685945490822	OK	 
REQUEST		drop-down-mobile-menu.min.js?ver=3.4.3	1685945490545	1685945490828	OK	 
REQUEST		imagesloaded.min.js?ver=4.1.4	1685945490545	1685945490828	OK	 
REQUEST		theme.min.js?ver=3.4.3	1685945490554	1685945490840	OK	 
REQUEST		drop-down-mobile-menu.min.js?ver=3.4.3	1685945490557	1685945490843	OK	 
REQUEST		magnific-popup.min.js?ver=3.4.3	1685945490564	1685945490850	OK	 
REQUEST		flickity.pkgd.min.js?ver=3.4.3	1685945490580	1685945490867	OK	 
REQUEST		magnific-popup.min.js?ver=3.4.3	1685945490573	1685945490869	OK	 
REQUEST		ow-lightbox.min.js?ver=3.4.3	1685945490578	1685945490869	OK	 
REQUEST		ow-slider.min.js?ver=3.4.3	1685945490605	1685945490891	OK	 
REQUEST		ow-lightbox.min.js?ver=3.4.3	1685945490750	1685945491030	OK	 
REQUEST		scroll-effect.min.js?ver=3.4.3	1685945490800	1685945491079	OK	 
REQUEST		flickity.pkgd.min.js?ver=3.4.3	1685945490823	1685945491110	OK	 
REQUEST		scroll-top.min.js?ver=3.4.3	1685945490830	1685945491112	OK	 
REQUEST		ow-slider.min.js?ver=3.4.3	1685945490830	1685945491112	OK	 
REQUEST		scroll-effect.min.js?ver=3.4.3	1685945490841	1685945491127	OK	 
REQUEST		scroll-top.min.js?ver=3.4.3	1685945490844	1685945491130	OK	 
REQUEST		select.min.js?ver=3.4.3	1685945490851	1685945491142	OK	 
REQUEST		select.min.js?ver=3.4.3	1685945490870	1685945491187	OK	 
REQUEST		frontend-script.js?ver=2.8.7	1685945490870	1685945491188	OK	 
REQUEST		woo-custom-features.min.js?ver=3.4.3	1685945490868	1685945491190	OK	 
REQUEST		widget-scripts.js?ver=2.8.7	1685945490892	1685945491477	OK	 
REQUEST		woo-custom-features.min.js?ver=3.4.3	1685945491031	1685945491561	OK	 
REQUEST		jquery.blockUI.min.js?ver=6.7.0	1685945491080	1685945491562	OK	 
REQUEST		core.min.js?ver=1.13.2	1685945491113	1685945491565	OK	 
REQUEST		datepicker.min.js?ver=1.13.2	1685945491143	1685945491569	OK	 
REQUEST		widget-scripts.js?ver=2.8.7	1685945491113	1685945491605	OK	 
REQUEST		frontend-script.js?ver=2.8.7	1685945491111	1685945491607	OK	 
REQUEST		core.min.js?ver=1.13.2	1685945491131	1685945491610	OK	 
REQUEST		wcfm-script-core.js?ver=6.7.0	1685945491189	1685945491610	OK	 
REQUEST		jquery.blockUI.min.js?ver=6.7.0	1685945491128	1685945491612	OK	 
REQUEST		datepicker.min.js?ver=1.13.2	1685945491188	1685945491615	OK	 
REQUEST		select2.js?ver=6.7.0	1685945491191	1685945491621	OK	 
REQUEST		woo-quick-view.min.js?ver=3.4.3	1685945491477	1685945491855	OK	 
REQUEST		wcfm-script-core.js?ver=6.7.0	1685945491561	1685945491856	OK	 
REQUEST		wp-util.min.js?ver=6.2.2	1685945491566	1685945491857	OK	 
REQUEST		underscore.min.js?ver=1.13.4	1685945491563	1685945491862	OK	 
REQUEST		add-to-cart-variation.min.js?ver=7.7.2	1685945491570	1685945491870	OK	 
REQUEST		select2.js?ver=6.7.0	1685945491606	1685945491893	OK	 
REQUEST		woo-quick-view.min.js?ver=3.4.3	1685945491608	1685945491896	OK	 
REQUEST		jquery.flexslider.min.js?ver=2.7.2-wc.7.7.2	1685945491611	1685945491900	OK	 
REQUEST		underscore.min.js?ver=1.13.4	1685945491610	1685945491900	OK	 
REQUEST		wp-util.min.js?ver=6.2.2	1685945491613	1685945491902	OK	 
REQUEST		add-to-cart-variation.min.js?ver=7.7.2	1685945491616	1685945491904	OK	 
REQUEST		woo-mini-cart.min.js?ver=3.4.3	1685945491622	1685945491904	OK	 
REQUEST		jquery.flexslider.min.js?ver=2.7.2-wc.7.7.2	1685945491857	1685945492137	OK	 
REQUEST		um-modal.min.js?ver=2.6.0	1685945491863	1685945492141	OK	 
REQUEST		um-crop.min.js?ver=2.6.0	1685945491857	1685945492145	OK	 
REQUEST		select2.full.min.js?ver=4.0.13	1685945491855	1685945492149	OK	 
REQUEST		um-jquery-form.min.js?ver=2.6.0	1685945491871	1685945492166	OK	 
REQUEST		woo-mini-cart.min.js?ver=3.4.3	1685945491894	1685945492176	OK	 
REQUEST		um-fileupload.js?ver=2.6.0	1685945491901	1685945492197	OK	 
REQUEST		select2.full.min.js?ver=4.0.13	1685945491897	1685945492198	OK	 
REQUEST		picker.js?ver=2.6.0	1685945491905	1685945492199	OK	 
REQUEST		um-crop.min.js?ver=2.6.0	1685945491901	1685945492200	OK	 
REQUEST		um-jquery-form.min.js?ver=2.6.0	1685945491904	1685945492202	OK	 
REQUEST		um-modal.min.js?ver=2.6.0	1685945491902	1685945492203	OK	 
REQUEST		um-fileupload.js?ver=2.6.0	1685945492138	1685945492419	OK	 
REQUEST		picker.date.js?ver=2.6.0	1685945492142	1685945492437	OK	 
REQUEST		wp-polyfill-inert.min.js?ver=3.1.2	1685945492150	1685945492442	OK	 
REQUEST		picker.time.js?ver=2.6.0	1685945492146	1685945492444	OK	 
REQUEST		regenerator-runtime.min.js?ver=0.13.11	1685945492167	1685945492448	OK	 
REQUEST		picker.js?ver=2.6.0	1685945492176	1685945492460	OK	 
REQUEST		wp-polyfill.min.js?ver=3.15.0	1685945492197	1685945492481	OK	 
REQUEST		picker.date.js?ver=2.6.0	1685945492198	1685945492486	OK	 
REQUEST		hooks.min.js?ver=4169d3cf8e8d95a3d6d5	1685945492200	1685945492486	OK	 
REQUEST		picker.time.js?ver=2.6.0	1685945492200	1685945492489	OK	 
REQUEST		regenerator-runtime.min.js?ver=0.13.11	1685945492204	1685945492491	OK	 
REQUEST		wp-polyfill-inert.min.js?ver=3.1.2	1685945492202	1685945492493	OK	 
REQUEST		wp-polyfill.min.js?ver=3.15.0	1685945492421	1685945492700	OK	 
REQUEST		i18n.min.js?ver=9e794f35a71bb98672ae	1685945492438	1685945492717	OK	 
REQUEST		um-tipsy.min.js?ver=2.6.0	1685945492445	1685945492726	OK	 
REQUEST		um-raty.min.js?ver=2.6.0	1685945492443	1685945492733	OK	 
REQUEST		masonry.min.js?ver=4.2.2	1685945492449	1685945492735	OK	 
REQUEST		hooks.min.js?ver=4169d3cf8e8d95a3d6d5	1685945492461	1685945492742	OK	 
REQUEST		jquery.masonry.min.js?ver=3.1.2b	1685945492482	1685945492767	OK	 
REQUEST		simplebar.min.js?ver=2.6.0	1685945492487	1685945492771	OK	 
REQUEST		i18n.min.js?ver=9e794f35a71bb98672ae	1685945492487	1685945492772	OK	 
REQUEST		um-raty.min.js?ver=2.6.0	1685945492490	1685945492776	OK	 
REQUEST		um-tipsy.min.js?ver=2.6.0	1685945492492	1685945492778	OK	 
REQUEST		masonry.min.js?ver=4.2.2	1685945492494	1685945492782	OK	 
REQUEST		jquery.masonry.min.js?ver=3.1.2b	1685945492701	1685945492979	OK	 
REQUEST		um-functions.min.js?ver=2.6.0	1685945492718	1685945493003	OK	 
REQUEST		um-responsive.min.js?ver=2.6.0	1685945492727	1685945493009	OK	 
REQUEST		um-scripts.min.js?ver=2.6.0	1685945492737	1685945493018	OK	 
REQUEST		um-conditional.min.js?ver=2.6.0	1685945492734	1685945493022	OK	 
REQUEST		simplebar.min.js?ver=2.6.0	1685945492742	1685945493027	OK	 
REQUEST		um-profile.min.js?ver=2.6.0	1685945492768	1685945493050	OK	 
REQUEST		um-account.min.js?ver=2.6.0	1685945492772	1685945493054	OK	 
REQUEST		um-functions.min.js?ver=2.6.0	1685945492773	1685945493057	OK	 
REQUEST		um-responsive.min.js?ver=2.6.0	1685945492777	1685945493059	OK	 
REQUEST		um-conditional.min.js?ver=2.6.0	1685945492778	1685945493062	OK	 
REQUEST		um-scripts.min.js?ver=2.6.0	1685945492782	1685945493069	OK	 
REQUEST		um-profile.min.js?ver=2.6.0	1685945492980	1685945493257	OK	 
REQUEST		jquery.smartmenus.min.js?ver=1.0.1	1685945493004	1685945493288	OK	 
REQUEST		webpack-pro.runtime.min.js?ver=3.11.3	1685945493010	1685945493290	OK	 
REQUEST		webpack.runtime.min.js?ver=3.13.4	1685945493018	1685945493301	OK	 
REQUEST		um-account.min.js?ver=2.6.0	1685945493028	1685945493308	OK	 
REQUEST		frontend-modules.min.js?ver=3.13.4	1685945493023	1685945493313	OK	 
REQUEST		frontend.min.js?ver=3.11.3	1685945493051	1685945493335	OK	 
REQUEST		waypoints.min.js?ver=4.0.2	1685945493054	1685945493337	OK	 
REQUEST		jquery.smartmenus.min.js?ver=1.0.1	1685945493058	1685945493342	OK	 
REQUEST		webpack-pro.runtime.min.js?ver=3.11.3	1685945493060	1685945493343	OK	 
REQUEST		webpack.runtime.min.js?ver=3.13.4	1685945493062	1685945493346	OK	 
REQUEST		frontend-modules.min.js?ver=3.13.4	1685945493070	1685945493359	OK	 
REQUEST		frontend.min.js?ver=3.11.3	1685945493258	1685945493538	OK	 
REQUEST		frontend.min.js?ver=3.13.4	1685945493289	1685945493575	OK	 
REQUEST		elements-handlers.min.js?ver=3.11.3	1685945493291	1685945493583	OK	 
REQUEST		animate-circle.js?ver=2.8.7	1685945493302	1685945493585	OK	 
REQUEST		waypoints.min.js?ver=4.0.2	1685945493309	1685945493592	OK	 
REQUEST		elementor.js?ver=2.8.7	1685945493314	1685945493602	OK	 
REQUEST		jquery.sticky.min.js?ver=3.11.3	1685945493336	1685945493620	OK	 
USER	Big Fish Load Test	END	1685945493624
REQUEST		frontend.min.js?ver=3.13.4	1685945493342	1685945493628	OK	 
REQUEST		elements-handlers.min.js?ver=3.11.3	1685945493344	1685945493630	OK	 
REQUEST		animate-circle.js?ver=2.8.7	1685945493346	1685945493631	OK	 
REQUEST		elementor.js?ver=2.8.7	1685945493360	1685945493647	OK	 
REQUEST		jquery.sticky.min.js?ver=3.11.3	1685945493539	1685945493822	OK	 
USER	Big Fish Load Test	END	1685945493828
REQUEST		Big Fish Category	1685945440504	1685945496746	KO	status.find.is(200), but actually found 503
USER	Big Fish Load Test	END	1685945496748
REQUEST		Big Fish Category	1685945441706	1685945499209	KO	status.find.is(200), but actually found 500
USER	Big Fish Load Test	END	1685945499212
REQUEST		Big Fish Category	1685945440707	1685945500712	KO	i.g.h.c.i.RequestTimeoutException: Request timeout to tmsssepfisheries.org/107.161.23.26:443 after 60000 ms
USER	Big Fish Load Test	END	1685945500718
REQUEST		Big Fish Category	1685945441096	1685945501106	KO	i.g.h.c.i.RequestTimeoutException: Request timeout to tmsssepfisheries.org/107.161.23.26:443 after 60000 ms
USER	Big Fish Load Test	END	1685945501107
REQUEST		Big Fish Category	1685945441503	1685945501511	KO	i.g.h.c.i.RequestTimeoutException: Request timeout to tmsssepfisheries.org/107.161.23.26:443 after 60000 ms
USER	Big Fish Load Test	END	1685945501512
REQUEST		Big Fish Category	1685945442098	1685945502103	KO	i.g.h.c.i.RequestTimeoutException: Request timeout to tmsssepfisheries.org/107.161.23.26:443 after 60000 ms
USER	Big Fish Load Test	END	1685945502104
REQUEST		Big Fish Category	1685945442489	1685945502495	KO	i.g.h.c.i.RequestTimeoutException: Request timeout to tmsssepfisheries.org/107.161.23.26:443 after 60000 ms
USER	Big Fish Load Test	END	1685945502496
REQUEST		Big Fish Category	1685945443493	1685945503506	KO	i.g.h.c.i.RequestTimeoutException: Request timeout to tmsssepfisheries.org/107.161.23.26:443 after 60000 ms
USER	Big Fish Load Test	END	1685945503507
REQUEST		Big Fish Category	1685945443698	1685945503707	KO	i.g.h.c.i.RequestTimeoutException: Request timeout to tmsssepfisheries.org/107.161.23.26:443 after 60000 ms
USER	Big Fish Load Test	END	1685945503708
REQUEST		Big Fish Category	1685945443887	1685945503896	KO	i.g.h.c.i.RequestTimeoutException: Request timeout to tmsssepfisheries.org/107.161.23.26:443 after 60000 ms
USER	Big Fish Load Test	END	1685945503897
REQUEST		Big Fish Category	1685945444093	1685945504095	KO	i.g.h.c.i.RequestTimeoutException: Request timeout to tmsssepfisheries.org/107.161.23.26:443 after 60000 ms
USER	Big Fish Load Test	END	1685945504096
REQUEST		Big Fish Category	1685945444296	1685945504303	KO	i.g.h.c.i.RequestTimeoutException: Request timeout to tmsssepfisheries.org/107.161.23.26:443 after 60000 ms
USER	Big Fish Load Test	END	1685945504304
REQUEST		Big Fish Category	1685945444486	1685945504492	KO	i.g.h.c.i.RequestTimeoutException: Request timeout to tmsssepfisheries.org/107.161.23.26:443 after 60000 ms
USER	Big Fish Load Test	END	1685945504493
REQUEST		Big Fish Category	1685945444688	1685945504699	KO	i.g.h.c.i.RequestTimeoutException: Request timeout to tmsssepfisheries.org/107.161.23.26:443 after 60000 ms
USER	Big Fish Load Test	END	1685945504700
REQUEST		Big Fish Category	1685945444889	1685945504891	KO	i.g.h.c.i.RequestTimeoutException: Request timeout to tmsssepfisheries.org/107.161.23.26:443 after 60000 ms
USER	Big Fish Load Test	END	1685945504892
REQUEST		Big Fish Category	1685945445094	1685945505097	KO	i.g.h.c.i.RequestTimeoutException: Request timeout to tmsssepfisheries.org/107.161.23.26:443 after 60000 ms
USER	Big Fish Load Test	END	1685945505098
REQUEST		Big Fish Category	1685945445285	1685945505298	KO	i.g.h.c.i.RequestTimeoutException: Request timeout to tmsssepfisheries.org/107.161.23.26:443 after 60000 ms
USER	Big Fish Load Test	END	1685945505299
REQUEST		Big Fish Category	1685945445489	1685945505504	KO	i.g.h.c.i.RequestTimeoutException: Request timeout to tmsssepfisheries.org/107.161.23.26:443 after 60000 ms
USER	Big Fish Load Test	END	1685945505506
REQUEST		Big Fish Category	1685945445692	1685945505707	KO	i.g.h.c.i.RequestTimeoutException: Request timeout to tmsssepfisheries.org/107.161.23.26:443 after 60000 ms
USER	Big Fish Load Test	END	1685945505709
REQUEST		Big Fish Category	1685945445896	1685945505898	KO	i.g.h.c.i.RequestTimeoutException: Request timeout to tmsssepfisheries.org/107.161.23.26:443 after 60000 ms
USER	Big Fish Load Test	END	1685945505899
REQUEST		Big Fish Category	1685945446086	1685945506100	KO	i.g.h.c.i.RequestTimeoutException: Request timeout to tmsssepfisheries.org/107.161.23.26:443 after 60000 ms
USER	Big Fish Load Test	END	1685945506101
REQUEST		Big Fish Category	1685945446291	1685945506304	KO	i.g.h.c.i.RequestTimeoutException: Request timeout to tmsssepfisheries.org/107.161.23.26:443 after 60000 ms
USER	Big Fish Load Test	END	1685945506305
REQUEST		Big Fish Category	1685945446491	1685945506507	KO	i.g.h.c.i.RequestTimeoutException: Request timeout to tmsssepfisheries.org/107.161.23.26:443 after 60000 ms
USER	Big Fish Load Test	END	1685945506507
REQUEST		Big Fish Category	1685945446696	1685945506711	KO	i.g.h.c.i.RequestTimeoutException: Request timeout to tmsssepfisheries.org/107.161.23.26:443 after 60000 ms
USER	Big Fish Load Test	END	1685945506712
REQUEST		Big Fish Category	1685945446897	1685945506902	KO	i.g.h.c.i.RequestTimeoutException: Request timeout to tmsssepfisheries.org/107.161.23.26:443 after 60000 ms
USER	Big Fish Load Test	END	1685945506903
REQUEST		Big Fish Category	1685945447097	1685945507108	KO	i.g.h.c.i.RequestTimeoutException: Request timeout to tmsssepfisheries.org/107.161.23.26:443 after 60000 ms
USER	Big Fish Load Test	END	1685945507108
REQUEST		Big Fish Category	1685945447285	1685945507295	KO	i.g.h.c.i.RequestTimeoutException: Request timeout to tmsssepfisheries.org/107.161.23.26:443 after 60000 ms
USER	Big Fish Load Test	END	1685945507296
REQUEST		Big Fish Category	1685945447487	1685945507498	KO	i.g.h.c.i.RequestTimeoutException: Request timeout to tmsssepfisheries.org/107.161.23.26:443 after 60000 ms
USER	Big Fish Load Test	END	1685945507499
REQUEST		Big Fish Category	1685945447688	1685945507701	KO	i.g.h.c.i.RequestTimeoutException: Request timeout to tmsssepfisheries.org/107.161.23.26:443 after 60000 ms
USER	Big Fish Load Test	END	1685945507703
REQUEST		Big Fish Category	1685945447893	1685945507906	KO	i.g.h.c.i.RequestTimeoutException: Request timeout to tmsssepfisheries.org/107.161.23.26:443 after 60000 ms
USER	Big Fish Load Test	END	1685945507908
REQUEST		Big Fish Category	1685945448099	1685945508107	KO	i.g.h.c.i.RequestTimeoutException: Request timeout to tmsssepfisheries.org/107.161.23.26:443 after 60000 ms
USER	Big Fish Load Test	END	1685945508108
REQUEST		Big Fish Category	1685945448286	1685945508294	KO	i.g.h.c.i.RequestTimeoutException: Request timeout to tmsssepfisheries.org/107.161.23.26:443 after 60000 ms
USER	Big Fish Load Test	END	1685945508295
REQUEST		Big Fish Category	1685945448489	1685945508499	KO	i.g.h.c.i.RequestTimeoutException: Request timeout to tmsssepfisheries.org/107.161.23.26:443 after 60000 ms
USER	Big Fish Load Test	END	1685945508500
REQUEST		Big Fish Category	1685945448690	1685945508691	KO	i.g.h.c.i.RequestTimeoutException: Request timeout to tmsssepfisheries.org/107.161.23.26:443 after 60000 ms
USER	Big Fish Load Test	END	1685945508692
REQUEST		Big Fish Category	1685945448893	1685945508894	KO	i.g.h.c.i.RequestTimeoutException: Request timeout to tmsssepfisheries.org/107.161.23.26:443 after 60000 ms
USER	Big Fish Load Test	END	1685945508895
REQUEST		Big Fish Category	1685945449098	1685945509110	KO	i.g.h.c.i.RequestTimeoutException: Request timeout to tmsssepfisheries.org/107.161.23.26:443 after 60000 ms
USER	Big Fish Load Test	END	1685945509111
REQUEST		Big Fish Category	1685945449299	1685945509310	KO	i.g.h.c.i.RequestTimeoutException: Request timeout to tmsssepfisheries.org/107.161.23.26:443 after 60000 ms
USER	Big Fish Load Test	END	1685945509311
REQUEST		Big Fish Category	1685945449484	1685945509485	KO	i.g.h.c.i.RequestTimeoutException: Request timeout to tmsssepfisheries.org/107.161.23.26:443 after 60000 ms
USER	Big Fish Load Test	END	1685945509486
REQUEST		Big Fish Category	1685945449687	1685945509690	KO	i.g.h.c.i.RequestTimeoutException: Request timeout to tmsssepfisheries.org/107.161.23.26:443 after 60000 ms
USER	Big Fish Load Test	END	1685945509691
REQUEST		Big Fish Category	1685945449889	1685945509893	KO	i.g.h.c.i.RequestTimeoutException: Request timeout to tmsssepfisheries.org/107.161.23.26:443 after 60000 ms
USER	Big Fish Load Test	END	1685945509894
REQUEST		Big Fish Category	1685945450091	1685945510101	KO	i.g.h.c.i.RequestTimeoutException: Request timeout to tmsssepfisheries.org/107.161.23.26:443 after 60000 ms
USER	Big Fish Load Test	END	1685945510101
REQUEST		Big Fish Category	1685945450299	1685945510304	KO	i.g.h.c.i.RequestTimeoutException: Request timeout to tmsssepfisheries.org/107.161.23.26:443 after 60000 ms
USER	Big Fish Load Test	END	1685945510304
REQUEST		Big Fish Category	1685945450485	1685945510491	KO	i.g.h.c.i.RequestTimeoutException: Request timeout to tmsssepfisheries.org/107.161.23.26:443 after 60000 ms
USER	Big Fish Load Test	END	1685945510491
REQUEST		Big Fish Category	1685945450687	1685945510694	KO	i.g.h.c.i.RequestTimeoutException: Request timeout to tmsssepfisheries.org/107.161.23.26:443 after 60000 ms
USER	Big Fish Load Test	END	1685945510694
REQUEST		Big Fish Category	1685945450892	1685945510895	KO	i.g.h.c.i.RequestTimeoutException: Request timeout to tmsssepfisheries.org/107.161.23.26:443 after 60000 ms
USER	Big Fish Load Test	END	1685945510896
REQUEST		Big Fish Category	1685945451098	1685945511102	KO	i.g.h.c.i.RequestTimeoutException: Request timeout to tmsssepfisheries.org/107.161.23.26:443 after 60000 ms
USER	Big Fish Load Test	END	1685945511103
REQUEST		Big Fish Category	1685945451303	1685945511318	KO	i.g.h.c.i.RequestTimeoutException: Request timeout to tmsssepfisheries.org/107.161.23.26:443 after 60000 ms
USER	Big Fish Load Test	END	1685945511318
REQUEST		Big Fish Category	1685945451490	1685945511504	KO	i.g.h.c.i.RequestTimeoutException: Request timeout to tmsssepfisheries.org/107.161.23.26:443 after 60000 ms
USER	Big Fish Load Test	END	1685945511505
REQUEST		Big Fish Category	1685945451693	1685945511706	KO	i.g.h.c.i.RequestTimeoutException: Request timeout to tmsssepfisheries.org/107.161.23.26:443 after 60000 ms
USER	Big Fish Load Test	END	1685945511707
REQUEST		Big Fish Category	1685945451896	1685945511908	KO	i.g.h.c.i.RequestTimeoutException: Request timeout to tmsssepfisheries.org/107.161.23.26:443 after 60000 ms
USER	Big Fish Load Test	END	1685945511909
REQUEST		Big Fish Category	1685945452086	1685945512095	KO	i.g.h.c.i.RequestTimeoutException: Request timeout to tmsssepfisheries.org/107.161.23.26:443 after 60000 ms
USER	Big Fish Load Test	END	1685945512096
REQUEST		Big Fish Category	1685945452289	1685945512299	KO	i.g.h.c.i.RequestTimeoutException: Request timeout to tmsssepfisheries.org/107.161.23.26:443 after 60000 ms
USER	Big Fish Load Test	END	1685945512300
REQUEST		Big Fish Category	1685945452492	1685945512501	KO	i.g.h.c.i.RequestTimeoutException: Request timeout to tmsssepfisheries.org/107.161.23.26:443 after 60000 ms
USER	Big Fish Load Test	END	1685945512502
REQUEST		Big Fish Category	1685945452698	1685945512707	KO	i.g.h.c.i.RequestTimeoutException: Request timeout to tmsssepfisheries.org/107.161.23.26:443 after 60000 ms
USER	Big Fish Load Test	END	1685945512708
REQUEST		Big Fish Category	1685945452884	1685945512895	KO	i.g.h.c.i.RequestTimeoutException: Request timeout to tmsssepfisheries.org/107.161.23.26:443 after 60000 ms
USER	Big Fish Load Test	END	1685945512895
REQUEST		Big Fish Category	1685945453090	1685945513100	KO	i.g.h.c.i.RequestTimeoutException: Request timeout to tmsssepfisheries.org/107.161.23.26:443 after 60000 ms
USER	Big Fish Load Test	END	1685945513100
REQUEST		Big Fish Category	1685945453293	1685945513302	KO	i.g.h.c.i.RequestTimeoutException: Request timeout to tmsssepfisheries.org/107.161.23.26:443 after 60000 ms
USER	Big Fish Load Test	END	1685945513303
REQUEST		Big Fish Category	1685945453496	1685945513506	KO	i.g.h.c.i.RequestTimeoutException: Request timeout to tmsssepfisheries.org/107.161.23.26:443 after 60000 ms
USER	Big Fish Load Test	END	1685945513507
REQUEST		Big Fish Category	1685945453685	1685945513695	KO	i.g.h.c.i.RequestTimeoutException: Request timeout to tmsssepfisheries.org/107.161.23.26:443 after 60000 ms
USER	Big Fish Load Test	END	1685945513695
REQUEST		Big Fish Category	1685945453891	1685945513900	KO	i.g.h.c.i.RequestTimeoutException: Request timeout to tmsssepfisheries.org/107.161.23.26:443 after 60000 ms
USER	Big Fish Load Test	END	1685945513901
REQUEST		Big Fish Category	1685945454092	1685945514102	KO	i.g.h.c.i.RequestTimeoutException: Request timeout to tmsssepfisheries.org/107.161.23.26:443 after 60000 ms
USER	Big Fish Load Test	END	1685945514103
REQUEST		Big Fish Category	1685945454301	1685945514309	KO	i.g.h.c.i.RequestTimeoutException: Request timeout to tmsssepfisheries.org/107.161.23.26:443 after 60000 ms
USER	Big Fish Load Test	END	1685945514310
REQUEST		Big Fish Category	1685945454487	1685945514499	KO	i.g.h.c.i.RequestTimeoutException: Request timeout to tmsssepfisheries.org/107.161.23.26:443 after 60000 ms
USER	Big Fish Load Test	END	1685945514500
REQUEST		Big Fish Category	1685945454691	1685945514704	KO	i.g.h.c.i.RequestTimeoutException: Request timeout to tmsssepfisheries.org/107.161.23.26:443 after 60000 ms
USER	Big Fish Load Test	END	1685945514705
REQUEST		Big Fish Category	1685945454894	1685945514905	KO	i.g.h.c.i.RequestTimeoutException: Request timeout to tmsssepfisheries.org/107.161.23.26:443 after 60000 ms
USER	Big Fish Load Test	END	1685945514906
REQUEST		Big Fish Category	1685945455087	1685945515096	KO	i.g.h.c.i.RequestTimeoutException: Request timeout to tmsssepfisheries.org/107.161.23.26:443 after 60000 ms
USER	Big Fish Load Test	END	1685945515097
REQUEST		Big Fish Category	1685945455291	1685945515299	KO	i.g.h.c.i.RequestTimeoutException: Request timeout to tmsssepfisheries.org/107.161.23.26:443 after 60000 ms
USER	Big Fish Load Test	END	1685945515300
REQUEST		Big Fish Category	1685945455496	1685945515500	KO	i.g.h.c.i.RequestTimeoutException: Request timeout to tmsssepfisheries.org/107.161.23.26:443 after 60000 ms
USER	Big Fish Load Test	END	1685945515501
REQUEST		Big Fish Category	1685945455695	1685945515703	KO	i.g.h.c.i.RequestTimeoutException: Request timeout to tmsssepfisheries.org/107.161.23.26:443 after 60000 ms
USER	Big Fish Load Test	END	1685945515704
REQUEST		Big Fish Category	1685945455886	1685945515888	KO	i.g.h.c.i.RequestTimeoutException: Request timeout to tmsssepfisheries.org/107.161.23.26:443 after 60000 ms
USER	Big Fish Load Test	END	1685945515889
REQUEST		Big Fish Category	1685945456089	1685945516091	KO	i.g.h.c.i.RequestTimeoutException: Request timeout to tmsssepfisheries.org/107.161.23.26:443 after 60000 ms
USER	Big Fish Load Test	END	1685945516091
REQUEST		Big Fish Category	1685945456293	1685945516308	KO	i.g.h.c.i.RequestTimeoutException: Request timeout to tmsssepfisheries.org/107.161.23.26:443 after 60000 ms
USER	Big Fish Load Test	END	1685945516309
REQUEST		Big Fish Category	1685945456498	1685945516509	KO	i.g.h.c.i.RequestTimeoutException: Request timeout to tmsssepfisheries.org/107.161.23.26:443 after 60000 ms
USER	Big Fish Load Test	END	1685945516510
REQUEST		Big Fish Category	1685945456685	1685945516699	KO	i.g.h.c.i.RequestTimeoutException: Request timeout to tmsssepfisheries.org/107.161.23.26:443 after 60000 ms
USER	Big Fish Load Test	END	1685945516700
REQUEST		Big Fish Category	1685945456892	1685945516905	KO	i.g.h.c.i.RequestTimeoutException: Request timeout to tmsssepfisheries.org/107.161.23.26:443 after 60000 ms
USER	Big Fish Load Test	END	1685945516906
REQUEST		Big Fish Category	1685945457096	1685945517109	KO	i.g.h.c.i.RequestTimeoutException: Request timeout to tmsssepfisheries.org/107.161.23.26:443 after 60000 ms
USER	Big Fish Load Test	END	1685945517110
REQUEST		Big Fish Category	1685945457301	1685945517315	KO	i.g.h.c.i.RequestTimeoutException: Request timeout to tmsssepfisheries.org/107.161.23.26:443 after 60000 ms
USER	Big Fish Load Test	END	1685945517316
REQUEST		Big Fish Category	1685945457488	1685945517503	KO	i.g.h.c.i.RequestTimeoutException: Request timeout to tmsssepfisheries.org/107.161.23.26:443 after 60000 ms
USER	Big Fish Load Test	END	1685945517504
REQUEST		Big Fish Category	1685945457692	1685945517693	KO	i.g.h.c.i.RequestTimeoutException: Request timeout to tmsssepfisheries.org/107.161.23.26:443 after 60000 ms
USER	Big Fish Load Test	END	1685945517693
REQUEST		Big Fish Category	1685945457896	1685945517910	KO	i.g.h.c.i.RequestTimeoutException: Request timeout to tmsssepfisheries.org/107.161.23.26:443 after 60000 ms
USER	Big Fish Load Test	END	1685945517911
REQUEST		Big Fish Category	1685945458087	1685945518098	KO	i.g.h.c.i.RequestTimeoutException: Request timeout to tmsssepfisheries.org/107.161.23.26:443 after 60000 ms
USER	Big Fish Load Test	END	1685945518099
REQUEST		Big Fish Category	1685945458293	1685945518302	KO	i.g.h.c.i.RequestTimeoutException: Request timeout to tmsssepfisheries.org/107.161.23.26:443 after 60000 ms
USER	Big Fish Load Test	END	1685945518303
REQUEST		Big Fish Category	1685945458498	1685945518503	KO	i.g.h.c.i.RequestTimeoutException: Request timeout to tmsssepfisheries.org/107.161.23.26:443 after 60000 ms
USER	Big Fish Load Test	END	1685945518504
REQUEST		Big Fish Category	1685945458686	1685945518692	KO	i.g.h.c.i.RequestTimeoutException: Request timeout to tmsssepfisheries.org/107.161.23.26:443 after 60000 ms
USER	Big Fish Load Test	END	1685945518692
REQUEST		Big Fish Category	1685945458891	1685945518895	KO	i.g.h.c.i.RequestTimeoutException: Request timeout to tmsssepfisheries.org/107.161.23.26:443 after 60000 ms
USER	Big Fish Load Test	END	1685945518895
REQUEST		Big Fish Category	1685945459096	1685945519097	KO	i.g.h.c.i.RequestTimeoutException: Request timeout to tmsssepfisheries.org/107.161.23.26:443 after 60000 ms
USER	Big Fish Load Test	END	1685945519097
REQUEST		Big Fish Category	1685945459301	1685945519302	KO	i.g.h.c.i.RequestTimeoutException: Request timeout to tmsssepfisheries.org/107.161.23.26:443 after 60000 ms
USER	Big Fish Load Test	END	1685945519302
REQUEST		Big Fish Category	1685945459485	1685945519488	KO	i.g.h.c.i.RequestTimeoutException: Request timeout to tmsssepfisheries.org/107.161.23.26:443 after 60000 ms
USER	Big Fish Load Test	END	1685945519488
REQUEST		Big Fish Category	1685945459691	1685945519705	KO	i.g.h.c.i.RequestTimeoutException: Request timeout to tmsssepfisheries.org/107.161.23.26:443 after 60000 ms
USER	Big Fish Load Test	END	1685945519705
REQUEST		Big Fish Category	1685945459896	1685945519910	KO	i.g.h.c.i.RequestTimeoutException: Request timeout to tmsssepfisheries.org/107.161.23.26:443 after 60000 ms
USER	Big Fish Load Test	END	1685945519910
REQUEST		Big Fish Category	1685945460087	1685945520101	KO	i.g.h.c.i.RequestTimeoutException: Request timeout to tmsssepfisheries.org/107.161.23.26:443 after 60000 ms
USER	Big Fish Load Test	END	1685945520102
